2025-04-22 10:48:55.091 [info] [main] Log level: Info
2025-04-22 10:48:55.091 [info] [main] Validating found git in: "git"
2025-04-22 10:48:55.091 [info] [main] Using git "2.49.0" from "git"
2025-04-22 10:48:55.091 [info] [Model][doInitialScan] Initial repository scan started
2025-04-22 10:48:55.091 [info] [Model][doInitialScan] Initial repository scan completed - repositories (0), closed repositories (0), parent repositories (0), unsafe repositories (0)
2025-04-22 10:49:08.680 [info] [main] Log level: Info
2025-04-22 10:49:08.680 [info] [main] Validating found git in: "git"
2025-04-22 10:49:08.680 [info] [main] Using git "2.49.0" from "git"
2025-04-22 10:49:08.680 [info] [Model][doInitialScan] Initial repository scan started
2025-04-22 10:49:08.680 [info] > git rev-parse --show-toplevel [1ms]
2025-04-22 10:49:08.680 [info] fatal: not a git repository (or any of the parent directories): .git
2025-04-22 10:49:08.681 [info] > git rev-parse --show-toplevel [1ms]
2025-04-22 10:49:08.681 [info] fatal: not a git repository (or any of the parent directories): .git
2025-04-22 10:49:08.688 [info] > git rev-parse --show-toplevel [0ms]
2025-04-22 10:49:08.688 [info] fatal: not a git repository (or any of the parent directories): .git
2025-04-22 10:49:08.690 [info] > git rev-parse --show-toplevel [0ms]
2025-04-22 10:49:08.690 [info] fatal: not a git repository (or any of the parent directories): .git
2025-04-22 10:49:08.724 [info] > git rev-parse --show-toplevel [31ms]
2025-04-22 10:49:08.724 [info] fatal: not a git repository (or any of the parent directories): .git
2025-04-22 10:49:08.734 [info] > git rev-parse --show-toplevel [1ms]
2025-04-22 10:49:08.734 [info] fatal: not a git repository (or any of the parent directories): .git
2025-04-22 10:49:08.738 [info] > git rev-parse --show-toplevel [1ms]
2025-04-22 10:49:08.738 [info] fatal: not a git repository (or any of the parent directories): .git
2025-04-22 10:49:08.741 [info] > git rev-parse --show-toplevel [1ms]
2025-04-22 10:49:08.741 [info] fatal: not a git repository (or any of the parent directories): .git
2025-04-22 10:49:08.744 [info] > git rev-parse --show-toplevel [1ms]
2025-04-22 10:49:08.744 [info] fatal: not a git repository (or any of the parent directories): .git
2025-04-22 10:49:08.746 [info] > git rev-parse --show-toplevel [0ms]
2025-04-22 10:49:08.746 [info] fatal: not a git repository (or any of the parent directories): .git
2025-04-22 10:49:08.749 [info] > git rev-parse --show-toplevel [1ms]
2025-04-22 10:49:08.749 [info] fatal: not a git repository (or any of the parent directories): .git
2025-04-22 10:49:08.751 [info] > git rev-parse --show-toplevel [1ms]
2025-04-22 10:49:08.751 [info] fatal: not a git repository (or any of the parent directories): .git
2025-04-22 10:49:08.753 [info] > git rev-parse --show-toplevel [0ms]
2025-04-22 10:49:08.753 [info] fatal: not a git repository (or any of the parent directories): .git
2025-04-22 10:49:08.755 [info] > git rev-parse --show-toplevel [0ms]
2025-04-22 10:49:08.755 [info] fatal: not a git repository (or any of the parent directories): .git
2025-04-22 10:49:08.757 [info] > git rev-parse --show-toplevel [0ms]
2025-04-22 10:49:08.757 [info] fatal: not a git repository (or any of the parent directories): .git
2025-04-22 10:49:08.760 [info] > git rev-parse --show-toplevel [1ms]
2025-04-22 10:49:08.760 [info] fatal: not a git repository (or any of the parent directories): .git
2025-04-22 10:49:08.762 [info] > git rev-parse --show-toplevel [1ms]
2025-04-22 10:49:08.762 [info] fatal: not a git repository (or any of the parent directories): .git
2025-04-22 10:49:08.764 [info] > git rev-parse --show-toplevel [0ms]
2025-04-22 10:49:08.764 [info] fatal: not a git repository (or any of the parent directories): .git
2025-04-22 10:49:08.766 [info] > git rev-parse --show-toplevel [0ms]
2025-04-22 10:49:08.766 [info] fatal: not a git repository (or any of the parent directories): .git
2025-04-22 10:49:08.769 [info] > git rev-parse --show-toplevel [1ms]
2025-04-22 10:49:08.769 [info] fatal: not a git repository (or any of the parent directories): .git
2025-04-22 10:49:08.771 [info] > git rev-parse --show-toplevel [1ms]
2025-04-22 10:49:08.771 [info] fatal: not a git repository (or any of the parent directories): .git
2025-04-22 10:49:08.773 [info] > git rev-parse --show-toplevel [0ms]
2025-04-22 10:49:08.773 [info] fatal: not a git repository (or any of the parent directories): .git
2025-04-22 10:49:08.775 [info] > git rev-parse --show-toplevel [0ms]
2025-04-22 10:49:08.775 [info] fatal: not a git repository (or any of the parent directories): .git
2025-04-22 10:49:08.778 [info] > git rev-parse --show-toplevel [1ms]
2025-04-22 10:49:08.778 [info] fatal: not a git repository (or any of the parent directories): .git
2025-04-22 10:49:08.780 [info] > git rev-parse --show-toplevel [0ms]
2025-04-22 10:49:08.780 [info] fatal: not a git repository (or any of the parent directories): .git
2025-04-22 10:49:08.782 [info] > git rev-parse --show-toplevel [0ms]
2025-04-22 10:49:08.782 [info] fatal: not a git repository (or any of the parent directories): .git
2025-04-22 10:49:08.785 [info] > git rev-parse --show-toplevel [1ms]
2025-04-22 10:49:08.785 [info] fatal: not a git repository (or any of the parent directories): .git
2025-04-22 10:49:08.786 [info] > git rev-parse --show-toplevel [0ms]
2025-04-22 10:49:08.786 [info] fatal: not a git repository (or any of the parent directories): .git
2025-04-22 10:49:08.789 [info] > git rev-parse --show-toplevel [1ms]
2025-04-22 10:49:08.789 [info] fatal: not a git repository (or any of the parent directories): .git
2025-04-22 10:49:08.791 [info] > git rev-parse --show-toplevel [0ms]
2025-04-22 10:49:08.791 [info] fatal: not a git repository (or any of the parent directories): .git
2025-04-22 10:49:08.793 [info] > git rev-parse --show-toplevel [0ms]
2025-04-22 10:49:08.793 [info] fatal: not a git repository (or any of the parent directories): .git
2025-04-22 10:49:08.795 [info] > git rev-parse --show-toplevel [0ms]
2025-04-22 10:49:08.795 [info] fatal: not a git repository (or any of the parent directories): .git
2025-04-22 10:49:08.798 [info] > git rev-parse --show-toplevel [1ms]
2025-04-22 10:49:08.798 [info] fatal: not a git repository (or any of the parent directories): .git
2025-04-22 10:49:08.800 [info] > git rev-parse --show-toplevel [0ms]
2025-04-22 10:49:08.803 [info] > git rev-parse --git-dir --git-common-dir [0ms]
2025-04-22 10:49:08.808 [info] [Model][openRepository] Opened repository: /home/rifle/bema-next
2025-04-22 10:49:08.814 [info] > git config --get commit.template [3ms]
2025-04-22 10:49:08.814 [info] > git rev-parse --show-toplevel [1ms]
2025-04-22 10:49:08.819 [info] > git for-each-ref --format=%(refname)%00%(upstream:short)%00%(objectname)%00%(upstream:track)%00%(upstream:remotename)%00%(upstream:remoteref) refs/heads/master refs/remotes/master [2ms]
2025-04-22 10:49:08.821 [warning] [Git][revParse] Unable to read file: ENOENT: no such file or directory, open '/home/rifle/bema-next/.git/refs/remotes/origin/master'
2025-04-22 10:49:08.821 [info] > git rev-parse --git-dir --git-common-dir [2ms]
2025-04-22 10:49:08.823 [info] [Model][openRepository] Opened repository: /home/rifle/dotfiles
2025-04-22 10:49:08.827 [info] > git rev-parse refs/remotes/origin/master [6ms]
2025-04-22 10:49:08.833 [info] > git status -z -uall [4ms]
2025-04-22 10:49:08.833 [info] > git for-each-ref --sort -committerdate --format %(refname)%00%(objectname)%00%(*objectname) [1ms]
2025-04-22 10:49:08.842 [info] > git rev-parse --show-toplevel [15ms]
2025-04-22 10:49:08.842 [info] fatal: not a git repository (or any of the parent directories): .git
2025-04-22 10:49:08.842 [info] > git config --get commit.template [17ms]
2025-04-22 10:49:08.849 [info] > git for-each-ref --format=%(refname)%00%(upstream:short)%00%(objectname)%00%(upstream:track)%00%(upstream:remotename)%00%(upstream:remoteref) refs/heads/master refs/remotes/master [8ms]
2025-04-22 10:49:08.852 [info] [Git][getRemotes] No remotes found in the git config file
2025-04-22 10:49:08.855 [info] > git rev-parse --show-toplevel [8ms]
2025-04-22 10:49:08.855 [info] fatal: not a git repository (or any of the parent directories): .git
2025-04-22 10:49:08.855 [info] > git config --get commit.template [10ms]
2025-04-22 10:49:08.872 [info] > git for-each-ref --format=%(refname)%00%(upstream:short)%00%(objectname)%00%(upstream:track)%00%(upstream:remotename)%00%(upstream:remoteref) refs/heads/master refs/remotes/master [18ms]
2025-04-22 10:49:08.872 [warning] [Git][getBranch] No such branch: master
2025-04-22 10:49:08.877 [info] > git config --get --local branch.master.vscode-merge-base [25ms]
2025-04-22 10:49:08.882 [info] > git for-each-ref --format=%(refname)%00%(upstream:short)%00%(objectname)%00%(upstream:track)%00%(upstream:remotename)%00%(upstream:remoteref) refs/heads/origin/master refs/remotes/origin/master [3ms]
2025-04-22 10:49:08.884 [info] > git for-each-ref --sort -committerdate --format %(refname)%00%(objectname)%00%(*objectname) [7ms]
2025-04-22 10:49:08.884 [info] > git rev-parse --show-toplevel [12ms]
2025-04-22 10:49:08.886 [info] > git for-each-ref --format=%(refname)%00%(upstream:short)%00%(objectname)%00%(upstream:track)%00%(upstream:remotename)%00%(upstream:remoteref) refs/heads/master refs/remotes/master [5ms]
2025-04-22 10:49:08.888 [warning] [Git][revParse] Unable to read file: ENOENT: no such file or directory, open '/home/rifle/bema-next/.git/refs/remotes/origin/master'
2025-04-22 10:49:08.889 [info] > git rev-parse --git-dir --git-common-dir [3ms]
2025-04-22 10:49:08.890 [info] [Model][openRepository] Opened repository: /home/rifle/mpvpaper
2025-04-22 10:49:08.890 [info] > git merge-base refs/heads/master refs/remotes/origin/master [6ms]
2025-04-22 10:49:08.896 [info] > git rev-parse refs/remotes/origin/master [8ms]
2025-04-22 10:49:08.901 [info] > git status -z -uall [3ms]
2025-04-22 10:49:08.901 [info] > git rev-parse --show-toplevel [5ms]
2025-04-22 10:49:08.901 [info] fatal: not a git repository (or any of the parent directories): .git
2025-04-22 10:49:08.902 [info] [Model][doInitialScan] Initial repository scan completed - repositories (3), closed repositories (0), parent repositories (0), unsafe repositories (0)
2025-04-22 10:49:08.902 [info] > git config --get commit.template [8ms]
2025-04-22 10:49:08.902 [info] > git diff --name-status -z --diff-filter=ADMR 8a66f8282e06330b6809ffc02b9f8ea34aedb246...refs/remotes/origin/master [10ms]
2025-04-22 10:49:08.903 [info] > git for-each-ref --sort -committerdate --format %(refname)%00%(objectname)%00%(*objectname) [3ms]
2025-04-22 10:49:08.911 [info] > git for-each-ref --format=%(refname)%00%(upstream:short)%00%(objectname)%00%(upstream:track)%00%(upstream:remotename)%00%(upstream:remoteref) refs/heads/master refs/remotes/master [3ms]
2025-04-22 10:49:08.913 [warning] [Git][revParse] Unable to read file: ENOENT: no such file or directory, open '/home/rifle/mpvpaper/.git/refs/remotes/origin/master'
2025-04-22 10:49:08.914 [info] > git rev-parse refs/remotes/origin/master [1ms]
2025-04-22 10:49:08.920 [info] > git for-each-ref --sort -committerdate --format %(refname)%00%(objectname)%00%(*objectname) [2ms]
2025-04-22 10:49:08.920 [info] > git status -z -uall [4ms]
2025-04-22 10:49:08.926 [info] > git for-each-ref --format=%(refname)%00%(upstream:short)%00%(objectname)%00%(upstream:track)%00%(upstream:remotename)%00%(upstream:remoteref) refs/heads/master refs/remotes/master [2ms]
2025-04-22 10:49:08.929 [info] > git config --get commit.template [3ms]
2025-04-22 10:49:08.931 [info] > git config --get --local branch.master.vscode-merge-base [3ms]
2025-04-22 10:49:08.933 [info] > git for-each-ref --format=%(refname)%00%(upstream:short)%00%(objectname)%00%(upstream:track)%00%(upstream:remotename)%00%(upstream:remoteref) refs/heads/master refs/remotes/master [3ms]
2025-04-22 10:49:08.935 [warning] [Git][revParse] Unable to read file: ENOENT: no such file or directory, open '/home/rifle/mpvpaper/.git/refs/remotes/origin/master'
2025-04-22 10:49:08.935 [info] > git for-each-ref --format=%(refname)%00%(upstream:short)%00%(objectname)%00%(upstream:track)%00%(upstream:remotename)%00%(upstream:remoteref) refs/heads/origin/master refs/remotes/origin/master [2ms]
2025-04-22 10:49:08.937 [info] > git rev-parse refs/remotes/origin/master [2ms]
2025-04-22 10:49:08.941 [info] > git status -z -uall [2ms]
2025-04-22 10:49:08.941 [info] > git merge-base refs/heads/master refs/remotes/origin/master [4ms]
2025-04-22 10:49:08.943 [info] > git for-each-ref --sort -committerdate --format %(refname)%00%(objectname)%00%(*objectname) [2ms]
2025-04-22 10:49:08.946 [info] > git diff --name-status -z --diff-filter=ADMR ee7541800f930ea32bc3d5364f37cf3838b4a9d3...refs/remotes/origin/master [3ms]
2025-04-22 10:49:08.946 [info] > git merge-base refs/heads/master refs/remotes/origin/master [1ms]
2025-04-22 10:49:08.949 [info] > git diff --name-status -z --diff-filter=ADMR ee7541800f930ea32bc3d5364f37cf3838b4a9d3...refs/remotes/origin/master [1ms]
2025-04-22 10:49:10.285 [info] > git status -z -uall [1411ms] (cancelled)
2025-04-22 10:49:10.285 [info] > git for-each-ref --format=%(refname)%00%(upstream:short)%00%(objectname)%00%(upstream:track)%00%(upstream:remotename)%00%(upstream:remoteref) refs/heads/master refs/remotes/master [4ms]
2025-04-22 10:49:10.285 [warning] [Git][getBranch] No such branch: master
2025-04-22 10:49:10.285 [error] [GitHistoryProvider][resolveHEADMergeBase] Failed to resolve merge base for master: Error: No such branch: master.
2025-04-22 10:49:10.285 [info] > git config --get commit.template [0ms]
2025-04-22 10:49:10.288 [info] [Git][getRemotes] No remotes found in the git config file
2025-04-22 10:49:10.289 [info] > git for-each-ref --format=%(refname)%00%(upstream:short)%00%(objectname)%00%(upstream:track)%00%(upstream:remotename)%00%(upstream:remoteref) refs/heads/master refs/remotes/master [1ms]
2025-04-22 10:49:10.289 [warning] [Git][getBranch] No such branch: master
2025-04-22 10:49:10.294 [info] > git for-each-ref --sort -committerdate --format %(refname)%00%(objectname)%00%(*objectname) [1ms]
2025-04-22 10:49:10.716 [info] > git status -z -uall [425ms] (cancelled)
2025-04-22 10:49:11.130 [info] > git rev-parse --show-toplevel [0ms]
2025-04-22 10:49:11.130 [info] fatal: not a git repository (or any of the parent directories): .git
2025-04-22 10:49:17.323 [info] > git check-ignore -v -z --stdin [4ms]
2025-04-22 10:49:17.323 [info] > git check-ignore -v -z --stdin [1ms]
