2025-04-25 14:20:26[ERROR] Formatter 'stylua' error: error: could not format from stdin: failed to format from stdin: error parsing: unexpected token `end` (3:1 to 3:4), unexpected token, this needs to be a statement

2025-04-25 14:23:20[ERROR] Formatter 'stylua' error: error: could not format from stdin: failed to format from stdin: error parsing: unexpected token `(` (185:37 to 185:38), expected `)` to close function call

2025-04-25 21:49:51[ERROR] Formatter 'stylua' error: error: could not format from stdin: failed to format from stdin: error parsing: 
 - unexpected token `=` (300:29 to 300:30), expected `}` after last field
 - unexpected token `=` (300:29 to 300:30), expected `}` after last field
 - unexpected token `=` (300:29 to 300:30), expected `}` after last field
 - unexpected token `=` (300:29 to 300:30), expected `}` after last field
 - unexpected token `=` (300:29 to 300:30), expected `}` after last field
 - unexpected token `=` (300:29 to 300:30), unexpected token, this needs to be a statement
 - unexpected token `,` (303:24 to 303:25), trailing commas are not allowed
 - unexpected token `}` (304:7 to 304:8), unexpected token, this needs to be a statement
 - unexpected token `,` (318:6 to 318:7), trailing commas are not allowed
 - unexpected token `}` (319:3 to 319:4), unexpected token, this needs to be a statement
 - unexpected token `,` (374:6 to 374:7), trailing commas are not allowed
 - unexpected token `}` (375:3 to 375:4), unexpected token, this needs to be a statement
 - unexpected token `,` (402:40 to 402:41), trailing commas are not allowed
 - unexpected token `}` (403:3 to 403:4), unexpected token, this needs to be a statement
 - unexpected token `,` (428:6 to 428:7), trailing commas are not allowed
 - unexpected token `}` (429:3 to 429:4), unexpected token, this needs to be a statement
 - unexpected token `,` (444:85 to 444:86), trailing commas are not allowed
 - unexpected token `}` (445:3 to 445:4), unexpected token, this needs to be a statement
 - unexpected token `,` (463:6 to 463:7), trailing commas are not allowed
 - unexpected token `}` (464:3 to 464:4), unexpected token, this needs to be a statement
 - unexpected token `,` (477:6 to 477:7), trailing commas are not allowed
 - unexpected token `}` (478:3 to 478:4), unexpected token, this needs to be a statement
 - unexpected token `,` (481:17 to 481:18), trailing commas are not allowed
 - unexpected token `}` (482:1 to 482:2), unexpected token, this needs to be a statement

2025-04-25 21:49:51[ERROR] Formatter 'stylua' error: error: could not format from stdin: failed to format from stdin: error parsing: 
 - unexpected token `Rejected` (538:1 to 538:9), unexpected statement after last statement
 - unexpected character ● (538:22 to 538:23)
 - unexpected token `", texthl = "` (538:23 to 538:36), unexpected token, this needs to be a statement
 - unclosed string (538:82 to 539:1)
 - unexpected token `DapBreakpointRejected` (538:36 to 538:57), unexpected statement after last statement
 - unexpected token `end` (557:5 to 557:8), unexpected token, this needs to be a statement
 - unexpected token `dependencies` (563:5 to 563:17), unexpected statement after last statement
 - unexpected token `=` (564:9 to 564:10), unexpected token, this needs to be a statement
 - unclosed string (642:25 to 643:1)
 - unexpected token `` (643:1 to 643:1), expected `}` after last field
 - unexpected token `` (643:1 to 643:1), expected `}` after last field
 - unexpected token `` (625:11 to 643:1), expected `end` to close function body block
 - unexpected token `` (643:1 to 643:1), expected `}` after last field
 - unexpected token `` (643:1 to 643:1), expected `}` after last field
 - unexpected token `opts` (565:5 to 565:9), unexpected statement after last statement

2025-04-25 21:49:52[ERROR] Formatter 'stylua' error: error: could not format from stdin: failed to format from stdin: error parsing: 
 - unexpected token `}` (583:3 to 583:4), unexpected token, this needs to be a statement
 - unexpected token `cmd` (588:5 to 588:8), unexpected statement after last statement
 - unexpected token `=` (589:10 to 589:11), unexpected token, this needs to be a statement
 - unexpected token `desc` (590:51 to 590:55), unexpected statement after last statement
 - unexpected token `}` (590:76 to 590:77), unexpected token, this needs to be a statement
 - unexpected token `cmd` (597:5 to 597:8), unexpected statement after last statement
 - unexpected token `=` (598:10 to 598:11), unexpected token, this needs to be a statement
 - unexpected token `(` (599:31 to 599:32), expected function name
 - unexpected token `(` (599:31 to 599:32), expected an expression after `(`
 - unexpected token `)` (599:32 to 599:33), unexpected token, this needs to be a statement
 - unexpected token `require` (599:34 to 599:41), unexpected statement after last statement
 - unexpected token `end` (599:68 to 599:71), unexpected token, this needs to be a statement
 - unexpected token `desc` (599:73 to 599:77), unexpected statement after last statement
 - unexpected token `}` (599:96 to 599:97), unexpected token, this needs to be a statement
 - unexpected token `(` (600:31 to 600:32), expected function name
 - unexpected token `(` (600:31 to 600:32), expected an expression after `(`
 - unexpected token `)` (600:32 to 600:33), unexpected token, this needs to be a statement
 - unexpected token `require` (600:34 to 600:41), unexpected statement after last statement
 - unexpected token `end` (600:74 to 600:77), unexpected token, this needs to be a statement
 - unexpected token `desc` (600:79 to 600:83), unexpected statement after last statement
 - unexpected token `}` (600:108 to 600:109), unexpected token, this needs to be a statement
 - unexpected token `main` (607:5 to 607:9), unexpected statement after last statement
 - unexpected token `=` (608:11 to 608:12), unexpected token, this needs to be a statement
 - unexpected token `,` (612:6 to 612:7), trailing commas are not allowed
 - unexpected token `opts` (609:5 to 609:9), unexpected statement after last statement
 - unexpected token `}` (613:3 to 613:4), unexpected token, this needs to be a statement
 - unexpected token `cmd` (618:5 to 618:8), unexpected statement after last statement
 - unexpected token `=` (619:10 to 619:11), unexpected token, this needs to be a statement
 - unexpected token `desc` (620:50 to 620:54), unexpected statement after last statement
 - unexpected token `}` (620:75 to 620:76), unexpected token, this needs to be a statement
 - unexpected token `,` (647:8 to 647:9), trailing commas are not allowed
 - unexpected token `config` (622:5 to 622:11), unexpected statement after last statement
 - unexpected token `}` (648:3 to 648:4), unexpected token, this needs to be a statement
 - unexpected token `event` (653:5 to 653:10), unexpected statement after last statement
 - unexpected token `=` (654:10 to 654:11), unexpected token, this needs to be a statement
 - unexpected token `,` (661:6 to 661:7), trailing commas are not allowed
 - unexpected token `keys` (655:5 to 655:9), unexpected statement after last statement
 - unexpected token `}` (662:3 to 662:4), unexpected token, this needs to be a statement
 - unexpected token `event` (667:5 to 667:10), unexpected statement after last statement
 - unexpected token `=` (668:18 to 668:19), unexpected token, this needs to be a statement
 - unexpected token `,` (707:8 to 707:9), trailing commas are not allowed
 - unexpected token `config` (671:5 to 671:11), unexpected statement after last statement
 - unexpected token `}` (708:3 to 708:4), unexpected token, this needs to be a statement
 - unexpected token `event` (713:5 to 713:10), unexpected statement after last statement
 - unexpected token `=` (714:12 to 714:13), unexpected token, this needs to be a statement
 - unexpected token `(` (714:22 to 714:23), expected function name
 - unexpected token `(` (714:22 to 714:23), expected an expression after `(`
 - unexpected token `)` (714:23 to 714:24), unexpected token, this needs to be a statement
 - unexpected token `` (723:1 to 723:1), expected `}` after last field
 - unexpected token `(` (715:33 to 715:34), expected `)` to close function call
 - unexpected token `require` (715:7 to 715:14), unexpected statement after last statement

2025-04-25 23:44:09[ERROR] Formatter 'stylua' error: error: could not format from stdin: failed to format from stdin: error parsing: unexpected token `,` (62:4 to 62:5), trailing commas are not allowed

2025-04-26 00:03:11[ERROR] Formatter 'stylua' error: error: could not format from stdin: failed to format from stdin: error parsing: unexpected token `,` (11:2 to 11:3), trailing commas are not allowed

2025-04-26 00:43:37[ERROR] Formatter 'stylua' error: error: could not format from stdin: failed to format from stdin: error parsing: 
 - unexpected token `(` (154:33 to 154:34), expected `)` to close function call
 - unclosed string (154:36 to 155:1)
 - unexpected token `(` (154:19 to 154:20), expected `)` to close function call
 - unexpected token `#` (155:1 to 155:2), expected `}` after last field
 - unexpected token `#` (133:7 to 155:1), expected `end` to close function body block
 - unexpected token `#` (155:1 to 155:2), expected `}` after last field
 - unexpected token `#` (155:1 to 155:2), expected `}` after last field
 - unexpected token `#` (155:1 to 155:2), unexpected token, this needs to be a statement
 - unexpected token `:` (159:9 to 159:10), expected identifier after `:`
 - unexpected token `{` (159:11 to 159:12), unexpected expression when looking for a statement
 - unexpected token `{` (159:11 to 159:12), unexpected token, this needs to be a statement
 - unexpected token `:` (160:7 to 160:8), expected identifier after `:`
 - unexpected token `{` (160:9 to 160:10), unexpected expression when looking for a statement
 - unexpected token `{` (160:9 to 160:10), unexpected token, this needs to be a statement
 - unexpected token `:` (162:14 to 162:15), expected identifier after `:`
 - unexpected token `#` (163:1 to 163:2), unexpected expression when looking for a statement
 - unexpected token `#` (163:1 to 163:2), unexpected token, this needs to be a statement
 - unclosed string (167:3 to 168:1)
 - unexpected token `', {'` (167:3 to 168:1), unexpected token, this needs to be a statement
 - unexpected token `i` (168:11 to 168:12), unexpected statement after last statement
 - unexpected token `,` (168:29 to 168:30), unexpected token, this needs to be a statement
 - unexpected token `f` (169:11 to 169:12), unexpected statement after last statement
 - unexpected token `,` (169:66 to 169:67), unexpected token, this needs to be a statement
 - unexpected token `f` (170:11 to 170:12), unexpected statement after last statement
 - unexpected token `,` (170:55 to 170:56), unexpected token, this needs to be a statement
 - unexpected token `i` (171:11 to 171:12), unexpected statement after last statement
 - unexpected token `,` (171:35 to 171:36), unexpected token, this needs to be a statement
 - unexpected token `for` (178:7 to 178:10), unexpected statement after last statement
 - unexpected token `end` (188:5 to 188:8), unexpected token, this needs to be a statement
 - unexpected token `dependencies` (194:5 to 194:17), unexpected statement after last statement
 - unexpected token `=` (197:10 to 197:11), unexpected token, this needs to be a statement
 - unexpected token `(` (197:20 to 197:21), expected function name
 - unexpected token `,` (197:22 to 197:23), expected `)` after expression
 - unexpected token `)` (197:28 to 197:29), expected `=` after name
 - unexpected token `)` (197:28 to 197:29), unexpected token, this needs to be a statement
 - unexpected token `opts` (199:7 to 199:11), unexpected statement after last statement
 - unexpected token `end` (201:5 to 201:8), unexpected token, this needs to be a statement
 - unexpected token `,` (212:8 to 212:9), trailing commas are not allowed
 - unexpected token `config` (207:5 to 207:11), unexpected statement after last statement
 - unexpected token `}` (213:3 to 213:4), unexpected token, this needs to be a statement
 - unexpected token `ft` (218:5 to 218:7), unexpected statement after last statement
 - unexpected token `=` (219:18 to 219:19), unexpected token, this needs to be a statement
 - unexpected token `,` (225:8 to 225:9), trailing commas are not allowed
 - unexpected token `config` (220:5 to 220:11), unexpected statement after last statement
 - unexpected token `}` (226:3 to 226:4), unexpected token, this needs to be a statement
 - unexpected token `cmd` (231:5 to 231:8), unexpected statement after last statement
 - unexpected token `=` (232:12 to 232:13), unexpected token, this needs to be a statement
 - unexpected token `(` (232:22 to 232:23), expected function name
 - unexpected token `(` (232:22 to 232:23), expected an expression after `(`
 - unexpected token `)` (232:23 to 232:24), unexpected token, this needs to be a statement
 - unexpected token `require` (233:7 to 233:14), unexpected statement after last statement
 - unexpected token `end` (240:5 to 240:8), unexpected token, this needs to be a statement

2025-04-26 01:23:52[ERROR] Formatter 'stylua' error: error: could not format from stdin: failed to format from stdin: error parsing: unexpected token `,` (100:9 to 153:10), expected `end` to close function body block

2025-04-26 01:23:52[ERROR] Formatter 'stylua' error: error: could not format from stdin: failed to format from stdin: error parsing: 
 - unexpected token `,` (430:4 to 430:5), expected `)` after expression
 - unexpected token `)` (430:10 to 430:11), expected `=` after name
 - unexpected token `)` (430:10 to 430:11), unexpected token, this needs to be a statement
 - unexpected token `require` (431:7 to 431:14), unexpected statement after last statement
 - unexpected token `end` (512:5 to 512:8), unexpected token, this needs to be a statement
 - unexpected token `keys` (518:5 to 518:9), unexpected statement after last statement
 - unexpected token `=` (524:12 to 524:13), unexpected token, this needs to be a statement
 - unexpected token `` (525:1 to 525:1), expected function name

2025-04-26 01:23:52[ERROR] Formatter 'stylua' error: error: could not format from stdin: failed to format from stdin: error parsing: 
 - unexpected token `}` (60:7 to 128:11), expected `end` to close function body block
 - unexpected token `,` (259:4 to 259:5), trailing commas are not allowed
 - unexpected token `}` (260:1 to 260:2), unexpected token, this needs to be a statement

