2025-04-12 05:45:24.974 [info] Started local extension host with pid 834771.
2025-04-12 05:45:27.561 [info] [perf] Render performance baseline is 9ms
2025-04-12 05:46:00.256 [error] [File Watcher] Unexpected error: inotify_add_watch on '/home/rifle/.librewolf/uithc02c.default-release/storage/default/https+++github.com/ls' failed: No such file or directory (EUNKNOWN) (path: /home/rifle)
2025-04-12 05:46:00.257 [error] [File Watcher (universal)] inotify_add_watch on '/home/rifle/.librewolf/uithc02c.default-release/storage/default/https+++github.com/ls' failed: No such file or directory
2025-04-12 07:33:08.186 [error] Illegal value for lineNumber: Error: Illegal value for lineNumber
    at Sg.getLineMaxColumn (vscode-file://vscode-app/usr/share/vscodium/resources/app/out/vs/workbench/workbench.desktop.main.js:253:144)
    at vscode-file://vscode-app/usr/share/vscodium/resources/app/out/vs/workbench/workbench.desktop.main.js:2001:13639
    at HI._computeFn (vscode-file://vscode-app/usr/share/vscodium/resources/app/out/vs/workbench/workbench.desktop.main.js:31:26325)
    at HI._recompute (vscode-file://vscode-app/usr/share/vscodium/resources/app/out/vs/workbench/workbench.desktop.main.js:31:28296)
    at HI.get (vscode-file://vscode-app/usr/share/vscodium/resources/app/out/vs/workbench/workbench.desktop.main.js:31:27919)
    at HI.reportChanges (vscode-file://vscode-app/usr/share/vscodium/resources/app/out/vs/workbench/workbench.desktop.main.js:31:17032)
    at nse.endUpdate (vscode-file://vscode-app/usr/share/vscodium/resources/app/out/vs/workbench/workbench.desktop.main.js:31:24811)
    at HI.endUpdate (vscode-file://vscode-app/usr/share/vscodium/resources/app/out/vs/workbench/workbench.desktop.main.js:31:29207)
    at UW.finish (vscode-file://vscode-app/usr/share/vscodium/resources/app/out/vs/workbench/workbench.desktop.main.js:31:19015)
    at Hi (vscode-file://vscode-app/usr/share/vscodium/resources/app/out/vs/workbench/workbench.desktop.main.js:31:18372)
2025-04-12 07:54:03.939 [error] [13b] potential listener LEAK detected, having 175 listeners already. MOST frequent listener (1):: Error
    at Ami.create (vscode-file://vscode-app/usr/share/vscodium/resources/app/out/vs/workbench/workbench.desktop.main.js:27:12985)
    at EVe._event [as onDidChangeFilesAssociation] (vscode-file://vscode-app/usr/share/vscodium/resources/app/out/vs/workbench/workbench.desktop.main.js:29:1645)
    at Hme.registerListeners (vscode-file://vscode-app/usr/share/vscodium/resources/app/out/vs/workbench/workbench.desktop.main.js:1797:12472)
    at new Hme (vscode-file://vscode-app/usr/share/vscodium/resources/app/out/vs/workbench/workbench.desktop.main.js:1797:12307)
    at kmt._createInstance (vscode-file://vscode-app/usr/share/vscodium/resources/app/out/vs/workbench/workbench.desktop.main.js:1877:2018)
    at kmt.createInstance (vscode-file://vscode-app/usr/share/vscodium/resources/app/out/vs/workbench/workbench.desktop.main.js:1877:1448)
    at oht.doResolve (vscode-file://vscode-app/usr/share/vscodium/resources/app/out/vs/workbench/workbench.desktop.main.js:3210:8046)
    at oht.resolve (vscode-file://vscode-app/usr/share/vscodium/resources/app/out/vs/workbench/workbench.desktop.main.js:3210:7711)
    at lze.doCreateReferencedObject (vscode-file://vscode-app/usr/share/vscodium/resources/app/out/vs/workbench/workbench.desktop.main.js:1797:27920)
    at lze.createReferencedObject (vscode-file://vscode-app/usr/share/vscodium/resources/app/out/vs/workbench/workbench.desktop.main.js:1797:27370)
2025-04-12 07:54:03.940 [error] [13c] potential listener LEAK detected, having 175 listeners already. MOST frequent listener (1):: Error
    at Ami.create (vscode-file://vscode-app/usr/share/vscodium/resources/app/out/vs/workbench/workbench.desktop.main.js:27:12985)
    at EVe._event [as onDidChangeReadonly] (vscode-file://vscode-app/usr/share/vscodium/resources/app/out/vs/workbench/workbench.desktop.main.js:29:1645)
    at Hme.registerListeners (vscode-file://vscode-app/usr/share/vscodium/resources/app/out/vs/workbench/workbench.desktop.main.js:1797:12587)
    at new Hme (vscode-file://vscode-app/usr/share/vscodium/resources/app/out/vs/workbench/workbench.desktop.main.js:1797:12307)
    at kmt._createInstance (vscode-file://vscode-app/usr/share/vscodium/resources/app/out/vs/workbench/workbench.desktop.main.js:1877:2018)
    at kmt.createInstance (vscode-file://vscode-app/usr/share/vscodium/resources/app/out/vs/workbench/workbench.desktop.main.js:1877:1448)
    at oht.doResolve (vscode-file://vscode-app/usr/share/vscodium/resources/app/out/vs/workbench/workbench.desktop.main.js:3210:8046)
    at oht.resolve (vscode-file://vscode-app/usr/share/vscodium/resources/app/out/vs/workbench/workbench.desktop.main.js:3210:7711)
    at lze.doCreateReferencedObject (vscode-file://vscode-app/usr/share/vscodium/resources/app/out/vs/workbench/workbench.desktop.main.js:1797:27920)
    at lze.createReferencedObject (vscode-file://vscode-app/usr/share/vscodium/resources/app/out/vs/workbench/workbench.desktop.main.js:1797:27370)
2025-04-12 07:54:03.944 [error] [13b] potential listener LEAK detected, having 263 listeners already. MOST frequent listener (89):: Error
    at Ami.create (vscode-file://vscode-app/usr/share/vscodium/resources/app/out/vs/workbench/workbench.desktop.main.js:27:12985)
    at EVe._event [as onDidChangeFilesAssociation] (vscode-file://vscode-app/usr/share/vscodium/resources/app/out/vs/workbench/workbench.desktop.main.js:29:1645)
    at Hme.registerListeners (vscode-file://vscode-app/usr/share/vscodium/resources/app/out/vs/workbench/workbench.desktop.main.js:1797:12472)
    at new Hme (vscode-file://vscode-app/usr/share/vscodium/resources/app/out/vs/workbench/workbench.desktop.main.js:1797:12307)
    at kmt._createInstance (vscode-file://vscode-app/usr/share/vscodium/resources/app/out/vs/workbench/workbench.desktop.main.js:1877:2018)
    at kmt.createInstance (vscode-file://vscode-app/usr/share/vscodium/resources/app/out/vs/workbench/workbench.desktop.main.js:1877:1448)
    at oht.doResolve (vscode-file://vscode-app/usr/share/vscodium/resources/app/out/vs/workbench/workbench.desktop.main.js:3210:8046)
    at oht.resolve (vscode-file://vscode-app/usr/share/vscodium/resources/app/out/vs/workbench/workbench.desktop.main.js:3210:7711)
    at lze.doCreateReferencedObject (vscode-file://vscode-app/usr/share/vscodium/resources/app/out/vs/workbench/workbench.desktop.main.js:1797:27920)
    at lze.createReferencedObject (vscode-file://vscode-app/usr/share/vscodium/resources/app/out/vs/workbench/workbench.desktop.main.js:1797:27370)
2025-04-12 07:54:03.944 [error] [13c] potential listener LEAK detected, having 263 listeners already. MOST frequent listener (89):: Error
    at Ami.create (vscode-file://vscode-app/usr/share/vscodium/resources/app/out/vs/workbench/workbench.desktop.main.js:27:12985)
    at EVe._event [as onDidChangeReadonly] (vscode-file://vscode-app/usr/share/vscodium/resources/app/out/vs/workbench/workbench.desktop.main.js:29:1645)
    at Hme.registerListeners (vscode-file://vscode-app/usr/share/vscodium/resources/app/out/vs/workbench/workbench.desktop.main.js:1797:12587)
    at new Hme (vscode-file://vscode-app/usr/share/vscodium/resources/app/out/vs/workbench/workbench.desktop.main.js:1797:12307)
    at kmt._createInstance (vscode-file://vscode-app/usr/share/vscodium/resources/app/out/vs/workbench/workbench.desktop.main.js:1877:2018)
    at kmt.createInstance (vscode-file://vscode-app/usr/share/vscodium/resources/app/out/vs/workbench/workbench.desktop.main.js:1877:1448)
    at oht.doResolve (vscode-file://vscode-app/usr/share/vscodium/resources/app/out/vs/workbench/workbench.desktop.main.js:3210:8046)
    at oht.resolve (vscode-file://vscode-app/usr/share/vscodium/resources/app/out/vs/workbench/workbench.desktop.main.js:3210:7711)
    at lze.doCreateReferencedObject (vscode-file://vscode-app/usr/share/vscodium/resources/app/out/vs/workbench/workbench.desktop.main.js:1797:27920)
    at lze.createReferencedObject (vscode-file://vscode-app/usr/share/vscodium/resources/app/out/vs/workbench/workbench.desktop.main.js:1797:27370)
2025-04-12 07:54:03.949 [error] [13b] potential listener LEAK detected, having 351 listeners already. MOST frequent listener (177):: Error
    at Ami.create (vscode-file://vscode-app/usr/share/vscodium/resources/app/out/vs/workbench/workbench.desktop.main.js:27:12985)
    at EVe._event [as onDidChangeFilesAssociation] (vscode-file://vscode-app/usr/share/vscodium/resources/app/out/vs/workbench/workbench.desktop.main.js:29:1645)
    at Hme.registerListeners (vscode-file://vscode-app/usr/share/vscodium/resources/app/out/vs/workbench/workbench.desktop.main.js:1797:12472)
    at new Hme (vscode-file://vscode-app/usr/share/vscodium/resources/app/out/vs/workbench/workbench.desktop.main.js:1797:12307)
    at kmt._createInstance (vscode-file://vscode-app/usr/share/vscodium/resources/app/out/vs/workbench/workbench.desktop.main.js:1877:2018)
    at kmt.createInstance (vscode-file://vscode-app/usr/share/vscodium/resources/app/out/vs/workbench/workbench.desktop.main.js:1877:1448)
    at oht.doResolve (vscode-file://vscode-app/usr/share/vscodium/resources/app/out/vs/workbench/workbench.desktop.main.js:3210:8046)
    at oht.resolve (vscode-file://vscode-app/usr/share/vscodium/resources/app/out/vs/workbench/workbench.desktop.main.js:3210:7711)
    at lze.doCreateReferencedObject (vscode-file://vscode-app/usr/share/vscodium/resources/app/out/vs/workbench/workbench.desktop.main.js:1797:27920)
    at lze.createReferencedObject (vscode-file://vscode-app/usr/share/vscodium/resources/app/out/vs/workbench/workbench.desktop.main.js:1797:27370)
2025-04-12 07:54:03.950 [error] [13c] potential listener LEAK detected, having 351 listeners already. MOST frequent listener (177):: Error
    at Ami.create (vscode-file://vscode-app/usr/share/vscodium/resources/app/out/vs/workbench/workbench.desktop.main.js:27:12985)
    at EVe._event [as onDidChangeReadonly] (vscode-file://vscode-app/usr/share/vscodium/resources/app/out/vs/workbench/workbench.desktop.main.js:29:1645)
    at Hme.registerListeners (vscode-file://vscode-app/usr/share/vscodium/resources/app/out/vs/workbench/workbench.desktop.main.js:1797:12587)
    at new Hme (vscode-file://vscode-app/usr/share/vscodium/resources/app/out/vs/workbench/workbench.desktop.main.js:1797:12307)
    at kmt._createInstance (vscode-file://vscode-app/usr/share/vscodium/resources/app/out/vs/workbench/workbench.desktop.main.js:1877:2018)
    at kmt.createInstance (vscode-file://vscode-app/usr/share/vscodium/resources/app/out/vs/workbench/workbench.desktop.main.js:1877:1448)
    at oht.doResolve (vscode-file://vscode-app/usr/share/vscodium/resources/app/out/vs/workbench/workbench.desktop.main.js:3210:8046)
    at oht.resolve (vscode-file://vscode-app/usr/share/vscodium/resources/app/out/vs/workbench/workbench.desktop.main.js:3210:7711)
    at lze.doCreateReferencedObject (vscode-file://vscode-app/usr/share/vscodium/resources/app/out/vs/workbench/workbench.desktop.main.js:1797:27920)
    at lze.createReferencedObject (vscode-file://vscode-app/usr/share/vscodium/resources/app/out/vs/workbench/workbench.desktop.main.js:1797:27370)
2025-04-12 07:54:04.223 [error] [70a] potential listener LEAK detected, having 175 listeners already. MOST frequent listener (1):: Error
    at Ami.create (vscode-file://vscode-app/usr/share/vscodium/resources/app/out/vs/workbench/workbench.desktop.main.js:27:12985)
    at V1e._event [as onDidChange] (vscode-file://vscode-app/usr/share/vscodium/resources/app/out/vs/workbench/workbench.desktop.main.js:29:1645)
    at new Sg (vscode-file://vscode-app/usr/share/vscodium/resources/app/out/vs/workbench/workbench.desktop.main.js:249:27503)
    at kmt._createInstance (vscode-file://vscode-app/usr/share/vscodium/resources/app/out/vs/workbench/workbench.desktop.main.js:1877:2018)
    at kmt.createInstance (vscode-file://vscode-app/usr/share/vscodium/resources/app/out/vs/workbench/workbench.desktop.main.js:1877:1448)
    at yze._createModelData (vscode-file://vscode-app/usr/share/vscodium/resources/app/out/vs/workbench/workbench.desktop.main.js:835:2513)
    at yze.createModel (vscode-file://vscode-app/usr/share/vscodium/resources/app/out/vs/workbench/workbench.desktop.main.js:836:909)
    at Hme.doCreateTextEditorModel (vscode-file://vscode-app/usr/share/vscodium/resources/app/out/vs/workbench/workbench.desktop.main.js:660:13332)
    at Hme.createTextEditorModel (vscode-file://vscode-app/usr/share/vscodium/resources/app/out/vs/workbench/workbench.desktop.main.js:660:13158)
    at Hme.doCreateTextModel (vscode-file://vscode-app/usr/share/vscodium/resources/app/out/vs/workbench/workbench.desktop.main.js:1797:17509)
2025-04-12 07:54:04.224 [error] [1c1] potential listener LEAK detected, having 175 listeners already. MOST frequent listener (1):: Error
    at Ami.create (vscode-file://vscode-app/usr/share/vscodium/resources/app/out/vs/workbench/workbench.desktop.main.js:27:12985)
    at Ewi._event [as onDidChange] (vscode-file://vscode-app/usr/share/vscodium/resources/app/out/vs/workbench/workbench.desktop.main.js:29:1645)
    at new MOe (vscode-file://vscode-app/usr/share/vscodium/resources/app/out/vs/workbench/workbench.desktop.main.js:483:28679)
    at a (vscode-file://vscode-app/usr/share/vscodium/resources/app/out/vs/workbench/workbench.desktop.main.js:483:26103)
    at Cie.value (vscode-file://vscode-app/usr/share/vscodium/resources/app/out/vs/workbench/workbench.desktop.main.js:483:26369)
    at x._deliver (vscode-file://vscode-app/usr/share/vscodium/resources/app/out/vs/workbench/workbench.desktop.main.js:29:2956)
    at x._deliverQueue (vscode-file://vscode-app/usr/share/vscodium/resources/app/out/vs/workbench/workbench.desktop.main.js:29:3047)
    at x.fire (vscode-file://vscode-app/usr/share/vscodium/resources/app/out/vs/workbench/workbench.desktop.main.js:29:3384)
    at yze.createModel (vscode-file://vscode-app/usr/share/vscodium/resources/app/out/vs/workbench/workbench.desktop.main.js:836:988)
    at Hme.doCreateTextEditorModel (vscode-file://vscode-app/usr/share/vscodium/resources/app/out/vs/workbench/workbench.desktop.main.js:660:13332)
2025-04-12 07:54:04.230 [error] [03d] potential listener LEAK detected, having 200 listeners already. MOST frequent listener (1):: Error
    at Ami.create (vscode-file://vscode-app/usr/share/vscodium/resources/app/out/vs/workbench/workbench.desktop.main.js:27:12985)
    at wL._event [as event] (vscode-file://vscode-app/usr/share/vscodium/resources/app/out/vs/workbench/workbench.desktop.main.js:29:1645)
    at wL.onFirstObserverAdded (vscode-file://vscode-app/usr/share/vscodium/resources/app/out/vs/workbench/workbench.desktop.main.js:31:33628)
    at wL.addObserver (vscode-file://vscode-app/usr/share/vscodium/resources/app/out/vs/workbench/workbench.desktop.main.js:31:17897)
    at Object.onWillAddFirstListener (vscode-file://vscode-app/usr/share/vscodium/resources/app/out/vs/workbench/workbench.desktop.main.js:27:10696)
    at W2e._event [as onDidChange] (vscode-file://vscode-app/usr/share/vscodium/resources/app/out/vs/workbench/workbench.desktop.main.js:29:1912)
    at new Sg (vscode-file://vscode-app/usr/share/vscodium/resources/app/out/vs/workbench/workbench.desktop.main.js:249:26381)
    at kmt._createInstance (vscode-file://vscode-app/usr/share/vscodium/resources/app/out/vs/workbench/workbench.desktop.main.js:1877:2018)
    at kmt.createInstance (vscode-file://vscode-app/usr/share/vscodium/resources/app/out/vs/workbench/workbench.desktop.main.js:1877:1448)
    at yze._createModelData (vscode-file://vscode-app/usr/share/vscodium/resources/app/out/vs/workbench/workbench.desktop.main.js:835:2513)
2025-04-12 07:54:04.259 [error] [70a] potential listener LEAK detected, having 263 listeners already. MOST frequent listener (89):: Error
    at Ami.create (vscode-file://vscode-app/usr/share/vscodium/resources/app/out/vs/workbench/workbench.desktop.main.js:27:12985)
    at V1e._event [as onDidChange] (vscode-file://vscode-app/usr/share/vscodium/resources/app/out/vs/workbench/workbench.desktop.main.js:29:1645)
    at new Sg (vscode-file://vscode-app/usr/share/vscodium/resources/app/out/vs/workbench/workbench.desktop.main.js:249:27503)
    at kmt._createInstance (vscode-file://vscode-app/usr/share/vscodium/resources/app/out/vs/workbench/workbench.desktop.main.js:1877:2018)
    at kmt.createInstance (vscode-file://vscode-app/usr/share/vscodium/resources/app/out/vs/workbench/workbench.desktop.main.js:1877:1448)
    at yze._createModelData (vscode-file://vscode-app/usr/share/vscodium/resources/app/out/vs/workbench/workbench.desktop.main.js:835:2513)
    at yze.createModel (vscode-file://vscode-app/usr/share/vscodium/resources/app/out/vs/workbench/workbench.desktop.main.js:836:909)
    at Hme.doCreateTextEditorModel (vscode-file://vscode-app/usr/share/vscodium/resources/app/out/vs/workbench/workbench.desktop.main.js:660:13332)
    at Hme.createTextEditorModel (vscode-file://vscode-app/usr/share/vscodium/resources/app/out/vs/workbench/workbench.desktop.main.js:660:13158)
    at Hme.doCreateTextModel (vscode-file://vscode-app/usr/share/vscodium/resources/app/out/vs/workbench/workbench.desktop.main.js:1797:17509)
2025-04-12 07:54:04.260 [error] [1c1] potential listener LEAK detected, having 263 listeners already. MOST frequent listener (89):: Error
    at Ami.create (vscode-file://vscode-app/usr/share/vscodium/resources/app/out/vs/workbench/workbench.desktop.main.js:27:12985)
    at Ewi._event [as onDidChange] (vscode-file://vscode-app/usr/share/vscodium/resources/app/out/vs/workbench/workbench.desktop.main.js:29:1645)
    at new MOe (vscode-file://vscode-app/usr/share/vscodium/resources/app/out/vs/workbench/workbench.desktop.main.js:483:28679)
    at a (vscode-file://vscode-app/usr/share/vscodium/resources/app/out/vs/workbench/workbench.desktop.main.js:483:26103)
    at Cie.value (vscode-file://vscode-app/usr/share/vscodium/resources/app/out/vs/workbench/workbench.desktop.main.js:483:26369)
    at x._deliver (vscode-file://vscode-app/usr/share/vscodium/resources/app/out/vs/workbench/workbench.desktop.main.js:29:2956)
    at x._deliverQueue (vscode-file://vscode-app/usr/share/vscodium/resources/app/out/vs/workbench/workbench.desktop.main.js:29:3047)
    at x.fire (vscode-file://vscode-app/usr/share/vscodium/resources/app/out/vs/workbench/workbench.desktop.main.js:29:3384)
    at yze.createModel (vscode-file://vscode-app/usr/share/vscodium/resources/app/out/vs/workbench/workbench.desktop.main.js:836:988)
    at Hme.doCreateTextEditorModel (vscode-file://vscode-app/usr/share/vscodium/resources/app/out/vs/workbench/workbench.desktop.main.js:660:13332)
2025-04-12 07:54:04.269 [error] [03d] potential listener LEAK detected, having 300 listeners already. MOST frequent listener (101):: Error
    at Ami.create (vscode-file://vscode-app/usr/share/vscodium/resources/app/out/vs/workbench/workbench.desktop.main.js:27:12985)
    at wL._event [as event] (vscode-file://vscode-app/usr/share/vscodium/resources/app/out/vs/workbench/workbench.desktop.main.js:29:1645)
    at wL.onFirstObserverAdded (vscode-file://vscode-app/usr/share/vscodium/resources/app/out/vs/workbench/workbench.desktop.main.js:31:33628)
    at wL.addObserver (vscode-file://vscode-app/usr/share/vscodium/resources/app/out/vs/workbench/workbench.desktop.main.js:31:17897)
    at Object.onWillAddFirstListener (vscode-file://vscode-app/usr/share/vscodium/resources/app/out/vs/workbench/workbench.desktop.main.js:27:10696)
    at W2e._event [as onDidChange] (vscode-file://vscode-app/usr/share/vscodium/resources/app/out/vs/workbench/workbench.desktop.main.js:29:1912)
    at new Sg (vscode-file://vscode-app/usr/share/vscodium/resources/app/out/vs/workbench/workbench.desktop.main.js:249:26381)
    at kmt._createInstance (vscode-file://vscode-app/usr/share/vscodium/resources/app/out/vs/workbench/workbench.desktop.main.js:1877:2018)
    at kmt.createInstance (vscode-file://vscode-app/usr/share/vscodium/resources/app/out/vs/workbench/workbench.desktop.main.js:1877:1448)
    at yze._createModelData (vscode-file://vscode-app/usr/share/vscodium/resources/app/out/vs/workbench/workbench.desktop.main.js:835:2513)
2025-04-12 07:54:04.287 [error] [040] potential listener LEAK detected, having 400 listeners already. MOST frequent listener (1):: Error
    at Ami.create (vscode-file://vscode-app/usr/share/vscodium/resources/app/out/vs/workbench/workbench.desktop.main.js:27:12985)
    at Rze._event (vscode-file://vscode-app/usr/share/vscodium/resources/app/out/vs/workbench/workbench.desktop.main.js:29:1645)
    at new MOe (vscode-file://vscode-app/usr/share/vscodium/resources/app/out/vs/workbench/workbench.desktop.main.js:483:28807)
    at a (vscode-file://vscode-app/usr/share/vscodium/resources/app/out/vs/workbench/workbench.desktop.main.js:483:26103)
    at Cie.value (vscode-file://vscode-app/usr/share/vscodium/resources/app/out/vs/workbench/workbench.desktop.main.js:483:26369)
    at x._deliver (vscode-file://vscode-app/usr/share/vscodium/resources/app/out/vs/workbench/workbench.desktop.main.js:29:2956)
    at x._deliverQueue (vscode-file://vscode-app/usr/share/vscodium/resources/app/out/vs/workbench/workbench.desktop.main.js:29:3047)
    at x.fire (vscode-file://vscode-app/usr/share/vscodium/resources/app/out/vs/workbench/workbench.desktop.main.js:29:3384)
    at yze.createModel (vscode-file://vscode-app/usr/share/vscodium/resources/app/out/vs/workbench/workbench.desktop.main.js:836:988)
    at Hme.doCreateTextEditorModel (vscode-file://vscode-app/usr/share/vscodium/resources/app/out/vs/workbench/workbench.desktop.main.js:660:13332)
2025-04-12 07:54:04.290 [error] [70a] potential listener LEAK detected, having 351 listeners already. MOST frequent listener (177):: Error
    at Ami.create (vscode-file://vscode-app/usr/share/vscodium/resources/app/out/vs/workbench/workbench.desktop.main.js:27:12985)
    at V1e._event [as onDidChange] (vscode-file://vscode-app/usr/share/vscodium/resources/app/out/vs/workbench/workbench.desktop.main.js:29:1645)
    at new Sg (vscode-file://vscode-app/usr/share/vscodium/resources/app/out/vs/workbench/workbench.desktop.main.js:249:27503)
    at kmt._createInstance (vscode-file://vscode-app/usr/share/vscodium/resources/app/out/vs/workbench/workbench.desktop.main.js:1877:2018)
    at kmt.createInstance (vscode-file://vscode-app/usr/share/vscodium/resources/app/out/vs/workbench/workbench.desktop.main.js:1877:1448)
    at yze._createModelData (vscode-file://vscode-app/usr/share/vscodium/resources/app/out/vs/workbench/workbench.desktop.main.js:835:2513)
    at yze.createModel (vscode-file://vscode-app/usr/share/vscodium/resources/app/out/vs/workbench/workbench.desktop.main.js:836:909)
    at Hme.doCreateTextEditorModel (vscode-file://vscode-app/usr/share/vscodium/resources/app/out/vs/workbench/workbench.desktop.main.js:660:13332)
    at Hme.createTextEditorModel (vscode-file://vscode-app/usr/share/vscodium/resources/app/out/vs/workbench/workbench.desktop.main.js:660:13158)
    at Hme.doCreateTextModel (vscode-file://vscode-app/usr/share/vscodium/resources/app/out/vs/workbench/workbench.desktop.main.js:1797:17509)
2025-04-12 07:54:04.290 [error] [1c1] potential listener LEAK detected, having 351 listeners already. MOST frequent listener (177):: Error
    at Ami.create (vscode-file://vscode-app/usr/share/vscodium/resources/app/out/vs/workbench/workbench.desktop.main.js:27:12985)
    at Ewi._event [as onDidChange] (vscode-file://vscode-app/usr/share/vscodium/resources/app/out/vs/workbench/workbench.desktop.main.js:29:1645)
    at new MOe (vscode-file://vscode-app/usr/share/vscodium/resources/app/out/vs/workbench/workbench.desktop.main.js:483:28679)
    at a (vscode-file://vscode-app/usr/share/vscodium/resources/app/out/vs/workbench/workbench.desktop.main.js:483:26103)
    at Cie.value (vscode-file://vscode-app/usr/share/vscodium/resources/app/out/vs/workbench/workbench.desktop.main.js:483:26369)
    at x._deliver (vscode-file://vscode-app/usr/share/vscodium/resources/app/out/vs/workbench/workbench.desktop.main.js:29:2956)
    at x._deliverQueue (vscode-file://vscode-app/usr/share/vscodium/resources/app/out/vs/workbench/workbench.desktop.main.js:29:3047)
    at x.fire (vscode-file://vscode-app/usr/share/vscodium/resources/app/out/vs/workbench/workbench.desktop.main.js:29:3384)
    at yze.createModel (vscode-file://vscode-app/usr/share/vscodium/resources/app/out/vs/workbench/workbench.desktop.main.js:836:988)
    at Hme.doCreateTextEditorModel (vscode-file://vscode-app/usr/share/vscodium/resources/app/out/vs/workbench/workbench.desktop.main.js:660:13332)
2025-04-12 07:55:05.560 [error] [13b] potential listener LEAK detected, having 246 listeners already. MOST frequent listener (72):: Error
    at Ami.create (vscode-file://vscode-app/usr/share/vscodium/resources/app/out/vs/workbench/workbench.desktop.main.js:27:12985)
    at EVe._event [as onDidChangeFilesAssociation] (vscode-file://vscode-app/usr/share/vscodium/resources/app/out/vs/workbench/workbench.desktop.main.js:29:1645)
    at Hme.registerListeners (vscode-file://vscode-app/usr/share/vscodium/resources/app/out/vs/workbench/workbench.desktop.main.js:1797:12472)
    at new Hme (vscode-file://vscode-app/usr/share/vscodium/resources/app/out/vs/workbench/workbench.desktop.main.js:1797:12307)
    at kmt._createInstance (vscode-file://vscode-app/usr/share/vscodium/resources/app/out/vs/workbench/workbench.desktop.main.js:1877:2018)
    at kmt.createInstance (vscode-file://vscode-app/usr/share/vscodium/resources/app/out/vs/workbench/workbench.desktop.main.js:1877:1448)
    at oht.doResolve (vscode-file://vscode-app/usr/share/vscodium/resources/app/out/vs/workbench/workbench.desktop.main.js:3210:8046)
    at oht.resolve (vscode-file://vscode-app/usr/share/vscodium/resources/app/out/vs/workbench/workbench.desktop.main.js:3210:7711)
    at lze.doCreateReferencedObject (vscode-file://vscode-app/usr/share/vscodium/resources/app/out/vs/workbench/workbench.desktop.main.js:1797:27920)
    at lze.createReferencedObject (vscode-file://vscode-app/usr/share/vscodium/resources/app/out/vs/workbench/workbench.desktop.main.js:1797:27370)
2025-04-12 07:55:05.561 [error] [13c] potential listener LEAK detected, having 246 listeners already. MOST frequent listener (72):: Error
    at Ami.create (vscode-file://vscode-app/usr/share/vscodium/resources/app/out/vs/workbench/workbench.desktop.main.js:27:12985)
    at EVe._event [as onDidChangeReadonly] (vscode-file://vscode-app/usr/share/vscodium/resources/app/out/vs/workbench/workbench.desktop.main.js:29:1645)
    at Hme.registerListeners (vscode-file://vscode-app/usr/share/vscodium/resources/app/out/vs/workbench/workbench.desktop.main.js:1797:12587)
    at new Hme (vscode-file://vscode-app/usr/share/vscodium/resources/app/out/vs/workbench/workbench.desktop.main.js:1797:12307)
    at kmt._createInstance (vscode-file://vscode-app/usr/share/vscodium/resources/app/out/vs/workbench/workbench.desktop.main.js:1877:2018)
    at kmt.createInstance (vscode-file://vscode-app/usr/share/vscodium/resources/app/out/vs/workbench/workbench.desktop.main.js:1877:1448)
    at oht.doResolve (vscode-file://vscode-app/usr/share/vscodium/resources/app/out/vs/workbench/workbench.desktop.main.js:3210:8046)
    at oht.resolve (vscode-file://vscode-app/usr/share/vscodium/resources/app/out/vs/workbench/workbench.desktop.main.js:3210:7711)
    at lze.doCreateReferencedObject (vscode-file://vscode-app/usr/share/vscodium/resources/app/out/vs/workbench/workbench.desktop.main.js:1797:27920)
    at lze.createReferencedObject (vscode-file://vscode-app/usr/share/vscodium/resources/app/out/vs/workbench/workbench.desktop.main.js:1797:27370)
2025-04-12 07:55:05.566 [error] [13b] potential listener LEAK detected, having 334 listeners already. MOST frequent listener (160):: Error
    at Ami.create (vscode-file://vscode-app/usr/share/vscodium/resources/app/out/vs/workbench/workbench.desktop.main.js:27:12985)
    at EVe._event [as onDidChangeFilesAssociation] (vscode-file://vscode-app/usr/share/vscodium/resources/app/out/vs/workbench/workbench.desktop.main.js:29:1645)
    at Hme.registerListeners (vscode-file://vscode-app/usr/share/vscodium/resources/app/out/vs/workbench/workbench.desktop.main.js:1797:12472)
    at new Hme (vscode-file://vscode-app/usr/share/vscodium/resources/app/out/vs/workbench/workbench.desktop.main.js:1797:12307)
    at kmt._createInstance (vscode-file://vscode-app/usr/share/vscodium/resources/app/out/vs/workbench/workbench.desktop.main.js:1877:2018)
    at kmt.createInstance (vscode-file://vscode-app/usr/share/vscodium/resources/app/out/vs/workbench/workbench.desktop.main.js:1877:1448)
    at oht.doResolve (vscode-file://vscode-app/usr/share/vscodium/resources/app/out/vs/workbench/workbench.desktop.main.js:3210:8046)
    at oht.resolve (vscode-file://vscode-app/usr/share/vscodium/resources/app/out/vs/workbench/workbench.desktop.main.js:3210:7711)
    at lze.doCreateReferencedObject (vscode-file://vscode-app/usr/share/vscodium/resources/app/out/vs/workbench/workbench.desktop.main.js:1797:27920)
    at lze.createReferencedObject (vscode-file://vscode-app/usr/share/vscodium/resources/app/out/vs/workbench/workbench.desktop.main.js:1797:27370)
2025-04-12 07:55:05.566 [error] [13c] potential listener LEAK detected, having 334 listeners already. MOST frequent listener (160):: Error
    at Ami.create (vscode-file://vscode-app/usr/share/vscodium/resources/app/out/vs/workbench/workbench.desktop.main.js:27:12985)
    at EVe._event [as onDidChangeReadonly] (vscode-file://vscode-app/usr/share/vscodium/resources/app/out/vs/workbench/workbench.desktop.main.js:29:1645)
    at Hme.registerListeners (vscode-file://vscode-app/usr/share/vscodium/resources/app/out/vs/workbench/workbench.desktop.main.js:1797:12587)
    at new Hme (vscode-file://vscode-app/usr/share/vscodium/resources/app/out/vs/workbench/workbench.desktop.main.js:1797:12307)
    at kmt._createInstance (vscode-file://vscode-app/usr/share/vscodium/resources/app/out/vs/workbench/workbench.desktop.main.js:1877:2018)
    at kmt.createInstance (vscode-file://vscode-app/usr/share/vscodium/resources/app/out/vs/workbench/workbench.desktop.main.js:1877:1448)
    at oht.doResolve (vscode-file://vscode-app/usr/share/vscodium/resources/app/out/vs/workbench/workbench.desktop.main.js:3210:8046)
    at oht.resolve (vscode-file://vscode-app/usr/share/vscodium/resources/app/out/vs/workbench/workbench.desktop.main.js:3210:7711)
    at lze.doCreateReferencedObject (vscode-file://vscode-app/usr/share/vscodium/resources/app/out/vs/workbench/workbench.desktop.main.js:1797:27920)
    at lze.createReferencedObject (vscode-file://vscode-app/usr/share/vscodium/resources/app/out/vs/workbench/workbench.desktop.main.js:1797:27370)
2025-04-12 07:55:05.570 [error] [13b] potential listener LEAK detected, having 422 listeners already. MOST frequent listener (248):: Error
    at Ami.create (vscode-file://vscode-app/usr/share/vscodium/resources/app/out/vs/workbench/workbench.desktop.main.js:27:12985)
    at EVe._event [as onDidChangeFilesAssociation] (vscode-file://vscode-app/usr/share/vscodium/resources/app/out/vs/workbench/workbench.desktop.main.js:29:1645)
    at Hme.registerListeners (vscode-file://vscode-app/usr/share/vscodium/resources/app/out/vs/workbench/workbench.desktop.main.js:1797:12472)
    at new Hme (vscode-file://vscode-app/usr/share/vscodium/resources/app/out/vs/workbench/workbench.desktop.main.js:1797:12307)
    at kmt._createInstance (vscode-file://vscode-app/usr/share/vscodium/resources/app/out/vs/workbench/workbench.desktop.main.js:1877:2018)
    at kmt.createInstance (vscode-file://vscode-app/usr/share/vscodium/resources/app/out/vs/workbench/workbench.desktop.main.js:1877:1448)
    at oht.doResolve (vscode-file://vscode-app/usr/share/vscodium/resources/app/out/vs/workbench/workbench.desktop.main.js:3210:8046)
    at oht.resolve (vscode-file://vscode-app/usr/share/vscodium/resources/app/out/vs/workbench/workbench.desktop.main.js:3210:7711)
    at lze.doCreateReferencedObject (vscode-file://vscode-app/usr/share/vscodium/resources/app/out/vs/workbench/workbench.desktop.main.js:1797:27920)
    at lze.createReferencedObject (vscode-file://vscode-app/usr/share/vscodium/resources/app/out/vs/workbench/workbench.desktop.main.js:1797:27370)
2025-04-12 07:55:05.571 [error] [13c] potential listener LEAK detected, having 422 listeners already. MOST frequent listener (248):: Error
    at Ami.create (vscode-file://vscode-app/usr/share/vscodium/resources/app/out/vs/workbench/workbench.desktop.main.js:27:12985)
    at EVe._event [as onDidChangeReadonly] (vscode-file://vscode-app/usr/share/vscodium/resources/app/out/vs/workbench/workbench.desktop.main.js:29:1645)
    at Hme.registerListeners (vscode-file://vscode-app/usr/share/vscodium/resources/app/out/vs/workbench/workbench.desktop.main.js:1797:12587)
    at new Hme (vscode-file://vscode-app/usr/share/vscodium/resources/app/out/vs/workbench/workbench.desktop.main.js:1797:12307)
    at kmt._createInstance (vscode-file://vscode-app/usr/share/vscodium/resources/app/out/vs/workbench/workbench.desktop.main.js:1877:2018)
    at kmt.createInstance (vscode-file://vscode-app/usr/share/vscodium/resources/app/out/vs/workbench/workbench.desktop.main.js:1877:1448)
    at oht.doResolve (vscode-file://vscode-app/usr/share/vscodium/resources/app/out/vs/workbench/workbench.desktop.main.js:3210:8046)
    at oht.resolve (vscode-file://vscode-app/usr/share/vscodium/resources/app/out/vs/workbench/workbench.desktop.main.js:3210:7711)
    at lze.doCreateReferencedObject (vscode-file://vscode-app/usr/share/vscodium/resources/app/out/vs/workbench/workbench.desktop.main.js:1797:27920)
    at lze.createReferencedObject (vscode-file://vscode-app/usr/share/vscodium/resources/app/out/vs/workbench/workbench.desktop.main.js:1797:27370)
2025-04-12 07:55:05.886 [error] [03d] potential listener LEAK detected, having 222 listeners already. MOST frequent listener (23):: Error
    at Ami.create (vscode-file://vscode-app/usr/share/vscodium/resources/app/out/vs/workbench/workbench.desktop.main.js:27:12985)
    at wL._event [as event] (vscode-file://vscode-app/usr/share/vscodium/resources/app/out/vs/workbench/workbench.desktop.main.js:29:1645)
    at wL.onFirstObserverAdded (vscode-file://vscode-app/usr/share/vscodium/resources/app/out/vs/workbench/workbench.desktop.main.js:31:33628)
    at wL.addObserver (vscode-file://vscode-app/usr/share/vscodium/resources/app/out/vs/workbench/workbench.desktop.main.js:31:17897)
    at Object.onWillAddFirstListener (vscode-file://vscode-app/usr/share/vscodium/resources/app/out/vs/workbench/workbench.desktop.main.js:27:10696)
    at W2e._event [as onDidChange] (vscode-file://vscode-app/usr/share/vscodium/resources/app/out/vs/workbench/workbench.desktop.main.js:29:1912)
    at new Sg (vscode-file://vscode-app/usr/share/vscodium/resources/app/out/vs/workbench/workbench.desktop.main.js:249:26381)
    at kmt._createInstance (vscode-file://vscode-app/usr/share/vscodium/resources/app/out/vs/workbench/workbench.desktop.main.js:1877:2018)
    at kmt.createInstance (vscode-file://vscode-app/usr/share/vscodium/resources/app/out/vs/workbench/workbench.desktop.main.js:1877:1448)
    at yze._createModelData (vscode-file://vscode-app/usr/share/vscodium/resources/app/out/vs/workbench/workbench.desktop.main.js:835:2513)
2025-04-12 07:55:05.895 [error] [70a] potential listener LEAK detected, having 241 listeners already. MOST frequent listener (67):: Error
    at Ami.create (vscode-file://vscode-app/usr/share/vscodium/resources/app/out/vs/workbench/workbench.desktop.main.js:27:12985)
    at V1e._event [as onDidChange] (vscode-file://vscode-app/usr/share/vscodium/resources/app/out/vs/workbench/workbench.desktop.main.js:29:1645)
    at new Sg (vscode-file://vscode-app/usr/share/vscodium/resources/app/out/vs/workbench/workbench.desktop.main.js:249:27503)
    at kmt._createInstance (vscode-file://vscode-app/usr/share/vscodium/resources/app/out/vs/workbench/workbench.desktop.main.js:1877:2018)
    at kmt.createInstance (vscode-file://vscode-app/usr/share/vscodium/resources/app/out/vs/workbench/workbench.desktop.main.js:1877:1448)
    at yze._createModelData (vscode-file://vscode-app/usr/share/vscodium/resources/app/out/vs/workbench/workbench.desktop.main.js:835:2513)
    at yze.createModel (vscode-file://vscode-app/usr/share/vscodium/resources/app/out/vs/workbench/workbench.desktop.main.js:836:909)
    at Hme.doCreateTextEditorModel (vscode-file://vscode-app/usr/share/vscodium/resources/app/out/vs/workbench/workbench.desktop.main.js:660:13332)
    at Hme.createTextEditorModel (vscode-file://vscode-app/usr/share/vscodium/resources/app/out/vs/workbench/workbench.desktop.main.js:660:13158)
    at Hme.doCreateTextModel (vscode-file://vscode-app/usr/share/vscodium/resources/app/out/vs/workbench/workbench.desktop.main.js:1797:17509)
2025-04-12 07:55:05.897 [error] [1c1] potential listener LEAK detected, having 243 listeners already. MOST frequent listener (69):: Error
    at Ami.create (vscode-file://vscode-app/usr/share/vscodium/resources/app/out/vs/workbench/workbench.desktop.main.js:27:12985)
    at Ewi._event [as onDidChange] (vscode-file://vscode-app/usr/share/vscodium/resources/app/out/vs/workbench/workbench.desktop.main.js:29:1645)
    at MOe (vscode-file://vscode-app/usr/share/vscodium/resources/app/out/vs/workbench/workbench.desktop.main.js:483:28679)
    at a (vscode-file://vscode-app/usr/share/vscodium/resources/app/out/vs/workbench/workbench.desktop.main.js:483:26103)
    at Cie.value (vscode-file://vscode-app/usr/share/vscodium/resources/app/out/vs/workbench/workbench.desktop.main.js:483:26369)
    at x._deliver (vscode-file://vscode-app/usr/share/vscodium/resources/app/out/vs/workbench/workbench.desktop.main.js:29:2956)
    at x._deliverQueue (vscode-file://vscode-app/usr/share/vscodium/resources/app/out/vs/workbench/workbench.desktop.main.js:29:3047)
    at x.fire (vscode-file://vscode-app/usr/share/vscodium/resources/app/out/vs/workbench/workbench.desktop.main.js:29:3384)
    at yze.createModel (vscode-file://vscode-app/usr/share/vscodium/resources/app/out/vs/workbench/workbench.desktop.main.js:836:988)
    at Hme.doCreateTextEditorModel (vscode-file://vscode-app/usr/share/vscodium/resources/app/out/vs/workbench/workbench.desktop.main.js:660:13332)
2025-04-12 07:55:05.918 [error] [03d] potential listener LEAK detected, having 322 listeners already. MOST frequent listener (123):: Error
    at Ami.create (vscode-file://vscode-app/usr/share/vscodium/resources/app/out/vs/workbench/workbench.desktop.main.js:27:12985)
    at wL._event [as event] (vscode-file://vscode-app/usr/share/vscodium/resources/app/out/vs/workbench/workbench.desktop.main.js:29:1645)
    at wL.onFirstObserverAdded (vscode-file://vscode-app/usr/share/vscodium/resources/app/out/vs/workbench/workbench.desktop.main.js:31:33628)
    at wL.addObserver (vscode-file://vscode-app/usr/share/vscodium/resources/app/out/vs/workbench/workbench.desktop.main.js:31:17897)
    at Object.onWillAddFirstListener (vscode-file://vscode-app/usr/share/vscodium/resources/app/out/vs/workbench/workbench.desktop.main.js:27:10696)
    at W2e._event [as onDidChange] (vscode-file://vscode-app/usr/share/vscodium/resources/app/out/vs/workbench/workbench.desktop.main.js:29:1912)
    at new Sg (vscode-file://vscode-app/usr/share/vscodium/resources/app/out/vs/workbench/workbench.desktop.main.js:249:26381)
    at kmt._createInstance (vscode-file://vscode-app/usr/share/vscodium/resources/app/out/vs/workbench/workbench.desktop.main.js:1877:2018)
    at kmt.createInstance (vscode-file://vscode-app/usr/share/vscodium/resources/app/out/vs/workbench/workbench.desktop.main.js:1877:1448)
    at yze._createModelData (vscode-file://vscode-app/usr/share/vscodium/resources/app/out/vs/workbench/workbench.desktop.main.js:835:2513)
2025-04-12 07:55:05.921 [error] [70a] potential listener LEAK detected, having 329 listeners already. MOST frequent listener (155):: Error
    at Ami.create (vscode-file://vscode-app/usr/share/vscodium/resources/app/out/vs/workbench/workbench.desktop.main.js:27:12985)
    at V1e._event [as onDidChange] (vscode-file://vscode-app/usr/share/vscodium/resources/app/out/vs/workbench/workbench.desktop.main.js:29:1645)
    at new Sg (vscode-file://vscode-app/usr/share/vscodium/resources/app/out/vs/workbench/workbench.desktop.main.js:249:27503)
    at kmt._createInstance (vscode-file://vscode-app/usr/share/vscodium/resources/app/out/vs/workbench/workbench.desktop.main.js:1877:2018)
    at kmt.createInstance (vscode-file://vscode-app/usr/share/vscodium/resources/app/out/vs/workbench/workbench.desktop.main.js:1877:1448)
    at yze._createModelData (vscode-file://vscode-app/usr/share/vscodium/resources/app/out/vs/workbench/workbench.desktop.main.js:835:2513)
    at yze.createModel (vscode-file://vscode-app/usr/share/vscodium/resources/app/out/vs/workbench/workbench.desktop.main.js:836:909)
    at Hme.doCreateTextEditorModel (vscode-file://vscode-app/usr/share/vscodium/resources/app/out/vs/workbench/workbench.desktop.main.js:660:13332)
    at Hme.createTextEditorModel (vscode-file://vscode-app/usr/share/vscodium/resources/app/out/vs/workbench/workbench.desktop.main.js:660:13158)
    at Hme.doCreateTextModel (vscode-file://vscode-app/usr/share/vscodium/resources/app/out/vs/workbench/workbench.desktop.main.js:1797:17509)
2025-04-12 07:55:05.923 [error] [1c1] potential listener LEAK detected, having 331 listeners already. MOST frequent listener (157):: Error
    at Ami.create (vscode-file://vscode-app/usr/share/vscodium/resources/app/out/vs/workbench/workbench.desktop.main.js:27:12985)
    at Ewi._event [as onDidChange] (vscode-file://vscode-app/usr/share/vscodium/resources/app/out/vs/workbench/workbench.desktop.main.js:29:1645)
    at MOe (vscode-file://vscode-app/usr/share/vscodium/resources/app/out/vs/workbench/workbench.desktop.main.js:483:28679)
    at a (vscode-file://vscode-app/usr/share/vscodium/resources/app/out/vs/workbench/workbench.desktop.main.js:483:26103)
    at Cie.value (vscode-file://vscode-app/usr/share/vscodium/resources/app/out/vs/workbench/workbench.desktop.main.js:483:26369)
    at x._deliver (vscode-file://vscode-app/usr/share/vscodium/resources/app/out/vs/workbench/workbench.desktop.main.js:29:2956)
    at x._deliverQueue (vscode-file://vscode-app/usr/share/vscodium/resources/app/out/vs/workbench/workbench.desktop.main.js:29:3047)
    at x.fire (vscode-file://vscode-app/usr/share/vscodium/resources/app/out/vs/workbench/workbench.desktop.main.js:29:3384)
    at yze.createModel (vscode-file://vscode-app/usr/share/vscodium/resources/app/out/vs/workbench/workbench.desktop.main.js:836:988)
    at Hme.doCreateTextEditorModel (vscode-file://vscode-app/usr/share/vscodium/resources/app/out/vs/workbench/workbench.desktop.main.js:660:13332)
2025-04-12 07:55:05.947 [error] [03d] potential listener LEAK detected, having 422 listeners already. MOST frequent listener (223):: Error
    at Ami.create (vscode-file://vscode-app/usr/share/vscodium/resources/app/out/vs/workbench/workbench.desktop.main.js:27:12985)
    at wL._event [as event] (vscode-file://vscode-app/usr/share/vscodium/resources/app/out/vs/workbench/workbench.desktop.main.js:29:1645)
    at wL.onFirstObserverAdded (vscode-file://vscode-app/usr/share/vscodium/resources/app/out/vs/workbench/workbench.desktop.main.js:31:33628)
    at wL.addObserver (vscode-file://vscode-app/usr/share/vscodium/resources/app/out/vs/workbench/workbench.desktop.main.js:31:17897)
    at Object.onWillAddFirstListener (vscode-file://vscode-app/usr/share/vscodium/resources/app/out/vs/workbench/workbench.desktop.main.js:27:10696)
    at W2e._event [as onDidChange] (vscode-file://vscode-app/usr/share/vscodium/resources/app/out/vs/workbench/workbench.desktop.main.js:29:1912)
    at new Sg (vscode-file://vscode-app/usr/share/vscodium/resources/app/out/vs/workbench/workbench.desktop.main.js:249:26381)
    at kmt._createInstance (vscode-file://vscode-app/usr/share/vscodium/resources/app/out/vs/workbench/workbench.desktop.main.js:1877:2018)
    at kmt.createInstance (vscode-file://vscode-app/usr/share/vscodium/resources/app/out/vs/workbench/workbench.desktop.main.js:1877:1448)
    at yze._createModelData (vscode-file://vscode-app/usr/share/vscodium/resources/app/out/vs/workbench/workbench.desktop.main.js:835:2513)
2025-04-12 07:55:05.947 [error] [70a] potential listener LEAK detected, having 417 listeners already. MOST frequent listener (243):: Error
    at Ami.create (vscode-file://vscode-app/usr/share/vscodium/resources/app/out/vs/workbench/workbench.desktop.main.js:27:12985)
    at V1e._event [as onDidChange] (vscode-file://vscode-app/usr/share/vscodium/resources/app/out/vs/workbench/workbench.desktop.main.js:29:1645)
    at new Sg (vscode-file://vscode-app/usr/share/vscodium/resources/app/out/vs/workbench/workbench.desktop.main.js:249:27503)
    at kmt._createInstance (vscode-file://vscode-app/usr/share/vscodium/resources/app/out/vs/workbench/workbench.desktop.main.js:1877:2018)
    at kmt.createInstance (vscode-file://vscode-app/usr/share/vscodium/resources/app/out/vs/workbench/workbench.desktop.main.js:1877:1448)
    at yze._createModelData (vscode-file://vscode-app/usr/share/vscodium/resources/app/out/vs/workbench/workbench.desktop.main.js:835:2513)
    at yze.createModel (vscode-file://vscode-app/usr/share/vscodium/resources/app/out/vs/workbench/workbench.desktop.main.js:836:909)
    at Hme.doCreateTextEditorModel (vscode-file://vscode-app/usr/share/vscodium/resources/app/out/vs/workbench/workbench.desktop.main.js:660:13332)
    at Hme.createTextEditorModel (vscode-file://vscode-app/usr/share/vscodium/resources/app/out/vs/workbench/workbench.desktop.main.js:660:13158)
    at Hme.doCreateTextModel (vscode-file://vscode-app/usr/share/vscodium/resources/app/out/vs/workbench/workbench.desktop.main.js:1797:17509)
2025-04-12 07:55:05.948 [error] [1c1] potential listener LEAK detected, having 419 listeners already. MOST frequent listener (245):: Error
    at Ami.create (vscode-file://vscode-app/usr/share/vscodium/resources/app/out/vs/workbench/workbench.desktop.main.js:27:12985)
    at Ewi._event [as onDidChange] (vscode-file://vscode-app/usr/share/vscodium/resources/app/out/vs/workbench/workbench.desktop.main.js:29:1645)
    at MOe (vscode-file://vscode-app/usr/share/vscodium/resources/app/out/vs/workbench/workbench.desktop.main.js:483:28679)
    at a (vscode-file://vscode-app/usr/share/vscodium/resources/app/out/vs/workbench/workbench.desktop.main.js:483:26103)
    at Cie.value (vscode-file://vscode-app/usr/share/vscodium/resources/app/out/vs/workbench/workbench.desktop.main.js:483:26369)
    at x._deliver (vscode-file://vscode-app/usr/share/vscodium/resources/app/out/vs/workbench/workbench.desktop.main.js:29:2956)
    at x._deliverQueue (vscode-file://vscode-app/usr/share/vscodium/resources/app/out/vs/workbench/workbench.desktop.main.js:29:3047)
    at x.fire (vscode-file://vscode-app/usr/share/vscodium/resources/app/out/vs/workbench/workbench.desktop.main.js:29:3384)
    at yze.createModel (vscode-file://vscode-app/usr/share/vscodium/resources/app/out/vs/workbench/workbench.desktop.main.js:836:988)
    at Hme.doCreateTextEditorModel (vscode-file://vscode-app/usr/share/vscodium/resources/app/out/vs/workbench/workbench.desktop.main.js:660:13332)
2025-04-12 07:56:53.110 [error] [13b] potential listener LEAK detected, having 258 listeners already. MOST frequent listener (84):: Error
    at Ami.create (vscode-file://vscode-app/usr/share/vscodium/resources/app/out/vs/workbench/workbench.desktop.main.js:27:12985)
    at EVe._event [as onDidChangeFilesAssociation] (vscode-file://vscode-app/usr/share/vscodium/resources/app/out/vs/workbench/workbench.desktop.main.js:29:1645)
    at Hme.registerListeners (vscode-file://vscode-app/usr/share/vscodium/resources/app/out/vs/workbench/workbench.desktop.main.js:1797:12472)
    at new Hme (vscode-file://vscode-app/usr/share/vscodium/resources/app/out/vs/workbench/workbench.desktop.main.js:1797:12307)
    at kmt._createInstance (vscode-file://vscode-app/usr/share/vscodium/resources/app/out/vs/workbench/workbench.desktop.main.js:1877:2018)
    at kmt.createInstance (vscode-file://vscode-app/usr/share/vscodium/resources/app/out/vs/workbench/workbench.desktop.main.js:1877:1448)
    at oht.doResolve (vscode-file://vscode-app/usr/share/vscodium/resources/app/out/vs/workbench/workbench.desktop.main.js:3210:8046)
    at oht.resolve (vscode-file://vscode-app/usr/share/vscodium/resources/app/out/vs/workbench/workbench.desktop.main.js:3210:7711)
    at lze.doCreateReferencedObject (vscode-file://vscode-app/usr/share/vscodium/resources/app/out/vs/workbench/workbench.desktop.main.js:1797:27920)
    at lze.createReferencedObject (vscode-file://vscode-app/usr/share/vscodium/resources/app/out/vs/workbench/workbench.desktop.main.js:1797:27370)
2025-04-12 07:56:53.110 [error] [13c] potential listener LEAK detected, having 258 listeners already. MOST frequent listener (84):: Error
    at Ami.create (vscode-file://vscode-app/usr/share/vscodium/resources/app/out/vs/workbench/workbench.desktop.main.js:27:12985)
    at EVe._event [as onDidChangeReadonly] (vscode-file://vscode-app/usr/share/vscodium/resources/app/out/vs/workbench/workbench.desktop.main.js:29:1645)
    at Hme.registerListeners (vscode-file://vscode-app/usr/share/vscodium/resources/app/out/vs/workbench/workbench.desktop.main.js:1797:12587)
    at new Hme (vscode-file://vscode-app/usr/share/vscodium/resources/app/out/vs/workbench/workbench.desktop.main.js:1797:12307)
    at kmt._createInstance (vscode-file://vscode-app/usr/share/vscodium/resources/app/out/vs/workbench/workbench.desktop.main.js:1877:2018)
    at kmt.createInstance (vscode-file://vscode-app/usr/share/vscodium/resources/app/out/vs/workbench/workbench.desktop.main.js:1877:1448)
    at oht.doResolve (vscode-file://vscode-app/usr/share/vscodium/resources/app/out/vs/workbench/workbench.desktop.main.js:3210:8046)
    at oht.resolve (vscode-file://vscode-app/usr/share/vscodium/resources/app/out/vs/workbench/workbench.desktop.main.js:3210:7711)
    at lze.doCreateReferencedObject (vscode-file://vscode-app/usr/share/vscodium/resources/app/out/vs/workbench/workbench.desktop.main.js:1797:27920)
    at lze.createReferencedObject (vscode-file://vscode-app/usr/share/vscodium/resources/app/out/vs/workbench/workbench.desktop.main.js:1797:27370)
2025-04-12 07:56:53.116 [error] [13b] potential listener LEAK detected, having 346 listeners already. MOST frequent listener (172):: Error
    at Ami.create (vscode-file://vscode-app/usr/share/vscodium/resources/app/out/vs/workbench/workbench.desktop.main.js:27:12985)
    at EVe._event [as onDidChangeFilesAssociation] (vscode-file://vscode-app/usr/share/vscodium/resources/app/out/vs/workbench/workbench.desktop.main.js:29:1645)
    at Hme.registerListeners (vscode-file://vscode-app/usr/share/vscodium/resources/app/out/vs/workbench/workbench.desktop.main.js:1797:12472)
    at new Hme (vscode-file://vscode-app/usr/share/vscodium/resources/app/out/vs/workbench/workbench.desktop.main.js:1797:12307)
    at kmt._createInstance (vscode-file://vscode-app/usr/share/vscodium/resources/app/out/vs/workbench/workbench.desktop.main.js:1877:2018)
    at kmt.createInstance (vscode-file://vscode-app/usr/share/vscodium/resources/app/out/vs/workbench/workbench.desktop.main.js:1877:1448)
    at oht.doResolve (vscode-file://vscode-app/usr/share/vscodium/resources/app/out/vs/workbench/workbench.desktop.main.js:3210:8046)
    at oht.resolve (vscode-file://vscode-app/usr/share/vscodium/resources/app/out/vs/workbench/workbench.desktop.main.js:3210:7711)
    at lze.doCreateReferencedObject (vscode-file://vscode-app/usr/share/vscodium/resources/app/out/vs/workbench/workbench.desktop.main.js:1797:27920)
    at lze.createReferencedObject (vscode-file://vscode-app/usr/share/vscodium/resources/app/out/vs/workbench/workbench.desktop.main.js:1797:27370)
2025-04-12 07:56:53.116 [error] [13c] potential listener LEAK detected, having 346 listeners already. MOST frequent listener (172):: Error
    at Ami.create (vscode-file://vscode-app/usr/share/vscodium/resources/app/out/vs/workbench/workbench.desktop.main.js:27:12985)
    at EVe._event [as onDidChangeReadonly] (vscode-file://vscode-app/usr/share/vscodium/resources/app/out/vs/workbench/workbench.desktop.main.js:29:1645)
    at Hme.registerListeners (vscode-file://vscode-app/usr/share/vscodium/resources/app/out/vs/workbench/workbench.desktop.main.js:1797:12587)
    at new Hme (vscode-file://vscode-app/usr/share/vscodium/resources/app/out/vs/workbench/workbench.desktop.main.js:1797:12307)
    at kmt._createInstance (vscode-file://vscode-app/usr/share/vscodium/resources/app/out/vs/workbench/workbench.desktop.main.js:1877:2018)
    at kmt.createInstance (vscode-file://vscode-app/usr/share/vscodium/resources/app/out/vs/workbench/workbench.desktop.main.js:1877:1448)
    at oht.doResolve (vscode-file://vscode-app/usr/share/vscodium/resources/app/out/vs/workbench/workbench.desktop.main.js:3210:8046)
    at oht.resolve (vscode-file://vscode-app/usr/share/vscodium/resources/app/out/vs/workbench/workbench.desktop.main.js:3210:7711)
    at lze.doCreateReferencedObject (vscode-file://vscode-app/usr/share/vscodium/resources/app/out/vs/workbench/workbench.desktop.main.js:1797:27920)
    at lze.createReferencedObject (vscode-file://vscode-app/usr/share/vscodium/resources/app/out/vs/workbench/workbench.desktop.main.js:1797:27370)
2025-04-12 07:56:53.121 [error] [13b] potential listener LEAK detected, having 434 listeners already. MOST frequent listener (260):: Error
    at Ami.create (vscode-file://vscode-app/usr/share/vscodium/resources/app/out/vs/workbench/workbench.desktop.main.js:27:12985)
    at EVe._event [as onDidChangeFilesAssociation] (vscode-file://vscode-app/usr/share/vscodium/resources/app/out/vs/workbench/workbench.desktop.main.js:29:1645)
    at Hme.registerListeners (vscode-file://vscode-app/usr/share/vscodium/resources/app/out/vs/workbench/workbench.desktop.main.js:1797:12472)
    at new Hme (vscode-file://vscode-app/usr/share/vscodium/resources/app/out/vs/workbench/workbench.desktop.main.js:1797:12307)
    at kmt._createInstance (vscode-file://vscode-app/usr/share/vscodium/resources/app/out/vs/workbench/workbench.desktop.main.js:1877:2018)
    at kmt.createInstance (vscode-file://vscode-app/usr/share/vscodium/resources/app/out/vs/workbench/workbench.desktop.main.js:1877:1448)
    at oht.doResolve (vscode-file://vscode-app/usr/share/vscodium/resources/app/out/vs/workbench/workbench.desktop.main.js:3210:8046)
    at oht.resolve (vscode-file://vscode-app/usr/share/vscodium/resources/app/out/vs/workbench/workbench.desktop.main.js:3210:7711)
    at lze.doCreateReferencedObject (vscode-file://vscode-app/usr/share/vscodium/resources/app/out/vs/workbench/workbench.desktop.main.js:1797:27920)
    at lze.createReferencedObject (vscode-file://vscode-app/usr/share/vscodium/resources/app/out/vs/workbench/workbench.desktop.main.js:1797:27370)
2025-04-12 07:56:53.121 [error] [13c] potential listener LEAK detected, having 434 listeners already. MOST frequent listener (260):: Error
    at Ami.create (vscode-file://vscode-app/usr/share/vscodium/resources/app/out/vs/workbench/workbench.desktop.main.js:27:12985)
    at EVe._event [as onDidChangeReadonly] (vscode-file://vscode-app/usr/share/vscodium/resources/app/out/vs/workbench/workbench.desktop.main.js:29:1645)
    at Hme.registerListeners (vscode-file://vscode-app/usr/share/vscodium/resources/app/out/vs/workbench/workbench.desktop.main.js:1797:12587)
    at new Hme (vscode-file://vscode-app/usr/share/vscodium/resources/app/out/vs/workbench/workbench.desktop.main.js:1797:12307)
    at kmt._createInstance (vscode-file://vscode-app/usr/share/vscodium/resources/app/out/vs/workbench/workbench.desktop.main.js:1877:2018)
    at kmt.createInstance (vscode-file://vscode-app/usr/share/vscodium/resources/app/out/vs/workbench/workbench.desktop.main.js:1877:1448)
    at oht.doResolve (vscode-file://vscode-app/usr/share/vscodium/resources/app/out/vs/workbench/workbench.desktop.main.js:3210:8046)
    at oht.resolve (vscode-file://vscode-app/usr/share/vscodium/resources/app/out/vs/workbench/workbench.desktop.main.js:3210:7711)
    at lze.doCreateReferencedObject (vscode-file://vscode-app/usr/share/vscodium/resources/app/out/vs/workbench/workbench.desktop.main.js:1797:27920)
    at lze.createReferencedObject (vscode-file://vscode-app/usr/share/vscodium/resources/app/out/vs/workbench/workbench.desktop.main.js:1797:27370)
2025-04-12 07:56:53.126 [error] Potential working copy LEAK detected, having 513 working copies already. Most frequent owner (258): file#<no typeId>
    at K9.registerWorkingCopy (vscode-file://vscode-app/usr/share/vscodium/resources/app/out/vs/workbench/workbench.desktop.main.js:657:82546)
    at new Hme (vscode-file://vscode-app/usr/share/vscodium/resources/app/out/vs/workbench/workbench.desktop.main.js:1797:12275)
    at kmt._createInstance (vscode-file://vscode-app/usr/share/vscodium/resources/app/out/vs/workbench/workbench.desktop.main.js:1877:2018)
    at kmt.createInstance (vscode-file://vscode-app/usr/share/vscodium/resources/app/out/vs/workbench/workbench.desktop.main.js:1877:1448)
    at oht.doResolve (vscode-file://vscode-app/usr/share/vscodium/resources/app/out/vs/workbench/workbench.desktop.main.js:3210:8046)
    at oht.resolve (vscode-file://vscode-app/usr/share/vscodium/resources/app/out/vs/workbench/workbench.desktop.main.js:3210:7711)
    at lze.doCreateReferencedObject (vscode-file://vscode-app/usr/share/vscodium/resources/app/out/vs/workbench/workbench.desktop.main.js:1797:27920)
    at lze.createReferencedObject (vscode-file://vscode-app/usr/share/vscodium/resources/app/out/vs/workbench/workbench.desktop.main.js:1797:27370)
    at lze.acquire (vscode-file://vscode-app/usr/share/vscodium/resources/app/out/vs/workbench/workbench.desktop.main.js:27:3244)
2025-04-12 07:56:53.126 [error] [13b] potential listener LEAK detected, having 522 listeners already. MOST frequent listener (348):: Error
    at Ami.create (vscode-file://vscode-app/usr/share/vscodium/resources/app/out/vs/workbench/workbench.desktop.main.js:27:12985)
    at EVe._event [as onDidChangeFilesAssociation] (vscode-file://vscode-app/usr/share/vscodium/resources/app/out/vs/workbench/workbench.desktop.main.js:29:1645)
    at Hme.registerListeners (vscode-file://vscode-app/usr/share/vscodium/resources/app/out/vs/workbench/workbench.desktop.main.js:1797:12472)
    at new Hme (vscode-file://vscode-app/usr/share/vscodium/resources/app/out/vs/workbench/workbench.desktop.main.js:1797:12307)
    at kmt._createInstance (vscode-file://vscode-app/usr/share/vscodium/resources/app/out/vs/workbench/workbench.desktop.main.js:1877:2018)
    at kmt.createInstance (vscode-file://vscode-app/usr/share/vscodium/resources/app/out/vs/workbench/workbench.desktop.main.js:1877:1448)
    at oht.doResolve (vscode-file://vscode-app/usr/share/vscodium/resources/app/out/vs/workbench/workbench.desktop.main.js:3210:8046)
    at oht.resolve (vscode-file://vscode-app/usr/share/vscodium/resources/app/out/vs/workbench/workbench.desktop.main.js:3210:7711)
    at lze.doCreateReferencedObject (vscode-file://vscode-app/usr/share/vscodium/resources/app/out/vs/workbench/workbench.desktop.main.js:1797:27920)
    at lze.createReferencedObject (vscode-file://vscode-app/usr/share/vscodium/resources/app/out/vs/workbench/workbench.desktop.main.js:1797:27370)
2025-04-12 07:56:53.126 [error] [13c] potential listener LEAK detected, having 522 listeners already. MOST frequent listener (348):: Error
    at Ami.create (vscode-file://vscode-app/usr/share/vscodium/resources/app/out/vs/workbench/workbench.desktop.main.js:27:12985)
    at EVe._event [as onDidChangeReadonly] (vscode-file://vscode-app/usr/share/vscodium/resources/app/out/vs/workbench/workbench.desktop.main.js:29:1645)
    at Hme.registerListeners (vscode-file://vscode-app/usr/share/vscodium/resources/app/out/vs/workbench/workbench.desktop.main.js:1797:12587)
    at new Hme (vscode-file://vscode-app/usr/share/vscodium/resources/app/out/vs/workbench/workbench.desktop.main.js:1797:12307)
    at kmt._createInstance (vscode-file://vscode-app/usr/share/vscodium/resources/app/out/vs/workbench/workbench.desktop.main.js:1877:2018)
    at kmt.createInstance (vscode-file://vscode-app/usr/share/vscodium/resources/app/out/vs/workbench/workbench.desktop.main.js:1877:1448)
    at oht.doResolve (vscode-file://vscode-app/usr/share/vscodium/resources/app/out/vs/workbench/workbench.desktop.main.js:3210:8046)
    at oht.resolve (vscode-file://vscode-app/usr/share/vscodium/resources/app/out/vs/workbench/workbench.desktop.main.js:3210:7711)
    at lze.doCreateReferencedObject (vscode-file://vscode-app/usr/share/vscodium/resources/app/out/vs/workbench/workbench.desktop.main.js:1797:27920)
    at lze.createReferencedObject (vscode-file://vscode-app/usr/share/vscodium/resources/app/out/vs/workbench/workbench.desktop.main.js:1797:27370)
2025-04-12 07:56:53.347 [error] [70a] potential listener LEAK detected, having 248 listeners already. MOST frequent listener (74):: Error
    at Ami.create (vscode-file://vscode-app/usr/share/vscodium/resources/app/out/vs/workbench/workbench.desktop.main.js:27:12985)
    at V1e._event [as onDidChange] (vscode-file://vscode-app/usr/share/vscodium/resources/app/out/vs/workbench/workbench.desktop.main.js:29:1645)
    at new Sg (vscode-file://vscode-app/usr/share/vscodium/resources/app/out/vs/workbench/workbench.desktop.main.js:249:27503)
    at kmt._createInstance (vscode-file://vscode-app/usr/share/vscodium/resources/app/out/vs/workbench/workbench.desktop.main.js:1877:2018)
    at kmt.createInstance (vscode-file://vscode-app/usr/share/vscodium/resources/app/out/vs/workbench/workbench.desktop.main.js:1877:1448)
    at yze._createModelData (vscode-file://vscode-app/usr/share/vscodium/resources/app/out/vs/workbench/workbench.desktop.main.js:835:2513)
    at yze.createModel (vscode-file://vscode-app/usr/share/vscodium/resources/app/out/vs/workbench/workbench.desktop.main.js:836:909)
    at Hme.doCreateTextEditorModel (vscode-file://vscode-app/usr/share/vscodium/resources/app/out/vs/workbench/workbench.desktop.main.js:660:13332)
    at Hme.createTextEditorModel (vscode-file://vscode-app/usr/share/vscodium/resources/app/out/vs/workbench/workbench.desktop.main.js:660:13158)
    at Hme.doCreateTextModel (vscode-file://vscode-app/usr/share/vscodium/resources/app/out/vs/workbench/workbench.desktop.main.js:1797:17509)
2025-04-12 07:56:53.350 [error] [1c1] potential listener LEAK detected, having 252 listeners already. MOST frequent listener (78):: Error
    at Ami.create (vscode-file://vscode-app/usr/share/vscodium/resources/app/out/vs/workbench/workbench.desktop.main.js:27:12985)
    at Ewi._event [as onDidChange] (vscode-file://vscode-app/usr/share/vscodium/resources/app/out/vs/workbench/workbench.desktop.main.js:29:1645)
    at MOe (vscode-file://vscode-app/usr/share/vscodium/resources/app/out/vs/workbench/workbench.desktop.main.js:483:28679)
    at a (vscode-file://vscode-app/usr/share/vscodium/resources/app/out/vs/workbench/workbench.desktop.main.js:483:26103)
    at Cie.value (vscode-file://vscode-app/usr/share/vscodium/resources/app/out/vs/workbench/workbench.desktop.main.js:483:26369)
    at x._deliver (vscode-file://vscode-app/usr/share/vscodium/resources/app/out/vs/workbench/workbench.desktop.main.js:29:2956)
    at x._deliverQueue (vscode-file://vscode-app/usr/share/vscodium/resources/app/out/vs/workbench/workbench.desktop.main.js:29:3047)
    at x.fire (vscode-file://vscode-app/usr/share/vscodium/resources/app/out/vs/workbench/workbench.desktop.main.js:29:3384)
    at yze.createModel (vscode-file://vscode-app/usr/share/vscodium/resources/app/out/vs/workbench/workbench.desktop.main.js:836:988)
    at Hme.doCreateTextEditorModel (vscode-file://vscode-app/usr/share/vscodium/resources/app/out/vs/workbench/workbench.desktop.main.js:660:13332)
2025-04-12 07:56:53.356 [error] [03d] potential listener LEAK detected, having 285 listeners already. MOST frequent listener (86):: Error
    at Ami.create (vscode-file://vscode-app/usr/share/vscodium/resources/app/out/vs/workbench/workbench.desktop.main.js:27:12985)
    at wL._event [as event] (vscode-file://vscode-app/usr/share/vscodium/resources/app/out/vs/workbench/workbench.desktop.main.js:29:1645)
    at wL.onFirstObserverAdded (vscode-file://vscode-app/usr/share/vscodium/resources/app/out/vs/workbench/workbench.desktop.main.js:31:33628)
    at wL.addObserver (vscode-file://vscode-app/usr/share/vscodium/resources/app/out/vs/workbench/workbench.desktop.main.js:31:17897)
    at Object.onWillAddFirstListener (vscode-file://vscode-app/usr/share/vscodium/resources/app/out/vs/workbench/workbench.desktop.main.js:27:10696)
    at W2e._event [as onDidChange] (vscode-file://vscode-app/usr/share/vscodium/resources/app/out/vs/workbench/workbench.desktop.main.js:29:1912)
    at new Sg (vscode-file://vscode-app/usr/share/vscodium/resources/app/out/vs/workbench/workbench.desktop.main.js:249:26381)
    at kmt._createInstance (vscode-file://vscode-app/usr/share/vscodium/resources/app/out/vs/workbench/workbench.desktop.main.js:1877:2018)
    at kmt.createInstance (vscode-file://vscode-app/usr/share/vscodium/resources/app/out/vs/workbench/workbench.desktop.main.js:1877:1448)
    at yze._createModelData (vscode-file://vscode-app/usr/share/vscodium/resources/app/out/vs/workbench/workbench.desktop.main.js:835:2513)
2025-04-12 07:56:53.378 [error] [70a] potential listener LEAK detected, having 336 listeners already. MOST frequent listener (162):: Error
    at Ami.create (vscode-file://vscode-app/usr/share/vscodium/resources/app/out/vs/workbench/workbench.desktop.main.js:27:12985)
    at V1e._event [as onDidChange] (vscode-file://vscode-app/usr/share/vscodium/resources/app/out/vs/workbench/workbench.desktop.main.js:29:1645)
    at new Sg (vscode-file://vscode-app/usr/share/vscodium/resources/app/out/vs/workbench/workbench.desktop.main.js:249:27503)
    at kmt._createInstance (vscode-file://vscode-app/usr/share/vscodium/resources/app/out/vs/workbench/workbench.desktop.main.js:1877:2018)
    at kmt.createInstance (vscode-file://vscode-app/usr/share/vscodium/resources/app/out/vs/workbench/workbench.desktop.main.js:1877:1448)
    at yze._createModelData (vscode-file://vscode-app/usr/share/vscodium/resources/app/out/vs/workbench/workbench.desktop.main.js:835:2513)
    at yze.createModel (vscode-file://vscode-app/usr/share/vscodium/resources/app/out/vs/workbench/workbench.desktop.main.js:836:909)
    at Hme.doCreateTextEditorModel (vscode-file://vscode-app/usr/share/vscodium/resources/app/out/vs/workbench/workbench.desktop.main.js:660:13332)
    at Hme.createTextEditorModel (vscode-file://vscode-app/usr/share/vscodium/resources/app/out/vs/workbench/workbench.desktop.main.js:660:13158)
    at Hme.doCreateTextModel (vscode-file://vscode-app/usr/share/vscodium/resources/app/out/vs/workbench/workbench.desktop.main.js:1797:17509)
2025-04-12 07:56:53.380 [error] [1c1] potential listener LEAK detected, having 340 listeners already. MOST frequent listener (166):: Error
    at Ami.create (vscode-file://vscode-app/usr/share/vscodium/resources/app/out/vs/workbench/workbench.desktop.main.js:27:12985)
    at Ewi._event [as onDidChange] (vscode-file://vscode-app/usr/share/vscodium/resources/app/out/vs/workbench/workbench.desktop.main.js:29:1645)
    at MOe (vscode-file://vscode-app/usr/share/vscodium/resources/app/out/vs/workbench/workbench.desktop.main.js:483:28679)
    at a (vscode-file://vscode-app/usr/share/vscodium/resources/app/out/vs/workbench/workbench.desktop.main.js:483:26103)
    at Cie.value (vscode-file://vscode-app/usr/share/vscodium/resources/app/out/vs/workbench/workbench.desktop.main.js:483:26369)
    at x._deliver (vscode-file://vscode-app/usr/share/vscodium/resources/app/out/vs/workbench/workbench.desktop.main.js:29:2956)
    at x._deliverQueue (vscode-file://vscode-app/usr/share/vscodium/resources/app/out/vs/workbench/workbench.desktop.main.js:29:3047)
    at x.fire (vscode-file://vscode-app/usr/share/vscodium/resources/app/out/vs/workbench/workbench.desktop.main.js:29:3384)
    at yze.createModel (vscode-file://vscode-app/usr/share/vscodium/resources/app/out/vs/workbench/workbench.desktop.main.js:836:988)
    at Hme.doCreateTextEditorModel (vscode-file://vscode-app/usr/share/vscodium/resources/app/out/vs/workbench/workbench.desktop.main.js:660:13332)
2025-04-12 07:56:53.395 [error] [03d] potential listener LEAK detected, having 385 listeners already. MOST frequent listener (186):: Error
    at Ami.create (vscode-file://vscode-app/usr/share/vscodium/resources/app/out/vs/workbench/workbench.desktop.main.js:27:12985)
    at wL._event [as event] (vscode-file://vscode-app/usr/share/vscodium/resources/app/out/vs/workbench/workbench.desktop.main.js:29:1645)
    at wL.onFirstObserverAdded (vscode-file://vscode-app/usr/share/vscodium/resources/app/out/vs/workbench/workbench.desktop.main.js:31:33628)
    at wL.addObserver (vscode-file://vscode-app/usr/share/vscodium/resources/app/out/vs/workbench/workbench.desktop.main.js:31:17897)
    at Object.onWillAddFirstListener (vscode-file://vscode-app/usr/share/vscodium/resources/app/out/vs/workbench/workbench.desktop.main.js:27:10696)
    at W2e._event [as onDidChange] (vscode-file://vscode-app/usr/share/vscodium/resources/app/out/vs/workbench/workbench.desktop.main.js:29:1912)
    at new Sg (vscode-file://vscode-app/usr/share/vscodium/resources/app/out/vs/workbench/workbench.desktop.main.js:249:26381)
    at kmt._createInstance (vscode-file://vscode-app/usr/share/vscodium/resources/app/out/vs/workbench/workbench.desktop.main.js:1877:2018)
    at kmt.createInstance (vscode-file://vscode-app/usr/share/vscodium/resources/app/out/vs/workbench/workbench.desktop.main.js:1877:1448)
    at yze._createModelData (vscode-file://vscode-app/usr/share/vscodium/resources/app/out/vs/workbench/workbench.desktop.main.js:835:2513)
2025-04-12 07:56:53.410 [error] [040] potential listener LEAK detected, having 477 listeners already. MOST frequent listener (78):: Error
    at Ami.create (vscode-file://vscode-app/usr/share/vscodium/resources/app/out/vs/workbench/workbench.desktop.main.js:27:12985)
    at Rze._event (vscode-file://vscode-app/usr/share/vscodium/resources/app/out/vs/workbench/workbench.desktop.main.js:29:1645)
    at MOe (vscode-file://vscode-app/usr/share/vscodium/resources/app/out/vs/workbench/workbench.desktop.main.js:483:28807)
    at a (vscode-file://vscode-app/usr/share/vscodium/resources/app/out/vs/workbench/workbench.desktop.main.js:483:26103)
    at Cie.value (vscode-file://vscode-app/usr/share/vscodium/resources/app/out/vs/workbench/workbench.desktop.main.js:483:26369)
    at x._deliver (vscode-file://vscode-app/usr/share/vscodium/resources/app/out/vs/workbench/workbench.desktop.main.js:29:2956)
    at x._deliverQueue (vscode-file://vscode-app/usr/share/vscodium/resources/app/out/vs/workbench/workbench.desktop.main.js:29:3047)
    at x.fire (vscode-file://vscode-app/usr/share/vscodium/resources/app/out/vs/workbench/workbench.desktop.main.js:29:3384)
    at yze.createModel (vscode-file://vscode-app/usr/share/vscodium/resources/app/out/vs/workbench/workbench.desktop.main.js:836:988)
    at Hme.doCreateTextEditorModel (vscode-file://vscode-app/usr/share/vscodium/resources/app/out/vs/workbench/workbench.desktop.main.js:660:13332)
2025-04-12 07:56:53.411 [error] [70a] potential listener LEAK detected, having 424 listeners already. MOST frequent listener (250):: Error
    at Ami.create (vscode-file://vscode-app/usr/share/vscodium/resources/app/out/vs/workbench/workbench.desktop.main.js:27:12985)
    at V1e._event [as onDidChange] (vscode-file://vscode-app/usr/share/vscodium/resources/app/out/vs/workbench/workbench.desktop.main.js:29:1645)
    at new Sg (vscode-file://vscode-app/usr/share/vscodium/resources/app/out/vs/workbench/workbench.desktop.main.js:249:27503)
    at kmt._createInstance (vscode-file://vscode-app/usr/share/vscodium/resources/app/out/vs/workbench/workbench.desktop.main.js:1877:2018)
    at kmt.createInstance (vscode-file://vscode-app/usr/share/vscodium/resources/app/out/vs/workbench/workbench.desktop.main.js:1877:1448)
    at yze._createModelData (vscode-file://vscode-app/usr/share/vscodium/resources/app/out/vs/workbench/workbench.desktop.main.js:835:2513)
    at yze.createModel (vscode-file://vscode-app/usr/share/vscodium/resources/app/out/vs/workbench/workbench.desktop.main.js:836:909)
    at Hme.doCreateTextEditorModel (vscode-file://vscode-app/usr/share/vscodium/resources/app/out/vs/workbench/workbench.desktop.main.js:660:13332)
    at Hme.createTextEditorModel (vscode-file://vscode-app/usr/share/vscodium/resources/app/out/vs/workbench/workbench.desktop.main.js:660:13158)
    at Hme.doCreateTextModel (vscode-file://vscode-app/usr/share/vscodium/resources/app/out/vs/workbench/workbench.desktop.main.js:1797:17509)
2025-04-12 07:56:53.413 [error] [1c1] potential listener LEAK detected, having 428 listeners already. MOST frequent listener (254):: Error
    at Ami.create (vscode-file://vscode-app/usr/share/vscodium/resources/app/out/vs/workbench/workbench.desktop.main.js:27:12985)
    at Ewi._event [as onDidChange] (vscode-file://vscode-app/usr/share/vscodium/resources/app/out/vs/workbench/workbench.desktop.main.js:29:1645)
    at MOe (vscode-file://vscode-app/usr/share/vscodium/resources/app/out/vs/workbench/workbench.desktop.main.js:483:28679)
    at a (vscode-file://vscode-app/usr/share/vscodium/resources/app/out/vs/workbench/workbench.desktop.main.js:483:26103)
    at Cie.value (vscode-file://vscode-app/usr/share/vscodium/resources/app/out/vs/workbench/workbench.desktop.main.js:483:26369)
    at x._deliver (vscode-file://vscode-app/usr/share/vscodium/resources/app/out/vs/workbench/workbench.desktop.main.js:29:2956)
    at x._deliverQueue (vscode-file://vscode-app/usr/share/vscodium/resources/app/out/vs/workbench/workbench.desktop.main.js:29:3047)
    at x.fire (vscode-file://vscode-app/usr/share/vscodium/resources/app/out/vs/workbench/workbench.desktop.main.js:29:3384)
    at yze.createModel (vscode-file://vscode-app/usr/share/vscodium/resources/app/out/vs/workbench/workbench.desktop.main.js:836:988)
    at Hme.doCreateTextEditorModel (vscode-file://vscode-app/usr/share/vscodium/resources/app/out/vs/workbench/workbench.desktop.main.js:660:13332)
2025-04-12 07:56:53.428 [error] [03d] potential listener LEAK detected, having 485 listeners already. MOST frequent listener (286):: Error
    at Ami.create (vscode-file://vscode-app/usr/share/vscodium/resources/app/out/vs/workbench/workbench.desktop.main.js:27:12985)
    at wL._event [as event] (vscode-file://vscode-app/usr/share/vscodium/resources/app/out/vs/workbench/workbench.desktop.main.js:29:1645)
    at wL.onFirstObserverAdded (vscode-file://vscode-app/usr/share/vscodium/resources/app/out/vs/workbench/workbench.desktop.main.js:31:33628)
    at wL.addObserver (vscode-file://vscode-app/usr/share/vscodium/resources/app/out/vs/workbench/workbench.desktop.main.js:31:17897)
    at Object.onWillAddFirstListener (vscode-file://vscode-app/usr/share/vscodium/resources/app/out/vs/workbench/workbench.desktop.main.js:27:10696)
    at W2e._event [as onDidChange] (vscode-file://vscode-app/usr/share/vscodium/resources/app/out/vs/workbench/workbench.desktop.main.js:29:1912)
    at new Sg (vscode-file://vscode-app/usr/share/vscodium/resources/app/out/vs/workbench/workbench.desktop.main.js:249:26381)
    at kmt._createInstance (vscode-file://vscode-app/usr/share/vscodium/resources/app/out/vs/workbench/workbench.desktop.main.js:1877:2018)
    at kmt.createInstance (vscode-file://vscode-app/usr/share/vscodium/resources/app/out/vs/workbench/workbench.desktop.main.js:1877:1448)
    at yze._createModelData (vscode-file://vscode-app/usr/share/vscodium/resources/app/out/vs/workbench/workbench.desktop.main.js:835:2513)
2025-04-12 07:56:53.436 [error] [70a] potential listener LEAK detected, having 512 listeners already. MOST frequent listener (338):: Error
    at Ami.create (vscode-file://vscode-app/usr/share/vscodium/resources/app/out/vs/workbench/workbench.desktop.main.js:27:12985)
    at V1e._event [as onDidChange] (vscode-file://vscode-app/usr/share/vscodium/resources/app/out/vs/workbench/workbench.desktop.main.js:29:1645)
    at new Sg (vscode-file://vscode-app/usr/share/vscodium/resources/app/out/vs/workbench/workbench.desktop.main.js:249:27503)
    at kmt._createInstance (vscode-file://vscode-app/usr/share/vscodium/resources/app/out/vs/workbench/workbench.desktop.main.js:1877:2018)
    at kmt.createInstance (vscode-file://vscode-app/usr/share/vscodium/resources/app/out/vs/workbench/workbench.desktop.main.js:1877:1448)
    at yze._createModelData (vscode-file://vscode-app/usr/share/vscodium/resources/app/out/vs/workbench/workbench.desktop.main.js:835:2513)
    at yze.createModel (vscode-file://vscode-app/usr/share/vscodium/resources/app/out/vs/workbench/workbench.desktop.main.js:836:909)
    at Hme.doCreateTextEditorModel (vscode-file://vscode-app/usr/share/vscodium/resources/app/out/vs/workbench/workbench.desktop.main.js:660:13332)
    at Hme.createTextEditorModel (vscode-file://vscode-app/usr/share/vscodium/resources/app/out/vs/workbench/workbench.desktop.main.js:660:13158)
    at Hme.doCreateTextModel (vscode-file://vscode-app/usr/share/vscodium/resources/app/out/vs/workbench/workbench.desktop.main.js:1797:17509)
2025-04-12 07:56:53.439 [error] [1c1] potential listener LEAK detected, having 516 listeners already. MOST frequent listener (342):: Error
    at Ami.create (vscode-file://vscode-app/usr/share/vscodium/resources/app/out/vs/workbench/workbench.desktop.main.js:27:12985)
    at Ewi._event [as onDidChange] (vscode-file://vscode-app/usr/share/vscodium/resources/app/out/vs/workbench/workbench.desktop.main.js:29:1645)
    at MOe (vscode-file://vscode-app/usr/share/vscodium/resources/app/out/vs/workbench/workbench.desktop.main.js:483:28679)
    at a (vscode-file://vscode-app/usr/share/vscodium/resources/app/out/vs/workbench/workbench.desktop.main.js:483:26103)
    at Cie.value (vscode-file://vscode-app/usr/share/vscodium/resources/app/out/vs/workbench/workbench.desktop.main.js:483:26369)
    at x._deliver (vscode-file://vscode-app/usr/share/vscodium/resources/app/out/vs/workbench/workbench.desktop.main.js:29:2956)
    at x._deliverQueue (vscode-file://vscode-app/usr/share/vscodium/resources/app/out/vs/workbench/workbench.desktop.main.js:29:3047)
    at x.fire (vscode-file://vscode-app/usr/share/vscodium/resources/app/out/vs/workbench/workbench.desktop.main.js:29:3384)
    at yze.createModel (vscode-file://vscode-app/usr/share/vscodium/resources/app/out/vs/workbench/workbench.desktop.main.js:836:988)
    at Hme.doCreateTextEditorModel (vscode-file://vscode-app/usr/share/vscodium/resources/app/out/vs/workbench/workbench.desktop.main.js:660:13332)
2025-04-12 08:03:21.998 [warning] [File Watcher] Watcher shutdown because watched path got deleted (path: /home/rifle/.cache/hydra/themepatcher/Catppuccin-Latte-Hydra-Project)
2025-04-12 08:03:22.021 [warning] [File Watcher (node.js)] Watcher shutdown because watched path got deleted
2025-04-12 08:13:03.529 [error] Illegal value for lineNumber: Error: Illegal value for lineNumber
    at Sg.getLineMaxColumn (vscode-file://vscode-app/usr/share/vscodium/resources/app/out/vs/workbench/workbench.desktop.main.js:253:144)
    at vscode-file://vscode-app/usr/share/vscodium/resources/app/out/vs/workbench/workbench.desktop.main.js:2001:13639
    at HI._computeFn (vscode-file://vscode-app/usr/share/vscodium/resources/app/out/vs/workbench/workbench.desktop.main.js:31:26325)
    at HI._recompute (vscode-file://vscode-app/usr/share/vscodium/resources/app/out/vs/workbench/workbench.desktop.main.js:31:28296)
    at HI.get (vscode-file://vscode-app/usr/share/vscodium/resources/app/out/vs/workbench/workbench.desktop.main.js:31:27919)
    at HI.reportChanges (vscode-file://vscode-app/usr/share/vscodium/resources/app/out/vs/workbench/workbench.desktop.main.js:31:17032)
    at nse.endUpdate (vscode-file://vscode-app/usr/share/vscodium/resources/app/out/vs/workbench/workbench.desktop.main.js:31:24811)
    at HI.endUpdate (vscode-file://vscode-app/usr/share/vscodium/resources/app/out/vs/workbench/workbench.desktop.main.js:31:29207)
    at UW.finish (vscode-file://vscode-app/usr/share/vscodium/resources/app/out/vs/workbench/workbench.desktop.main.js:31:19015)
    at Hi (vscode-file://vscode-app/usr/share/vscodium/resources/app/out/vs/workbench/workbench.desktop.main.js:31:18372)
