2025-04-12 11:42:16.713 [info] Reading sessions from keychain...
2025-04-12 11:42:16.713 [info] Getting sessions for all scopes...
2025-04-12 11:42:16.713 [info] Getting sessions for all scopes...
2025-04-12 11:42:16.713 [info] Got 0 sessions for ...
2025-04-12 11:42:16.713 [info] Got 0 sessions for ...
2025-04-12 11:42:16.713 [info] Getting sessions for read:user,repo,user:email,workflow...
2025-04-12 11:42:16.713 [info] Got 0 sessions for read:user,repo,user:email,workflow...
2025-04-12 11:42:16.777 [info] Getting sessions for read:user,repo,user:email,workflow...
2025-04-12 11:42:16.777 [info] Got 0 sessions for read:user,repo,user:email,workflow...
2025-04-12 11:42:18.650 [info] Getting sessions for all scopes...
2025-04-12 11:42:18.650 [info] Got 0 sessions for ...
2025-04-12 11:42:18.706 [info] Getting sessions for all scopes...
2025-04-12 11:42:18.706 [info] Got 0 sessions for ...
2025-04-12 11:50:01.636 [info] Getting sessions for read:user,repo,user:email,workflow...
2025-04-12 11:50:01.636 [info] Got 0 sessions for read:user,repo,user:email,workflow...
2025-04-12 11:50:01.692 [info] Getting sessions for read:user,repo,user:email,workflow...
2025-04-12 11:50:01.692 [info] Got 0 sessions for read:user,repo,user:email,workflow...
2025-04-12 11:50:01.728 [info] Getting sessions for read:user,repo,user:email,workflow...
2025-04-12 11:50:01.728 [info] Got 0 sessions for read:user,repo,user:email,workflow...
2025-04-12 11:50:01.815 [info] Getting sessions for read:user,repo,user:email,workflow...
2025-04-12 11:50:01.815 [info] Got 0 sessions for read:user,repo,user:email,workflow...
2025-04-12 11:50:01.884 [info] Getting sessions for read:user,repo,user:email,workflow...
2025-04-12 11:50:01.884 [info] Got 0 sessions for read:user,repo,user:email,workflow...
2025-04-12 11:50:01.926 [info] Getting sessions for read:user,repo,user:email,workflow...
2025-04-12 11:50:01.926 [info] Got 0 sessions for read:user,repo,user:email,workflow...
2025-04-12 11:50:02.012 [info] Getting sessions for read:user,repo,user:email,workflow...
2025-04-12 11:50:02.012 [info] Got 0 sessions for read:user,repo,user:email,workflow...
2025-04-12 11:50:02.090 [info] Getting sessions for read:user,repo,user:email,workflow...
2025-04-12 11:50:02.090 [info] Got 0 sessions for read:user,repo,user:email,workflow...
2025-04-12 11:50:02.161 [info] Getting sessions for read:user,repo,user:email,workflow...
2025-04-12 11:50:02.161 [info] Got 0 sessions for read:user,repo,user:email,workflow...
2025-04-12 11:50:02.262 [info] Getting sessions for read:user,repo,user:email,workflow...
2025-04-12 11:50:02.262 [info] Got 0 sessions for read:user,repo,user:email,workflow...
2025-04-12 11:50:02.344 [info] Getting sessions for read:user,repo,user:email,workflow...
2025-04-12 11:50:02.344 [info] Got 0 sessions for read:user,repo,user:email,workflow...
2025-04-12 11:50:02.430 [info] Getting sessions for read:user,repo,user:email,workflow...
2025-04-12 11:50:02.430 [info] Got 0 sessions for read:user,repo,user:email,workflow...
2025-04-12 11:50:02.518 [info] Getting sessions for read:user,repo,user:email,workflow...
2025-04-12 11:50:02.518 [info] Got 0 sessions for read:user,repo,user:email,workflow...
2025-04-12 11:50:02.598 [info] Getting sessions for read:user,repo,user:email,workflow...
2025-04-12 11:50:02.598 [info] Got 0 sessions for read:user,repo,user:email,workflow...
2025-04-12 11:50:02.739 [info] Getting sessions for read:user,repo,user:email,workflow...
2025-04-12 11:50:02.739 [info] Got 0 sessions for read:user,repo,user:email,workflow...
2025-04-12 11:50:02.795 [info] Getting sessions for read:user,repo,user:email,workflow...
2025-04-12 11:50:02.795 [info] Got 0 sessions for read:user,repo,user:email,workflow...
2025-04-12 11:50:02.872 [info] Getting sessions for read:user,repo,user:email,workflow...
2025-04-12 11:50:02.872 [info] Got 0 sessions for read:user,repo,user:email,workflow...
2025-04-12 11:50:02.928 [info] Getting sessions for read:user,repo,user:email,workflow...
2025-04-12 11:50:02.928 [info] Got 0 sessions for read:user,repo,user:email,workflow...
2025-04-12 11:50:03.000 [info] Getting sessions for read:user,repo,user:email,workflow...
2025-04-12 11:50:03.000 [info] Got 0 sessions for read:user,repo,user:email,workflow...
