2025-04-23 03:00:11.913 [info] Extension host with pid 153208 started
2025-04-23 03:00:11.914 [info] Skipping acquiring lock for /home/rifle/.config/Code - OSS/User/workspaceStorage/911d93a4c755317f98242e68be1e83bd.
2025-04-23 03:00:11.941 [info] ExtensionService#_doActivateExtension vscode.emmet, startup: false, activationEvent: 'onLanguage'
2025-04-23 03:00:11.970 [info] ExtensionService#_doActivateExtension vscode.git-base, startup: true, activationEvent: '*', root cause: vscode.git
2025-04-23 03:00:11.977 [info] ExtensionService#_doActivateExtension vscode.git, startup: true, activationEvent: '*'
2025-04-23 03:00:12.002 [info] ExtensionService#_doActivateExtension vscode.github, startup: true, activationEvent: '*'
2025-04-23 03:00:12.013 [info] ExtensionService#_doActivateExtension vscode.configuration-editing, startup: false, activationEvent: 'onLanguage:jsonc'
2025-04-23 03:00:12.017 [info] ExtensionService#_doActivateExtension vscode.json-language-features, startup: false, activationEvent: 'onLanguage:jsonc'
2025-04-23 03:00:12.045 [info] ExtensionService#_doActivateExtension vscode.typescript-language-features, startup: false, activationEvent: 'onLanguage:jsonc'
2025-04-23 03:00:12.089 [info] Eager extensions activated
2025-04-23 03:00:12.096 [info] ExtensionService#_doActivateExtension vscode.debug-auto-launch, startup: false, activationEvent: 'onStartupFinished'
2025-04-23 03:00:12.097 [info] ExtensionService#_doActivateExtension vscode.merge-conflict, startup: false, activationEvent: 'onStartupFinished'
2025-04-23 03:00:12.106 [info] ExtensionService#_doActivateExtension Supermaven.supermaven, startup: false, activationEvent: 'onStartupFinished'
2025-04-23 03:00:12.279 [info] ExtensionService#_doActivateExtension vscode.github-authentication, startup: false, activationEvent: 'onAuthenticationRequest:github'
2025-04-23 03:00:12.345 [warning] [Decorations] CAPPING events from decorations provider vscode.git 323
2025-04-23 03:00:12.426 [warning] [Decorations] CAPPING events from decorations provider vscode.git 323
2025-04-23 03:02:01.762 [warning] [Decorations] CAPPING events from decorations provider vscode.git 361
2025-04-23 03:02:06.858 [warning] [Decorations] CAPPING events from decorations provider vscode.git 361
2025-04-23 03:02:11.964 [warning] [Decorations] CAPPING events from decorations provider vscode.git 361
2025-04-23 03:02:17.071 [warning] [Decorations] CAPPING events from decorations provider vscode.git 361
2025-04-23 03:02:22.172 [warning] [Decorations] CAPPING events from decorations provider vscode.git 361
2025-04-23 03:02:27.276 [warning] [Decorations] CAPPING events from decorations provider vscode.git 362
2025-04-23 03:02:32.375 [warning] [Decorations] CAPPING events from decorations provider vscode.git 362
2025-04-23 03:02:37.474 [warning] [Decorations] CAPPING events from decorations provider vscode.git 362
2025-04-23 03:02:42.564 [warning] [Decorations] CAPPING events from decorations provider vscode.git 362
2025-04-23 03:02:47.646 [warning] [Decorations] CAPPING events from decorations provider vscode.git 362
2025-04-23 03:02:52.752 [warning] [Decorations] CAPPING events from decorations provider vscode.git 362
2025-04-23 03:02:57.843 [warning] [Decorations] CAPPING events from decorations provider vscode.git 362
2025-04-23 03:03:02.952 [warning] [Decorations] CAPPING events from decorations provider vscode.git 362
2025-04-23 03:03:08.063 [warning] [Decorations] CAPPING events from decorations provider vscode.git 362
2025-04-23 03:03:13.146 [warning] [Decorations] CAPPING events from decorations provider vscode.git 362
2025-04-23 03:03:18.252 [warning] [Decorations] CAPPING events from decorations provider vscode.git 362
2025-04-23 03:03:23.339 [warning] [Decorations] CAPPING events from decorations provider vscode.git 362
2025-04-23 03:03:28.440 [warning] [Decorations] CAPPING events from decorations provider vscode.git 362
2025-04-23 03:03:33.530 [warning] [Decorations] CAPPING events from decorations provider vscode.git 362
2025-04-23 03:03:38.627 [warning] [Decorations] CAPPING events from decorations provider vscode.git 362
2025-04-23 03:04:35.321 [warning] [Decorations] CAPPING events from decorations provider vscode.git 362
2025-04-23 03:04:40.422 [warning] [Decorations] CAPPING events from decorations provider vscode.git 362
2025-04-23 03:04:45.533 [warning] [Decorations] CAPPING events from decorations provider vscode.git 362
2025-04-23 03:04:50.623 [warning] [Decorations] CAPPING events from decorations provider vscode.git 362
2025-04-23 03:04:55.726 [warning] [Decorations] CAPPING events from decorations provider vscode.git 362
2025-04-23 03:05:00.820 [warning] [Decorations] CAPPING events from decorations provider vscode.git 362
2025-04-23 03:05:05.928 [warning] [Decorations] CAPPING events from decorations provider vscode.git 362
2025-04-23 03:05:11.009 [warning] [Decorations] CAPPING events from decorations provider vscode.git 362
2025-04-23 03:05:16.117 [warning] [Decorations] CAPPING events from decorations provider vscode.git 362
2025-04-23 03:05:21.212 [warning] [Decorations] CAPPING events from decorations provider vscode.git 362
2025-04-23 03:05:26.298 [warning] [Decorations] CAPPING events from decorations provider vscode.git 362
2025-04-23 03:05:31.391 [warning] [Decorations] CAPPING events from decorations provider vscode.git 362
2025-04-23 03:05:36.495 [warning] [Decorations] CAPPING events from decorations provider vscode.git 362
2025-04-23 03:05:41.585 [warning] [Decorations] CAPPING events from decorations provider vscode.git 362
2025-04-23 03:05:46.677 [warning] [Decorations] CAPPING events from decorations provider vscode.git 362
2025-04-23 03:05:51.781 [warning] [Decorations] CAPPING events from decorations provider vscode.git 362
2025-04-23 03:05:59.813 [warning] [Decorations] CAPPING events from decorations provider vscode.git 362
2025-04-23 03:06:04.902 [warning] [Decorations] CAPPING events from decorations provider vscode.git 364
2025-04-23 03:54:12.194 [warning] [Decorations] CAPPING events from decorations provider vscode.git 363
2025-04-23 10:38:07.728 [info] Extension host terminating: renderer closed the MessagePort
2025-04-23 10:38:07.737 [error] Canceled: Canceled
	at new HR (file:///usr/lib/code/out/vs/workbench/api/node/extensionHostProcess.js:29:111362)
	at i4.U (file:///usr/lib/code/out/vs/workbench/api/node/extensionHostProcess.js:29:115973)
	at s.<computed>.n.charCodeAt.s.<computed> (file:///usr/lib/code/out/vs/workbench/api/node/extensionHostProcess.js:29:113467)
	at vw.g (file:///usr/lib/code/out/vs/workbench/api/node/extensionHostProcess.js:111:40983)
	at vw.executeCommand (file:///usr/lib/code/out/vs/workbench/api/node/extensionHostProcess.js:111:40487)
	at r.registerCommand.description (file:///usr/lib/code/out/vs/workbench/api/node/extensionHostProcess.js:111:39817)
	at vw.h (file:///usr/lib/code/out/vs/workbench/api/node/extensionHostProcess.js:111:41503)
	at vw.g (file:///usr/lib/code/out/vs/workbench/api/node/extensionHostProcess.js:111:40580)
	at vw.executeCommand (file:///usr/lib/code/out/vs/workbench/api/node/extensionHostProcess.js:111:40487)
	at Object.executeCommand (file:///usr/lib/code/out/vs/workbench/api/node/extensionHostProcess.js:173:30346)
	at Ah.L [as value] (/usr/lib/code/extensions/git/dist/main.js:2:511809)
	at D.B (file:///usr/lib/code/out/vs/workbench/api/node/extensionHostProcess.js:27:2375)
	at D.C (file:///usr/lib/code/out/vs/workbench/api/node/extensionHostProcess.js:27:2445)
	at D.fire (file:///usr/lib/code/out/vs/workbench/api/node/extensionHostProcess.js:27:2662)
	at Object.g [as dispose] (/usr/lib/code/extensions/git/dist/main.js:2:534449)
	at /usr/lib/code/extensions/git/dist/main.js:2:540767
	at Array.forEach (<anonymous>)
	at b.dispose (/usr/lib/code/extensions/git/dist/main.js:2:540753)
	at iv.<anonymous> (file:///usr/lib/code/out/vs/workbench/api/node/extensionHostProcess.js:107:8922)
	at iv.dispose (file:///usr/lib/code/out/vs/workbench/api/node/extensionHostProcess.js:107:9018)
	at iv.<anonymous> (/usr/lib/code/extensions/git/dist/main.js:2:514293)
	at iv.dispose (file:///usr/lib/code/out/vs/workbench/api/node/extensionHostProcess.js:107:9018)
	at pi (file:///usr/lib/code/out/vs/workbench/api/node/extensionHostProcess.js:25:701)
	at file:///usr/lib/code/out/vs/workbench/api/node/extensionHostProcess.js:115:14994
	at file:///usr/lib/code/out/vs/workbench/api/node/extensionHostProcess.js:25:1011
	at Object.dispose (file:///usr/lib/code/out/vs/workbench/api/node/extensionHostProcess.js:8:705)
	at vV.eb (file:///usr/lib/code/out/vs/workbench/api/node/extensionHostProcess.js:115:11921)
	at file:///usr/lib/code/out/vs/workbench/api/node/extensionHostProcess.js:115:9876
	at Array.map (<anonymous>)
	at vV.$ (file:///usr/lib/code/out/vs/workbench/api/node/extensionHostProcess.js:115:9864)
	at vV.terminate (file:///usr/lib/code/out/vs/workbench/api/node/extensionHostProcess.js:115:10107)
	at oD.terminate (file:///usr/lib/code/out/vs/workbench/api/node/extensionHostProcess.js:116:1434)
	at es (file:///usr/lib/code/out/vs/workbench/api/node/extensionHostProcess.js:197:5701)
	at MessagePortMain.<anonymous> (file:///usr/lib/code/out/vs/workbench/api/node/extensionHostProcess.js:197:2249)
	at MessagePortMain.emit (node:events:524:28)
	at MessagePortMain._internalPort.emit (node:electron/js2c/utility_init:2:2949) setContext undefined
2025-04-23 10:38:07.737 [error] Canceled: Canceled
	at new HR (file:///usr/lib/code/out/vs/workbench/api/node/extensionHostProcess.js:29:111362)
	at i4.U (file:///usr/lib/code/out/vs/workbench/api/node/extensionHostProcess.js:29:115973)
	at s.<computed>.n.charCodeAt.s.<computed> (file:///usr/lib/code/out/vs/workbench/api/node/extensionHostProcess.js:29:113467)
	at vw.g (file:///usr/lib/code/out/vs/workbench/api/node/extensionHostProcess.js:111:40983)
	at vw.executeCommand (file:///usr/lib/code/out/vs/workbench/api/node/extensionHostProcess.js:111:40487)
	at r.registerCommand.description (file:///usr/lib/code/out/vs/workbench/api/node/extensionHostProcess.js:111:39817)
	at vw.h (file:///usr/lib/code/out/vs/workbench/api/node/extensionHostProcess.js:111:41503)
	at vw.g (file:///usr/lib/code/out/vs/workbench/api/node/extensionHostProcess.js:111:40580)
	at vw.executeCommand (file:///usr/lib/code/out/vs/workbench/api/node/extensionHostProcess.js:111:40487)
	at Object.executeCommand (file:///usr/lib/code/out/vs/workbench/api/node/extensionHostProcess.js:173:30346)
	at Ah.L [as value] (/usr/lib/code/extensions/git/dist/main.js:2:511809)
	at D.B (file:///usr/lib/code/out/vs/workbench/api/node/extensionHostProcess.js:27:2375)
	at D.C (file:///usr/lib/code/out/vs/workbench/api/node/extensionHostProcess.js:27:2445)
	at D.fire (file:///usr/lib/code/out/vs/workbench/api/node/extensionHostProcess.js:27:2662)
	at Object.g [as dispose] (/usr/lib/code/extensions/git/dist/main.js:2:534449)
	at /usr/lib/code/extensions/git/dist/main.js:2:540767
	at Array.forEach (<anonymous>)
	at b.dispose (/usr/lib/code/extensions/git/dist/main.js:2:540753)
	at iv.<anonymous> (file:///usr/lib/code/out/vs/workbench/api/node/extensionHostProcess.js:107:8922)
	at iv.dispose (file:///usr/lib/code/out/vs/workbench/api/node/extensionHostProcess.js:107:9018)
	at iv.<anonymous> (/usr/lib/code/extensions/git/dist/main.js:2:514293)
	at iv.dispose (file:///usr/lib/code/out/vs/workbench/api/node/extensionHostProcess.js:107:9018)
	at pi (file:///usr/lib/code/out/vs/workbench/api/node/extensionHostProcess.js:25:701)
	at file:///usr/lib/code/out/vs/workbench/api/node/extensionHostProcess.js:115:14994
	at file:///usr/lib/code/out/vs/workbench/api/node/extensionHostProcess.js:25:1011
	at Object.dispose (file:///usr/lib/code/out/vs/workbench/api/node/extensionHostProcess.js:8:705)
	at vV.eb (file:///usr/lib/code/out/vs/workbench/api/node/extensionHostProcess.js:115:11921)
	at file:///usr/lib/code/out/vs/workbench/api/node/extensionHostProcess.js:115:9876
	at Array.map (<anonymous>)
	at vV.$ (file:///usr/lib/code/out/vs/workbench/api/node/extensionHostProcess.js:115:9864)
	at vV.terminate (file:///usr/lib/code/out/vs/workbench/api/node/extensionHostProcess.js:115:10107)
	at oD.terminate (file:///usr/lib/code/out/vs/workbench/api/node/extensionHostProcess.js:116:1434)
	at es (file:///usr/lib/code/out/vs/workbench/api/node/extensionHostProcess.js:197:5701)
	at MessagePortMain.<anonymous> (file:///usr/lib/code/out/vs/workbench/api/node/extensionHostProcess.js:197:2249)
	at MessagePortMain.emit (node:events:524:28)
	at MessagePortMain._internalPort.emit (node:electron/js2c/utility_init:2:2949) setContext undefined
2025-04-23 10:38:07.737 [error] Canceled: Canceled
	at new HR (file:///usr/lib/code/out/vs/workbench/api/node/extensionHostProcess.js:29:111362)
	at i4.U (file:///usr/lib/code/out/vs/workbench/api/node/extensionHostProcess.js:29:115973)
	at s.<computed>.n.charCodeAt.s.<computed> (file:///usr/lib/code/out/vs/workbench/api/node/extensionHostProcess.js:29:113467)
	at vw.g (file:///usr/lib/code/out/vs/workbench/api/node/extensionHostProcess.js:111:40983)
	at vw.executeCommand (file:///usr/lib/code/out/vs/workbench/api/node/extensionHostProcess.js:111:40487)
	at r.registerCommand.description (file:///usr/lib/code/out/vs/workbench/api/node/extensionHostProcess.js:111:39817)
	at vw.h (file:///usr/lib/code/out/vs/workbench/api/node/extensionHostProcess.js:111:41503)
	at vw.g (file:///usr/lib/code/out/vs/workbench/api/node/extensionHostProcess.js:111:40580)
	at vw.executeCommand (file:///usr/lib/code/out/vs/workbench/api/node/extensionHostProcess.js:111:40487)
	at Object.executeCommand (file:///usr/lib/code/out/vs/workbench/api/node/extensionHostProcess.js:173:30346)
	at Ah.L [as value] (/usr/lib/code/extensions/git/dist/main.js:2:511809)
	at D.B (file:///usr/lib/code/out/vs/workbench/api/node/extensionHostProcess.js:27:2375)
	at D.C (file:///usr/lib/code/out/vs/workbench/api/node/extensionHostProcess.js:27:2445)
	at D.fire (file:///usr/lib/code/out/vs/workbench/api/node/extensionHostProcess.js:27:2662)
	at Object.g [as dispose] (/usr/lib/code/extensions/git/dist/main.js:2:534449)
	at /usr/lib/code/extensions/git/dist/main.js:2:540767
	at Array.forEach (<anonymous>)
	at b.dispose (/usr/lib/code/extensions/git/dist/main.js:2:540753)
	at iv.<anonymous> (file:///usr/lib/code/out/vs/workbench/api/node/extensionHostProcess.js:107:8922)
	at iv.dispose (file:///usr/lib/code/out/vs/workbench/api/node/extensionHostProcess.js:107:9018)
	at iv.<anonymous> (/usr/lib/code/extensions/git/dist/main.js:2:514293)
	at iv.dispose (file:///usr/lib/code/out/vs/workbench/api/node/extensionHostProcess.js:107:9018)
	at pi (file:///usr/lib/code/out/vs/workbench/api/node/extensionHostProcess.js:25:701)
	at file:///usr/lib/code/out/vs/workbench/api/node/extensionHostProcess.js:115:14994
	at file:///usr/lib/code/out/vs/workbench/api/node/extensionHostProcess.js:25:1011
	at Object.dispose (file:///usr/lib/code/out/vs/workbench/api/node/extensionHostProcess.js:8:705)
	at vV.eb (file:///usr/lib/code/out/vs/workbench/api/node/extensionHostProcess.js:115:11921)
	at file:///usr/lib/code/out/vs/workbench/api/node/extensionHostProcess.js:115:9876
	at Array.map (<anonymous>)
	at vV.$ (file:///usr/lib/code/out/vs/workbench/api/node/extensionHostProcess.js:115:9864)
	at vV.terminate (file:///usr/lib/code/out/vs/workbench/api/node/extensionHostProcess.js:115:10107)
	at oD.terminate (file:///usr/lib/code/out/vs/workbench/api/node/extensionHostProcess.js:116:1434)
	at es (file:///usr/lib/code/out/vs/workbench/api/node/extensionHostProcess.js:197:5701)
	at MessagePortMain.<anonymous> (file:///usr/lib/code/out/vs/workbench/api/node/extensionHostProcess.js:197:2249)
	at MessagePortMain.emit (node:events:524:28)
	at MessagePortMain._internalPort.emit (node:electron/js2c/utility_init:2:2949) setContext undefined
2025-04-23 10:38:07.737 [error] Canceled: Canceled
	at new HR (file:///usr/lib/code/out/vs/workbench/api/node/extensionHostProcess.js:29:111362)
	at i4.U (file:///usr/lib/code/out/vs/workbench/api/node/extensionHostProcess.js:29:115973)
	at s.<computed>.n.charCodeAt.s.<computed> (file:///usr/lib/code/out/vs/workbench/api/node/extensionHostProcess.js:29:113467)
	at vw.g (file:///usr/lib/code/out/vs/workbench/api/node/extensionHostProcess.js:111:40983)
	at vw.executeCommand (file:///usr/lib/code/out/vs/workbench/api/node/extensionHostProcess.js:111:40487)
	at r.registerCommand.description (file:///usr/lib/code/out/vs/workbench/api/node/extensionHostProcess.js:111:39817)
	at vw.h (file:///usr/lib/code/out/vs/workbench/api/node/extensionHostProcess.js:111:41503)
	at vw.g (file:///usr/lib/code/out/vs/workbench/api/node/extensionHostProcess.js:111:40580)
	at vw.executeCommand (file:///usr/lib/code/out/vs/workbench/api/node/extensionHostProcess.js:111:40487)
	at Object.executeCommand (file:///usr/lib/code/out/vs/workbench/api/node/extensionHostProcess.js:173:30346)
	at set hasGitHubRepositories (/usr/lib/code/extensions/github/dist/extension.js:2:217805)
	at /usr/lib/code/extensions/github/dist/extension.js:2:218764
	at Ah.value (/usr/lib/code/extensions/git/dist/main.js:2:631688)
	at D.B (file:///usr/lib/code/out/vs/workbench/api/node/extensionHostProcess.js:27:2375)
	at D.C (file:///usr/lib/code/out/vs/workbench/api/node/extensionHostProcess.js:27:2445)
	at D.fire (file:///usr/lib/code/out/vs/workbench/api/node/extensionHostProcess.js:27:2662)
	at Object.g [as dispose] (/usr/lib/code/extensions/git/dist/main.js:2:534449)
	at /usr/lib/code/extensions/git/dist/main.js:2:540767
	at Array.forEach (<anonymous>)
	at b.dispose (/usr/lib/code/extensions/git/dist/main.js:2:540753)
	at iv.<anonymous> (file:///usr/lib/code/out/vs/workbench/api/node/extensionHostProcess.js:107:8922)
	at iv.dispose (file:///usr/lib/code/out/vs/workbench/api/node/extensionHostProcess.js:107:9018)
	at iv.<anonymous> (/usr/lib/code/extensions/git/dist/main.js:2:514293)
	at iv.dispose (file:///usr/lib/code/out/vs/workbench/api/node/extensionHostProcess.js:107:9018)
	at pi (file:///usr/lib/code/out/vs/workbench/api/node/extensionHostProcess.js:25:701)
	at file:///usr/lib/code/out/vs/workbench/api/node/extensionHostProcess.js:115:14994
	at file:///usr/lib/code/out/vs/workbench/api/node/extensionHostProcess.js:25:1011
	at Object.dispose (file:///usr/lib/code/out/vs/workbench/api/node/extensionHostProcess.js:8:705)
	at vV.eb (file:///usr/lib/code/out/vs/workbench/api/node/extensionHostProcess.js:115:11921)
	at file:///usr/lib/code/out/vs/workbench/api/node/extensionHostProcess.js:115:9876
	at Array.map (<anonymous>)
	at vV.$ (file:///usr/lib/code/out/vs/workbench/api/node/extensionHostProcess.js:115:9864)
	at vV.terminate (file:///usr/lib/code/out/vs/workbench/api/node/extensionHostProcess.js:115:10107)
	at oD.terminate (file:///usr/lib/code/out/vs/workbench/api/node/extensionHostProcess.js:116:1434)
	at es (file:///usr/lib/code/out/vs/workbench/api/node/extensionHostProcess.js:197:5701)
	at MessagePortMain.<anonymous> (file:///usr/lib/code/out/vs/workbench/api/node/extensionHostProcess.js:197:2249)
	at MessagePortMain.emit (node:events:524:28)
	at MessagePortMain._internalPort.emit (node:electron/js2c/utility_init:2:2949) setContext undefined
2025-04-23 10:38:07.738 [info] Extension host with pid 153208 exiting with code 0
