2025-04-12 20:41:08.563 [info] [main] Log level: Info
2025-04-12 20:41:08.563 [info] [main] Validating found git in: "git"
2025-04-12 20:41:08.563 [info] [main] Using git "2.49.0" from "git"
2025-04-12 20:41:08.563 [info] [Model][doInitialScan] Initial repository scan started
2025-04-12 20:41:08.563 [info] > git rev-parse --show-toplevel [2ms]
2025-04-12 20:41:08.563 [info] fatal: not a git repository (or any of the parent directories): .git
2025-04-12 20:41:08.563 [info] > git rev-parse --show-toplevel [10ms]
2025-04-12 20:41:08.563 [info] fatal: not a git repository (or any of the parent directories): .git
2025-04-12 20:41:08.564 [info] > git rev-parse --show-toplevel [3ms]
2025-04-12 20:41:08.564 [info] fatal: not a git repository (or any of the parent directories): .git
2025-04-12 20:41:08.576 [info] > git rev-parse --show-toplevel [5ms]
2025-04-12 20:41:08.576 [info] fatal: not a git repository (or any of the parent directories): .git
2025-04-12 20:41:08.581 [info] > git rev-parse --show-toplevel [0ms]
2025-04-12 20:41:08.581 [info] fatal: not a git repository (or any of the parent directories): .git
2025-04-12 20:41:08.584 [info] > git rev-parse --show-toplevel [1ms]
2025-04-12 20:41:08.584 [info] fatal: not a git repository (or any of the parent directories): .git
2025-04-12 20:41:08.586 [info] > git rev-parse --show-toplevel [0ms]
2025-04-12 20:41:08.586 [info] fatal: not a git repository (or any of the parent directories): .git
2025-04-12 20:41:08.589 [info] > git rev-parse --show-toplevel [1ms]
2025-04-12 20:41:08.589 [info] fatal: not a git repository (or any of the parent directories): .git
2025-04-12 20:41:08.591 [info] > git rev-parse --show-toplevel [1ms]
2025-04-12 20:41:08.591 [info] fatal: not a git repository (or any of the parent directories): .git
2025-04-12 20:41:08.593 [info] > git rev-parse --show-toplevel [1ms]
2025-04-12 20:41:08.593 [info] fatal: not a git repository (or any of the parent directories): .git
2025-04-12 20:41:08.595 [info] > git rev-parse --show-toplevel [0ms]
2025-04-12 20:41:08.595 [info] fatal: not a git repository (or any of the parent directories): .git
2025-04-12 20:41:08.598 [info] > git rev-parse --show-toplevel [1ms]
2025-04-12 20:41:08.598 [info] fatal: not a git repository (or any of the parent directories): .git
2025-04-12 20:41:08.600 [info] > git rev-parse --show-toplevel [1ms]
2025-04-12 20:41:08.600 [info] fatal: not a git repository (or any of the parent directories): .git
2025-04-12 20:41:08.602 [info] > git rev-parse --show-toplevel [0ms]
2025-04-12 20:41:08.602 [info] fatal: not a git repository (or any of the parent directories): .git
2025-04-12 20:41:08.604 [info] > git rev-parse --show-toplevel [0ms]
2025-04-12 20:41:08.604 [info] fatal: not a git repository (or any of the parent directories): .git
2025-04-12 20:41:08.607 [info] > git rev-parse --show-toplevel [1ms]
2025-04-12 20:41:08.607 [info] fatal: not a git repository (or any of the parent directories): .git
2025-04-12 20:41:08.609 [info] > git rev-parse --show-toplevel [1ms]
2025-04-12 20:41:08.609 [info] fatal: not a git repository (or any of the parent directories): .git
2025-04-12 20:41:08.611 [info] > git rev-parse --show-toplevel [0ms]
2025-04-12 20:41:08.611 [info] fatal: not a git repository (or any of the parent directories): .git
2025-04-12 20:41:08.613 [info] > git rev-parse --show-toplevel [0ms]
2025-04-12 20:41:08.613 [info] fatal: not a git repository (or any of the parent directories): .git
2025-04-12 20:41:08.616 [info] > git rev-parse --show-toplevel [1ms]
2025-04-12 20:41:08.616 [info] fatal: not a git repository (or any of the parent directories): .git
2025-04-12 20:41:08.618 [info] > git rev-parse --show-toplevel [0ms]
2025-04-12 20:41:08.618 [info] fatal: not a git repository (or any of the parent directories): .git
2025-04-12 20:41:08.620 [info] > git rev-parse --show-toplevel [0ms]
2025-04-12 20:41:08.620 [info] fatal: not a git repository (or any of the parent directories): .git
2025-04-12 20:41:08.623 [info] > git rev-parse --show-toplevel [1ms]
2025-04-12 20:41:08.623 [info] fatal: not a git repository (or any of the parent directories): .git
2025-04-12 20:41:08.625 [info] > git rev-parse --show-toplevel [1ms]
2025-04-12 20:41:08.625 [info] fatal: not a git repository (or any of the parent directories): .git
2025-04-12 20:41:08.627 [info] > git rev-parse --show-toplevel [1ms]
2025-04-12 20:41:08.627 [info] fatal: not a git repository (or any of the parent directories): .git
2025-04-12 20:41:08.629 [info] > git rev-parse --show-toplevel [0ms]
2025-04-12 20:41:08.629 [info] fatal: not a git repository (or any of the parent directories): .git
2025-04-12 20:41:08.632 [info] > git rev-parse --show-toplevel [0ms]
2025-04-12 20:41:08.632 [info] fatal: not a git repository (or any of the parent directories): .git
2025-04-12 20:41:08.634 [info] > git rev-parse --show-toplevel [1ms]
2025-04-12 20:41:08.636 [info] > git rev-parse --git-dir --git-common-dir [0ms]
2025-04-12 20:41:08.641 [info] [Model][openRepository] Opened repository: /home/rifle/HyDE
2025-04-12 20:41:08.646 [info] > git rev-parse --show-toplevel [1ms]
2025-04-12 20:41:08.646 [info] fatal: not a git repository (or any of the parent directories): .git
2025-04-12 20:41:08.646 [info] > git config --get commit.template [3ms]
2025-04-12 20:41:08.651 [info] > git rev-parse --show-toplevel [2ms]
2025-04-12 20:41:08.651 [info] fatal: not a git repository (or any of the parent directories): .git
2025-04-12 20:41:08.657 [info] > git rev-parse --show-toplevel [4ms]
2025-04-12 20:41:08.657 [info] fatal: not a git repository (or any of the parent directories): .git
2025-04-12 20:41:08.657 [info] > git for-each-ref --format=%(refname)%00%(upstream:short)%00%(objectname)%00%(upstream:track)%00%(upstream:remotename)%00%(upstream:remoteref) refs/heads/master refs/remotes/master [6ms]
2025-04-12 20:41:08.661 [warning] [Git][revParse] Unable to read file: ENOENT: no such file or directory, open '/home/rifle/HyDE/.git/refs/remotes/origin/master'
2025-04-12 20:41:08.663 [info] > git rev-parse refs/remotes/origin/master [2ms]
2025-04-12 20:41:08.667 [info] > git rev-parse --show-toplevel [7ms]
2025-04-12 20:41:08.667 [info] fatal: not a git repository (or any of the parent directories): .git
2025-04-12 20:41:08.670 [info] > git for-each-ref --sort -committerdate --format %(refname)%00%(objectname)%00%(*objectname) [3ms]
2025-04-12 20:41:08.670 [info] > git rev-parse --show-toplevel [1ms]
2025-04-12 20:41:08.670 [info] fatal: not a git repository (or any of the parent directories): .git
2025-04-12 20:41:08.673 [info] > git rev-parse --show-toplevel [1ms]
2025-04-12 20:41:08.675 [info] > git rev-parse --git-dir --git-common-dir [0ms]
2025-04-12 20:41:08.677 [info] [Model][openRepository] Opened repository: /home/rifle/bema-next
2025-04-12 20:41:08.682 [info] > git rev-parse --show-toplevel [2ms]
2025-04-12 20:41:08.682 [info] > git config --get commit.template [3ms]
2025-04-12 20:41:08.687 [info] > git rev-parse --git-dir --git-common-dir [2ms]
2025-04-12 20:41:08.688 [info] [Model][openRepository] Opened repository: /home/rifle/mpvpaper
2025-04-12 20:41:08.688 [info] [Model][doInitialScan] Initial repository scan completed - repositories (3), closed repositories (0), parent repositories (0), unsafe repositories (0)
2025-04-12 20:41:08.690 [info] > git for-each-ref --format=%(refname)%00%(upstream:short)%00%(objectname)%00%(upstream:track)%00%(upstream:remotename)%00%(upstream:remoteref) refs/heads/master refs/remotes/master [4ms]
2025-04-12 20:41:08.692 [warning] [Git][revParse] Unable to read file: ENOENT: no such file or directory, open '/home/rifle/bema-next/.git/refs/remotes/origin/master'
2025-04-12 20:41:08.693 [info] > git config --get commit.template [2ms]
2025-04-12 20:41:08.695 [info] > git rev-parse refs/remotes/origin/master [3ms]
2025-04-12 20:41:08.699 [info] > git for-each-ref --format=%(refname)%00%(upstream:short)%00%(objectname)%00%(upstream:track)%00%(upstream:remotename)%00%(upstream:remoteref) refs/heads/master refs/remotes/master [4ms]
2025-04-12 20:41:08.701 [warning] [Git][revParse] Unable to read file: ENOENT: no such file or directory, open '/home/rifle/mpvpaper/.git/refs/remotes/origin/master'
2025-04-12 20:41:08.701 [info] > git for-each-ref --sort -committerdate --format %(refname)%00%(objectname)%00%(*objectname) [2ms]
2025-04-12 20:41:08.702 [info] > git rev-parse refs/remotes/origin/master [1ms]
2025-04-12 20:41:08.707 [info] > git for-each-ref --sort -committerdate --format %(refname)%00%(objectname)%00%(*objectname) [2ms]
2025-04-12 20:41:08.709 [info] > git status -z -uall [12ms]
2025-04-12 20:41:08.709 [info] > git status -z -uall [6ms]
2025-04-12 20:41:08.720 [info] > git for-each-ref --format=%(refname)%00%(upstream:short)%00%(objectname)%00%(upstream:track)%00%(upstream:remotename)%00%(upstream:remoteref) refs/heads/master refs/remotes/master [3ms]
2025-04-12 20:41:08.727 [info] > git for-each-ref --format=%(refname)%00%(upstream:short)%00%(objectname)%00%(upstream:track)%00%(upstream:remotename)%00%(upstream:remoteref) refs/heads/master refs/remotes/master [2ms]
2025-04-12 20:41:08.729 [info] > git config --get --local branch.master.vscode-merge-base [7ms]
2025-04-12 20:41:08.731 [info] > git config --get commit.template [11ms]
2025-04-12 20:41:08.732 [info] > git for-each-ref --format=%(refname)%00%(upstream:short)%00%(objectname)%00%(upstream:track)%00%(upstream:remotename)%00%(upstream:remoteref) refs/heads/origin/master refs/remotes/origin/master [1ms]
2025-04-12 20:41:08.734 [info] > git config --get --local branch.master.vscode-merge-base [5ms]
2025-04-12 20:41:08.736 [info] > git config --get commit.template [9ms]
2025-04-12 20:41:08.749 [info] > git for-each-ref --format=%(refname)%00%(upstream:short)%00%(objectname)%00%(upstream:track)%00%(upstream:remotename)%00%(upstream:remoteref) refs/heads/origin/master refs/remotes/origin/master [13ms]
2025-04-12 20:41:08.751 [info] > git merge-base refs/heads/master refs/remotes/origin/master [17ms]
2025-04-12 20:41:08.756 [info] > git diff --name-status -z --diff-filter=ADMR ee7541800f930ea32bc3d5364f37cf3838b4a9d3...refs/remotes/origin/master [3ms]
2025-04-12 20:41:08.757 [info] > git merge-base refs/heads/master refs/remotes/origin/master [6ms]
2025-04-12 20:41:08.759 [info] > git for-each-ref --format=%(refname)%00%(upstream:short)%00%(objectname)%00%(upstream:track)%00%(upstream:remotename)%00%(upstream:remoteref) refs/heads/master refs/remotes/master [10ms]
2025-04-12 20:41:08.761 [warning] [Git][revParse] Unable to read file: ENOENT: no such file or directory, open '/home/rifle/mpvpaper/.git/refs/remotes/origin/master'
2025-04-12 20:41:08.761 [info] > git for-each-ref --format=%(refname)%00%(upstream:short)%00%(objectname)%00%(upstream:track)%00%(upstream:remotename)%00%(upstream:remoteref) refs/heads/master refs/remotes/master [5ms]
2025-04-12 20:41:08.763 [warning] [Git][revParse] Unable to read file: ENOENT: no such file or directory, open '/home/rifle/bema-next/.git/refs/remotes/origin/master'
2025-04-12 20:41:08.763 [info] > git rev-parse refs/remotes/origin/master [2ms]
2025-04-12 20:41:08.767 [info] > git diff --name-status -z --diff-filter=ADMR 8a66f8282e06330b6809ffc02b9f8ea34aedb246...refs/remotes/origin/master [8ms]
2025-04-12 20:41:08.767 [info] > git status -z -uall [2ms]
2025-04-12 20:41:08.767 [info] > git rev-parse refs/remotes/origin/master [4ms]
2025-04-12 20:41:08.771 [info] > git status -z -uall [2ms]
2025-04-12 20:41:08.772 [info] > git for-each-ref --sort -committerdate --format %(refname)%00%(objectname)%00%(*objectname) [5ms]
2025-04-12 20:41:08.773 [info] > git for-each-ref --sort -committerdate --format %(refname)%00%(objectname)%00%(*objectname) [2ms]
2025-04-12 20:41:08.890 [info] > git status -z -uall [225ms]
2025-04-12 20:41:08.896 [info] > git for-each-ref --format=%(refname)%00%(upstream:short)%00%(objectname)%00%(upstream:track)%00%(upstream:remotename)%00%(upstream:remoteref) refs/heads/master refs/remotes/master [2ms]
2025-04-12 20:41:08.899 [info] > git config --get commit.template [3ms]
2025-04-12 20:41:08.902 [info] > git for-each-ref --format=%(refname)%00%(upstream:short)%00%(objectname)%00%(upstream:track)%00%(upstream:remotename)%00%(upstream:remoteref) refs/heads/master refs/remotes/master [1ms]
2025-04-12 20:41:08.902 [info] > git config --get --local branch.master.vscode-merge-base [3ms]
2025-04-12 20:41:08.906 [warning] [Git][revParse] Unable to read file: ENOENT: no such file or directory, open '/home/rifle/HyDE/.git/refs/remotes/origin/master'
2025-04-12 20:41:08.906 [info] > git for-each-ref --format=%(refname)%00%(upstream:short)%00%(objectname)%00%(upstream:track)%00%(upstream:remotename)%00%(upstream:remoteref) refs/heads/origin/master refs/remotes/origin/master [2ms]
2025-04-12 20:41:08.908 [info] > git rev-parse refs/remotes/origin/master [2ms]
2025-04-12 20:41:08.912 [info] > git merge-base refs/heads/master refs/remotes/origin/master [4ms]
2025-04-12 20:41:08.914 [info] > git for-each-ref --sort -committerdate --format %(refname)%00%(objectname)%00%(*objectname) [2ms]
2025-04-12 20:41:08.915 [info] > git diff --name-status -z --diff-filter=ADMR c1367cb42ac1941da875441d56523f9eac55869a...refs/remotes/origin/master [1ms]
2025-04-12 20:41:09.066 [info] > git status -z -uall [156ms]
2025-04-12 20:41:10.592 [info] > git rev-parse --show-toplevel [1ms]
2025-04-12 20:41:10.592 [info] fatal: not a git repository (or any of the parent directories): .git
