2025-04-23 11:24:58.221 [info] Started local extension host with pid 325224.
2025-04-23 11:25:00.793 [info] [perf] Render performance baseline is 10ms
2025-04-23 11:25:03.461 [error] [Extension Host] View has not been initialized after retrying for 5 seconds.
2025-04-23 11:26:00.097 [error] [File Watcher] Unexpected error: inotify_add_watch on '/home/rifle/dotfiles/.config/Code - OSS/logs/20250413T085400/window1/exthost/vscode.github' failed: No such file or directory (EUNKNOWN) (path: /home/rifle)
2025-04-23 11:26:00.097 [error] [File Watcher (universal)] inotify_add_watch on '/home/rifle/dotfiles/.config/Code - OSS/logs/20250413T085400/window1/exthost/vscode.github' failed: No such file or directory
2025-04-23 11:45:31.010 [error] [Extension Host] View has not been initialized after retrying for 5 seconds.
2025-04-23 11:45:31.012 [error] [Extension Host] View has not been initialized after retrying for 5 seconds.
2025-04-23 11:45:31.260 [error] [Extension Host] View has not been initialized after retrying for 5 seconds.
2025-04-23 11:45:31.260 [error] [Extension Host] View has not been initialized after retrying for 5 seconds.
2025-04-23 11:45:31.260 [error] [Extension Host] View has not been initialized after retrying for 5 seconds.
2025-04-23 11:45:31.261 [error] [Extension Host] View has not been initialized after retrying for 5 seconds.
2025-04-23 11:45:31.261 [error] [Extension Host] View has not been initialized after retrying for 5 seconds.
2025-04-23 11:45:31.261 [error] [Extension Host] View has not been initialized after retrying for 5 seconds.
2025-04-23 11:45:31.261 [error] [Extension Host] View has not been initialized after retrying for 5 seconds.
2025-04-23 11:45:31.262 [error] [Extension Host] View has not been initialized after retrying for 5 seconds.
2025-04-23 11:45:31.262 [error] [Extension Host] View has not been initialized after retrying for 5 seconds.
2025-04-23 11:45:31.263 [error] [Extension Host] View has not been initialized after retrying for 5 seconds.
2025-04-23 11:45:31.511 [error] [Extension Host] View has not been initialized after retrying for 5 seconds.
2025-04-23 11:45:31.761 [error] [Extension Host] View has not been initialized after retrying for 5 seconds.
2025-04-23 11:45:43.103 [error] [Extension Host] View has not been initialized after retrying for 5 seconds.
2025-04-23 11:46:12.406 [error] [Extension Host] View has not been initialized after retrying for 5 seconds.
2025-04-23 11:46:50.853 [error] [Extension Host] View has not been initialized after retrying for 5 seconds.
2025-04-23 11:46:51.258 [error] [Extension Host] View has not been initialized after retrying for 5 seconds.
2025-04-23 11:46:51.270 [error] [Extension Host] View has not been initialized after retrying for 5 seconds.
2025-04-23 11:46:51.279 [error] [Extension Host] View has not been initialized after retrying for 5 seconds.
2025-04-23 11:46:51.309 [error] [Extension Host] View has not been initialized after retrying for 5 seconds.
2025-04-23 11:46:51.389 [error] [Extension Host] View has not been initialized after retrying for 5 seconds.
2025-04-23 11:46:51.427 [error] [Extension Host] View has not been initialized after retrying for 5 seconds.
2025-04-23 11:46:51.443 [error] [Extension Host] View has not been initialized after retrying for 5 seconds.
2025-04-23 11:46:51.493 [error] [Extension Host] View has not been initialized after retrying for 5 seconds.
2025-04-23 11:46:51.552 [error] [Extension Host] View has not been initialized after retrying for 5 seconds.
2025-04-23 11:46:51.602 [error] [Extension Host] View has not been initialized after retrying for 5 seconds.
2025-04-23 11:46:51.625 [error] [Extension Host] View has not been initialized after retrying for 5 seconds.
2025-04-23 11:46:51.664 [error] [Extension Host] View has not been initialized after retrying for 5 seconds.
2025-04-23 11:46:51.802 [error] [Extension Host] View has not been initialized after retrying for 5 seconds.
2025-04-23 11:46:51.932 [error] [Extension Host] View has not been initialized after retrying for 5 seconds.
2025-04-23 11:46:52.096 [error] [Extension Host] View has not been initialized after retrying for 5 seconds.
2025-04-23 11:46:52.149 [error] [Extension Host] View has not been initialized after retrying for 5 seconds.
2025-04-23 11:46:52.240 [error] [Extension Host] View has not been initialized after retrying for 5 seconds.
2025-04-23 11:46:52.542 [error] [Extension Host] View has not been initialized after retrying for 5 seconds.
2025-04-23 11:46:54.106 [error] [Extension Host] View has not been initialized after retrying for 5 seconds.
2025-04-23 11:46:54.691 [error] [Extension Host] View has not been initialized after retrying for 5 seconds.
2025-04-23 11:46:54.847 [error] [Extension Host] View has not been initialized after retrying for 5 seconds.
2025-04-23 11:46:55.020 [error] [Extension Host] View has not been initialized after retrying for 5 seconds.
2025-04-23 11:46:55.176 [error] [Extension Host] View has not been initialized after retrying for 5 seconds.
2025-04-23 11:46:56.319 [error] [Extension Host] View has not been initialized after retrying for 5 seconds.
2025-04-23 11:46:56.367 [error] [Extension Host] View has not been initialized after retrying for 5 seconds.
2025-04-23 11:46:57.374 [error] [Extension Host] View has not been initialized after retrying for 5 seconds.
2025-04-23 11:47:01.511 [error] [Extension Host] View has not been initialized after retrying for 5 seconds.
2025-04-23 11:47:02.567 [error] [Extension Host] View has not been initialized after retrying for 5 seconds.
2025-04-23 11:51:04.149 [error] [Extension Host] View has not been initialized after retrying for 5 seconds.
2025-04-23 11:51:04.309 [error] [Extension Host] View has not been initialized after retrying for 5 seconds.
2025-04-23 11:51:04.487 [error] [Extension Host] View has not been initialized after retrying for 5 seconds.
2025-04-23 11:51:04.777 [error] [Extension Host] View has not been initialized after retrying for 5 seconds.
2025-04-23 11:51:04.965 [error] [Extension Host] View has not been initialized after retrying for 5 seconds.
2025-04-23 11:51:05.151 [error] [Extension Host] View has not been initialized after retrying for 5 seconds.
2025-04-23 11:51:05.623 [error] [Extension Host] View has not been initialized after retrying for 5 seconds.
2025-04-23 11:51:05.856 [error] [Extension Host] View has not been initialized after retrying for 5 seconds.
2025-04-23 11:51:06.042 [error] [Extension Host] View has not been initialized after retrying for 5 seconds.
2025-04-23 11:51:06.223 [error] [Extension Host] View has not been initialized after retrying for 5 seconds.
2025-04-23 11:51:06.405 [error] [Extension Host] View has not been initialized after retrying for 5 seconds.
2025-04-23 11:51:07.501 [error] [Extension Host] View has not been initialized after retrying for 5 seconds.
2025-04-23 11:51:07.848 [error] [Extension Host] View has not been initialized after retrying for 5 seconds.
2025-04-23 11:51:07.974 [error] [Extension Host] View has not been initialized after retrying for 5 seconds.
2025-04-23 11:51:08.448 [error] [Extension Host] View has not been initialized after retrying for 5 seconds.
2025-04-23 11:51:08.758 [error] [Extension Host] View has not been initialized after retrying for 5 seconds.
2025-04-23 11:51:08.794 [error] [Extension Host] View has not been initialized after retrying for 5 seconds.
2025-04-23 11:51:08.862 [error] [Extension Host] View has not been initialized after retrying for 5 seconds.
2025-04-23 11:59:27.500 [error] [Extension Host] View has not been initialized after retrying for 5 seconds.
2025-04-23 11:59:52.542 [error] [Extension Host] View has not been initialized after retrying for 5 seconds.
2025-04-23 12:00:48.730 [error] [Extension Host] View has not been initialized after retrying for 5 seconds.
2025-04-23 12:00:48.894 [error] [Extension Host] View has not been initialized after retrying for 5 seconds.
2025-04-23 12:00:49.074 [error] [Extension Host] View has not been initialized after retrying for 5 seconds.
2025-04-23 12:00:49.246 [error] [Extension Host] View has not been initialized after retrying for 5 seconds.
2025-04-23 12:00:49.441 [error] [Extension Host] View has not been initialized after retrying for 5 seconds.
2025-04-23 12:00:49.826 [error] [Extension Host] View has not been initialized after retrying for 5 seconds.
2025-04-23 12:00:53.434 [error] [Extension Host] View has not been initialized after retrying for 5 seconds.
2025-04-23 12:00:53.557 [error] [Extension Host] View has not been initialized after retrying for 5 seconds.
2025-04-23 12:00:53.723 [error] [Extension Host] View has not been initialized after retrying for 5 seconds.
2025-04-23 12:00:54.093 [error] [Extension Host] View has not been initialized after retrying for 5 seconds.
2025-04-23 12:00:54.203 [error] [Extension Host] View has not been initialized after retrying for 5 seconds.
2025-04-23 12:00:54.251 [error] [Extension Host] View has not been initialized after retrying for 5 seconds.
2025-04-23 12:00:55.748 [error] [Extension Host] View has not been initialized after retrying for 5 seconds.
2025-04-23 12:00:56.052 [error] [Extension Host] View has not been initialized after retrying for 5 seconds.
2025-04-23 12:00:56.206 [error] [Extension Host] View has not been initialized after retrying for 5 seconds.
2025-04-23 12:00:56.632 [error] [Extension Host] View has not been initialized after retrying for 5 seconds.
2025-04-23 12:00:56.914 [error] [Extension Host] View has not been initialized after retrying for 5 seconds.
2025-04-23 12:00:57.100 [error] [Extension Host] View has not been initialized after retrying for 5 seconds.
2025-04-23 12:00:57.580 [error] [Extension Host] View has not been initialized after retrying for 5 seconds.
2025-04-23 12:00:57.596 [error] [Extension Host] View has not been initialized after retrying for 5 seconds.
2025-04-23 12:00:58.415 [error] [Extension Host] View has not been initialized after retrying for 5 seconds.
2025-04-23 12:00:58.581 [error] [Extension Host] View has not been initialized after retrying for 5 seconds.
2025-04-23 12:00:58.759 [error] [Extension Host] View has not been initialized after retrying for 5 seconds.
2025-04-23 12:00:58.954 [error] [Extension Host] View has not been initialized after retrying for 5 seconds.
2025-04-23 12:01:00.484 [error] [Extension Host] View has not been initialized after retrying for 5 seconds.
2025-04-23 12:33:29.330 [error] [Extension Host] View has not been initialized after retrying for 5 seconds.
2025-04-23 12:33:29.836 [error] [Extension Host] View has not been initialized after retrying for 5 seconds.
2025-04-23 12:33:44.891 [error] [Extension Host] View has not been initialized after retrying for 5 seconds.
2025-04-23 12:33:46.064 [error] [Extension Host] View has not been initialized after retrying for 5 seconds.
2025-04-23 12:33:46.269 [error] [Extension Host] View has not been initialized after retrying for 5 seconds.
2025-04-23 12:33:46.441 [error] [Extension Host] View has not been initialized after retrying for 5 seconds.
2025-04-23 12:33:46.607 [error] [Extension Host] View has not been initialized after retrying for 5 seconds.
2025-04-23 12:33:46.795 [error] [Extension Host] View has not been initialized after retrying for 5 seconds.
2025-04-23 12:33:46.976 [error] [Extension Host] View has not been initialized after retrying for 5 seconds.
2025-04-23 12:33:47.163 [error] [Extension Host] View has not been initialized after retrying for 5 seconds.
2025-04-23 12:33:47.359 [error] [Extension Host] View has not been initialized after retrying for 5 seconds.
2025-04-23 12:34:34.951 [error] [Extension Host] View has not been initialized after retrying for 5 seconds.
2025-04-23 12:34:46.268 [error] [Extension Host] View has not been initialized after retrying for 5 seconds.
2025-04-23 12:34:46.458 [error] [Extension Host] View has not been initialized after retrying for 5 seconds.
2025-04-23 12:34:46.471 [error] [Extension Host] View has not been initialized after retrying for 5 seconds.
2025-04-23 12:34:46.481 [error] [Extension Host] View has not been initialized after retrying for 5 seconds.
2025-04-23 12:34:46.495 [error] [Extension Host] View has not been initialized after retrying for 5 seconds.
2025-04-23 12:34:46.510 [error] [Extension Host] View has not been initialized after retrying for 5 seconds.
2025-04-23 12:34:46.519 [error] [Extension Host] View has not been initialized after retrying for 5 seconds.
2025-04-23 12:34:46.535 [error] [Extension Host] View has not been initialized after retrying for 5 seconds.
2025-04-23 12:34:46.549 [error] [Extension Host] View has not been initialized after retrying for 5 seconds.
2025-04-23 12:34:46.560 [error] [Extension Host] View has not been initialized after retrying for 5 seconds.
2025-04-23 12:34:46.590 [error] [Extension Host] View has not been initialized after retrying for 5 seconds.
2025-04-23 12:34:46.605 [error] [Extension Host] View has not been initialized after retrying for 5 seconds.
2025-04-23 12:34:46.629 [error] [Extension Host] View has not been initialized after retrying for 5 seconds.
2025-04-23 12:34:46.669 [error] [Extension Host] View has not been initialized after retrying for 5 seconds.
2025-04-23 12:34:46.698 [error] [Extension Host] View has not been initialized after retrying for 5 seconds.
2025-04-23 12:34:46.824 [error] [Extension Host] View has not been initialized after retrying for 5 seconds.
2025-04-23 12:34:46.856 [error] [Extension Host] View has not been initialized after retrying for 5 seconds.
2025-04-23 12:34:46.867 [error] [Extension Host] View has not been initialized after retrying for 5 seconds.
2025-04-23 12:34:47.266 [error] [Extension Host] View has not been initialized after retrying for 5 seconds.
2025-04-23 12:34:48.820 [error] [Extension Host] View has not been initialized after retrying for 5 seconds.
2025-04-23 12:34:49.061 [error] [Extension Host] View has not been initialized after retrying for 5 seconds.
2025-04-23 12:34:49.235 [error] [Extension Host] View has not been initialized after retrying for 5 seconds.
2025-04-23 12:34:49.402 [error] [Extension Host] View has not been initialized after retrying for 5 seconds.
2025-04-23 12:34:49.727 [error] [Extension Host] View has not been initialized after retrying for 5 seconds.
2025-04-23 12:34:50.647 [error] [Extension Host] View has not been initialized after retrying for 5 seconds.
2025-04-23 12:34:50.787 [error] [Extension Host] View has not been initialized after retrying for 5 seconds.
2025-04-23 12:34:51.749 [error] [Extension Host] View has not been initialized after retrying for 5 seconds.
2025-04-23 12:34:51.763 [error] [Extension Host] View has not been initialized after retrying for 5 seconds.
2025-04-23 12:34:52.641 [error] [Extension Host] View has not been initialized after retrying for 5 seconds.
2025-04-23 12:34:52.901 [error] [Extension Host] View has not been initialized after retrying for 5 seconds.
2025-04-23 12:34:53.976 [error] [Extension Host] View has not been initialized after retrying for 5 seconds.
2025-04-23 12:34:54.033 [error] [Extension Host] View has not been initialized after retrying for 5 seconds.
2025-04-23 12:34:54.446 [error] [Extension Host] View has not been initialized after retrying for 5 seconds.
2025-04-23 12:38:39.124 [error] [Extension Host] View has not been initialized after retrying for 5 seconds.
2025-04-23 12:38:40.168 [error] [Extension Host] View has not been initialized after retrying for 5 seconds.
2025-04-23 12:38:42.278 [error] [Extension Host] View has not been initialized after retrying for 5 seconds.
2025-04-23 12:38:42.942 [error] [Extension Host] View has not been initialized after retrying for 5 seconds.
