2025-04-23 12:53:12.540 [info] [main] Log level: Info
2025-04-23 12:53:12.540 [info] [main] Validating found git in: "git"
2025-04-23 12:53:12.540 [info] [main] Using git "2.49.0" from "git"
2025-04-23 12:53:12.540 [info] [Model][doInitialScan] Initial repository scan started
2025-04-23 12:53:12.540 [info] > git rev-parse --show-toplevel [38ms]
2025-04-23 12:53:12.540 [info] fatal: not a git repository (or any of the parent directories): .git
2025-04-23 12:53:12.540 [info] > git rev-parse --show-toplevel [2ms]
2025-04-23 12:53:12.540 [info] > git rev-parse --path-format=relative --show-toplevel [6ms]
2025-04-23 12:53:12.541 [info] > git rev-parse --git-dir --git-common-dir [1ms]
2025-04-23 12:53:12.541 [info] fatal: not a git repository (or any of the parent directories): .git
2025-04-23 12:53:12.543 [info] > git rev-parse --show-toplevel [0ms]
2025-04-23 12:53:12.543 [info] fatal: not a git repository (or any of the parent directories): .git
2025-04-23 12:53:12.546 [info] > git rev-parse --show-toplevel [1ms]
2025-04-23 12:53:12.546 [info] fatal: not a git repository (or any of the parent directories): .git
2025-04-23 12:53:12.548 [info] > git rev-parse --show-toplevel [0ms]
2025-04-23 12:53:12.548 [info] fatal: not a git repository (or any of the parent directories): .git
2025-04-23 12:53:12.550 [info] > git rev-parse --show-toplevel [0ms]
2025-04-23 12:53:12.550 [info] fatal: not a git repository (or any of the parent directories): .git
2025-04-23 12:53:12.553 [info] > git rev-parse --show-toplevel [1ms]
2025-04-23 12:53:12.553 [info] fatal: not a git repository (or any of the parent directories): .git
2025-04-23 12:53:12.555 [info] > git rev-parse --show-toplevel [1ms]
2025-04-23 12:53:12.555 [info] fatal: not a git repository (or any of the parent directories): .git
2025-04-23 12:53:12.557 [info] > git rev-parse --show-toplevel [0ms]
2025-04-23 12:53:12.557 [info] fatal: not a git repository (or any of the parent directories): .git
2025-04-23 12:53:12.559 [info] > git rev-parse --show-toplevel [0ms]
2025-04-23 12:53:12.559 [info] fatal: not a git repository (or any of the parent directories): .git
2025-04-23 12:53:12.562 [info] > git rev-parse --show-toplevel [1ms]
2025-04-23 12:53:12.562 [info] fatal: not a git repository (or any of the parent directories): .git
2025-04-23 12:53:12.564 [info] > git rev-parse --show-toplevel [1ms]
2025-04-23 12:53:12.564 [info] fatal: not a git repository (or any of the parent directories): .git
2025-04-23 12:53:12.566 [info] > git rev-parse --show-toplevel [0ms]
2025-04-23 12:53:12.566 [info] fatal: not a git repository (or any of the parent directories): .git
2025-04-23 12:53:12.568 [info] > git rev-parse --show-toplevel [0ms]
2025-04-23 12:53:12.568 [info] fatal: not a git repository (or any of the parent directories): .git
2025-04-23 12:53:12.571 [info] > git rev-parse --show-toplevel [1ms]
2025-04-23 12:53:12.571 [info] fatal: not a git repository (or any of the parent directories): .git
2025-04-23 12:53:12.573 [info] > git rev-parse --show-toplevel [1ms]
2025-04-23 12:53:12.573 [info] fatal: not a git repository (or any of the parent directories): .git
2025-04-23 12:53:12.575 [info] > git rev-parse --show-toplevel [0ms]
2025-04-23 12:53:12.575 [info] fatal: not a git repository (or any of the parent directories): .git
2025-04-23 12:53:12.577 [info] > git rev-parse --show-toplevel [0ms]
2025-04-23 12:53:12.577 [info] fatal: not a git repository (or any of the parent directories): .git
2025-04-23 12:53:12.579 [info] > git rev-parse --show-toplevel [0ms]
2025-04-23 12:53:12.579 [info] fatal: not a git repository (or any of the parent directories): .git
2025-04-23 12:53:12.582 [info] > git rev-parse --show-toplevel [1ms]
2025-04-23 12:53:12.582 [info] fatal: not a git repository (or any of the parent directories): .git
2025-04-23 12:53:12.584 [info] > git rev-parse --show-toplevel [0ms]
2025-04-23 12:53:12.584 [info] fatal: not a git repository (or any of the parent directories): .git
2025-04-23 12:53:12.586 [info] > git rev-parse --show-toplevel [0ms]
2025-04-23 12:53:12.586 [info] fatal: not a git repository (or any of the parent directories): .git
2025-04-23 12:53:12.589 [info] > git rev-parse --show-toplevel [1ms]
2025-04-23 12:53:12.589 [info] fatal: not a git repository (or any of the parent directories): .git
2025-04-23 12:53:12.591 [info] > git rev-parse --show-toplevel [0ms]
2025-04-23 12:53:12.591 [info] fatal: not a git repository (or any of the parent directories): .git
2025-04-23 12:53:12.593 [info] > git rev-parse --show-toplevel [0ms]
2025-04-23 12:53:12.593 [info] fatal: not a git repository (or any of the parent directories): .git
2025-04-23 12:53:12.596 [info] > git rev-parse --show-toplevel [1ms]
2025-04-23 12:53:12.598 [info] > git rev-parse --git-dir --git-common-dir [1ms]
2025-04-23 12:53:12.602 [info] [Model][openRepository] Opened repository: /home/rifle/HyDE
2025-04-23 12:53:12.607 [info] > git config --get commit.template [3ms]
2025-04-23 12:53:12.607 [info] > git rev-parse --show-toplevel [1ms]
2025-04-23 12:53:12.607 [info] fatal: not a git repository (or any of the parent directories): .git
2025-04-23 12:53:12.612 [info] > git for-each-ref --format=%(refname)%00%(upstream:short)%00%(objectname)%00%(upstream:track)%00%(upstream:remotename)%00%(upstream:remoteref) refs/heads/master refs/remotes/master [3ms]
2025-04-23 12:53:12.614 [warning] [Git][revParse] Unable to read file: ENOENT: no such file or directory, open '/home/rifle/HyDE/.git/refs/remotes/origin/master'
2025-04-23 12:53:12.614 [info] > git rev-parse --show-toplevel [3ms]
2025-04-23 12:53:12.614 [info] fatal: not a git repository (or any of the parent directories): .git
2025-04-23 12:53:12.616 [info] > git rev-parse refs/remotes/origin/master [2ms]
2025-04-23 12:53:12.625 [info] > git rev-parse --show-toplevel [9ms]
2025-04-23 12:53:12.625 [info] fatal: not a git repository (or any of the parent directories): .git
2025-04-23 12:53:12.628 [info] > git for-each-ref --sort -committerdate --format %(refname)%00%(objectname)%00%(*objectname) [7ms]
2025-04-23 12:53:12.629 [info] > git rev-parse --show-toplevel [2ms]
2025-04-23 12:53:12.629 [info] fatal: not a git repository (or any of the parent directories): .git
2025-04-23 12:53:12.632 [info] > git rev-parse --show-toplevel [0ms]
2025-04-23 12:53:12.632 [info] fatal: not a git repository (or any of the parent directories): .git
2025-04-23 12:53:12.635 [info] > git rev-parse --show-toplevel [1ms]
2025-04-23 12:53:12.637 [info] > git rev-parse --git-dir --git-common-dir [1ms]
2025-04-23 12:53:12.638 [info] [Model][openRepository] Opened repository: /home/rifle/bema-next
2025-04-23 12:53:12.642 [info] > git rev-parse --show-toplevel [0ms]
2025-04-23 12:53:12.642 [info] > git config --get commit.template [2ms]
2025-04-23 12:53:12.647 [info] > git for-each-ref --format=%(refname)%00%(upstream:short)%00%(objectname)%00%(upstream:track)%00%(upstream:remotename)%00%(upstream:remoteref) refs/heads/master refs/remotes/master [1ms]
2025-04-23 12:53:12.647 [info] > git rev-parse --git-dir --git-common-dir [3ms]
2025-04-23 12:53:12.649 [info] [Model][openRepository] Opened repository: /home/rifle/dotfiles
2025-04-23 12:53:12.651 [warning] [Git][revParse] Unable to read file: ENOENT: no such file or directory, open '/home/rifle/bema-next/.git/refs/remotes/origin/master'
2025-04-23 12:53:12.656 [info] > git rev-parse --show-toplevel [2ms]
2025-04-23 12:53:12.656 [info] fatal: not a git repository (or any of the parent directories): .git
2025-04-23 12:53:12.656 [info] > git config --get commit.template [4ms]
2025-04-23 12:53:12.656 [info] > git rev-parse refs/remotes/origin/master [5ms]
2025-04-23 12:53:12.662 [info] > git status -z -uall [4ms]
2025-04-23 12:53:12.664 [info] > git rev-parse --show-toplevel [2ms]
2025-04-23 12:53:12.664 [info] fatal: not a git repository (or any of the parent directories): .git
2025-04-23 12:53:12.664 [info] > git for-each-ref --sort -committerdate --format %(refname)%00%(objectname)%00%(*objectname) [4ms]
2025-04-23 12:53:12.677 [info] > git for-each-ref --format=%(refname)%00%(upstream:short)%00%(objectname)%00%(upstream:track)%00%(upstream:remotename)%00%(upstream:remoteref) refs/heads/master refs/remotes/master [5ms]
2025-04-23 12:53:12.679 [info] > git for-each-ref --format=%(refname)%00%(upstream:short)%00%(objectname)%00%(upstream:track)%00%(upstream:remotename)%00%(upstream:remoteref) refs/heads/main refs/remotes/main [15ms]
2025-04-23 12:53:12.680 [info] > git config --get --local branch.master.vscode-merge-base [1ms]
2025-04-23 12:53:12.682 [info] > git config --get commit.template [5ms]
2025-04-23 12:53:12.682 [info] > git rev-parse --show-toplevel [7ms]
2025-04-23 12:53:12.694 [info] > git for-each-ref --format=%(refname)%00%(upstream:short)%00%(objectname)%00%(upstream:track)%00%(upstream:remotename)%00%(upstream:remoteref) refs/heads/origin/master refs/remotes/origin/master [12ms]
2025-04-23 12:53:12.699 [info] > git merge-base refs/heads/master refs/remotes/origin/master [2ms]
2025-04-23 12:53:12.700 [info] > git rev-parse --git-dir --git-common-dir [7ms]
2025-04-23 12:53:12.702 [info] [Model][openRepository] Opened repository: /home/rifle/mpvpaper
2025-04-23 12:53:12.710 [info] > git diff --name-status -z --diff-filter=ADMR 8a66f8282e06330b6809ffc02b9f8ea34aedb246...refs/remotes/origin/master [10ms]
2025-04-23 12:53:12.711 [info] > git for-each-ref --format=%(refname)%00%(upstream:short)%00%(objectname)%00%(upstream:track)%00%(upstream:remotename)%00%(upstream:remoteref) refs/heads/master refs/remotes/master [13ms]
2025-04-23 12:53:12.713 [warning] [Git][revParse] Unable to read file: ENOENT: no such file or directory, open '/home/rifle/bema-next/.git/refs/remotes/origin/master'
2025-04-23 12:53:12.714 [info] > git rev-parse --show-toplevel [3ms]
2025-04-23 12:53:12.714 [info] fatal: not a git repository (or any of the parent directories): .git
2025-04-23 12:53:12.714 [info] [Model][doInitialScan] Initial repository scan completed - repositories (4), closed repositories (0), parent repositories (0), unsafe repositories (0)
2025-04-23 12:53:12.714 [info] > git config --get commit.template [6ms]
2025-04-23 12:53:12.714 [info] > git for-each-ref --sort -committerdate --format %(refname)%00%(objectname)%00%(*objectname) [8ms]
2025-04-23 12:53:12.715 [info] > git rev-parse refs/remotes/origin/master [2ms]
2025-04-23 12:53:12.723 [info] > git status -z -uall [6ms]
2025-04-23 12:53:12.723 [info] > git for-each-ref --sort -committerdate --format %(refname)%00%(objectname)%00%(*objectname) [3ms]
2025-04-23 12:53:12.725 [info] > git for-each-ref --format=%(refname)%00%(upstream:short)%00%(objectname)%00%(upstream:track)%00%(upstream:remotename)%00%(upstream:remoteref) refs/heads/master refs/remotes/master [3ms]
2025-04-23 12:53:12.728 [warning] [Git][revParse] Unable to read file: ENOENT: no such file or directory, open '/home/rifle/mpvpaper/.git/refs/remotes/origin/master'
2025-04-23 12:53:12.729 [info] > git rev-parse refs/remotes/origin/master [1ms]
2025-04-23 12:53:12.733 [info] > git status -z -uall [3ms]
2025-04-23 12:53:12.733 [info] > git for-each-ref --sort -committerdate --format %(refname)%00%(objectname)%00%(*objectname) [0ms]
2025-04-23 12:53:12.741 [info] > git for-each-ref --format=%(refname)%00%(upstream:short)%00%(objectname)%00%(upstream:track)%00%(upstream:remotename)%00%(upstream:remoteref) refs/heads/master refs/remotes/master [5ms]
2025-04-23 12:53:12.743 [info] > git config --get commit.template [3ms]
2025-04-23 12:53:12.744 [info] > git config --get --local branch.master.vscode-merge-base [1ms]
2025-04-23 12:53:12.748 [info] > git for-each-ref --format=%(refname)%00%(upstream:short)%00%(objectname)%00%(upstream:track)%00%(upstream:remotename)%00%(upstream:remoteref) refs/heads/origin/master refs/remotes/origin/master [3ms]
2025-04-23 12:53:12.750 [info] > git for-each-ref --format=%(refname)%00%(upstream:short)%00%(objectname)%00%(upstream:track)%00%(upstream:remotename)%00%(upstream:remoteref) refs/heads/master refs/remotes/master [3ms]
2025-04-23 12:53:12.752 [warning] [Git][revParse] Unable to read file: ENOENT: no such file or directory, open '/home/rifle/mpvpaper/.git/refs/remotes/origin/master'
2025-04-23 12:53:12.752 [info] > git merge-base refs/heads/master refs/remotes/origin/master [2ms]
2025-04-23 12:53:12.754 [info] > git rev-parse refs/remotes/origin/master [2ms]
2025-04-23 12:53:12.758 [info] > git status -z -uall [2ms]
2025-04-23 12:53:12.758 [info] > git diff --name-status -z --diff-filter=ADMR ee7541800f930ea32bc3d5364f37cf3838b4a9d3...refs/remotes/origin/master [4ms]
2025-04-23 12:53:12.759 [info] > git for-each-ref --sort -committerdate --format %(refname)%00%(objectname)%00%(*objectname) [1ms]
2025-04-23 12:53:12.795 [info] > git status -z -uall [177ms]
2025-04-23 12:53:12.801 [info] > git for-each-ref --format=%(refname)%00%(upstream:short)%00%(objectname)%00%(upstream:track)%00%(upstream:remotename)%00%(upstream:remoteref) refs/heads/master refs/remotes/master [3ms]
2025-04-23 12:53:12.803 [info] > git config --get commit.template [2ms]
2025-04-23 12:53:12.806 [info] > git config --get --local branch.master.vscode-merge-base [3ms]
2025-04-23 12:53:12.806 [warning] [Git][config] git config failed: Failed to execute git
2025-04-23 12:53:12.808 [info] > git for-each-ref --format=%(refname)%00%(upstream:short)%00%(objectname)%00%(upstream:track)%00%(upstream:remotename)%00%(upstream:remoteref) refs/heads/master refs/remotes/master [3ms]
2025-04-23 12:53:12.810 [warning] [Git][revParse] Unable to read file: ENOENT: no such file or directory, open '/home/rifle/HyDE/.git/refs/remotes/origin/master'
2025-04-23 12:53:12.810 [info] > git reflog master --grep-reflog=branch: Created from *. [2ms]
2025-04-23 12:53:12.812 [info] > git rev-parse refs/remotes/origin/master [2ms]
2025-04-23 12:53:12.816 [info] > git symbolic-ref --short refs/remotes/origin/HEAD [4ms]
2025-04-23 12:53:12.818 [info] > git for-each-ref --sort -committerdate --format %(refname)%00%(objectname)%00%(*objectname) [2ms]
2025-04-23 12:53:12.818 [info] > git for-each-ref --format=%(refname)%00%(upstream:short)%00%(objectname)%00%(upstream:track)%00%(upstream:remotename)%00%(upstream:remoteref) refs/heads/origin/master refs/remotes/origin/master [0ms]
2025-04-23 12:53:12.821 [info] > git config --add --local branch.master.vscode-merge-base origin/master [1ms]
2025-04-23 12:53:12.826 [info] > git status -z -uall [12ms] (cancelled)
2025-04-23 12:53:12.826 [info] > git for-each-ref --format=%(refname)%00%(upstream:short)%00%(objectname)%00%(upstream:track)%00%(upstream:remotename)%00%(upstream:remoteref) refs/heads/master refs/remotes/master [2ms]
2025-04-23 12:53:12.828 [info] > git config --get commit.template [2ms]
2025-04-23 12:53:12.830 [info] > git config --get --local branch.master.vscode-merge-base [2ms]
2025-04-23 12:53:12.832 [info] > git for-each-ref --format=%(refname)%00%(upstream:short)%00%(objectname)%00%(upstream:track)%00%(upstream:remotename)%00%(upstream:remoteref) refs/heads/master refs/remotes/master [2ms]
2025-04-23 12:53:12.834 [warning] [Git][revParse] Unable to read file: ENOENT: no such file or directory, open '/home/rifle/HyDE/.git/refs/remotes/origin/master'
2025-04-23 12:53:12.834 [info] > git for-each-ref --format=%(refname)%00%(upstream:short)%00%(objectname)%00%(upstream:track)%00%(upstream:remotename)%00%(upstream:remoteref) refs/heads/origin/master refs/remotes/origin/master [2ms]
2025-04-23 12:53:12.837 [info] > git rev-parse refs/remotes/origin/master [3ms]
2025-04-23 12:53:12.840 [info] > git merge-base refs/heads/master refs/remotes/origin/master [4ms]
2025-04-23 12:53:12.843 [info] > git for-each-ref --sort -committerdate --format %(refname)%00%(objectname)%00%(*objectname) [3ms]
2025-04-23 12:53:12.843 [info] > git diff --name-status -z --diff-filter=ADMR 461b3e27213447cc8a23f0cf60e3535411dd9741...refs/remotes/origin/master [1ms]
2025-04-23 12:53:13.004 [info] > git status -z -uall [166ms]
2025-04-23 12:53:13.659 [info] > git status -z -uall [955ms] (cancelled)
2025-04-23 12:53:13.659 [info] > git for-each-ref --format=%(refname)%00%(upstream:short)%00%(objectname)%00%(upstream:track)%00%(upstream:remotename)%00%(upstream:remoteref) refs/heads/main refs/remotes/main [316ms]
2025-04-23 12:53:13.663 [info] > git config --get --local branch.main.vscode-merge-base [2ms]
2025-04-23 12:53:13.666 [info] > git config --get commit.template [8ms]
2025-04-23 12:53:13.669 [info] > git for-each-ref --format=%(refname)%00%(upstream:short)%00%(objectname)%00%(upstream:track)%00%(upstream:remotename)%00%(upstream:remoteref) refs/heads/origin/main refs/remotes/origin/main [3ms]
2025-04-23 12:53:13.672 [info] > git for-each-ref --format=%(refname)%00%(upstream:short)%00%(objectname)%00%(upstream:track)%00%(upstream:remotename)%00%(upstream:remoteref) refs/heads/main refs/remotes/main [3ms]
2025-04-23 12:53:13.678 [info] > git merge-base refs/heads/main refs/remotes/origin/main [6ms]
2025-04-23 12:53:13.681 [info] > git for-each-ref --sort -committerdate --format %(refname)%00%(objectname)%00%(*objectname) [3ms]
2025-04-23 12:53:13.682 [info] > git diff --name-status -z --diff-filter=ADMR cf70fb7b2f3874dce2fae89c4f1ecfd4ae053f73...refs/remotes/origin/main [1ms]
2025-04-23 12:53:14.261 [info] > git status -z -uall [586ms] (cancelled)
2025-04-23 12:53:14.598 [info] > git rev-parse --show-toplevel [0ms]
2025-04-23 12:53:14.598 [info] fatal: not a git repository (or any of the parent directories): .git
