{"level":30,"time":"2025-04-24T12:59:35.146Z","msg":"got fast localeOverride setting null"}
{"level":30,"time":"2025-04-24T12:59:35.146Z","msg":"app.ready: hour cycle preference: UnknownPreference"}
{"level":30,"time":"2025-04-24T12:59:35.146Z","msg":"app.ready: preferred system locales: en-US, en"}
{"level":30,"time":"2025-04-24T12:59:35.146Z","msg":"locale: Supported locales: af-ZA, ar, az-AZ, bg-BG, bn-BD, bs-BA, ca, cs, da, de, el, en, es, et-EE, eu, fa-IR, fi, fr, ga-IE, gl-ES, gu-IN, he, hi-IN, hr-HR, hu, id, it, ja, ka-GE, kk-KZ, km-KH, kn-IN, ko, ky-KG, lt-LT, lv-LV, mk-MK, ml-IN, mr-IN, ms, my, nb, nl, pa-IN, pl, pt-BR, pt-PT, ro-RO, ru, sk-SK, sl-SI, sq-AL, sr, sv, sw, ta-IN, te-IN, th, tl-PH, tr, ug, uk-UA, ur, vi, yue, zh-CN, zh-HK, zh-Hant"}
{"level":30,"time":"2025-04-24T12:59:35.147Z","msg":"locale: Preferred locales: en-US, en"}
{"level":30,"time":"2025-04-24T12:59:35.147Z","msg":"locale: Locale Override: null"}
{"level":30,"time":"2025-04-24T12:59:35.147Z","msg":"locale: Matched locale: en"}
{"level":40,"time":"2025-04-24T12:59:35.160Z","msg":"intl.onWarn [@formatjs/intl] \"defaultRichTextElements\" was specified but \"message\" was not pre-compiled. \nPlease consider using \"@formatjs/cli\" to pre-compile your messages for performance.\nFor more details see https://formatjs.io/docs/getting-started/message-distribution"}
{"level":30,"time":"2025-04-24T12:59:35.161Z","msg":"locale: Text info direction for en: ltr"}
{"level":30,"time":"2025-04-24T12:59:35.161Z","msg":"getSQLKey: using legacy key"}
{"level":30,"time":"2025-04-24T12:59:35.161Z","msg":"getSystemTraySetting got value DoNotUseSystemTray"}
{"level":30,"time":"2025-04-24T12:59:35.161Z","msg":"getSystemTraySetting returning DoNotUseSystemTray"}
{"level":30,"time":"2025-04-24T12:59:35.162Z","msg":"app ready"}
{"level":30,"time":"2025-04-24T12:59:35.162Z","msg":"starting version 7.51.0"}
{"level":30,"time":"2025-04-24T12:59:35.162Z","msg":"media access status [object Undefined] [object Undefined] [object Undefined]"}
{"level":30,"time":"2025-04-24T12:59:35.162Z","msg":"got fast theme-setting value system"}
{"level":30,"time":"2025-04-24T12:59:35.170Z","msg":"got fast theme-setting value system"}
{"level":30,"time":"2025-04-24T12:59:35.170Z","msg":"got fast spellcheck setting true"}
{"level":30,"time":"2025-04-24T12:59:35.170Z","msg":"visibleOnAnyScreen(window): x=0, y=0, width=1044, height=1378"}
{"level":30,"time":"2025-04-24T12:59:35.171Z","msg":"visibleOnAnyScreen(display #55): x=0, y=0, width=3440, height=1440"}
{"level":30,"time":"2025-04-24T12:59:35.171Z","msg":"Initializing BrowserWindow config: {\"show\":false,\"width\":1044,\"height\":1378,\"minWidth\":300,\"minHeight\":200,\"autoHideMenuBar\":false,\"titleBarStyle\":\"default\",\"backgroundColor\":\"#121212\",\"webPreferences\":{\"devTools\":false,\"spellcheck\":true,\"enableBlinkFeatures\":\"CSSPseudoDir,CSSLogical\",\"enablePreferredSizeMode\":true,\"nodeIntegration\":false,\"nodeIntegrationInWorker\":false,\"sandbox\":false,\"contextIsolation\":true,\"preload\":\"[REDACTED]/preload.wrapper.js\",\"backgroundThrottling\":true,\"disableBlinkFeatures\":\"Accelerated2dCanvas,AcceleratedSmallCanvases\"},\"icon\":\"[REDACTED]/images/signal-logo-desktop-linux.png\",\"x\":0,\"y\":0}"}
{"level":30,"time":"2025-04-24T12:59:35.195Z","msg":"spellcheck: user locales: [\"en-US\",\"en\"]"}
{"level":30,"time":"2025-04-24T12:59:35.195Z","msg":"spellcheck: available spellchecker languages: [\"af\",\"bg\",\"ca\",\"cs\",\"cy\",\"da\",\"de\",\"de-DE\",\"el\",\"en\",\"en-AU\",\"en-CA\",\"en-GB\",\"en-GB-oxendict\",\"en-US\",\"es\",\"es-419\",\"es-AR\",\"es-ES\",\"es-MX\",\"es-US\",\"et\",\"fa\",\"fo\",\"fr\",\"fr-FR\",\"he\",\"hi\",\"hr\",\"hu\",\"hy\",\"id\",\"it\",\"it-IT\",\"ko\",\"lt\",\"lv\",\"nb\",\"nl\",\"pl\",\"pt\",\"pt-BR\",\"pt-PT\",\"ro\",\"ru\",\"sh\",\"sk\",\"sl\",\"sq\",\"sr\",\"sv\",\"ta\",\"tg\",\"tr\",\"uk\",\"vi\"]"}
{"level":30,"time":"2025-04-24T12:59:35.195Z","msg":"spellcheck: setting languages to: [\"en-US\",\"en\"]"}
{"level":30,"time":"2025-04-24T12:59:35.196Z","msg":"MainSQL: updateSchema:\n  Current user_version: 1340;\n  Most recent db schema: 1340;\n  SQLite version: 3.46.1;\n  SQLCipher version: 4.6.1 community;\n  (deprecated) schema_version: 542;\n"}
{"level":30,"time":"2025-04-24T12:59:35.461Z","msg":"got fast theme-setting value system"}
{"level":30,"time":"2025-04-24T12:59:35.732Z","msg":"Updating BrowserWindow config: %s {\"maximized\":true,\"autoHideMenuBar\":false,\"fullscreen\":false,\"width\":1705,\"height\":1378,\"x\":0,\"y\":0}"}
{"level":30,"time":"2025-04-24T12:59:35.733Z","msg":"config/set: Saving ephemeral config to disk"}
{"level":30,"time":"2025-04-24T12:59:35.736Z","msg":"config/set: Saved ephemeral config to disk"}
{"level":30,"time":"2025-04-24T12:59:35.786Z","msg":"got fast spellcheck setting true"}
{"level":30,"time":"2025-04-24T12:59:35.790Z","msg":"System tray service: created"}
{"level":30,"time":"2025-04-24T12:59:35.790Z","msg":"System tray service: updating main window. Previously, there was not a window, and now there is"}
{"level":30,"time":"2025-04-24T12:59:35.790Z","msg":"System tray service: rendering no tray"}
{"level":30,"time":"2025-04-24T12:59:35.790Z","msg":"Begin ensuring permissions"}
{"level":30,"time":"2025-04-24T12:59:35.791Z","msg":"Ensuring file permissions for 4 files"}
{"level":30,"time":"2025-04-24T12:59:35.792Z","msg":"Finish ensuring permissions in 2ms"}
{"level":30,"time":"2025-04-24T12:59:35.795Z","msg":"main window is ready-to-show"}
{"level":30,"time":"2025-04-24T12:59:35.795Z","msg":"showing main window"}
{"level":30,"time":"2025-04-24T12:59:35.796Z","msg":"System tray service: rendering no tray"}
{"level":30,"time":"2025-04-24T12:59:35.994Z","msg":"MainSQL: slow query cleanupCallHistoryMessages duration=153ms"}
{"level":30,"time":"2025-04-24T12:59:36.140Z","msg":"Prevent display sleep service: allowing display sleep"}
{"level":30,"time":"2025-04-24T12:59:36.140Z","msg":"Background throttling enabled because no call is active"}
{"level":40,"time":"2025-04-24T12:59:36.143Z","msg":"OptionalResourceService: loaded emoji-index-en.json from disk"}
{"level":30,"time":"2025-04-24T12:59:36.320Z","msg":"MainSQL: markAllCallHistoryRead: Found conversation [REDACTED]c29"}
{"level":30,"time":"2025-04-24T12:59:36.320Z","msg":"MainSQL: markAllCallHistoryRead: Marking calls before 1745410305237 read"}
{"level":30,"time":"2025-04-24T12:59:36.399Z","msg":"MainSQL: slow query markAllCallHistoryReadInConversation duration=82ms"}
{"level":30,"time":"2025-04-24T12:59:36.436Z","msg":"MainSQL: getUnprocessedByIdsAndIncrementAttempts { totalIds: 30 }"}
{"level":30,"time":"2025-04-24T12:59:36.443Z","msg":"MainSQL: markAllCallHistoryRead: Found conversation [REDACTED]c29"}
{"level":30,"time":"2025-04-24T12:59:36.444Z","msg":"MainSQL: markAllCallHistoryRead: Marking calls before 1745410305237 read"}
{"level":30,"time":"2025-04-24T12:59:36.467Z","msg":"MainSQL: markAllCallHistoryRead: Found conversation [REDACTED]c29"}
{"level":30,"time":"2025-04-24T12:59:36.468Z","msg":"MainSQL: markAllCallHistoryRead: Marking calls before 1745410305237 read"}
{"level":30,"time":"2025-04-24T12:59:36.479Z","msg":"MainSQL: markAllCallHistoryRead: Found conversation [REDACTED]c29"}
{"level":30,"time":"2025-04-24T12:59:36.479Z","msg":"MainSQL: markAllCallHistoryRead: Marking calls before 1745410305237 read"}
{"level":30,"time":"2025-04-24T12:59:36.482Z","msg":"MainSQL: markAllCallHistoryRead: Found conversation [REDACTED]c29"}
{"level":30,"time":"2025-04-24T12:59:36.482Z","msg":"MainSQL: markAllCallHistoryRead: Marking calls before 1745410305237 read"}
{"level":30,"time":"2025-04-24T12:59:36.484Z","msg":"MainSQL: markAllCallHistoryRead: Found conversation [REDACTED]c29"}
{"level":30,"time":"2025-04-24T12:59:36.484Z","msg":"MainSQL: markAllCallHistoryRead: Marking calls before 1745410305237 read"}
{"level":30,"time":"2025-04-24T12:59:36.497Z","msg":"MainSQL: markAllCallHistoryRead: Found conversation [REDACTED]c29"}
{"level":30,"time":"2025-04-24T12:59:36.497Z","msg":"MainSQL: markAllCallHistoryRead: Marking calls before 1745410305237 read"}
{"level":30,"time":"2025-04-24T12:59:36.499Z","msg":"MainSQL: markAllCallHistoryRead: Found conversation [REDACTED]c29"}
{"level":30,"time":"2025-04-24T12:59:36.499Z","msg":"MainSQL: markAllCallHistoryRead: Marking calls before 1745410305237 read"}
{"level":30,"time":"2025-04-24T12:59:36.516Z","msg":"MainSQL: markAllCallHistoryRead: Found conversation [REDACTED]c29"}
{"level":30,"time":"2025-04-24T12:59:36.516Z","msg":"MainSQL: markAllCallHistoryRead: Marking calls before 1745410305237 read"}
{"level":30,"time":"2025-04-24T12:59:36.519Z","msg":"MainSQL: markAllCallHistoryRead: Found conversation [REDACTED]c29"}
{"level":30,"time":"2025-04-24T12:59:36.519Z","msg":"MainSQL: markAllCallHistoryRead: Marking calls before 1745410305237 read"}
{"level":30,"time":"2025-04-24T12:59:36.538Z","msg":"MainSQL: markAllCallHistoryRead: Found conversation [REDACTED]c29"}
{"level":30,"time":"2025-04-24T12:59:36.538Z","msg":"MainSQL: markAllCallHistoryRead: Marking calls before 1745410305237 read"}
{"level":30,"time":"2025-04-24T12:59:36.603Z","msg":"MainSQL: markAllCallHistoryRead: Found conversation [REDACTED]c29"}
{"level":30,"time":"2025-04-24T12:59:36.603Z","msg":"MainSQL: markAllCallHistoryRead: Marking calls before 1745410305237 read"}
{"level":30,"time":"2025-04-24T12:59:36.656Z","msg":"MainSQL: markAllCallHistoryRead: Found conversation [REDACTED]c29"}
{"level":30,"time":"2025-04-24T12:59:36.656Z","msg":"MainSQL: markAllCallHistoryRead: Marking calls before 1745410305237 read"}
{"level":30,"time":"2025-04-24T12:59:36.683Z","msg":"MainSQL: markAllCallHistoryRead: Found conversation [REDACTED]c29"}
{"level":30,"time":"2025-04-24T12:59:36.683Z","msg":"MainSQL: markAllCallHistoryRead: Marking calls before 1745410305237 read"}
{"level":30,"time":"2025-04-24T12:59:36.697Z","msg":"MainSQL: markAllCallHistoryRead: Found conversation [REDACTED]c29"}
{"level":30,"time":"2025-04-24T12:59:36.697Z","msg":"MainSQL: markAllCallHistoryRead: Marking calls before 1745410305237 read"}
{"level":30,"time":"2025-04-24T12:59:36.705Z","msg":"MainSQL: markAllCallHistoryRead: Found conversation [REDACTED]c29"}
{"level":30,"time":"2025-04-24T12:59:36.705Z","msg":"MainSQL: markAllCallHistoryRead: Marking calls before 1745410305237 read"}
{"level":30,"time":"2025-04-24T12:59:36.719Z","msg":"MainSQL: markAllCallHistoryRead: Found conversation [REDACTED]c29"}
{"level":30,"time":"2025-04-24T12:59:36.720Z","msg":"MainSQL: markAllCallHistoryRead: Marking calls before 1745410305237 read"}
{"level":30,"time":"2025-04-24T12:59:36.740Z","msg":"MainSQL: markAllCallHistoryRead: Found conversation [REDACTED]c29"}
{"level":30,"time":"2025-04-24T12:59:36.740Z","msg":"MainSQL: markAllCallHistoryRead: Marking calls before 1745410305237 read"}
{"level":30,"time":"2025-04-24T12:59:36.776Z","msg":"MainSQL: markAllCallHistoryRead: Found conversation [REDACTED]c29"}
{"level":30,"time":"2025-04-24T12:59:36.776Z","msg":"MainSQL: markAllCallHistoryRead: Marking calls before 1745410305237 read"}
{"level":30,"time":"2025-04-24T12:59:36.785Z","msg":"MainSQL: markAllCallHistoryRead: Found conversation [REDACTED]c29"}
{"level":30,"time":"2025-04-24T12:59:36.785Z","msg":"MainSQL: markAllCallHistoryRead: Marking calls before 1745410305237 read"}
{"level":30,"time":"2025-04-24T12:59:36.826Z","msg":"MainSQL: markAllCallHistoryRead: Found conversation [REDACTED]c29"}
{"level":30,"time":"2025-04-24T12:59:36.826Z","msg":"MainSQL: markAllCallHistoryRead: Marking calls before 1745410305237 read"}
{"level":30,"time":"2025-04-24T12:59:36.838Z","msg":"MainSQL: markAllCallHistoryRead: Found conversation [REDACTED]c29"}
{"level":30,"time":"2025-04-24T12:59:36.838Z","msg":"MainSQL: markAllCallHistoryRead: Marking calls before 1745410305237 read"}
{"level":30,"time":"2025-04-24T12:59:36.843Z","msg":"MainSQL: markAllCallHistoryRead: Found conversation [REDACTED]c29"}
{"level":30,"time":"2025-04-24T12:59:36.843Z","msg":"MainSQL: markAllCallHistoryRead: Marking calls before 1745410305237 read"}
{"level":30,"time":"2025-04-24T12:59:36.859Z","msg":"MainSQL: markAllCallHistoryRead: Found conversation [REDACTED]c29"}
{"level":30,"time":"2025-04-24T12:59:36.859Z","msg":"MainSQL: markAllCallHistoryRead: Marking calls before 1745410305237 read"}
{"level":30,"time":"2025-04-24T12:59:36.865Z","msg":"MainSQL: markAllCallHistoryRead: Found conversation [REDACTED]c29"}
{"level":30,"time":"2025-04-24T12:59:36.865Z","msg":"MainSQL: markAllCallHistoryRead: Marking calls before 1745410305237 read"}
{"level":30,"time":"2025-04-24T12:59:36.877Z","msg":"MainSQL: markAllCallHistoryRead: Found conversation [REDACTED]c29"}
{"level":30,"time":"2025-04-24T12:59:36.877Z","msg":"MainSQL: markAllCallHistoryRead: Marking calls before 1745410305237 read"}
{"level":30,"time":"2025-04-24T12:59:36.882Z","msg":"MainSQL: markAllCallHistoryRead: Found conversation [REDACTED]c29"}
{"level":30,"time":"2025-04-24T12:59:36.882Z","msg":"MainSQL: markAllCallHistoryRead: Marking calls before 1745410305237 read"}
{"level":30,"time":"2025-04-24T12:59:36.891Z","msg":"MainSQL: markAllCallHistoryRead: Found conversation [REDACTED]c29"}
{"level":30,"time":"2025-04-24T12:59:36.891Z","msg":"MainSQL: markAllCallHistoryRead: Marking calls before 1745410305237 read"}
{"level":30,"time":"2025-04-24T12:59:36.898Z","msg":"MainSQL: markAllCallHistoryRead: Found conversation [REDACTED]c29"}
{"level":30,"time":"2025-04-24T12:59:36.898Z","msg":"MainSQL: markAllCallHistoryRead: Marking calls before 1745410305237 read"}
{"level":30,"time":"2025-04-24T12:59:36.920Z","msg":"MainSQL: markAllCallHistoryRead: Found conversation [REDACTED]c29"}
{"level":30,"time":"2025-04-24T12:59:36.920Z","msg":"MainSQL: markAllCallHistoryRead: Marking calls before 1745410305237 read"}
{"level":30,"time":"2025-04-24T12:59:36.992Z","msg":"System tray service: setting unread count to 2"}
{"level":30,"time":"2025-04-24T12:59:36.992Z","msg":"System tray service: rendering no tray"}
{"level":30,"time":"2025-04-24T12:59:36.994Z","msg":"App loaded - time: 1832"}
{"level":30,"time":"2025-04-24T12:59:36.994Z","msg":"SQL init - time: 38"}
{"level":30,"time":"2025-04-24T12:59:36.994Z","msg":"Preload Compile - time: 116"}
{"level":30,"time":"2025-04-24T12:59:36.994Z","msg":"Preload - time: 312"}
{"level":30,"time":"2025-04-24T12:59:36.994Z","msg":"WebSocket connect - time: 373"}
{"level":30,"time":"2025-04-24T12:59:36.994Z","msg":"Processed count: 75"}
{"level":30,"time":"2025-04-24T12:59:36.994Z","msg":"Messages per second: 65.38796861377507"}
{"level":30,"time":"2025-04-24T12:59:36.994Z","msg":"Top 10 queries by cumulative duration (ms) over last 1795ms during 'App Load': markAllCallHistoryReadInConversation: cumulative 164.47 | average: 5.48 | max: 81.8 | count: 30 ||| cleanupCallHistoryMessages: cumulative 153.24 | average: 153.24 | max: 153.24 | count: 1 ||| saveMessage: cumulative 94.04 | average: 4.48 | max: 7.59 | count: 21 ||| saveMessages: cumulative 83.59 | average: 10.45 | max: 22.6 | count: 8 ||| removeSyncTaskById: cumulative 83.05 | average: 1.93 | max: 3.44 | count: 43 ||| saveSyncTasks: cumulative 75.88 | average: 1.9 | max: 3.57 | count: 40 ||| removeUnprocessed: cumulative 56.72 | average: 1.23 | max: 3.56 | count: 46 ||| getCallHistoryUnreadCount: cumulative 32.13 | average: 32.13 | max: 32.13 | count: 1 ||| getUnreadByConversationAndMarkRead: cumulative 20.06 | average: 2.23 | max: 13.05 | count: 9 ||| createOrUpdateItem: cumulative 19.66 | average: 2.46 | max: 4.37 | count: 8; Total cumulative duration of all SQL queries during this epoch: 893.54ms"}
{"level":30,"time":"2025-04-24T12:59:37.887Z","msg":"System tray service: setting unread count to 1"}
{"level":30,"time":"2025-04-24T12:59:37.887Z","msg":"System tray service: rendering no tray"}
{"level":30,"time":"2025-04-24T13:01:12.302Z","msg":"MainSQL: deleteSentProtoRecipient: Deleting proto payload for timestamp 1745499669837"}
{"level":30,"time":"2025-04-24T13:01:29.600Z","msg":"MainSQL: deleteSentProtoRecipient: Deleting proto payload for timestamp 1745499688088"}
{"level":50,"time":"2025-04-24T16:42:33.204Z","msg":"Error occurred in handler for 'net.resolveHost': {}"}
{"level":40,"time":"2025-04-24T16:42:36.177Z","msg":"MainSQL: markAllCallHistoryRead: Target call not found"}
{"level":30,"time":"2025-04-24T16:42:44.504Z","msg":"MainSQL: deleteSentProtoRecipient: Deleting proto payload for timestamp 1745512962503"}
{"level":30,"time":"2025-04-24T16:42:48.489Z","msg":"Updating BrowserWindow config: %s {\"maximized\":true,\"autoHideMenuBar\":false,\"fullscreen\":false,\"width\":3420,\"height\":1378,\"x\":0,\"y\":0}"}
{"level":30,"time":"2025-04-24T16:42:48.490Z","msg":"config/set: Saving ephemeral config to disk"}
{"level":30,"time":"2025-04-24T16:42:48.495Z","msg":"config/set: Saved ephemeral config to disk"}
{"level":30,"time":"2025-04-24T16:51:46.425Z","msg":"close event {\"readyForShutdown\":false,\"shouldQuit\":false}"}
{"level":30,"time":"2025-04-24T16:51:46.425Z","msg":"maybeRequestCloseConfirmation: Checking to see if close confirmation is needed"}
{"level":30,"time":"2025-04-24T16:51:46.426Z","msg":"maybeRequestCloseConfirmation: Response received"}
{"level":30,"time":"2025-04-24T16:51:46.428Z","msg":"System tray service: rendering no tray"}
{"level":30,"time":"2025-04-24T16:51:46.428Z","msg":"requestShutdown: Requesting close of mainWindow..."}
{"level":30,"time":"2025-04-24T16:51:46.439Z","msg":"requestShutdown: Response received"}
{"level":30,"time":"2025-04-24T16:51:46.455Z","msg":"before-quit event {\"readyForShutdown\":true,\"shouldQuit\":false,\"hasEventBeenPrevented\":false,\"windowCount\":1,\"mainWindowExists\":true,\"mainWindowIsFullScreen\":false}"}
{"level":30,"time":"2025-04-24T16:51:46.455Z","msg":"System tray service: markShouldQuit"}
{"level":30,"time":"2025-04-24T16:51:46.455Z","msg":"close event {\"readyForShutdown\":true,\"shouldQuit\":true}"}
{"level":30,"time":"2025-04-24T16:51:46.459Z","msg":"main window closed event"}
{"level":30,"time":"2025-04-24T16:51:46.459Z","msg":"System tray service: updating main window. Previously, there was a window, and now there is not"}
{"level":30,"time":"2025-04-24T16:51:46.459Z","msg":"System tray service: rendering no tray"}
{"level":30,"time":"2025-04-24T16:51:46.459Z","msg":"will-quit event {\"hasEventBeenPrevented\":false,\"windowCount\":0,\"mainWindowExists\":false}"}
{"level":30,"time":"2025-04-24T16:51:46.459Z","msg":"quit event {\"hasEventBeenPrevented\":false,\"windowCount\":0,\"mainWindowExists\":false}"}
