2025-04-11 20:59:18.784 [info] Reading sessions from keychain...
2025-04-11 20:59:18.784 [info] Getting sessions for all scopes...
2025-04-11 20:59:18.784 [info] Getting sessions for all scopes...
2025-04-11 20:59:18.784 [info] Got 0 sessions for ...
2025-04-11 20:59:18.784 [info] Got 0 sessions for ...
2025-04-11 20:59:18.784 [info] Getting sessions for read:user,repo,user:email,workflow...
2025-04-11 20:59:18.784 [info] Got 0 sessions for read:user,repo,user:email,workflow...
2025-04-11 20:59:20.752 [info] Getting sessions for all scopes...
2025-04-11 20:59:20.752 [info] Got 0 sessions for ...
2025-04-11 20:59:20.785 [info] Getting sessions for all scopes...
2025-04-11 20:59:20.785 [info] Got 0 sessions for ...
2025-04-11 21:26:50.261 [info] Getting sessions for read:user,repo,user:email,workflow...
2025-04-11 21:26:50.261 [info] Got 0 sessions for read:user,repo,user:email,workflow...
2025-04-11 21:26:50.363 [info] Getting sessions for read:user,repo,user:email,workflow...
2025-04-11 21:26:50.363 [info] Got 0 sessions for read:user,repo,user:email,workflow...
2025-04-11 21:26:50.473 [info] Getting sessions for read:user,repo,user:email,workflow...
2025-04-11 21:26:50.473 [info] Got 0 sessions for read:user,repo,user:email,workflow...
2025-04-11 21:26:50.580 [info] Getting sessions for read:user,repo,user:email,workflow...
2025-04-11 21:26:50.580 [info] Got 0 sessions for read:user,repo,user:email,workflow...
2025-04-11 21:26:50.663 [info] Getting sessions for read:user,repo,user:email,workflow...
2025-04-11 21:26:50.663 [info] Got 0 sessions for read:user,repo,user:email,workflow...
2025-04-11 21:26:50.768 [info] Getting sessions for read:user,repo,user:email,workflow...
2025-04-11 21:26:50.768 [info] Got 0 sessions for read:user,repo,user:email,workflow...
2025-04-11 21:26:50.901 [info] Getting sessions for read:user,repo,user:email,workflow...
2025-04-11 21:26:50.901 [info] Got 0 sessions for read:user,repo,user:email,workflow...
2025-04-11 21:26:50.975 [info] Getting sessions for read:user,repo,user:email,workflow...
2025-04-11 21:26:50.975 [info] Got 0 sessions for read:user,repo,user:email,workflow...
2025-04-11 21:26:51.077 [info] Getting sessions for read:user,repo,user:email,workflow...
2025-04-11 21:26:51.077 [info] Got 0 sessions for read:user,repo,user:email,workflow...
2025-04-11 21:26:51.122 [info] Getting sessions for read:user,repo,user:email,workflow...
2025-04-11 21:26:51.122 [info] Got 0 sessions for read:user,repo,user:email,workflow...
2025-04-11 21:26:51.172 [info] Getting sessions for read:user,repo,user:email,workflow...
2025-04-11 21:26:51.172 [info] Got 0 sessions for read:user,repo,user:email,workflow...
2025-04-11 21:26:51.249 [info] Getting sessions for read:user,repo,user:email,workflow...
2025-04-11 21:26:51.249 [info] Got 0 sessions for read:user,repo,user:email,workflow...
2025-04-11 21:26:51.327 [info] Getting sessions for read:user,repo,user:email,workflow...
2025-04-11 21:26:51.327 [info] Got 0 sessions for read:user,repo,user:email,workflow...
2025-04-11 21:26:51.409 [info] Getting sessions for read:user,repo,user:email,workflow...
2025-04-11 21:26:51.409 [info] Got 0 sessions for read:user,repo,user:email,workflow...
2025-04-11 21:26:51.484 [info] Getting sessions for read:user,repo,user:email,workflow...
2025-04-11 21:26:51.484 [info] Got 0 sessions for read:user,repo,user:email,workflow...
2025-04-11 21:26:51.575 [info] Getting sessions for read:user,repo,user:email,workflow...
2025-04-11 21:26:51.575 [info] Got 0 sessions for read:user,repo,user:email,workflow...
2025-04-11 21:26:51.688 [info] Getting sessions for read:user,repo,user:email,workflow...
2025-04-11 21:26:51.688 [info] Got 0 sessions for read:user,repo,user:email,workflow...
2025-04-11 21:26:51.750 [info] Getting sessions for read:user,repo,user:email,workflow...
2025-04-11 21:26:51.750 [info] Got 0 sessions for read:user,repo,user:email,workflow...
2025-04-11 21:26:51.797 [info] Getting sessions for read:user,repo,user:email,workflow...
2025-04-11 21:26:51.797 [info] Got 0 sessions for read:user,repo,user:email,workflow...
2025-04-11 21:45:16.784 [info] Getting sessions for read:user,repo,user:email,workflow...
2025-04-11 21:45:16.784 [info] Got 0 sessions for read:user,repo,user:email,workflow...
2025-04-12 02:01:33.477 [info] Getting sessions for read:user,repo,user:email,workflow...
2025-04-12 02:01:33.477 [info] Got 0 sessions for read:user,repo,user:email,workflow...
