2025-04-22 01:10:16.483 [info] [main] Log level: Info
2025-04-22 01:10:16.483 [info] [main] Validating found git in: "git"
2025-04-22 01:10:16.483 [info] [main] Using git "2.49.0" from "git"
2025-04-22 01:10:16.483 [info] [Model][doInitialScan] Initial repository scan started
2025-04-22 01:10:16.483 [info] [Model][doInitialScan] Initial repository scan completed - repositories (0), closed repositories (0), parent repositories (0), unsafe repositories (0)
2025-04-22 01:10:42.303 [info] [main] Log level: Info
2025-04-22 01:10:42.303 [info] [main] Validating found git in: "git"
2025-04-22 01:10:42.303 [info] [main] Using git "2.49.0" from "git"
2025-04-22 01:10:42.303 [info] [Model][doInitialScan] Initial repository scan started
2025-04-22 01:10:42.303 [info] > git rev-parse --show-toplevel [8ms]
2025-04-22 01:10:42.310 [info] > git rev-parse --git-dir --git-common-dir [1ms]
2025-04-22 01:10:42.315 [info] [Model][openRepository] Opened repository: /home/rifle/bema-next
2025-04-22 01:10:42.321 [info] > git rev-parse --show-toplevel [1ms]
2025-04-22 01:10:42.321 [info] > git config --get commit.template [3ms]
2025-04-22 01:10:42.326 [info] > git rev-parse --show-toplevel [2ms]
2025-04-22 01:10:42.329 [info] > git for-each-ref --format=%(refname)%00%(upstream:short)%00%(objectname)%00%(upstream:track)%00%(upstream:remotename)%00%(upstream:remoteref) refs/heads/master refs/remotes/master [3ms]
2025-04-22 01:10:42.331 [warning] [Git][revParse] Unable to read file: ENOENT: no such file or directory, open '/home/rifle/bema-next/.git/refs/remotes/origin/master'
2025-04-22 01:10:42.331 [info] > git rev-parse --show-toplevel [2ms]
2025-04-22 01:10:42.334 [info] > git rev-parse refs/remotes/origin/master [3ms]
2025-04-22 01:10:42.339 [info] > git status -z -uall [3ms]
2025-04-22 01:10:42.339 [info] > git rev-parse --show-toplevel [6ms]
2025-04-22 01:10:42.341 [info] > git for-each-ref --sort -committerdate --format %(refname)%00%(objectname)%00%(*objectname) [3ms]
2025-04-22 01:10:42.364 [info] > git for-each-ref --format=%(refname)%00%(upstream:short)%00%(objectname)%00%(upstream:track)%00%(upstream:remotename)%00%(upstream:remoteref) refs/heads/master refs/remotes/master [14ms]
2025-04-22 01:10:42.367 [info] > git rev-parse --show-toplevel [26ms]
2025-04-22 01:10:42.375 [info] > git config --get --local branch.master.vscode-merge-base [8ms]
2025-04-22 01:10:42.378 [info] > git config --get commit.template [25ms]
2025-04-22 01:10:42.383 [info] > git for-each-ref --format=%(refname)%00%(upstream:short)%00%(objectname)%00%(upstream:track)%00%(upstream:remotename)%00%(upstream:remoteref) refs/heads/origin/master refs/remotes/origin/master [5ms]
2025-04-22 01:10:42.386 [info] > git rev-parse --show-toplevel [15ms]
2025-04-22 01:10:42.387 [info] [Model][doInitialScan] Initial repository scan completed - repositories (1), closed repositories (0), parent repositories (0), unsafe repositories (0)
2025-04-22 01:10:42.406 [info] > git merge-base refs/heads/master refs/remotes/origin/master [20ms]
2025-04-22 01:10:42.411 [info] > git diff --name-status -z --diff-filter=ADMR 8a66f8282e06330b6809ffc02b9f8ea34aedb246...refs/remotes/origin/master [2ms]
2025-04-22 01:10:42.411 [info] > git for-each-ref --format=%(refname)%00%(upstream:short)%00%(objectname)%00%(upstream:track)%00%(upstream:remotename)%00%(upstream:remoteref) refs/heads/master refs/remotes/master [5ms]
2025-04-22 01:10:42.415 [warning] [Git][revParse] Unable to read file: ENOENT: no such file or directory, open '/home/rifle/bema-next/.git/refs/remotes/origin/master'
2025-04-22 01:10:42.417 [info] > git rev-parse refs/remotes/origin/master [2ms]
2025-04-22 01:10:42.422 [info] > git status -z -uall [3ms]
2025-04-22 01:10:42.422 [info] > git for-each-ref --sort -committerdate --format %(refname)%00%(objectname)%00%(*objectname) [0ms]
2025-04-22 01:10:42.732 [info] > git show --textconv :src/app/[locale]/(main)/test/page.tsx [3ms]
2025-04-22 01:10:42.732 [info] > git ls-files --stage -- src/app/[locale]/(main)/test/page.tsx [0ms]
2025-04-22 01:10:42.735 [info] > git cat-file -s bdae5b3ddf0b8519dc76d1d15b2c7e8c3f06437f [1ms]
2025-04-22 01:10:42.775 [info] > git blame --root --incremental 8a66f8282e06330b6809ffc02b9f8ea34aedb246 -- src/app/[locale]/(main)/test/page.tsx [2ms]
2025-04-22 01:10:42.831 [info] > git check-ignore -v -z --stdin [1ms]
