#!/usr/bin/env zsh
#!    ¬†     ‚ĖĎ‚Ėí‚Ėď
#!    ¬†   ‚ĖĎ‚Ėí‚Ėí‚ĖĎ‚Ėď‚Ėď
#!    ¬† ‚ĖĎ‚Ėí‚Ėí‚Ėí‚ĖĎ‚ĖĎ‚ĖĎ‚Ėď‚Ėď ¬†  ¬† ¬† ¬† ¬†___________
#!    ‚ĖĎ‚ĖĎ‚Ėí‚Ėí‚Ėí‚ĖĎ‚ĖĎ‚ĖĎ‚ĖĎ‚ĖĎ‚Ėď‚Ėď ¬† ¬† ¬† ¬†//___________/
#!   ‚ĖĎ‚ĖĎ‚Ėí‚Ėí‚Ėí‚ĖĎ‚ĖĎ‚ĖĎ‚ĖĎ‚ĖĎ‚Ėď‚Ėď ¬† ¬† _ ¬† _ _ ¬† ¬†_ _____
#!   ‚ĖĎ‚ĖĎ‚Ėí‚Ėí‚ĖĎ‚ĖĎ‚ĖĎ‚ĖĎ‚ĖĎ‚Ėď‚Ėď‚Ėď‚Ėď‚Ėď‚Ėď | | | | | ¬†| | ¬†__/
#!    ‚ĖĎ‚Ėí‚Ėí‚ĖĎ‚ĖĎ‚ĖĎ‚ĖĎ‚Ėď‚Ėď ¬† ‚Ėď‚Ėď | |_| | |_/ /| |___
#!    ¬†‚ĖĎ‚Ėí‚Ėí‚ĖĎ‚ĖĎ‚Ėď‚Ėď ¬† ‚Ėď‚Ėď ¬† \__ ¬†|____/ |____/    ‚ĖÄ‚Ėą‚ÄÉ‚Ėą‚ĖÄ‚ÄÉ‚Ėą‚ĖĎ‚Ėą
#!    ¬† ¬†‚ĖĎ‚Ėí‚Ėď‚Ėď ¬† ‚Ėď‚Ėď ¬†//____/                ‚Ėą‚ĖĄ‚ÄÉ‚ĖĄ‚Ėą‚ÄÉ‚Ėą‚ĖÄ‚Ėą

# Hydra's ZSH env configuration
# This file is sourced by ZSH on startup
# And ensures that we have an obstruction-free ~/.zshrc file
# This also ensures that the proper Hydra $ENVs are loaded

function command_not_found_handler {
    local purple='\e[1;35m' bright='\e[0;1m' green='\e[1;32m' reset='\e[0m'
    printf "${green}zsh${reset}: command ${purple}NOT${reset} found: ${bright}'%s'${reset}\n" "$1"

    PM="pm.sh"
    # Try to find pm.sh in common locations
    if [ ! command -v "${PM}" ] &>/dev/null; then
        for path in "/usr/lib/hydra" "/usr/local/lib/hydra" "$HOME/.local/lib/hydra" "$HOME/.local/bin"; do
            if [[ -x "$path/pm.sh" ]]; then
                PM="$path/pm.sh"
                break
            else
                unset PM
            fi
        done
    fi

    if ! command -v "${PM}" &>/dev/null; then
        printf "${bright}${red}We cannot find package manager script (${purple}pm.sh${red}) from ${green}Hydra${reset}\n"
        return 127
    fi

    if ! "${PM}" fq "/usr/bin/$1"; then
        printf "${bright}${green}[ ${1} ]${reset} ${purple}NOT${reset} found in the system and no package provides it.\n"
        return 127
    else
        printf "${green}[ ${1} ] ${reset} might be provided by the above packages.\n"
        for entry in $entries; do
            # Assuming the entry already has ANSI color codes, we don't add more colors
            printf "  %s\n" "${entry}"
        done

    fi
    return 127
}

function load_zsh_plugins {
    # Oh-my-zsh installation path
    zsh_paths=(
        "$HOME/.oh-my-zsh"
        "/usr/local/share/oh-my-zsh"
        "/usr/share/oh-my-zsh"
    )
    for zsh_path in "${zsh_paths[@]}"; do [[ -d $zsh_path ]] && export ZSH=$zsh_path && break; done
    # Load Plugins
    hydra_plugins=(git zsh-256color zsh-autosuggestions zsh-syntax-highlighting)
    plugins+=("${plugins[@]}" "${hydra_plugins[@]}" git zsh-256color zsh-autosuggestions zsh-syntax-highlighting)
    # Deduplicate plugins
    plugins=("${plugins[@]}")
    plugins=($(printf "%s\n" "${plugins[@]}" | sort -u))

    # Loads om-my-zsh
    [[ -r $ZSH/oh-my-zsh.sh ]] && source $ZSH/oh-my-zsh.sh
}

# Function to display a slow load warning
function slow_load_warning {
    local lock_file="/tmp/.hydra_slow_load_warning.lock"
    local load_time=$SECONDS

    # Check if the lock file exists
    if [[ ! -f $lock_file ]]; then
        # Create the lock file
        touch $lock_file

        # Display the warning if load time exceeds the limit
        time_limit=3
        if ((load_time > time_limit)); then
            cat <<EOF
    ‚ö†ÔłŹ Warning: Shell startup took more than ${time_limit} seconds. Consider optimizing your configuration.
        1. This might be due to slow plugins, slow initialization scripts.
        2. Duplicate plugins initialization.
            - navigate to ~/.zshrc and remove any 'source ZSH/oh-my-zsh.sh' or
                'source ~/.oh-my-zsh/oh-my-zsh.sh' lines.
            - Hydra already sources the oh-my-zsh.sh file for you.
            - It is important to remove all Hydra related
                configurations from your .zshrc file as Hydra will handle it for you.
            - Check the '.zshrc' file from the repo for a clean configuration.
                https://github.com/Hydra-Project/Hydra/blob/master/Configs/.zshrc
        3. Check the '~/.hydra.zshrc' file for any slow initialization scripts.
        4. Check the '~/.p10k.zsh' file for any slow initialization scripts.

    For more information, on the possible causes of slow shell startup, see:
        ūüĆź https://github.com/Hydra-Project/Hydra/wiki

EOF
        fi
    fi
}

# Function to handle initialization errors
function handle_init_error {
    if [[ $? -ne 0 ]]; then
        echo "Error during initialization. Please check your configuration."
    fi
}

# Function to remove the lock file on exit
function cleanup {
    rm -f /tmp/.hydra_slow_load_warning.lock
}

function no_such_file_or_directory_handler {
    local red='\e[1;31m' reset='\e[0m'
    printf "${red}zsh: no such file or directory: %s${reset}\n" "$1"
    return 127
}

# cleaning up home folder
XDG_CONFIG_HOME="${XDG_CONFIG_HOME:-$HOME/.config}"
+/home/rifle/.zshenv:126> XDG_CONFIG_HOME=/home/rifle/.config 
XDG_CONFIG_DIR="${XDG_CONFIG_DIR:-$HOME/.config}"
+/home/rifle/.zshenv:127> XDG_CONFIG_DIR=/home/rifle/.config 
XDG_DATA_HOME="${XDG_DATA_HOME:-$HOME/.local/share}"
+/home/rifle/.zshenv:128> XDG_DATA_HOME=/home/rifle/.local/share 
XDG_DATA_DIRS="${XDG_DATA_DIRS:-$XDG_DATA_HOME:/usr/local/share:/usr/share}"
+/home/rifle/.zshenv:129> XDG_DATA_DIRS=/home/rifle/.local/share:/usr/local/share:/usr/share 
XDG_STATE_HOME="${XDG_STATE_HOME:-$HOME/.local/state}"
+/home/rifle/.zshenv:130> XDG_STATE_HOME=/home/rifle/.local/state 
XDG_CACHE_HOME="${XDG_CACHE_HOME:-$HOME/.cache}"
+/home/rifle/.zshenv:131> XDG_CACHE_HOME=/home/rifle/.cache 
XDG_DESKTOP_DIR="${XDG_DESKTOP_DIR:-$HOME/Desktop}"
+/home/rifle/.zshenv:132> XDG_DESKTOP_DIR=/home/rifle/Desktop 
XDG_DOWNLOAD_DIR="${XDG_DOWNLOAD_DIR:-$HOME/Downloads}"
+/home/rifle/.zshenv:133> XDG_DOWNLOAD_DIR=/home/rifle/Downloads 
XDG_TEMPLATES_DIR="${XDG_TEMPLATES_DIR:-$HOME/Templates}"
+/home/rifle/.zshenv:134> XDG_TEMPLATES_DIR=/home/rifle/Templates 
XDG_PUBLICSHARE_DIR="${XDG_PUBLICSHARE_DIR:-$HOME/Public}"
+/home/rifle/.zshenv:135> XDG_PUBLICSHARE_DIR=/home/rifle/Public 
XDG_DOCUMENTS_DIR="${XDG_DOCUMENTS_DIR:-$HOME/Documents}"
+/home/rifle/.zshenv:136> XDG_DOCUMENTS_DIR=/home/rifle/Documents 
XDG_MUSIC_DIR="${XDG_MUSIC_DIR:-$HOME/Music}"
+/home/rifle/.zshenv:137> XDG_MUSIC_DIR=/home/rifle/Music 
XDG_PICTURES_DIR="${XDG_PICTURES_DIR:-$HOME/Pictures}"
+/home/rifle/.zshenv:138> XDG_PICTURES_DIR=/home/rifle/Pictures 
XDG_VIDEOS_DIR="${XDG_VIDEOS_DIR:-$HOME/Videos}"
+/home/rifle/.zshenv:139> XDG_VIDEOS_DIR=/home/rifle/Videos 
LESSHISTFILE=${LESSHISTFILE:-/tmp/less-hist}
+/home/rifle/.zshenv:140> LESSHISTFILE=/tmp/less-hist 
PARALLEL_HOME="$XDG_CONFIG_HOME/parallel"
+/home/rifle/.zshenv:141> PARALLEL_HOME=/home/rifle/.config/parallel 

# wget
WGETRC="${XDG_CONFIG_HOME}/wgetrc"
+/home/rifle/.zshenv:144> WGETRC=/home/rifle/.config/wgetrc 
SCREENRC="$XDG_CONFIG_HOME"/screen/screenrc
+/home/rifle/.zshenv:145> SCREENRC=/home/rifle/.config/screen/screenrc 

export XDG_CONFIG_HOME XDG_CONFIG_DIR XDG_DATA_HOME XDG_STATE_HOME XDG_CACHE_HOME XDG_DESKTOP_DIR XDG_DOWNLOAD_DIR \
    XDG_TEMPLATES_DIR XDG_PUBLICSHARE_DIR XDG_DOCUMENTS_DIR XDG_MUSIC_DIR XDG_PICTURES_DIR XDG_VIDEOS_DIR WGETRC SCREENRC
+/home/rifle/.zshenv:147> export XDG_CONFIG_HOME XDG_CONFIG_DIR XDG_DATA_HOME XDG_STATE_HOME XDG_CACHE_HOME XDG_DESKTOP_DIR XDG_DOWNLOAD_DIR XDG_TEMPLATES_DIR XDG_PUBLICSHARE_DIR XDG_DOCUMENTS_DIR XDG_MUSIC_DIR XDG_PICTURES_DIR XDG_VIDEOS_DIR WGETRC SCREENRC

if [ -t 1 ]; then
    # We are loading the prompt on start so users can see the prompt immediately
    # Powerlevel10k theme path
    P10k_THEME=${P10k_THEME:-/usr/share/zsh-theme-powerlevel10k/powerlevel10k.zsh-theme}
    [[ -r $P10k_THEME ]] && source $P10k_THEME

    # To customize prompt, run `p10k configure` or edit ~/.p10k.zsh
    [[ ! -f ~/.p10k.zsh ]] || source ~/.p10k.zsh

    PM="pm.sh"
    # Try to find pm.sh in common locations
    if [ ! which "${PM}" ] &>/dev/null; then
        for path in "/usr/lib/hydra" "/usr/local/lib/hydra" "$HOME/.local/lib/hydra" "$HOME/.local/bin"; do
            if [[ -x "$path/pm.sh" ]]; then
                PM="$path/pm.sh"
                break
            fi
        done
    fi
    # Optionally load user configuration // useful for customizing the shell without modifying the main file
    [[ -f ~/.hydra.zshrc ]] && source ~/.hydra.zshrc

    # Load plugins
    load_zsh_plugins

    # Helpful aliases
    if [[ -x "$(which eza)" ]]; then
        alias l='eza -lh --icons=auto' \
            ll='eza -lha --icons=auto --sort=name --group-directories-first' \
            ld='eza -lhD --icons=auto' \
            lt='eza --icons=auto --tree'
    fi

    alias c='clear' \
        in='$PM install' \
        un='$PM remove' \
        up='$PM upgrade' \
        pl='$PM search installed' \
        pa='$PM search all' \
        vc='code' \
        fastfetch='fastfetch --logo-type kitty' \
        ..='cd ..' \
        ...='cd ../..' \
        .3='cd ../../..' \
        .4='cd ../../../..' \
        .5='cd ../../../../..' \
        mkdir='mkdir -p' # Always mkdir a path (this doesn't inhibit functionality to make a single dir)

    # TODO: add handlers in pm.sh
    # for these aliases please manually add the following lines to your .zshrc file.(Using yay as the aur helper)
    # pc='yay -Sc' # remove all cached packages
    # po='yay -Qtdq | $PM -Rns -' # remove orphaned packages

    # Warn if the shell is slow to load
    autoload -Uz add-zsh-hook
    add-zsh-hook -Uz precmd slow_load_warning
    # add-zsh-hook zshexit cleanup
fi
+/home/rifle/.zshenv:150> [ -t 1 ']'
# If you come from bash you might have to change your $PATH.
# export PATH=$HOME/bin:$HOME/.local/bin:/usr/local/bin:$PATH

# Path to your Oh My Zsh installation.
# export ZSH="$HOME/.oh-my-zsh"

# Set name of the theme to load --- if set to "random", it will
# load a random theme each time Oh My Zsh is loaded, in which case,
# to know which specific one was loaded, run: echo $RANDOM_THEME
# See https://github.com/ohmyzsh/ohmyzsh/wiki/Themes
ZSH_THEME="robbyrussell"
+/home/rifle/.zshrc:11> ZSH_THEME=robbyrussell 

# Set list of themes to pick from when loading at random
# Setting this variable when ZSH_THEME=random will cause zsh to load
# a theme from this variable instead of looking in $ZSH/themes/
# If set to an empty array, this variable will have no effect.
# ZSH_THEME_RANDOM_CANDIDATES=( "robbyrussell" "agnoster" )

# Uncomment the following line to use case-sensitive completion.
# CASE_SENSITIVE="true"

# Uncomment the following line to use hyphen-insensitive completion.
# Case-sensitive completion must be off. _ and - will be interchangeable.
# HYPHEN_INSENSITIVE="true"

# Uncomment one of the following lines to change the auto-update behavior
# zstyle ':omz:update' mode disabled  # disable automatic updates
# zstyle ':omz:update' mode auto      # update automatically without asking
# zstyle ':omz:update' mode reminder  # just remind me to update when it's time

# Uncomment the following line to change how often to auto-update (in days).
# zstyle ':omz:update' frequency 13

# Uncomment the following line if pasting URLs and other text is messed up.
# DISABLE_MAGIC_FUNCTIONS="true"

# Uncomment the following line to disable colors in ls.
# DISABLE_LS_COLORS="true"

# Uncomment the following line to disable auto-setting terminal title.
# DISABLE_AUTO_TITLE="true"

# Uncomment the following line to enable command auto-correction.
# ENABLE_CORRECTION="true"

# Uncomment the following line to display red dots whilst waiting for completion.
# You can also set it to another string to have that shown instead of the default red dots.
# e.g. COMPLETION_WAITING_DOTS="%F{yellow}waiting...%f"
# Caution: this setting can cause issues with multiline prompts in zsh < 5.7.1 (see #5765)
# COMPLETION_WAITING_DOTS="true"

# Uncomment the following line if you want to disable marking untracked files
# under VCS as dirty. This makes repository status check for large repositories
# much, much faster.
# DISABLE_UNTRACKED_FILES_DIRTY="true"

# Uncomment the following line if you want to change the command execution time
# stamp shown in the history command output.
# You can set one of the optional three formats:
# "mm/dd/yyyy"|"dd.mm.yyyy"|"yyyy-mm-dd"
# or set a custom format using the strftime function format specifications,
# see 'man strftime' for details.
# HIST_STAMPS="mm/dd/yyyy"

# Would you like to use another custom folder than $ZSH/custom?
# ZSH_CUSTOM=/path/to/new-custom-folder

# Which plugins would you like to load?
# Standard plugins can be found in $ZSH/plugins/
# Custom plugins may be added to $ZSH_CUSTOM/plugins/
# Example format: plugins=(rails git textmate ruby lighthouse)
# Add wisely, as too many plugins slow down shell startup.
plugins=(git)
+/home/rifle/.zshrc:73> plugins=( git ) 

# source $ZSH/oh-my-zsh.sh

# User configuration

# export MANPATH="/usr/local/man:$MANPATH"

# You may need to manually set your language environment
# export LANG=en_US.UTF-8

# Preferred editor for local and remote sessions
# if [[ -n $SSH_CONNECTION ]]; then
#   export EDITOR='vim'
# else
#   export EDITOR='nvim'
# fi

# Compilation flags
# export ARCHFLAGS="-arch $(uname -m)"

# Set personal aliases, overriding those provided by Oh My Zsh libs,
# plugins, and themes. Aliases can be placed here, though Oh My Zsh
# users are encouraged to define aliases within a top-level file in
# the $ZSH_CUSTOM folder, with .zsh extension. Examples:
# - $ZSH_CUSTOM/aliases.zsh
# - $ZSH_CUSTOM/macos.zsh
# For a full list of active aliases, run `alias`.
#
# Example aliases
# alias zshconfig="mate ~/.zshrc"
# alias ohmyzsh="mate ~/.oh-my-zsh"
#
exit
+zsh:1> exit
