2025-04-12 11:42:00.954 [info] Extension host with pid 97155 started
2025-04-12 11:42:00.954 [info] Skipping acquiring lock for /home/rifle/.config/VSCodium/User/workspaceStorage/d21eb17f5847b35f2e03240e9408938a.
2025-04-12 11:42:00.966 [info] ExtensionService#_doActivateExtension vscode.git-base, startup: true, activationEvent: '*', root cause: vscode.git
2025-04-12 11:42:00.996 [info] ExtensionService#_doActivateExtension vscode.git, startup: true, activationEvent: '*'
2025-04-12 11:42:01.025 [info] ExtensionService#_doActivateExtension vscode.github, startup: true, activationEvent: '*'
2025-04-12 11:42:01.051 [info] Eager extensions activated
2025-04-12 11:42:01.058 [info] ExtensionService#_doActivateExtension vscode.debug-auto-launch, startup: false, activationEvent: 'onStartupFinished'
2025-04-12 11:42:01.059 [info] ExtensionService#_doActivateExtension vscode.merge-conflict, startup: false, activationEvent: 'onStartupFinished'
2025-04-12 11:42:15.910 [info] Extension host terminating: renderer closed the MessagePort
2025-04-12 11:42:15.911 [info] Extension host with pid 97155 exiting with code 0
2025-04-12 11:42:16.393 [info] Extension host with pid 97345 started
2025-04-12 11:42:16.393 [info] Skipping acquiring lock for /home/rifle/.config/VSCodium/User/workspaceStorage/911d93a4c755317f98242e68be1e83bd.
2025-04-12 11:42:16.409 [info] ExtensionService#_doActivateExtension vscode.emmet, startup: false, activationEvent: 'onLanguage'
2025-04-12 11:42:16.436 [info] ExtensionService#_doActivateExtension vscode.git-base, startup: true, activationEvent: '*', root cause: vscode.git
2025-04-12 11:42:16.438 [info] ExtensionService#_doActivateExtension vscode.git, startup: true, activationEvent: '*'
2025-04-12 11:42:16.471 [info] ExtensionService#_doActivateExtension vscode.github, startup: true, activationEvent: '*'
2025-04-12 11:42:16.506 [info] Eager extensions activated
2025-04-12 11:42:16.516 [info] ExtensionService#_doActivateExtension vscode.debug-auto-launch, startup: false, activationEvent: 'onStartupFinished'
2025-04-12 11:42:16.517 [info] ExtensionService#_doActivateExtension vscode.merge-conflict, startup: false, activationEvent: 'onStartupFinished'
2025-04-12 11:42:16.663 [info] ExtensionService#_doActivateExtension vscode.github-authentication, startup: false, activationEvent: 'onAuthenticationRequest:github'
