2025-04-23 19:17:21.839 [info] [main] Log level: Info
2025-04-23 19:17:21.839 [info] [main] Validating found git in: "git"
2025-04-23 19:17:21.839 [info] [main] Using git "2.49.0" from "git"
2025-04-23 19:17:21.839 [info] [Model][doInitialScan] Initial repository scan started
2025-04-23 19:17:21.839 [info] > git rev-parse --show-toplevel [39ms]
2025-04-23 19:17:21.839 [info] fatal: not a git repository (or any of the parent directories): .git
2025-04-23 19:17:21.839 [info] > git rev-parse --show-toplevel [3ms]
2025-04-23 19:17:21.839 [info] fatal: not a git repository (or any of the parent directories): .git
2025-04-23 19:17:21.839 [info] > git rev-parse --show-toplevel [5ms]
2025-04-23 19:17:21.839 [info] fatal: not a git repository (or any of the parent directories): .git
2025-04-23 19:17:21.843 [info] > git rev-parse --show-toplevel [1ms]
2025-04-23 19:17:21.843 [info] fatal: not a git repository (or any of the parent directories): .git
2025-04-23 19:17:21.845 [info] > git rev-parse --show-toplevel [0ms]
2025-04-23 19:17:21.845 [info] fatal: not a git repository (or any of the parent directories): .git
2025-04-23 19:17:21.848 [info] > git rev-parse --show-toplevel [1ms]
2025-04-23 19:17:21.848 [info] fatal: not a git repository (or any of the parent directories): .git
2025-04-23 19:17:21.850 [info] > git rev-parse --show-toplevel [0ms]
2025-04-23 19:17:21.850 [info] fatal: not a git repository (or any of the parent directories): .git
2025-04-23 19:17:21.852 [info] > git rev-parse --show-toplevel [0ms]
2025-04-23 19:17:21.852 [info] fatal: not a git repository (or any of the parent directories): .git
2025-04-23 19:17:21.855 [info] > git rev-parse --show-toplevel [1ms]
2025-04-23 19:17:21.855 [info] fatal: not a git repository (or any of the parent directories): .git
2025-04-23 19:17:21.857 [info] > git rev-parse --show-toplevel [0ms]
2025-04-23 19:17:21.857 [info] fatal: not a git repository (or any of the parent directories): .git
2025-04-23 19:17:21.860 [info] > git rev-parse --show-toplevel [1ms]
2025-04-23 19:17:21.860 [info] fatal: not a git repository (or any of the parent directories): .git
2025-04-23 19:17:21.862 [info] > git rev-parse --show-toplevel [1ms]
2025-04-23 19:17:21.862 [info] fatal: not a git repository (or any of the parent directories): .git
2025-04-23 19:17:21.864 [info] > git rev-parse --show-toplevel [0ms]
2025-04-23 19:17:21.864 [info] fatal: not a git repository (or any of the parent directories): .git
2025-04-23 19:17:21.866 [info] > git rev-parse --show-toplevel [0ms]
2025-04-23 19:17:21.866 [info] fatal: not a git repository (or any of the parent directories): .git
2025-04-23 19:17:21.869 [info] > git rev-parse --show-toplevel [1ms]
2025-04-23 19:17:21.869 [info] fatal: not a git repository (or any of the parent directories): .git
2025-04-23 19:17:21.871 [info] > git rev-parse --show-toplevel [1ms]
2025-04-23 19:17:21.871 [info] fatal: not a git repository (or any of the parent directories): .git
2025-04-23 19:17:21.873 [info] > git rev-parse --show-toplevel [0ms]
2025-04-23 19:17:21.873 [info] fatal: not a git repository (or any of the parent directories): .git
2025-04-23 19:17:21.876 [info] > git rev-parse --show-toplevel [1ms]
2025-04-23 19:17:21.876 [info] fatal: not a git repository (or any of the parent directories): .git
2025-04-23 19:17:21.878 [info] > git rev-parse --show-toplevel [1ms]
2025-04-23 19:17:21.878 [info] fatal: not a git repository (or any of the parent directories): .git
2025-04-23 19:17:21.880 [info] > git rev-parse --show-toplevel [0ms]
2025-04-23 19:17:21.880 [info] fatal: not a git repository (or any of the parent directories): .git
2025-04-23 19:17:21.883 [info] > git rev-parse --show-toplevel [1ms]
2025-04-23 19:17:21.883 [info] fatal: not a git repository (or any of the parent directories): .git
2025-04-23 19:17:21.885 [info] > git rev-parse --show-toplevel [1ms]
2025-04-23 19:17:21.885 [info] fatal: not a git repository (or any of the parent directories): .git
2025-04-23 19:17:21.887 [info] > git rev-parse --show-toplevel [0ms]
2025-04-23 19:17:21.887 [info] fatal: not a git repository (or any of the parent directories): .git
2025-04-23 19:17:21.889 [info] > git rev-parse --show-toplevel [0ms]
2025-04-23 19:17:21.889 [info] fatal: not a git repository (or any of the parent directories): .git
2025-04-23 19:17:21.892 [info] > git rev-parse --show-toplevel [1ms]
2025-04-23 19:17:21.892 [info] fatal: not a git repository (or any of the parent directories): .git
2025-04-23 19:17:21.893 [info] > git rev-parse --show-toplevel [0ms]
2025-04-23 19:17:21.896 [info] > git rev-parse --git-dir --git-common-dir [0ms]
2025-04-23 19:17:21.900 [info] [Model][openRepository] Opened repository: /home/rifle/HyDE
2025-04-23 19:17:21.905 [info] > git config --get commit.template [2ms]
2025-04-23 19:17:21.906 [info] > git rev-parse --show-toplevel [1ms]
2025-04-23 19:17:21.906 [info] fatal: not a git repository (or any of the parent directories): .git
2025-04-23 19:17:21.910 [info] > git for-each-ref --format=%(refname)%00%(upstream:short)%00%(objectname)%00%(upstream:track)%00%(upstream:remotename)%00%(upstream:remoteref) refs/heads/master refs/remotes/master [2ms]
2025-04-23 19:17:21.913 [warning] [Git][revParse] Unable to read file: ENOENT: no such file or directory, open '/home/rifle/HyDE/.git/refs/remotes/origin/master'
2025-04-23 19:17:21.913 [info] > git rev-parse --show-toplevel [3ms]
2025-04-23 19:17:21.913 [info] fatal: not a git repository (or any of the parent directories): .git
2025-04-23 19:17:21.918 [info] > git rev-parse refs/remotes/origin/master [6ms]
2025-04-23 19:17:21.924 [info] > git rev-parse --show-toplevel [10ms]
2025-04-23 19:17:21.924 [info] fatal: not a git repository (or any of the parent directories): .git
2025-04-23 19:17:21.926 [info] > git for-each-ref --sort -committerdate --format %(refname)%00%(objectname)%00%(*objectname) [3ms]
2025-04-23 19:17:21.927 [info] > git rev-parse --show-toplevel [1ms]
2025-04-23 19:17:21.927 [info] fatal: not a git repository (or any of the parent directories): .git
2025-04-23 19:17:21.931 [info] > git rev-parse --show-toplevel [2ms]
2025-04-23 19:17:21.931 [info] fatal: not a git repository (or any of the parent directories): .git
2025-04-23 19:17:21.933 [info] > git rev-parse --show-toplevel [1ms]
2025-04-23 19:17:21.935 [info] > git rev-parse --git-dir --git-common-dir [0ms]
2025-04-23 19:17:21.936 [info] [Model][openRepository] Opened repository: /home/rifle/bema-next
2025-04-23 19:17:21.941 [info] > git config --get commit.template [3ms]
2025-04-23 19:17:21.941 [info] > git rev-parse --show-toplevel [1ms]
2025-04-23 19:17:21.946 [info] > git for-each-ref --format=%(refname)%00%(upstream:short)%00%(objectname)%00%(upstream:track)%00%(upstream:remotename)%00%(upstream:remoteref) refs/heads/master refs/remotes/master [3ms]
2025-04-23 19:17:21.947 [warning] [Git][revParse] Unable to read file: ENOENT: no such file or directory, open '/home/rifle/bema-next/.git/refs/remotes/origin/master'
2025-04-23 19:17:21.948 [info] > git rev-parse --git-dir --git-common-dir [3ms]
2025-04-23 19:17:21.949 [info] [Model][openRepository] Opened repository: /home/rifle/dotfiles
2025-04-23 19:17:21.953 [info] > git rev-parse refs/remotes/origin/master [6ms]
2025-04-23 19:17:21.957 [info] > git for-each-ref --sort -committerdate --format %(refname)%00%(objectname)%00%(*objectname) [1ms]
2025-04-23 19:17:21.958 [info] > git rev-parse --show-toplevel [6ms]
2025-04-23 19:17:21.958 [info] fatal: not a git repository (or any of the parent directories): .git
2025-04-23 19:17:21.958 [info] > git config --get commit.template [7ms]
2025-04-23 19:17:21.961 [info] > git status -z -uall [7ms]
2025-04-23 19:17:21.974 [info] > git for-each-ref --format=%(refname)%00%(upstream:short)%00%(objectname)%00%(upstream:track)%00%(upstream:remotename)%00%(upstream:remoteref) refs/heads/master refs/remotes/master [5ms]
2025-04-23 19:17:21.976 [info] > git rev-parse --show-toplevel [16ms]
2025-04-23 19:17:21.976 [info] fatal: not a git repository (or any of the parent directories): .git
2025-04-23 19:17:21.979 [info] > git config --get --local branch.master.vscode-merge-base [3ms]
2025-04-23 19:17:21.981 [info] > git config --get commit.template [8ms]
2025-04-23 19:17:21.981 [info] > git for-each-ref --format=%(refname)%00%(upstream:short)%00%(objectname)%00%(upstream:track)%00%(upstream:remotename)%00%(upstream:remoteref) refs/heads/main refs/remotes/main [9ms]
2025-04-23 19:17:21.991 [info] > git for-each-ref --format=%(refname)%00%(upstream:short)%00%(objectname)%00%(upstream:track)%00%(upstream:remotename)%00%(upstream:remoteref) refs/heads/origin/master refs/remotes/origin/master [10ms]
2025-04-23 19:17:21.994 [info] > git rev-parse --show-toplevel [16ms]
2025-04-23 19:17:21.998 [info] > git merge-base refs/heads/master refs/remotes/origin/master [5ms]
2025-04-23 19:17:22.001 [info] > git diff --name-status -z --diff-filter=ADMR 8a66f8282e06330b6809ffc02b9f8ea34aedb246...refs/remotes/origin/master [1ms]
2025-04-23 19:17:22.001 [info] > git rev-parse --git-dir --git-common-dir [3ms]
2025-04-23 19:17:22.002 [info] [Model][openRepository] Opened repository: /home/rifle/mpvpaper
2025-04-23 19:17:22.002 [info] > git for-each-ref --format=%(refname)%00%(upstream:short)%00%(objectname)%00%(upstream:track)%00%(upstream:remotename)%00%(upstream:remoteref) refs/heads/master refs/remotes/master [6ms]
2025-04-23 19:17:22.012 [warning] [Git][revParse] Unable to read file: ENOENT: no such file or directory, open '/home/rifle/bema-next/.git/refs/remotes/origin/master'
2025-04-23 19:17:22.013 [info] > git rev-parse --show-toplevel [3ms]
2025-04-23 19:17:22.013 [info] fatal: not a git repository (or any of the parent directories): .git
2025-04-23 19:17:22.013 [info] [Model][doInitialScan] Initial repository scan completed - repositories (4), closed repositories (0), parent repositories (0), unsafe repositories (0)
2025-04-23 19:17:22.013 [info] > git config --get commit.template [5ms]
2025-04-23 19:17:22.013 [info] > git for-each-ref --sort -committerdate --format %(refname)%00%(objectname)%00%(*objectname) [7ms]
2025-04-23 19:17:22.014 [info] > git rev-parse refs/remotes/origin/master [2ms]
2025-04-23 19:17:22.022 [info] > git status -z -uall [5ms]
2025-04-23 19:17:22.023 [info] > git for-each-ref --sort -committerdate --format %(refname)%00%(objectname)%00%(*objectname) [4ms]
2025-04-23 19:17:22.024 [info] > git for-each-ref --format=%(refname)%00%(upstream:short)%00%(objectname)%00%(upstream:track)%00%(upstream:remotename)%00%(upstream:remoteref) refs/heads/master refs/remotes/master [2ms]
2025-04-23 19:17:22.026 [warning] [Git][revParse] Unable to read file: ENOENT: no such file or directory, open '/home/rifle/mpvpaper/.git/refs/remotes/origin/master'
2025-04-23 19:17:22.027 [info] > git rev-parse refs/remotes/origin/master [1ms]
2025-04-23 19:17:22.032 [info] > git status -z -uall [3ms]
2025-04-23 19:17:22.033 [info] > git for-each-ref --sort -committerdate --format %(refname)%00%(objectname)%00%(*objectname) [1ms]
2025-04-23 19:17:22.044 [info] > git for-each-ref --format=%(refname)%00%(upstream:short)%00%(objectname)%00%(upstream:track)%00%(upstream:remotename)%00%(upstream:remoteref) refs/heads/master refs/remotes/master [7ms]
2025-04-23 19:17:22.047 [info] > git config --get commit.template [3ms]
2025-04-23 19:17:22.047 [info] > git config --get --local branch.master.vscode-merge-base [1ms]
2025-04-23 19:17:22.051 [info] > git for-each-ref --format=%(refname)%00%(upstream:short)%00%(objectname)%00%(upstream:track)%00%(upstream:remotename)%00%(upstream:remoteref) refs/heads/origin/master refs/remotes/origin/master [2ms]
2025-04-23 19:17:22.053 [info] > git for-each-ref --format=%(refname)%00%(upstream:short)%00%(objectname)%00%(upstream:track)%00%(upstream:remotename)%00%(upstream:remoteref) refs/heads/master refs/remotes/master [2ms]
2025-04-23 19:17:22.055 [warning] [Git][revParse] Unable to read file: ENOENT: no such file or directory, open '/home/rifle/mpvpaper/.git/refs/remotes/origin/master'
2025-04-23 19:17:22.055 [info] > git merge-base refs/heads/master refs/remotes/origin/master [2ms]
2025-04-23 19:17:22.057 [info] > git rev-parse refs/remotes/origin/master [2ms]
2025-04-23 19:17:22.061 [info] > git status -z -uall [2ms]
2025-04-23 19:17:22.061 [info] > git diff --name-status -z --diff-filter=ADMR ee7541800f930ea32bc3d5364f37cf3838b4a9d3...refs/remotes/origin/master [4ms]
2025-04-23 19:17:22.061 [info] > git for-each-ref --sort -committerdate --format %(refname)%00%(objectname)%00%(*objectname) [1ms]
2025-04-23 19:17:22.106 [info] > git status -z -uall [186ms]
2025-04-23 19:17:22.112 [info] > git for-each-ref --format=%(refname)%00%(upstream:short)%00%(objectname)%00%(upstream:track)%00%(upstream:remotename)%00%(upstream:remoteref) refs/heads/master refs/remotes/master [2ms]
2025-04-23 19:17:22.115 [info] > git config --get commit.template [3ms]
2025-04-23 19:17:22.117 [info] > git config --get --local branch.master.vscode-merge-base [3ms]
2025-04-23 19:17:22.119 [info] > git for-each-ref --format=%(refname)%00%(upstream:short)%00%(objectname)%00%(upstream:track)%00%(upstream:remotename)%00%(upstream:remoteref) refs/heads/master refs/remotes/master [2ms]
2025-04-23 19:17:22.121 [warning] [Git][revParse] Unable to read file: ENOENT: no such file or directory, open '/home/rifle/HyDE/.git/refs/remotes/origin/master'
2025-04-23 19:17:22.121 [info] > git for-each-ref --format=%(refname)%00%(upstream:short)%00%(objectname)%00%(upstream:track)%00%(upstream:remotename)%00%(upstream:remoteref) refs/heads/origin/master refs/remotes/origin/master [2ms]
2025-04-23 19:17:22.123 [info] > git rev-parse refs/remotes/origin/master [2ms]
2025-04-23 19:17:22.127 [info] > git merge-base refs/heads/master refs/remotes/origin/master [4ms]
2025-04-23 19:17:22.129 [info] > git for-each-ref --sort -committerdate --format %(refname)%00%(objectname)%00%(*objectname) [2ms]
2025-04-23 19:17:22.130 [info] > git diff --name-status -z --diff-filter=ADMR 461b3e27213447cc8a23f0cf60e3535411dd9741...refs/remotes/origin/master [1ms]
2025-04-23 19:17:22.290 [info] > git status -z -uall [165ms]
2025-04-23 19:17:22.934 [info] > git status -z -uall [930ms] (cancelled)
2025-04-23 19:17:22.934 [info] > git check-ignore -v -z --stdin [335ms]
2025-04-23 19:17:22.934 [info] > git check-ignore -v -z --stdin [330ms]
2025-04-23 19:17:22.934 [info] > git for-each-ref --format=%(refname)%00%(upstream:short)%00%(objectname)%00%(upstream:track)%00%(upstream:remotename)%00%(upstream:remoteref) refs/heads/main refs/remotes/main [338ms]
2025-04-23 19:17:22.938 [info] > git check-ignore -v -z --stdin [336ms]
2025-04-23 19:17:22.939 [info] > git config --get --local branch.main.vscode-merge-base [2ms]
2025-04-23 19:17:22.941 [info] > git config --get commit.template [7ms]
2025-04-23 19:17:22.944 [info] > git for-each-ref --format=%(refname)%00%(upstream:short)%00%(objectname)%00%(upstream:track)%00%(upstream:remotename)%00%(upstream:remoteref) refs/heads/origin/main refs/remotes/origin/main [3ms]
2025-04-23 19:17:22.947 [info] > git for-each-ref --format=%(refname)%00%(upstream:short)%00%(objectname)%00%(upstream:track)%00%(upstream:remotename)%00%(upstream:remoteref) refs/heads/main refs/remotes/main [3ms]
2025-04-23 19:17:22.947 [info] > git merge-base refs/heads/main refs/remotes/origin/main [0ms]
2025-04-23 19:17:22.955 [info] > git diff --name-status -z --diff-filter=ADMR cf70fb7b2f3874dce2fae89c4f1ecfd4ae053f73...refs/remotes/origin/main [6ms]
2025-04-23 19:17:22.955 [info] > git for-each-ref --sort -committerdate --format %(refname)%00%(objectname)%00%(*objectname) [1ms]
2025-04-23 19:17:23.493 [info] > git status -z -uall [541ms] (cancelled)
2025-04-23 19:17:23.894 [info] > git rev-parse --show-toplevel [0ms]
2025-04-23 19:17:23.894 [info] fatal: not a git repository (or any of the parent directories): .git
2025-04-23 19:17:24.398 [info] > git check-ignore -v -z --stdin [65ms]
2025-04-23 19:17:32.998 [info] > git check-ignore -v -z --stdin [61ms]
2025-04-23 19:17:33.498 [info] > git check-ignore -v -z --stdin [1ms]
2025-04-23 19:17:33.521 [info] > git check-ignore -v -z --stdin [26ms]
