2025-04-16 17:35:51.363 [info] [main] Log level: Info
2025-04-16 17:35:51.363 [info] [main] Validating found git in: "git"
2025-04-16 17:35:51.363 [info] [main] Using git "2.49.0" from "git"
2025-04-16 17:35:51.363 [info] [Model][doInitialScan] Initial repository scan started
2025-04-16 17:35:51.363 [info] [Model][doInitialScan] Initial repository scan completed - repositories (0), closed repositories (0), parent repositories (0), unsafe repositories (0)
2025-04-16 17:36:09.994 [info] [main] Log level: Info
2025-04-16 17:36:09.994 [info] [main] Validating found git in: "git"
2025-04-16 17:36:09.994 [info] [main] Using git "2.49.0" from "git"
2025-04-16 17:36:09.994 [info] [Model][doInitialScan] Initial repository scan started
2025-04-16 17:36:09.994 [info] > git rev-parse --show-toplevel [2ms]
2025-04-16 17:36:10.006 [info] > git rev-parse --git-dir --git-common-dir [10ms]
2025-04-16 17:36:10.010 [info] [Model][openRepository] Opened repository: /home/rifle/bema-next
2025-04-16 17:36:10.017 [info] > git rev-parse --show-toplevel [1ms]
2025-04-16 17:36:10.018 [info] > git config --get commit.template [3ms]
2025-04-16 17:36:10.024 [info] > git rev-parse --show-toplevel [4ms]
2025-04-16 17:36:10.026 [info] > git for-each-ref --format=%(refname)%00%(upstream:short)%00%(objectname)%00%(upstream:track)%00%(upstream:remotename)%00%(upstream:remoteref) refs/heads/master refs/remotes/master [3ms]
2025-04-16 17:36:10.028 [warning] [Git][revParse] Unable to read file: ENOENT: no such file or directory, open '/home/rifle/bema-next/.git/refs/remotes/origin/master'
2025-04-16 17:36:10.028 [info] > git rev-parse --show-toplevel [2ms]
2025-04-16 17:36:10.030 [info] > git rev-parse refs/remotes/origin/master [2ms]
2025-04-16 17:36:10.034 [info] > git status -z -uall [2ms]
2025-04-16 17:36:10.035 [info] > git rev-parse --show-toplevel [5ms]
2025-04-16 17:36:10.037 [info] > git for-each-ref --sort -committerdate --format %(refname)%00%(objectname)%00%(*objectname) [3ms]
2025-04-16 17:36:10.048 [info] > git for-each-ref --format=%(refname)%00%(upstream:short)%00%(objectname)%00%(upstream:track)%00%(upstream:remotename)%00%(upstream:remoteref) refs/heads/master refs/remotes/master [4ms]
2025-04-16 17:36:10.050 [info] > git rev-parse --show-toplevel [14ms]
2025-04-16 17:36:10.050 [info] [Model][doInitialScan] Initial repository scan completed - repositories (1), closed repositories (0), parent repositories (0), unsafe repositories (0)
2025-04-16 17:36:10.050 [info] > git config --get commit.template [3ms]
2025-04-16 17:36:10.051 [info] > git config --get --local branch.master.vscode-merge-base [1ms]
2025-04-16 17:36:10.065 [info] > git for-each-ref --format=%(refname)%00%(upstream:short)%00%(objectname)%00%(upstream:track)%00%(upstream:remotename)%00%(upstream:remoteref) refs/heads/origin/master refs/remotes/origin/master [12ms]
2025-04-16 17:36:10.068 [info] > git merge-base refs/heads/master refs/remotes/origin/master [1ms]
2025-04-16 17:36:10.070 [info] > git for-each-ref --format=%(refname)%00%(upstream:short)%00%(objectname)%00%(upstream:track)%00%(upstream:remotename)%00%(upstream:remoteref) refs/heads/master refs/remotes/master [6ms]
2025-04-16 17:36:10.072 [warning] [Git][revParse] Unable to read file: ENOENT: no such file or directory, open '/home/rifle/bema-next/.git/refs/remotes/origin/master'
2025-04-16 17:36:10.072 [info] > git rev-parse refs/remotes/origin/master [0ms]
2025-04-16 17:36:10.076 [info] > git diff --name-status -z --diff-filter=ADMR 8a66f8282e06330b6809ffc02b9f8ea34aedb246...refs/remotes/origin/master [6ms]
2025-04-16 17:36:10.076 [info] > git status -z -uall [2ms]
2025-04-16 17:36:10.077 [info] > git for-each-ref --sort -committerdate --format %(refname)%00%(objectname)%00%(*objectname) [1ms]
2025-04-16 17:36:10.522 [info] > git check-ignore -v -z --stdin [1ms]
2025-04-16 17:36:16.851 [info] > git check-ignore -v -z --stdin [2ms]
2025-04-16 17:36:17.915 [info] > git check-ignore -v -z --stdin [2ms]
2025-04-16 17:36:18.859 [info] > git check-ignore -v -z --stdin [2ms]
2025-04-16 17:36:19.902 [info] > git check-ignore -v -z --stdin [2ms]
2025-04-16 17:36:20.997 [info] > git check-ignore -v -z --stdin [4ms]
2025-04-16 17:36:21.580 [info] > git show --textconv :src/app/[locale]/(main)/test/page.tsx [4ms]
2025-04-16 17:36:21.580 [info] > git ls-files --stage -- src/app/[locale]/(main)/test/page.tsx [0ms]
2025-04-16 17:36:21.584 [info] > git cat-file -s bdae5b3ddf0b8519dc76d1d15b2c7e8c3f06437f [1ms]
2025-04-16 17:36:24.066 [info] > git blame --root --incremental 8a66f8282e06330b6809ffc02b9f8ea34aedb246 -- src/app/[locale]/(main)/test/page.tsx [1ms]
2025-04-16 17:36:53.426 [info] > git check-ignore -v -z --stdin [2ms]
2025-04-16 17:36:53.921 [info] > git show --textconv :src/app/[locale]/(main)/profile/page.tsx [6ms]
2025-04-16 17:36:53.923 [info] > git ls-files --stage -- src/app/[locale]/(main)/profile/page.tsx [2ms]
2025-04-16 17:36:53.929 [info] > git cat-file -s f3dd9e96fa980b3d0b3e2512ad85da71637758fd [1ms]
2025-04-16 17:36:56.340 [info] > git blame --root --incremental 8a66f8282e06330b6809ffc02b9f8ea34aedb246 -- src/app/[locale]/(main)/profile/page.tsx [0ms]
2025-04-16 17:37:09.423 [info] > git check-ignore -v -z --stdin [4ms]
2025-04-16 17:37:10.537 [info] > git show --textconv :src/app/[locale]/(main)/products/page.tsx [11ms]
2025-04-16 17:37:10.537 [info] > git ls-files --stage -- src/app/[locale]/(main)/products/page.tsx [0ms]
2025-04-16 17:37:10.540 [info] > git cat-file -s 49c9bcf627f0fcbad0f9632c7728f8d5f0bd6ff3 [1ms]
2025-04-16 17:37:12.826 [info] > git blame --root --incremental 8a66f8282e06330b6809ffc02b9f8ea34aedb246 -- src/app/[locale]/(main)/products/page.tsx [1ms]
2025-04-16 17:37:18.048 [info] > git show --textconv :src/app/[locale]/(main)/test/page.tsx [13ms]
2025-04-16 17:37:18.049 [info] > git ls-files --stage -- src/app/[locale]/(main)/test/page.tsx [2ms]
2025-04-16 17:37:18.056 [info] > git cat-file -s bdae5b3ddf0b8519dc76d1d15b2c7e8c3f06437f [1ms]
2025-04-18 12:39:48.116 [info] > git config --get commit.template [4ms]
2025-04-18 12:39:48.117 [info] > git for-each-ref --format=%(refname)%00%(upstream:short)%00%(objectname)%00%(upstream:track)%00%(upstream:remotename)%00%(upstream:remoteref) refs/heads/master refs/remotes/master [2ms]
2025-04-18 12:39:48.119 [warning] [Git][revParse] Unable to read file: ENOENT: no such file or directory, open '/home/rifle/bema-next/.git/refs/remotes/origin/master'
2025-04-18 12:39:48.120 [info] > git rev-parse refs/remotes/origin/master [1ms]
2025-04-18 12:39:48.125 [info] > git status -z -uall [3ms]
2025-04-18 12:39:48.125 [info] > git for-each-ref --sort -committerdate --format %(refname)%00%(objectname)%00%(*objectname) [0ms]
