2025-04-12 12:18:49.228 [info] Reading sessions from keychain...
2025-04-12 12:18:49.228 [info] Getting sessions for all scopes...
2025-04-12 12:18:49.228 [info] Getting sessions for all scopes...
2025-04-12 12:18:49.228 [info] Got 0 sessions for ...
2025-04-12 12:18:49.228 [info] Got 0 sessions for ...
2025-04-12 12:18:49.228 [info] Getting sessions for read:user,repo,user:email,workflow...
2025-04-12 12:18:49.228 [info] Got 0 sessions for read:user,repo,user:email,workflow...
2025-04-12 12:18:49.296 [info] Getting sessions for read:user,repo,user:email,workflow...
2025-04-12 12:18:49.296 [info] Got 0 sessions for read:user,repo,user:email,workflow...
2025-04-12 12:18:51.171 [info] Getting sessions for all scopes...
2025-04-12 12:18:51.171 [info] Got 0 sessions for ...
2025-04-12 12:18:51.219 [info] Getting sessions for all scopes...
2025-04-12 12:18:51.219 [info] Got 0 sessions for ...
2025-04-12 13:32:39.232 [info] Getting sessions for read:user,repo,user:email,workflow...
2025-04-12 13:32:39.232 [info] Got 0 sessions for read:user,repo,user:email,workflow...
2025-04-12 13:32:39.287 [info] Getting sessions for read:user,repo,user:email,workflow...
2025-04-12 13:32:39.287 [info] Got 0 sessions for read:user,repo,user:email,workflow...
2025-04-12 13:32:39.369 [info] Getting sessions for read:user,repo,user:email,workflow...
2025-04-12 13:32:39.369 [info] Got 0 sessions for read:user,repo,user:email,workflow...
2025-04-12 13:32:39.518 [info] Getting sessions for read:user,repo,user:email,workflow...
2025-04-12 13:32:39.518 [info] Got 0 sessions for read:user,repo,user:email,workflow...
2025-04-12 13:32:39.672 [info] Getting sessions for read:user,repo,user:email,workflow...
2025-04-12 13:32:39.672 [info] Got 0 sessions for read:user,repo,user:email,workflow...
2025-04-12 13:32:39.789 [info] Getting sessions for read:user,repo,user:email,workflow...
2025-04-12 13:32:39.789 [info] Got 0 sessions for read:user,repo,user:email,workflow...
2025-04-12 13:32:39.843 [info] Getting sessions for read:user,repo,user:email,workflow...
2025-04-12 13:32:39.843 [info] Got 0 sessions for read:user,repo,user:email,workflow...
2025-04-12 13:32:39.902 [info] Getting sessions for read:user,repo,user:email,workflow...
2025-04-12 13:32:39.902 [info] Got 0 sessions for read:user,repo,user:email,workflow...
2025-04-12 13:32:39.937 [info] Getting sessions for read:user,repo,user:email,workflow...
2025-04-12 13:32:39.937 [info] Got 0 sessions for read:user,repo,user:email,workflow...
2025-04-12 13:32:40.033 [info] Getting sessions for read:user,repo,user:email,workflow...
2025-04-12 13:32:40.033 [info] Got 0 sessions for read:user,repo,user:email,workflow...
2025-04-12 13:32:40.099 [info] Getting sessions for read:user,repo,user:email,workflow...
2025-04-12 13:32:40.099 [info] Got 0 sessions for read:user,repo,user:email,workflow...
2025-04-12 13:32:40.209 [info] Getting sessions for read:user,repo,user:email,workflow...
2025-04-12 13:32:40.209 [info] Got 0 sessions for read:user,repo,user:email,workflow...
2025-04-12 13:32:40.324 [info] Getting sessions for read:user,repo,user:email,workflow...
2025-04-12 13:32:40.324 [info] Got 0 sessions for read:user,repo,user:email,workflow...
2025-04-12 13:32:40.488 [info] Getting sessions for read:user,repo,user:email,workflow...
2025-04-12 13:32:40.488 [info] Got 0 sessions for read:user,repo,user:email,workflow...
2025-04-12 13:32:40.587 [info] Getting sessions for read:user,repo,user:email,workflow...
2025-04-12 13:32:40.587 [info] Got 0 sessions for read:user,repo,user:email,workflow...
2025-04-12 13:32:40.720 [info] Getting sessions for read:user,repo,user:email,workflow...
2025-04-12 13:32:40.720 [info] Got 0 sessions for read:user,repo,user:email,workflow...
2025-04-12 13:32:40.841 [info] Getting sessions for read:user,repo,user:email,workflow...
2025-04-12 13:32:40.841 [info] Got 0 sessions for read:user,repo,user:email,workflow...
2025-04-12 13:32:40.969 [info] Getting sessions for read:user,repo,user:email,workflow...
2025-04-12 13:32:40.969 [info] Got 0 sessions for read:user,repo,user:email,workflow...
2025-04-12 13:32:41.029 [info] Getting sessions for read:user,repo,user:email,workflow...
2025-04-12 13:32:41.029 [info] Got 0 sessions for read:user,repo,user:email,workflow...
2025-04-12 13:32:41.138 [info] Getting sessions for read:user,repo,user:email,workflow...
2025-04-12 13:32:41.138 [info] Got 0 sessions for read:user,repo,user:email,workflow...
