2025-04-11 09:43:50.477 [info] [main] Log level: Info
2025-04-11 09:43:50.477 [info] [main] Validating found git in: "git"
2025-04-11 09:43:50.477 [info] [main] Using git "2.49.0" from "git"
2025-04-11 09:43:50.477 [info] [Model][doInitialScan] Initial repository scan started
2025-04-11 09:43:50.477 [info] > git rev-parse --show-toplevel [1ms]
2025-04-11 09:43:50.477 [info] fatal: not a git repository (or any of the parent directories): .git
2025-04-11 09:43:50.477 [info] > git rev-parse --show-toplevel [1ms]
2025-04-11 09:43:50.477 [info] fatal: not a git repository (or any of the parent directories): .git
2025-04-11 09:43:50.482 [info] > git rev-parse --show-toplevel [0ms]
2025-04-11 09:43:50.482 [info] fatal: not a git repository (or any of the parent directories): .git
2025-04-11 09:43:50.485 [info] > git rev-parse --show-toplevel [0ms]
2025-04-11 09:43:50.485 [info] fatal: not a git repository (or any of the parent directories): .git
2025-04-11 09:43:50.487 [info] > git rev-parse --show-toplevel [1ms]
2025-04-11 09:43:50.487 [info] fatal: not a git repository (or any of the parent directories): .git
2025-04-11 09:43:50.489 [info] > git rev-parse --show-toplevel [0ms]
2025-04-11 09:43:50.489 [info] fatal: not a git repository (or any of the parent directories): .git
2025-04-11 09:43:50.491 [info] > git rev-parse --show-toplevel [0ms]
2025-04-11 09:43:50.491 [info] fatal: not a git repository (or any of the parent directories): .git
2025-04-11 09:43:50.494 [info] > git rev-parse --show-toplevel [0ms]
2025-04-11 09:43:50.494 [info] fatal: not a git repository (or any of the parent directories): .git
2025-04-11 09:43:50.496 [info] > git rev-parse --show-toplevel [1ms]
2025-04-11 09:43:50.496 [info] fatal: not a git repository (or any of the parent directories): .git
2025-04-11 09:43:50.498 [info] > git rev-parse --show-toplevel [1ms]
2025-04-11 09:43:50.498 [info] fatal: not a git repository (or any of the parent directories): .git
2025-04-11 09:43:50.500 [info] > git rev-parse --show-toplevel [0ms]
2025-04-11 09:43:50.500 [info] fatal: not a git repository (or any of the parent directories): .git
2025-04-11 09:43:50.502 [info] > git rev-parse --show-toplevel [0ms]
2025-04-11 09:43:50.502 [info] fatal: not a git repository (or any of the parent directories): .git
2025-04-11 09:43:50.504 [info] > git rev-parse --show-toplevel [0ms]
2025-04-11 09:43:50.504 [info] fatal: not a git repository (or any of the parent directories): .git
2025-04-11 09:43:50.506 [info] > git rev-parse --show-toplevel [0ms]
2025-04-11 09:43:50.506 [info] fatal: not a git repository (or any of the parent directories): .git
2025-04-11 09:43:50.509 [info] > git rev-parse --show-toplevel [1ms]
2025-04-11 09:43:50.509 [info] fatal: not a git repository (or any of the parent directories): .git
2025-04-11 09:43:50.511 [info] > git rev-parse --show-toplevel [1ms]
2025-04-11 09:43:50.511 [info] fatal: not a git repository (or any of the parent directories): .git
2025-04-11 09:43:50.513 [info] > git rev-parse --show-toplevel [0ms]
2025-04-11 09:43:50.513 [info] fatal: not a git repository (or any of the parent directories): .git
2025-04-11 09:43:50.515 [info] > git rev-parse --show-toplevel [0ms]
2025-04-11 09:43:50.515 [info] fatal: not a git repository (or any of the parent directories): .git
2025-04-11 09:43:50.518 [info] > git rev-parse --show-toplevel [1ms]
2025-04-11 09:43:50.518 [info] fatal: not a git repository (or any of the parent directories): .git
2025-04-11 09:43:50.520 [info] > git rev-parse --show-toplevel [1ms]
2025-04-11 09:43:50.520 [info] fatal: not a git repository (or any of the parent directories): .git
2025-04-11 09:43:50.522 [info] > git rev-parse --show-toplevel [1ms]
2025-04-11 09:43:50.522 [info] fatal: not a git repository (or any of the parent directories): .git
2025-04-11 09:43:50.524 [info] > git rev-parse --show-toplevel [0ms]
2025-04-11 09:43:50.524 [info] fatal: not a git repository (or any of the parent directories): .git
2025-04-11 09:43:50.526 [info] > git rev-parse --show-toplevel [0ms]
2025-04-11 09:43:50.526 [info] fatal: not a git repository (or any of the parent directories): .git
2025-04-11 09:43:50.529 [info] > git rev-parse --show-toplevel [0ms]
2025-04-11 09:43:50.529 [info] fatal: not a git repository (or any of the parent directories): .git
2025-04-11 09:43:50.531 [info] > git rev-parse --show-toplevel [0ms]
2025-04-11 09:43:50.531 [info] fatal: not a git repository (or any of the parent directories): .git
2025-04-11 09:43:50.534 [info] > git rev-parse --show-toplevel [1ms]
2025-04-11 09:43:50.537 [info] > git rev-parse --git-dir --git-common-dir [1ms]
2025-04-11 09:43:50.541 [info] [Model][openRepository] Opened repository: /home/rifle/bema-next
2025-04-11 09:43:50.547 [info] > git config --get commit.template [2ms]
2025-04-11 09:43:50.547 [info] > git rev-parse --show-toplevel [1ms]
2025-04-11 09:43:50.551 [info] > git for-each-ref --format=%(refname)%00%(upstream:short)%00%(objectname)%00%(upstream:track)%00%(upstream:remotename)%00%(upstream:remoteref) refs/heads/master refs/remotes/master [2ms]
2025-04-11 09:43:50.553 [warning] [Git][revParse] Unable to read file: ENOENT: no such file or directory, open '/home/rifle/bema-next/.git/refs/remotes/origin/master'
2025-04-11 09:43:50.553 [info] > git rev-parse --git-dir --git-common-dir [2ms]
2025-04-11 09:43:50.555 [info] [Model][openRepository] Opened repository: /home/rifle/mpvpaper
2025-04-11 09:43:50.555 [info] [Model][doInitialScan] Initial repository scan completed - repositories (2), closed repositories (0), parent repositories (0), unsafe repositories (0)
2025-04-11 09:43:50.557 [info] > git rev-parse refs/remotes/origin/master [4ms]
2025-04-11 09:43:50.562 [info] > git status -z -uall [3ms]
2025-04-11 09:43:50.562 [info] > git for-each-ref --sort -committerdate --format %(refname) %(objectname) %(*objectname) [1ms]
2025-04-11 09:43:50.572 [info] > git config --get commit.template [15ms]
2025-04-11 09:43:50.574 [info] > git for-each-ref --format=%(refname)%00%(upstream:short)%00%(objectname)%00%(upstream:track)%00%(upstream:remotename)%00%(upstream:remoteref) refs/heads/master refs/remotes/master [3ms]
2025-04-11 09:43:50.579 [info] > git config --get --local branch.master.vscode-merge-base [2ms]
2025-04-11 09:43:50.581 [info] > git config --get commit.template [7ms]
2025-04-11 09:43:50.591 [info] > git for-each-ref --format=%(refname)%00%(upstream:short)%00%(objectname)%00%(upstream:track)%00%(upstream:remotename)%00%(upstream:remoteref) refs/heads/origin/master refs/remotes/origin/master [11ms]
2025-04-11 09:43:50.594 [info] > git for-each-ref --format=%(refname)%00%(upstream:short)%00%(objectname)%00%(upstream:track)%00%(upstream:remotename)%00%(upstream:remoteref) refs/heads/master refs/remotes/master [16ms]
2025-04-11 09:43:50.598 [warning] [Git][revParse] Unable to read file: ENOENT: no such file or directory, open '/home/rifle/mpvpaper/.git/refs/remotes/origin/master'
2025-04-11 09:43:50.598 [info] > git merge-base refs/heads/master refs/remotes/origin/master [4ms]
2025-04-11 09:43:50.601 [info] > git rev-parse refs/remotes/origin/master [3ms]
2025-04-11 09:43:50.604 [info] > git for-each-ref --format=%(refname)%00%(upstream:short)%00%(objectname)%00%(upstream:track)%00%(upstream:remotename)%00%(upstream:remoteref) refs/heads/master refs/remotes/master [7ms]
2025-04-11 09:43:50.606 [warning] [Git][revParse] Unable to read file: ENOENT: no such file or directory, open '/home/rifle/bema-next/.git/refs/remotes/origin/master'
2025-04-11 09:43:50.606 [info] > git status -z -uall [4ms]
2025-04-11 09:43:50.606 [info] > git diff --name-status -z --diff-filter=ADMR 8a66f8282e06330b6809ffc02b9f8ea34aedb246...refs/remotes/origin/master [6ms]
2025-04-11 09:43:50.607 [info] > git rev-parse refs/remotes/origin/master [1ms]
2025-04-11 09:43:50.610 [info] > git for-each-ref --sort -committerdate --format %(refname) %(objectname) %(*objectname) [6ms]
2025-04-11 09:43:50.616 [info] > git status -z -uall [7ms]
2025-04-11 09:43:50.616 [info] > git for-each-ref --sort -committerdate --format %(refname) %(objectname) %(*objectname) [6ms]
2025-04-11 09:43:50.618 [info] > git config --get commit.template [2ms]
2025-04-11 09:43:50.618 [info] > git for-each-ref --format=%(refname)%00%(upstream:short)%00%(objectname)%00%(upstream:track)%00%(upstream:remotename)%00%(upstream:remoteref) refs/heads/master refs/remotes/master [5ms]
2025-04-11 09:43:50.622 [info] > git config --get --local branch.master.vscode-merge-base [2ms]
2025-04-11 09:43:50.624 [info] > git for-each-ref --format=%(refname)%00%(upstream:short)%00%(objectname)%00%(upstream:track)%00%(upstream:remotename)%00%(upstream:remoteref) refs/heads/master refs/remotes/master [2ms]
2025-04-11 09:43:50.626 [warning] [Git][revParse] Unable to read file: ENOENT: no such file or directory, open '/home/rifle/mpvpaper/.git/refs/remotes/origin/master'
2025-04-11 09:43:50.626 [info] > git for-each-ref --format=%(refname)%00%(upstream:short)%00%(objectname)%00%(upstream:track)%00%(upstream:remotename)%00%(upstream:remoteref) refs/heads/origin/master refs/remotes/origin/master [2ms]
2025-04-11 09:43:50.628 [info] > git rev-parse refs/remotes/origin/master [2ms]
2025-04-11 09:43:50.632 [info] > git status -z -uall [2ms]
2025-04-11 09:43:50.632 [info] > git merge-base refs/heads/master refs/remotes/origin/master [4ms]
2025-04-11 09:43:50.634 [info] > git for-each-ref --sort -committerdate --format %(refname) %(objectname) %(*objectname) [2ms]
2025-04-11 09:43:50.638 [info] > git merge-base refs/heads/master refs/remotes/origin/master [1ms]
2025-04-11 09:43:50.639 [info] > git diff --name-status -z --diff-filter=ADMR ee7541800f930ea32bc3d5364f37cf3838b4a9d3...refs/remotes/origin/master [5ms]
2025-04-11 09:43:50.641 [info] > git diff --name-status -z --diff-filter=ADMR ee7541800f930ea32bc3d5364f37cf3838b4a9d3...refs/remotes/origin/master [2ms]
2025-04-11 09:43:52.558 [info] > git rev-parse --show-toplevel [1ms]
2025-04-11 09:43:52.558 [info] fatal: not a git repository (or any of the parent directories): .git
2025-04-11 09:43:54.629 [info] > git check-ignore -v -z --stdin [2ms]
2025-04-11 09:44:00.494 [info] > git rev-parse --show-toplevel [1ms]
2025-04-11 09:44:00.494 [info] fatal: not a git repository (or any of the parent directories): .git
2025-04-11 09:59:08.104 [info] > git rev-parse --show-toplevel [1ms]
2025-04-11 09:59:08.107 [info] > git rev-parse --git-dir --git-common-dir [0ms]
2025-04-11 09:59:08.110 [info] [Model][openRepository] Opened repository: /home/rifle/.local/share/nvim.bak/lazy/nvim-web-devicons
2025-04-11 09:59:08.116 [info] > git config --get commit.template [3ms]
2025-04-11 09:59:08.117 [info] > git for-each-ref --format %(refname) %(objectname) %(*objectname) refs/tags [2ms]
2025-04-11 09:59:08.122 [info] > git status -z -uall [2ms]
2025-04-11 09:59:08.123 [info] > git for-each-ref --sort -committerdate --format %(refname) %(objectname) %(*objectname) [1ms]
2025-04-11 09:59:08.129 [info] > git config --get commit.template [2ms]
2025-04-11 09:59:08.131 [info] > git for-each-ref --format %(refname) %(objectname) %(*objectname) refs/tags [2ms]
2025-04-11 09:59:08.136 [info] > git status -z -uall [3ms]
2025-04-11 09:59:08.136 [info] > git for-each-ref --sort -committerdate --format %(refname) %(objectname) %(*objectname) [1ms]
2025-04-11 09:59:08.438 [info] > git show --textconv :lua/nvim-web-devicons/default/icons_by_filename.lua [9ms]
2025-04-11 09:59:08.440 [info] > git ls-files --stage -- lua/nvim-web-devicons/default/icons_by_filename.lua [2ms]
2025-04-11 09:59:08.446 [info] > git cat-file -s 79d742bdf41faf6cd81ac642f00f803cab8e4753 [0ms]
2025-04-11 09:59:08.669 [info] > git check-ignore -v -z --stdin [3ms]
2025-04-11 09:59:09.565 [info] > git blame --root --incremental 4c3a5848ee0b09ecdea73adcd2a689190aeb728c -- lua/nvim-web-devicons/default/icons_by_filename.lua [1108ms]
2025-04-11 10:00:42.114 [info] > git check-ignore -v -z --stdin [2ms]
2025-04-11 10:00:44.950 [info] > git check-ignore -v -z --stdin [8ms]
2025-04-11 10:00:44.951 [info] > git check-ignore -v -z --stdin [3ms]
2025-04-11 10:01:14.073 [info] > git check-ignore -v -z --stdin [3ms]
2025-04-11 10:01:22.778 [info] > git check-ignore -v -z --stdin [3ms]
2025-04-11 10:01:26.977 [info] > git show --textconv :proto/wlr-layer-shell-unstable-v1.xml [12ms]
2025-04-11 10:01:26.978 [info] > git ls-files --stage -- proto/wlr-layer-shell-unstable-v1.xml [1ms]
2025-04-11 10:01:26.987 [info] > git cat-file -s d62fd51e90d18247a5b8097395c3291b7099a380 [2ms]
2025-04-11 10:01:27.015 [info] > git blame --root --incremental ee7541800f930ea32bc3d5364f37cf3838b4a9d3 -- proto/wlr-layer-shell-unstable-v1.xml [2ms]
2025-04-11 10:01:27.252 [info] > git check-ignore -v -z --stdin [1ms]
2025-04-11 10:02:12.228 [info] > git rev-parse --show-toplevel [0ms]
2025-04-11 10:02:12.229 [info] fatal: not a git repository (or any of the parent directories): .git
2025-04-11 10:04:26.450 [info] > git rev-parse --show-toplevel [1ms]
2025-04-11 10:04:26.450 [info] fatal: not a git repository (or any of the parent directories): .git
