2025-04-12 11:22:51.578 [info] [main] Log level: Info
2025-04-12 11:22:51.578 [info] [main] Validating found git in: "git"
2025-04-12 11:22:51.578 [info] [main] Using git "2.49.0" from "git"
2025-04-12 11:22:51.578 [info] [Model][doInitialScan] Initial repository scan started
2025-04-12 11:22:51.578 [info] > git rev-parse --show-toplevel [1ms]
2025-04-12 11:22:51.578 [info] fatal: not a git repository (or any of the parent directories): .git
2025-04-12 11:22:51.578 [info] > git rev-parse --show-toplevel [1ms]
2025-04-12 11:22:51.578 [info] fatal: not a git repository (or any of the parent directories): .git
2025-04-12 11:22:51.581 [info] > git rev-parse --show-toplevel [0ms]
2025-04-12 11:22:51.581 [info] fatal: not a git repository (or any of the parent directories): .git
2025-04-12 11:22:51.584 [info] > git rev-parse --show-toplevel [1ms]
2025-04-12 11:22:51.584 [info] fatal: not a git repository (or any of the parent directories): .git
2025-04-12 11:22:51.586 [info] > git rev-parse --show-toplevel [0ms]
2025-04-12 11:22:51.586 [info] fatal: not a git repository (or any of the parent directories): .git
2025-04-12 11:22:51.589 [info] > git rev-parse --show-toplevel [1ms]
2025-04-12 11:22:51.589 [info] fatal: not a git repository (or any of the parent directories): .git
2025-04-12 11:22:51.591 [info] > git rev-parse --show-toplevel [1ms]
2025-04-12 11:22:51.591 [info] fatal: not a git repository (or any of the parent directories): .git
2025-04-12 11:22:51.593 [info] > git rev-parse --show-toplevel [0ms]
2025-04-12 11:22:51.593 [info] fatal: not a git repository (or any of the parent directories): .git
2025-04-12 11:22:51.596 [info] > git rev-parse --show-toplevel [0ms]
2025-04-12 11:22:51.596 [info] fatal: not a git repository (or any of the parent directories): .git
2025-04-12 11:22:51.598 [info] > git rev-parse --show-toplevel [1ms]
2025-04-12 11:22:51.598 [info] fatal: not a git repository (or any of the parent directories): .git
2025-04-12 11:22:51.600 [info] > git rev-parse --show-toplevel [1ms]
2025-04-12 11:22:51.600 [info] fatal: not a git repository (or any of the parent directories): .git
2025-04-12 11:22:51.602 [info] > git rev-parse --show-toplevel [1ms]
2025-04-12 11:22:51.602 [info] fatal: not a git repository (or any of the parent directories): .git
2025-04-12 11:22:51.604 [info] > git rev-parse --show-toplevel [0ms]
2025-04-12 11:22:51.604 [info] fatal: not a git repository (or any of the parent directories): .git
2025-04-12 11:22:51.606 [info] > git rev-parse --show-toplevel [0ms]
2025-04-12 11:22:51.606 [info] fatal: not a git repository (or any of the parent directories): .git
2025-04-12 11:22:51.609 [info] > git rev-parse --show-toplevel [1ms]
2025-04-12 11:22:51.609 [info] fatal: not a git repository (or any of the parent directories): .git
2025-04-12 11:22:51.610 [info] > git rev-parse --show-toplevel [0ms]
2025-04-12 11:22:51.610 [info] fatal: not a git repository (or any of the parent directories): .git
2025-04-12 11:22:51.612 [info] > git rev-parse --show-toplevel [0ms]
2025-04-12 11:22:51.612 [info] fatal: not a git repository (or any of the parent directories): .git
2025-04-12 11:22:51.614 [info] > git rev-parse --show-toplevel [0ms]
2025-04-12 11:22:51.614 [info] fatal: not a git repository (or any of the parent directories): .git
2025-04-12 11:22:51.616 [info] > git rev-parse --show-toplevel [0ms]
2025-04-12 11:22:51.616 [info] fatal: not a git repository (or any of the parent directories): .git
2025-04-12 11:22:51.619 [info] > git rev-parse --show-toplevel [1ms]
2025-04-12 11:22:51.619 [info] fatal: not a git repository (or any of the parent directories): .git
2025-04-12 11:22:51.620 [info] > git rev-parse --show-toplevel [0ms]
2025-04-12 11:22:51.620 [info] fatal: not a git repository (or any of the parent directories): .git
2025-04-12 11:22:51.623 [info] > git rev-parse --show-toplevel [1ms]
2025-04-12 11:22:51.623 [info] fatal: not a git repository (or any of the parent directories): .git
2025-04-12 11:22:51.625 [info] > git rev-parse --show-toplevel [0ms]
2025-04-12 11:22:51.625 [info] fatal: not a git repository (or any of the parent directories): .git
2025-04-12 11:22:51.627 [info] > git rev-parse --show-toplevel [0ms]
2025-04-12 11:22:51.627 [info] fatal: not a git repository (or any of the parent directories): .git
2025-04-12 11:22:51.630 [info] > git rev-parse --show-toplevel [0ms]
2025-04-12 11:22:51.632 [info] > git rev-parse --git-dir --git-common-dir [0ms]
2025-04-12 11:22:51.636 [info] [Model][openRepository] Opened repository: /home/rifle/HyDE
2025-04-12 11:22:51.641 [info] > git config --get commit.template [2ms]
2025-04-12 11:22:51.641 [info] > git rev-parse --show-toplevel [0ms]
2025-04-12 11:22:51.641 [info] fatal: not a git repository (or any of the parent directories): .git
2025-04-12 11:22:51.645 [info] > git for-each-ref --format=%(refname)%00%(upstream:short)%00%(objectname)%00%(upstream:track)%00%(upstream:remotename)%00%(upstream:remoteref) refs/heads/master refs/remotes/master [2ms]
2025-04-12 11:22:51.647 [warning] [Git][revParse] Unable to read file: ENOENT: no such file or directory, open '/home/rifle/HyDE/.git/refs/remotes/origin/master'
2025-04-12 11:22:51.647 [info] > git rev-parse --show-toplevel [2ms]
2025-04-12 11:22:51.649 [info] > git rev-parse refs/remotes/origin/master [2ms]
2025-04-12 11:22:51.653 [info] > git rev-parse --git-dir --git-common-dir [4ms]
2025-04-12 11:22:51.655 [info] [Model][openRepository] Opened repository: /home/rifle/bema-next
2025-04-12 11:22:51.655 [info] > git for-each-ref --sort -committerdate --format %(refname) %(objectname) %(*objectname) [2ms]
2025-04-12 11:22:51.659 [info] > git rev-parse --show-toplevel [2ms]
2025-04-12 11:22:51.663 [info] > git for-each-ref --format=%(refname)%00%(upstream:short)%00%(objectname)%00%(upstream:track)%00%(upstream:remotename)%00%(upstream:remoteref) refs/heads/master refs/remotes/master [2ms]
2025-04-12 11:22:51.663 [info] > git config --get commit.template [4ms]
2025-04-12 11:22:51.665 [warning] [Git][revParse] Unable to read file: ENOENT: no such file or directory, open '/home/rifle/bema-next/.git/refs/remotes/origin/master'
2025-04-12 11:22:51.665 [info] > git rev-parse --git-dir --git-common-dir [2ms]
2025-04-12 11:22:51.666 [info] [Model][openRepository] Opened repository: /home/rifle/mpvpaper
2025-04-12 11:22:51.666 [info] [Model][doInitialScan] Initial repository scan completed - repositories (3), closed repositories (0), parent repositories (0), unsafe repositories (0)
2025-04-12 11:22:51.668 [info] > git rev-parse refs/remotes/origin/master [3ms]
2025-04-12 11:22:51.672 [info] > git status -z -uall [2ms]
2025-04-12 11:22:51.672 [info] > git config --get commit.template [4ms]
2025-04-12 11:22:51.673 [info] > git for-each-ref --sort -committerdate --format %(refname) %(objectname) %(*objectname) [1ms]
2025-04-12 11:22:51.685 [info] > git for-each-ref --format=%(refname)%00%(upstream:short)%00%(objectname)%00%(upstream:track)%00%(upstream:remotename)%00%(upstream:remoteref) refs/heads/master refs/remotes/master [4ms]
2025-04-12 11:22:51.688 [info] > git config --get --local branch.master.vscode-merge-base [1ms]
2025-04-12 11:22:51.690 [info] > git config --get commit.template [5ms]
2025-04-12 11:22:51.690 [info] > git for-each-ref --format=%(refname)%00%(upstream:short)%00%(objectname)%00%(upstream:track)%00%(upstream:remotename)%00%(upstream:remoteref) refs/heads/master refs/remotes/master [7ms]
2025-04-12 11:22:51.692 [warning] [Git][revParse] Unable to read file: ENOENT: no such file or directory, open '/home/rifle/mpvpaper/.git/refs/remotes/origin/master'
2025-04-12 11:22:51.692 [info] > git for-each-ref --format=%(refname)%00%(upstream:short)%00%(objectname)%00%(upstream:track)%00%(upstream:remotename)%00%(upstream:remoteref) refs/heads/origin/master refs/remotes/origin/master [2ms]
2025-04-12 11:22:51.696 [info] > git rev-parse refs/remotes/origin/master [4ms]
2025-04-12 11:22:51.702 [info] > git status -z -uall [4ms]
2025-04-12 11:22:51.702 [info] > git for-each-ref --sort -committerdate --format %(refname) %(objectname) %(*objectname) [2ms]
2025-04-12 11:22:51.705 [info] > git for-each-ref --format=%(refname)%00%(upstream:short)%00%(objectname)%00%(upstream:track)%00%(upstream:remotename)%00%(upstream:remoteref) refs/heads/master refs/remotes/master [9ms]
2025-04-12 11:22:51.705 [info] > git merge-base refs/heads/master refs/remotes/origin/master [11ms]
2025-04-12 11:22:51.712 [warning] [Git][revParse] Unable to read file: ENOENT: no such file or directory, open '/home/rifle/bema-next/.git/refs/remotes/origin/master'
2025-04-12 11:22:51.712 [info] > git diff --name-status -z --diff-filter=ADMR 8a66f8282e06330b6809ffc02b9f8ea34aedb246...refs/remotes/origin/master [5ms]
2025-04-12 11:22:51.712 [info] > git for-each-ref --format=%(refname)%00%(upstream:short)%00%(objectname)%00%(upstream:track)%00%(upstream:remotename)%00%(upstream:remoteref) refs/heads/master refs/remotes/master [7ms]
2025-04-12 11:22:51.725 [info] > git config --get --local branch.master.vscode-merge-base [11ms]
2025-04-12 11:22:51.727 [info] > git rev-parse refs/remotes/origin/master [15ms]
2025-04-12 11:22:51.731 [info] > git config --get commit.template [21ms]
2025-04-12 11:22:51.732 [info] > git status -z -uall [3ms]
2025-04-12 11:22:51.732 [info] > git for-each-ref --sort -committerdate --format %(refname) %(objectname) %(*objectname) [1ms]
2025-04-12 11:22:51.733 [info] > git for-each-ref --format=%(refname)%00%(upstream:short)%00%(objectname)%00%(upstream:track)%00%(upstream:remotename)%00%(upstream:remoteref) refs/heads/origin/master refs/remotes/origin/master [6ms]
2025-04-12 11:22:51.738 [info] > git for-each-ref --format=%(refname)%00%(upstream:short)%00%(objectname)%00%(upstream:track)%00%(upstream:remotename)%00%(upstream:remoteref) refs/heads/master refs/remotes/master [1ms]
2025-04-12 11:22:51.738 [info] > git merge-base refs/heads/master refs/remotes/origin/master [3ms]
2025-04-12 11:22:51.742 [warning] [Git][revParse] Unable to read file: ENOENT: no such file or directory, open '/home/rifle/mpvpaper/.git/refs/remotes/origin/master'
2025-04-12 11:22:51.742 [info] > git diff --name-status -z --diff-filter=ADMR ee7541800f930ea32bc3d5364f37cf3838b4a9d3...refs/remotes/origin/master [2ms]
2025-04-12 11:22:51.743 [info] > git rev-parse refs/remotes/origin/master [1ms]
2025-04-12 11:22:51.746 [info] > git status -z -uall [2ms]
2025-04-12 11:22:51.747 [info] > git for-each-ref --sort -committerdate --format %(refname) %(objectname) %(*objectname) [1ms]
2025-04-12 11:22:51.807 [info] > git status -z -uall [156ms]
2025-04-12 11:22:51.813 [info] > git for-each-ref --format=%(refname)%00%(upstream:short)%00%(objectname)%00%(upstream:track)%00%(upstream:remotename)%00%(upstream:remoteref) refs/heads/master refs/remotes/master [3ms]
2025-04-12 11:22:51.815 [info] > git config --get commit.template [2ms]
2025-04-12 11:22:51.817 [info] > git config --get --local branch.master.vscode-merge-base [2ms]
2025-04-12 11:22:51.819 [info] > git for-each-ref --format=%(refname)%00%(upstream:short)%00%(objectname)%00%(upstream:track)%00%(upstream:remotename)%00%(upstream:remoteref) refs/heads/master refs/remotes/master [2ms]
2025-04-12 11:22:51.821 [warning] [Git][revParse] Unable to read file: ENOENT: no such file or directory, open '/home/rifle/HyDE/.git/refs/remotes/origin/master'
2025-04-12 11:22:51.821 [info] > git for-each-ref --format=%(refname)%00%(upstream:short)%00%(objectname)%00%(upstream:track)%00%(upstream:remotename)%00%(upstream:remoteref) refs/heads/origin/master refs/remotes/origin/master [2ms]
2025-04-12 11:22:51.823 [info] > git rev-parse refs/remotes/origin/master [2ms]
2025-04-12 11:22:51.827 [info] > git merge-base refs/heads/master refs/remotes/origin/master [4ms]
2025-04-12 11:22:51.829 [info] > git for-each-ref --sort -committerdate --format %(refname) %(objectname) %(*objectname) [2ms]
2025-04-12 11:22:51.830 [info] > git diff --name-status -z --diff-filter=ADMR c1367cb42ac1941da875441d56523f9eac55869a...refs/remotes/origin/master [1ms]
2025-04-12 11:22:51.979 [info] > git status -z -uall [154ms]
2025-04-12 11:22:53.671 [info] > git rev-parse --show-toplevel [1ms]
2025-04-12 11:22:53.671 [info] fatal: not a git repository (or any of the parent directories): .git
2025-04-12 11:23:16.419 [info] > git check-ignore -v -z --stdin [1ms]
2025-04-12 11:24:00.172 [info] > git check-ignore -v -z --stdin [1ms]
2025-04-12 11:24:34.681 [info] > git check-ignore -v -z --stdin [4ms]
2025-04-12 11:24:34.682 [info] > git check-ignore -v -z --stdin [1ms]
2025-04-12 11:26:21.383 [info] [main] Log level: Info
2025-04-12 11:26:21.383 [info] [main] Validating found git in: "git"
2025-04-12 11:26:21.383 [info] [main] Using git "2.49.0" from "git"
2025-04-12 11:26:21.383 [info] [Model][doInitialScan] Initial repository scan started
2025-04-12 11:26:21.383 [info] > git rev-parse --show-toplevel [2ms]
2025-04-12 11:26:21.383 [info] fatal: not a git repository (or any of the parent directories): .git
2025-04-12 11:26:21.386 [info] > git rev-parse --show-toplevel [1ms]
2025-04-12 11:26:21.386 [info] fatal: not a git repository (or any of the parent directories): .git
2025-04-12 11:26:21.389 [info] > git rev-parse --show-toplevel [1ms]
2025-04-12 11:26:21.389 [info] fatal: detected dubious ownership in repository at '/usr/share/sddm/themes/sddm-astronaut-theme'
To add an exception for this directory, call:

	git config --global --add safe.directory /usr/share/sddm/themes/sddm-astronaut-theme
2025-04-12 11:26:21.389 [info] [Model][doInitialScan] Initial repository scan completed - repositories (0), closed repositories (0), parent repositories (0), unsafe repositories (1)
2025-04-12 11:26:23.591 [info] > git rev-parse --show-toplevel [1ms]
2025-04-12 11:26:23.591 [info] fatal: not a git repository (or any of the parent directories): .git
