2025-04-12 09:42:36.211 [info] [main] Log level: Info
2025-04-12 09:42:36.211 [info] [main] Validating found git in: "git"
2025-04-12 09:42:36.222 [info] [main] Using git "2.49.0" from "git"
2025-04-12 09:42:36.222 [info] [Model][doInitialScan] Initial repository scan started
2025-04-12 09:42:36.228 [info] > git rev-parse --show-toplevel [2ms]
2025-04-12 09:42:36.228 [info] fatal: not a git repository (or any of the parent directories): .git
2025-04-12 09:42:36.244 [info] > git rev-parse --show-toplevel [0ms]
2025-04-12 09:42:36.244 [info] fatal: not a git repository (or any of the parent directories): .git
2025-04-12 09:42:36.247 [info] > git rev-parse --show-toplevel [1ms]
2025-04-12 09:42:36.247 [info] fatal: not a git repository (or any of the parent directories): .git
2025-04-12 09:42:36.249 [info] > git rev-parse --show-toplevel [1ms]
2025-04-12 09:42:36.249 [info] fatal: not a git repository (or any of the parent directories): .git
2025-04-12 09:42:36.251 [info] > git rev-parse --show-toplevel [1ms]
2025-04-12 09:42:36.251 [info] fatal: not a git repository (or any of the parent directories): .git
2025-04-12 09:42:36.253 [info] > git rev-parse --show-toplevel [0ms]
2025-04-12 09:42:36.253 [info] fatal: not a git repository (or any of the parent directories): .git
2025-04-12 09:42:36.256 [info] > git rev-parse --show-toplevel [1ms]
2025-04-12 09:42:36.256 [info] fatal: not a git repository (or any of the parent directories): .git
2025-04-12 09:42:36.259 [info] > git rev-parse --show-toplevel [1ms]
2025-04-12 09:42:36.259 [info] fatal: not a git repository (or any of the parent directories): .git
2025-04-12 09:42:36.261 [info] > git rev-parse --show-toplevel [1ms]
2025-04-12 09:42:36.261 [info] fatal: not a git repository (or any of the parent directories): .git
2025-04-12 09:42:36.263 [info] > git rev-parse --show-toplevel [0ms]
2025-04-12 09:42:36.263 [info] fatal: not a git repository (or any of the parent directories): .git
2025-04-12 09:42:36.265 [info] > git rev-parse --show-toplevel [0ms]
2025-04-12 09:42:36.265 [info] fatal: not a git repository (or any of the parent directories): .git
2025-04-12 09:42:36.267 [info] > git rev-parse --show-toplevel [0ms]
2025-04-12 09:42:36.267 [info] fatal: not a git repository (or any of the parent directories): .git
2025-04-12 09:42:36.269 [info] > git rev-parse --show-toplevel [0ms]
2025-04-12 09:42:36.269 [info] fatal: not a git repository (or any of the parent directories): .git
2025-04-12 09:42:36.271 [info] > git rev-parse --show-toplevel [0ms]
2025-04-12 09:42:36.271 [info] fatal: not a git repository (or any of the parent directories): .git
2025-04-12 09:42:36.273 [info] > git rev-parse --show-toplevel [0ms]
2025-04-12 09:42:36.273 [info] fatal: not a git repository (or any of the parent directories): .git
2025-04-12 09:42:36.275 [info] > git rev-parse --show-toplevel [0ms]
2025-04-12 09:42:36.275 [info] fatal: not a git repository (or any of the parent directories): .git
2025-04-12 09:42:36.277 [info] > git rev-parse --show-toplevel [0ms]
2025-04-12 09:42:36.277 [info] fatal: not a git repository (or any of the parent directories): .git
2025-04-12 09:42:36.279 [info] > git rev-parse --show-toplevel [0ms]
2025-04-12 09:42:36.279 [info] fatal: not a git repository (or any of the parent directories): .git
2025-04-12 09:42:36.282 [info] > git rev-parse --show-toplevel [1ms]
2025-04-12 09:42:36.282 [info] fatal: not a git repository (or any of the parent directories): .git
2025-04-12 09:42:36.284 [info] > git rev-parse --show-toplevel [1ms]
2025-04-12 09:42:36.284 [info] fatal: not a git repository (or any of the parent directories): .git
2025-04-12 09:42:36.286 [info] > git rev-parse --show-toplevel [0ms]
2025-04-12 09:42:36.286 [info] fatal: not a git repository (or any of the parent directories): .git
2025-04-12 09:42:36.288 [info] > git rev-parse --show-toplevel [0ms]
2025-04-12 09:42:36.288 [info] fatal: not a git repository (or any of the parent directories): .git
2025-04-12 09:42:36.291 [info] > git rev-parse --show-toplevel [1ms]
2025-04-12 09:42:36.291 [info] fatal: not a git repository (or any of the parent directories): .git
2025-04-12 09:42:36.293 [info] > git rev-parse --show-toplevel [1ms]
2025-04-12 09:42:36.293 [info] fatal: not a git repository (or any of the parent directories): .git
2025-04-12 09:42:36.296 [info] > git rev-parse --show-toplevel [2ms]
2025-04-12 09:42:36.298 [info] > git rev-parse --git-dir --git-common-dir [1ms]
2025-04-12 09:42:36.302 [info] [Model][openRepository] Opened repository: /home/rifle/bema-next
2025-04-12 09:42:36.308 [info] > git rev-parse --show-toplevel [1ms]
2025-04-12 09:42:36.308 [info] > git config --get commit.template [4ms]
2025-04-12 09:42:36.314 [info] > git rev-parse --git-dir --git-common-dir [3ms]
2025-04-12 09:42:36.315 [info] [Model][openRepository] Opened repository: /home/rifle/mpvpaper
2025-04-12 09:42:36.315 [info] [Model][doInitialScan] Initial repository scan completed - repositories (2), closed repositories (0), parent repositories (0), unsafe repositories (0)
2025-04-12 09:42:36.318 [info] > git for-each-ref --format=%(refname)%00%(upstream:short)%00%(objectname)%00%(upstream:track)%00%(upstream:remotename)%00%(upstream:remoteref) refs/heads/master refs/remotes/master [5ms]
2025-04-12 09:42:36.320 [warning] [Git][revParse] Unable to read file: ENOENT: no such file or directory, open '/home/rifle/bema-next/.git/refs/remotes/origin/master'
2025-04-12 09:42:36.320 [info] > git config --get commit.template [3ms]
2025-04-12 09:42:36.323 [info] > git rev-parse refs/remotes/origin/master [3ms]
2025-04-12 09:42:36.328 [info] > git for-each-ref --format=%(refname)%00%(upstream:short)%00%(objectname)%00%(upstream:track)%00%(upstream:remotename)%00%(upstream:remoteref) refs/heads/master refs/remotes/master [6ms]
2025-04-12 09:42:36.330 [warning] [Git][revParse] Unable to read file: ENOENT: no such file or directory, open '/home/rifle/mpvpaper/.git/refs/remotes/origin/master'
2025-04-12 09:42:36.331 [info] > git for-each-ref --sort -committerdate --format %(refname)%00%(objectname)%00%(*objectname) [3ms]
2025-04-12 09:42:36.331 [info] > git rev-parse refs/remotes/origin/master [1ms]
2025-04-12 09:42:36.338 [info] > git for-each-ref --sort -committerdate --format %(refname)%00%(objectname)%00%(*objectname) [2ms]
2025-04-12 09:42:36.339 [info] > git status -z -uall [14ms]
2025-04-12 09:42:36.349 [info] > git status -z -uall [16ms]
2025-04-12 09:42:36.349 [info] > git for-each-ref --format=%(refname)%00%(upstream:short)%00%(objectname)%00%(upstream:track)%00%(upstream:remotename)%00%(upstream:remoteref) refs/heads/master refs/remotes/master [2ms]
2025-04-12 09:42:36.357 [info] > git for-each-ref --format=%(refname)%00%(upstream:short)%00%(objectname)%00%(upstream:track)%00%(upstream:remotename)%00%(upstream:remoteref) refs/heads/master refs/remotes/master [3ms]
2025-04-12 09:42:36.359 [info] > git config --get --local branch.master.vscode-merge-base [8ms]
2025-04-12 09:42:36.361 [info] > git config --get commit.template [12ms]
2025-04-12 09:42:36.361 [info] > git for-each-ref --format=%(refname)%00%(upstream:short)%00%(objectname)%00%(upstream:track)%00%(upstream:remotename)%00%(upstream:remoteref) refs/heads/origin/master refs/remotes/origin/master [0ms]
2025-04-12 09:42:36.363 [info] > git config --get --local branch.master.vscode-merge-base [4ms]
2025-04-12 09:42:36.365 [info] > git config --get commit.template [8ms]
2025-04-12 09:42:36.379 [info] > git for-each-ref --format=%(refname)%00%(upstream:short)%00%(objectname)%00%(upstream:track)%00%(upstream:remotename)%00%(upstream:remoteref) refs/heads/origin/master refs/remotes/origin/master [14ms]
2025-04-12 09:42:36.381 [info] > git merge-base refs/heads/master refs/remotes/origin/master [18ms]
2025-04-12 09:42:36.385 [info] > git diff --name-status -z --diff-filter=ADMR 8a66f8282e06330b6809ffc02b9f8ea34aedb246...refs/remotes/origin/master [3ms]
2025-04-12 09:42:36.385 [info] > git merge-base refs/heads/master refs/remotes/origin/master [5ms]
2025-04-12 09:42:36.387 [info] > git for-each-ref --format=%(refname)%00%(upstream:short)%00%(objectname)%00%(upstream:track)%00%(upstream:remotename)%00%(upstream:remoteref) refs/heads/master refs/remotes/master [10ms]
2025-04-12 09:42:36.389 [warning] [Git][revParse] Unable to read file: ENOENT: no such file or directory, open '/home/rifle/bema-next/.git/refs/remotes/origin/master'
2025-04-12 09:42:36.390 [info] > git for-each-ref --format=%(refname)%00%(upstream:short)%00%(objectname)%00%(upstream:track)%00%(upstream:remotename)%00%(upstream:remoteref) refs/heads/master refs/remotes/master [5ms]
2025-04-12 09:42:36.390 [info] > git diff --name-status -z --diff-filter=ADMR ee7541800f930ea32bc3d5364f37cf3838b4a9d3...refs/remotes/origin/master [3ms]
2025-04-12 09:42:36.391 [warning] [Git][revParse] Unable to read file: ENOENT: no such file or directory, open '/home/rifle/mpvpaper/.git/refs/remotes/origin/master'
2025-04-12 09:42:36.391 [info] > git rev-parse refs/remotes/origin/master [2ms]
2025-04-12 09:42:36.395 [info] > git status -z -uall [2ms]
2025-04-12 09:42:36.395 [info] > git rev-parse refs/remotes/origin/master [4ms]
2025-04-12 09:42:36.400 [info] > git status -z -uall [3ms]
2025-04-12 09:42:36.400 [info] > git for-each-ref --sort -committerdate --format %(refname)%00%(objectname)%00%(*objectname) [1ms]
2025-04-12 09:42:36.401 [info] > git for-each-ref --sort -committerdate --format %(refname)%00%(objectname)%00%(*objectname) [6ms]
2025-04-12 09:42:36.828 [info] > git check-ignore -v -z --stdin [3ms]
2025-04-12 09:42:36.828 [info] > git check-ignore -v -z --stdin [1ms]
2025-04-12 09:42:38.203 [info] > git rev-parse --show-toplevel [1ms]
2025-04-12 09:42:38.203 [info] fatal: not a git repository (or any of the parent directories): .git
2025-04-12 09:44:59.420 [info] > git config --get commit.template [6ms]
2025-04-12 09:44:59.421 [info] > git for-each-ref --format=%(refname)%00%(upstream:short)%00%(objectname)%00%(upstream:track)%00%(upstream:remotename)%00%(upstream:remoteref) refs/heads/master refs/remotes/master [1ms]
2025-04-12 09:44:59.424 [warning] [Git][revParse] Unable to read file: ENOENT: no such file or directory, open '/home/rifle/bema-next/.git/refs/remotes/origin/master'
2025-04-12 09:44:59.425 [info] > git rev-parse refs/remotes/origin/master [1ms]
2025-04-12 09:44:59.434 [info] > git status -z -uall [6ms]
2025-04-12 09:44:59.434 [info] > git for-each-ref --sort -committerdate --format %(refname)%00%(objectname)%00%(*objectname) [1ms]
2025-04-12 09:45:22.654 [info] > git rev-parse --show-toplevel [1ms]
2025-04-12 09:45:22.654 [info] fatal: not a git repository (or any of the parent directories): .git
2025-04-12 09:52:46.339 [info] > git rev-parse --show-toplevel [1ms]
2025-04-12 09:52:46.339 [info] fatal: not a git repository (or any of the parent directories): .git
2025-04-12 09:55:39.980 [info] > git rev-parse --show-toplevel [0ms]
2025-04-12 09:55:39.980 [info] fatal: not a git repository (or any of the parent directories): .git
2025-04-12 09:55:52.310 [info] > git rev-parse --show-toplevel [1ms]
2025-04-12 09:55:52.310 [info] fatal: not a git repository (or any of the parent directories): .git
2025-04-12 09:56:26.447 [info] > git rev-parse --show-toplevel [1ms]
2025-04-12 09:56:26.447 [info] fatal: not a git repository (or any of the parent directories): .git
2025-04-12 09:59:56.522 [info] > git rev-parse --show-toplevel [1ms]
2025-04-12 09:59:56.522 [info] fatal: not a git repository (or any of the parent directories): .git
2025-04-12 10:09:46.732 [info] > git rev-parse --show-toplevel [1ms]
2025-04-12 10:09:46.732 [info] fatal: not a git repository (or any of the parent directories): .git
2025-04-12 10:12:39.212 [info] > git rev-parse --show-toplevel [1ms]
2025-04-12 10:12:39.214 [info] > git rev-parse --git-dir --git-common-dir [0ms]
2025-04-12 10:12:39.216 [info] [Model][openRepository] Opened repository: /home/rifle/HyDE
2025-04-12 10:12:39.221 [info] > git config --get commit.template [3ms]
2025-04-12 10:12:39.221 [info] > git for-each-ref --format=%(refname)%00%(upstream:short)%00%(objectname)%00%(upstream:track)%00%(upstream:remotename)%00%(upstream:remoteref) refs/heads/master refs/remotes/master [1ms]
2025-04-12 10:12:39.223 [warning] [Git][revParse] Unable to read file: ENOENT: no such file or directory, open '/home/rifle/HyDE/.git/refs/remotes/origin/master'
2025-04-12 10:12:39.224 [info] > git rev-parse refs/remotes/origin/master [1ms]
2025-04-12 10:12:39.229 [info] > git for-each-ref --sort -committerdate --format %(refname)%00%(objectname)%00%(*objectname) [1ms]
2025-04-12 10:12:39.388 [info] > git status -z -uall [162ms]
2025-04-12 10:12:39.395 [info] > git for-each-ref --format=%(refname)%00%(upstream:short)%00%(objectname)%00%(upstream:track)%00%(upstream:remotename)%00%(upstream:remoteref) refs/heads/master refs/remotes/master [3ms]
2025-04-12 10:12:39.397 [info] > git config --get commit.template [2ms]
2025-04-12 10:12:39.397 [info] > git config --get --local branch.master.vscode-merge-base [0ms]
2025-04-12 10:12:39.397 [warning] [Git][config] git config failed: Failed to execute git
2025-04-12 10:12:39.401 [info] > git reflog master --grep-reflog=branch: Created from *. [2ms]
2025-04-12 10:12:39.404 [info] > git for-each-ref --format=%(refname)%00%(upstream:short)%00%(objectname)%00%(upstream:track)%00%(upstream:remotename)%00%(upstream:remoteref) refs/heads/master refs/remotes/master [3ms]
2025-04-12 10:12:39.405 [warning] [Git][revParse] Unable to read file: ENOENT: no such file or directory, open '/home/rifle/HyDE/.git/refs/remotes/origin/master'
2025-04-12 10:12:39.406 [info] > git symbolic-ref --short refs/remotes/origin/HEAD [3ms]
2025-04-12 10:12:39.408 [info] > git rev-parse refs/remotes/origin/master [3ms]
2025-04-12 10:12:39.412 [info] > git for-each-ref --format=%(refname)%00%(upstream:short)%00%(objectname)%00%(upstream:track)%00%(upstream:remotename)%00%(upstream:remoteref) refs/heads/origin/master refs/remotes/origin/master [5ms]
2025-04-12 10:12:39.414 [info] > git for-each-ref --sort -committerdate --format %(refname)%00%(objectname)%00%(*objectname) [2ms]
2025-04-12 10:12:39.415 [info] > git config --add --local branch.master.vscode-merge-base origin/master [1ms]
2025-04-12 10:12:39.419 [info] > git status -z -uall [9ms] (cancelled)
2025-04-12 10:12:39.420 [info] > git for-each-ref --format=%(refname)%00%(upstream:short)%00%(objectname)%00%(upstream:track)%00%(upstream:remotename)%00%(upstream:remoteref) refs/heads/master refs/remotes/master [3ms]
2025-04-12 10:12:39.421 [info] > git config --get commit.template [2ms]
2025-04-12 10:12:39.423 [info] > git config --get --local branch.master.vscode-merge-base [2ms]
2025-04-12 10:12:39.425 [info] > git for-each-ref --format=%(refname)%00%(upstream:short)%00%(objectname)%00%(upstream:track)%00%(upstream:remotename)%00%(upstream:remoteref) refs/heads/master refs/remotes/master [2ms]
2025-04-12 10:12:39.427 [warning] [Git][revParse] Unable to read file: ENOENT: no such file or directory, open '/home/rifle/HyDE/.git/refs/remotes/origin/master'
2025-04-12 10:12:39.427 [info] > git for-each-ref --format=%(refname)%00%(upstream:short)%00%(objectname)%00%(upstream:track)%00%(upstream:remotename)%00%(upstream:remoteref) refs/heads/origin/master refs/remotes/origin/master [2ms]
2025-04-12 10:12:39.430 [info] > git rev-parse refs/remotes/origin/master [3ms]
2025-04-12 10:12:39.437 [info] > git merge-base refs/heads/master refs/remotes/origin/master [7ms]
2025-04-12 10:12:39.440 [info] > git for-each-ref --sort -committerdate --format %(refname)%00%(objectname)%00%(*objectname) [3ms]
2025-04-12 10:12:39.441 [info] > git diff --name-status -z --diff-filter=ADMR c1367cb42ac1941da875441d56523f9eac55869a...refs/remotes/origin/master [1ms]
2025-04-12 10:12:39.523 [info] > git show --textconv :Scripts/install.sh [3ms]
2025-04-12 10:12:39.523 [info] > git ls-files --stage -- Scripts/install.sh [0ms]
2025-04-12 10:12:39.526 [info] > git cat-file -s e5e14f82a662a1162dedac71f4b20f98cc13959d [1ms]
2025-04-12 10:12:39.593 [info] > git status -z -uall [160ms]
2025-04-12 10:12:39.767 [info] > git check-ignore -v -z --stdin [12ms]
2025-04-12 10:12:39.767 [info] > git check-ignore -v -z --stdin [2ms]
2025-04-12 10:12:40.607 [info] > git ls-files --stage -- Scripts/install.sh [2ms]
2025-04-12 10:12:40.619 [info] > git cat-file -s e5e14f82a662a1162dedac71f4b20f98cc13959d [2ms]
2025-04-12 10:12:40.625 [info] > git show --textconv :Scripts/install.sh [2ms]
2025-04-12 10:13:28.779 [info] > git blame --root --incremental c1367cb42ac1941da875441d56523f9eac55869a -- Scripts/install.sh [18ms]
2025-04-12 10:14:57.107 [info] > git show --textconv :Scripts/install_pre.sh [11ms]
2025-04-12 10:14:57.109 [info] > git ls-files --stage -- Scripts/install_pre.sh [3ms]
2025-04-12 10:14:57.116 [info] > git cat-file -s 374437f20b8d86f7fb3072810fcf23863f90d68f [2ms]
2025-04-12 10:15:08.855 [info] > git show --textconv :Scripts/global_fn.sh [9ms]
2025-04-12 10:15:08.856 [info] > git ls-files --stage -- Scripts/global_fn.sh [2ms]
2025-04-12 10:15:08.866 [info] > git cat-file -s 3e36f7c086996def66da6896ebfabf069aa72485 [2ms]
2025-04-12 10:15:22.688 [info] > git blame --root --incremental c1367cb42ac1941da875441d56523f9eac55869a -- Scripts/global_fn.sh [12ms]
2025-04-12 10:15:48.233 [info] > git show --textconv :Scripts/install_aur.sh [12ms]
2025-04-12 10:15:48.234 [info] > git ls-files --stage -- Scripts/install_aur.sh [2ms]
2025-04-12 10:15:48.241 [info] > git cat-file -s da9e4ae61dd906c0b94457827b304aafc029042f [3ms]
2025-04-12 10:16:00.494 [info] > git show --textconv :Scripts/install_pkg.sh [7ms]
2025-04-12 10:16:00.496 [info] > git ls-files --stage -- Scripts/install_pkg.sh [1ms]
2025-04-12 10:16:00.502 [info] > git cat-file -s 0caf7385433713345b4b5cc6eac5dece136fd66e [2ms]
2025-04-12 10:16:04.364 [info] > git show --textconv :Scripts/chaotic_aur.sh [10ms]
2025-04-12 10:16:04.367 [info] > git ls-files --stage -- Scripts/chaotic_aur.sh [4ms]
2025-04-12 10:16:04.375 [info] > git cat-file -s 1ca6a83282949bc6036fc21971f0be3aa0a1ce5e [2ms]
2025-04-12 10:16:06.201 [info] > git blame --root --incremental c1367cb42ac1941da875441d56523f9eac55869a -- Scripts/chaotic_aur.sh [7ms]
2025-04-12 10:16:25.001 [info] > git show --textconv :Scripts/global_fn.sh [7ms]
2025-04-12 10:16:25.004 [info] > git ls-files --stage -- Scripts/global_fn.sh [4ms]
2025-04-12 10:16:25.015 [info] > git cat-file -s 3e36f7c086996def66da6896ebfabf069aa72485 [2ms]
2025-04-12 10:16:26.470 [info] > git show --textconv :Scripts/install_aur.sh [5ms]
2025-04-12 10:16:26.472 [info] > git ls-files --stage -- Scripts/install_aur.sh [2ms]
2025-04-12 10:16:26.484 [info] > git cat-file -s da9e4ae61dd906c0b94457827b304aafc029042f [2ms]
2025-04-12 10:16:27.493 [info] > git show --textconv :Scripts/install_pkg.sh [6ms]
2025-04-12 10:16:27.494 [info] > git ls-files --stage -- Scripts/install_pkg.sh [1ms]
2025-04-12 10:16:27.500 [info] > git cat-file -s 0caf7385433713345b4b5cc6eac5dece136fd66e [2ms]
2025-04-12 10:16:28.429 [info] > git show --textconv :Scripts/install_pre.sh [3ms]
2025-04-12 10:16:28.430 [info] > git ls-files --stage -- Scripts/install_pre.sh [1ms]
2025-04-12 10:16:28.440 [info] > git cat-file -s 374437f20b8d86f7fb3072810fcf23863f90d68f [3ms]
2025-04-12 10:16:31.030 [info] > git blame --root --incremental c1367cb42ac1941da875441d56523f9eac55869a -- Scripts/install_pre.sh [10ms]
2025-04-12 10:19:37.768 [info] > git show --textconv :Scripts/install_pst.sh [10ms]
2025-04-12 10:19:37.769 [info] > git ls-files --stage -- Scripts/install_pst.sh [2ms]
2025-04-12 10:19:37.780 [info] > git cat-file -s d29bdc61955ed055da3f91df280cdaa259717a8d [2ms]
2025-04-12 10:19:39.899 [info] > git blame --root --incremental c1367cb42ac1941da875441d56523f9eac55869a -- Scripts/install_pst.sh [14ms]
2025-04-12 10:19:58.184 [info] > git config --get commit.template [11ms]
2025-04-12 10:19:58.186 [info] > git for-each-ref --format=%(refname)%00%(upstream:short)%00%(objectname)%00%(upstream:track)%00%(upstream:remotename)%00%(upstream:remoteref) refs/heads/master refs/remotes/master [3ms]
2025-04-12 10:19:58.195 [warning] [Git][revParse] Unable to read file: ENOENT: no such file or directory, open '/home/rifle/HyDE/.git/refs/remotes/origin/master'
2025-04-12 10:19:58.196 [info] > git rev-parse refs/remotes/origin/master [1ms]
2025-04-12 10:19:58.209 [info] > git for-each-ref --sort -committerdate --format %(refname)%00%(objectname)%00%(*objectname) [2ms]
2025-04-12 10:19:58.374 [info] > git status -z -uall [176ms]
2025-04-12 10:20:00.025 [info] > git show --textconv :Scripts/chaotic_aur.sh [12ms]
2025-04-12 10:20:00.026 [info] > git ls-files --stage -- Scripts/chaotic_aur.sh [3ms]
2025-04-12 10:20:00.034 [info] > git cat-file -s 1ca6a83282949bc6036fc21971f0be3aa0a1ce5e [1ms]
2025-04-12 10:20:02.440 [info] > git show --textconv :Scripts/install_pre.sh [7ms]
2025-04-12 10:20:02.441 [info] > git ls-files --stage -- Scripts/install_pre.sh [2ms]
2025-04-12 10:20:02.447 [info] > git cat-file -s 374437f20b8d86f7fb3072810fcf23863f90d68f [2ms]
2025-04-12 10:20:03.397 [info] > git config --get commit.template [12ms]
2025-04-12 10:20:03.397 [info] > git for-each-ref --format=%(refname)%00%(upstream:short)%00%(objectname)%00%(upstream:track)%00%(upstream:remotename)%00%(upstream:remoteref) refs/heads/master refs/remotes/master [3ms]
2025-04-12 10:20:03.405 [warning] [Git][revParse] Unable to read file: ENOENT: no such file or directory, open '/home/rifle/HyDE/.git/refs/remotes/origin/master'
2025-04-12 10:20:03.405 [info] > git rev-parse refs/remotes/origin/master [0ms]
2025-04-12 10:20:03.419 [info] > git for-each-ref --sort -committerdate --format %(refname)%00%(objectname)%00%(*objectname) [1ms]
2025-04-12 10:20:03.573 [info] > git status -z -uall [161ms]
2025-04-12 10:20:03.956 [info] > git show --textconv :Scripts/global_fn.sh [6ms]
2025-04-12 10:20:03.957 [info] > git ls-files --stage -- Scripts/global_fn.sh [3ms]
2025-04-12 10:20:03.968 [info] > git cat-file -s 3e36f7c086996def66da6896ebfabf069aa72485 [2ms]
2025-04-12 10:20:05.441 [info] > git show --textconv :Scripts/install.sh [10ms]
2025-04-12 10:20:05.443 [info] > git ls-files --stage -- Scripts/install.sh [3ms]
2025-04-12 10:20:05.453 [info] > git cat-file -s e5e14f82a662a1162dedac71f4b20f98cc13959d [2ms]
2025-04-12 10:20:08.599 [info] > git config --get commit.template [11ms]
2025-04-12 10:20:08.601 [info] > git for-each-ref --format=%(refname)%00%(upstream:short)%00%(objectname)%00%(upstream:track)%00%(upstream:remotename)%00%(upstream:remoteref) refs/heads/master refs/remotes/master [3ms]
2025-04-12 10:20:08.608 [warning] [Git][revParse] Unable to read file: ENOENT: no such file or directory, open '/home/rifle/HyDE/.git/refs/remotes/origin/master'
2025-04-12 10:20:08.609 [info] > git rev-parse refs/remotes/origin/master [1ms]
2025-04-12 10:20:08.630 [info] > git for-each-ref --sort -committerdate --format %(refname)%00%(objectname)%00%(*objectname) [3ms]
2025-04-12 10:20:08.786 [info] > git status -z -uall [168ms]
2025-04-12 10:20:11.121 [info] > git show --textconv :Scripts/install_pst.sh [11ms]
2025-04-12 10:20:11.123 [info] > git ls-files --stage -- Scripts/install_pst.sh [3ms]
2025-04-12 10:20:11.132 [info] > git cat-file -s d29bdc61955ed055da3f91df280cdaa259717a8d [3ms]
2025-04-12 10:20:11.723 [info] > git show --textconv :Scripts/install_pre.sh [3ms]
2025-04-12 10:20:11.726 [info] > git ls-files --stage -- Scripts/install_pre.sh [3ms]
2025-04-12 10:20:11.739 [info] > git cat-file -s 374437f20b8d86f7fb3072810fcf23863f90d68f [2ms]
2025-04-12 10:20:13.141 [info] > git show --textconv :Scripts/install_pkg.sh [7ms]
2025-04-12 10:20:13.144 [info] > git ls-files --stage -- Scripts/install_pkg.sh [4ms]
2025-04-12 10:20:13.157 [info] > git cat-file -s 0caf7385433713345b4b5cc6eac5dece136fd66e [3ms]
2025-04-12 10:20:14.029 [info] > git show --textconv :Scripts/install_aur.sh [11ms]
2025-04-12 10:20:14.030 [info] > git ls-files --stage -- Scripts/install_aur.sh [2ms]
2025-04-12 10:20:14.041 [info] > git cat-file -s da9e4ae61dd906c0b94457827b304aafc029042f [2ms]
2025-04-12 10:20:14.921 [info] > git show --textconv :Scripts/global_fn.sh [7ms]
2025-04-12 10:20:14.922 [info] > git ls-files --stage -- Scripts/global_fn.sh [1ms]
2025-04-12 10:20:14.933 [info] > git cat-file -s 3e36f7c086996def66da6896ebfabf069aa72485 [4ms]
2025-04-12 10:20:15.786 [info] > git show --textconv :Scripts/chaotic_aur.sh [7ms]
2025-04-12 10:20:15.787 [info] > git ls-files --stage -- Scripts/chaotic_aur.sh [2ms]
2025-04-12 10:20:15.798 [info] > git cat-file -s 1ca6a83282949bc6036fc21971f0be3aa0a1ce5e [3ms]
2025-04-12 10:20:17.019 [info] > git show --textconv :Scripts/install.sh [8ms]
2025-04-12 10:20:17.021 [info] > git ls-files --stage -- Scripts/install.sh [2ms]
2025-04-12 10:20:17.032 [info] > git cat-file -s e5e14f82a662a1162dedac71f4b20f98cc13959d [3ms]
2025-04-12 10:20:24.342 [info] > git show --textconv :Scripts/themepatcher.sh [11ms]
2025-04-12 10:20:24.344 [info] > git ls-files --stage -- Scripts/themepatcher.sh [3ms]
2025-04-12 10:20:24.353 [info] > git cat-file -s 3a066d225b0d99161c5d69b4ee536f1f555426b8 [2ms]
2025-04-12 10:20:31.696 [info] > git rev-parse --show-toplevel [0ms]
2025-04-12 10:20:31.696 [info] fatal: not a git repository (or any of the parent directories): .git
2025-04-12 10:20:33.280 [info] > git show --textconv :Scripts/themepatcher.sh [7ms]
2025-04-12 10:20:33.280 [info] > git ls-files --stage -- Scripts/themepatcher.sh [0ms]
2025-04-12 10:20:33.286 [info] > git cat-file -s 3a066d225b0d99161c5d69b4ee536f1f555426b8 [2ms]
2025-04-12 10:20:33.592 [info] > git check-ignore -v -z --stdin [3ms]
2025-04-12 10:20:33.593 [info] > git check-ignore -v -z --stdin [0ms]
2025-04-12 10:20:35.120 [info] > git show --textconv :Scripts/chaotic_aur.sh [12ms]
2025-04-12 10:20:35.121 [info] > git ls-files --stage -- Scripts/chaotic_aur.sh [2ms]
2025-04-12 10:20:35.132 [info] > git cat-file -s 1ca6a83282949bc6036fc21971f0be3aa0a1ce5e [2ms]
2025-04-12 10:20:36.899 [info] > git rev-parse --show-toplevel [1ms]
2025-04-12 10:20:36.899 [info] fatal: not a git repository (or any of the parent directories): .git
2025-04-12 10:20:48.907 [info] > git show --textconv :Scripts/uninstall.sh [10ms]
2025-04-12 10:20:48.908 [info] > git ls-files --stage -- Scripts/uninstall.sh [2ms]
2025-04-12 10:20:48.919 [info] > git cat-file -s a87c337e09cad9dc74e46c220d39a0580b8f1087 [2ms]
2025-04-12 10:20:51.169 [info] > git show --textconv :Scripts/themepatcher.sh [10ms]
2025-04-12 10:20:51.172 [info] > git ls-files --stage -- Scripts/themepatcher.sh [4ms]
2025-04-12 10:20:51.182 [info] > git cat-file -s 3a066d225b0d99161c5d69b4ee536f1f555426b8 [2ms]
2025-04-12 10:20:54.686 [info] > git blame --root --incremental c1367cb42ac1941da875441d56523f9eac55869a -- Scripts/themepatcher.sh [11ms]
2025-04-12 10:21:52.987 [info] > git show --textconv :Scripts/uninstall.sh [5ms]
2025-04-12 10:21:52.988 [info] > git ls-files --stage -- Scripts/uninstall.sh [1ms]
2025-04-12 10:21:52.997 [info] > git cat-file -s a87c337e09cad9dc74e46c220d39a0580b8f1087 [2ms]
2025-04-12 10:21:55.758 [info] > git blame --root --incremental c1367cb42ac1941da875441d56523f9eac55869a -- Scripts/uninstall.sh [8ms]
2025-04-12 10:23:17.078 [info] > git show --textconv :Scripts/themepatcher.sh [10ms]
2025-04-12 10:23:17.080 [info] > git ls-files --stage -- Scripts/themepatcher.sh [4ms]
2025-04-12 10:23:17.093 [info] > git cat-file -s 3a066d225b0d99161c5d69b4ee536f1f555426b8 [2ms]
2025-04-12 10:23:19.276 [info] > git show --textconv :Scripts/restore_thm.sh [12ms]
2025-04-12 10:23:19.277 [info] > git ls-files --stage -- Scripts/restore_thm.sh [3ms]
2025-04-12 10:23:19.288 [info] > git cat-file -s 17f9a930d0fbc00661c3fde1e984b14d032cb9c0 [2ms]
2025-04-12 10:23:20.195 [info] > git show --textconv :Scripts/themepatcher.lst [11ms]
2025-04-12 10:23:20.196 [info] > git ls-files --stage -- Scripts/themepatcher.lst [2ms]
2025-04-12 10:23:20.207 [info] > git cat-file -s b3639b47b9c21b1b79eb8d10733cf4c01cef3953 [2ms]
2025-04-12 10:23:27.593 [info] > git show --textconv :Scripts/system_ctl.lst [5ms]
2025-04-12 10:23:27.595 [info] > git ls-files --stage -- Scripts/system_ctl.lst [3ms]
2025-04-12 10:23:27.607 [info] > git cat-file -s 3e3671ace5f800fabac3fdf1b84e0ee213118713 [3ms]
2025-04-12 10:23:30.698 [info] > git show --textconv :Scripts/themepatcher.lst [11ms]
2025-04-12 10:23:30.699 [info] > git ls-files --stage -- Scripts/themepatcher.lst [2ms]
2025-04-12 10:23:30.708 [info] > git cat-file -s b3639b47b9c21b1b79eb8d10733cf4c01cef3953 [4ms]
2025-04-12 10:23:33.443 [info] > git show --textconv :Scripts/restore_thm.sh [5ms]
2025-04-12 10:23:33.445 [info] > git ls-files --stage -- Scripts/restore_thm.sh [2ms]
2025-04-12 10:23:33.455 [info] > git cat-file -s 17f9a930d0fbc00661c3fde1e984b14d032cb9c0 [2ms]
2025-04-12 10:23:48.503 [info] > git show --textconv :Scripts/restore_shl.sh [12ms]
2025-04-12 10:23:48.505 [info] > git ls-files --stage -- Scripts/restore_shl.sh [3ms]
2025-04-12 10:23:48.517 [info] > git cat-file -s 1381be626cedbefd4c2d50c670d5ab7a45d36ad9 [2ms]
2025-04-12 10:24:07.549 [info] > git show --textconv :Scripts/restore_fnt.sh [10ms]
2025-04-12 10:24:07.551 [info] > git ls-files --stage -- Scripts/restore_fnt.sh [2ms]
2025-04-12 10:24:07.559 [info] > git cat-file -s fbf1ee4fb916fef91cbf5f6099acc331a4060cf3 [1ms]
2025-04-12 10:24:18.948 [info] > git show --textconv :Scripts/restore_cfg.sh [11ms]
2025-04-12 10:24:18.949 [info] > git ls-files --stage -- Scripts/restore_cfg.sh [2ms]
2025-04-12 10:24:18.959 [info] > git cat-file -s 22c149f06f7ee18c6d2fdb574af9f301850fc4b2 [3ms]
2025-04-12 10:24:20.930 [info] > git blame --root --incremental c1367cb42ac1941da875441d56523f9eac55869a -- Scripts/restore_cfg.sh [11ms]
2025-04-12 10:24:28.490 [info] > git check-ignore -v -z --stdin [3ms]
2025-04-12 10:24:30.419 [info] > git show --textconv :Scripts/extra/restore_lnk.sh [11ms]
2025-04-12 10:24:30.420 [info] > git ls-files --stage -- Scripts/extra/restore_lnk.sh [3ms]
2025-04-12 10:24:30.431 [info] > git cat-file -s 17c0e34bd60172c87b25c91f79dd8508de7905b0 [2ms]
2025-04-12 10:24:32.748 [info] > git show --textconv :Scripts/extra/restore_app.sh [6ms]
2025-04-12 10:24:32.749 [info] > git ls-files --stage -- Scripts/extra/restore_app.sh [2ms]
2025-04-12 10:24:32.757 [info] > git cat-file -s 10fa5011146da86b0ee6f95211d39949eb6b3be1 [1ms]
2025-04-12 10:24:33.807 [info] > git show --textconv :Scripts/extra/install_mod.sh [10ms]
2025-04-12 10:24:33.808 [info] > git ls-files --stage -- Scripts/extra/install_mod.sh [2ms]
2025-04-12 10:24:33.817 [info] > git cat-file -s 8f899a7bd8fce6d3a0dbbd93b236c8b49fa4a358 [2ms]
2025-04-12 10:24:35.211 [info] > git show --textconv :Scripts/extra/install_fpk.sh [6ms]
2025-04-12 10:24:35.211 [info] > git ls-files --stage -- Scripts/extra/install_fpk.sh [1ms]
2025-04-12 10:24:35.220 [info] > git cat-file -s 5ce9343c8c8226eb0edbdaa3b727a84cd8e917d7 [3ms]
2025-04-12 10:24:36.151 [info] > git show --textconv :Scripts/extra/drivext_mnt.sh [11ms]
2025-04-12 10:24:36.153 [info] > git ls-files --stage -- Scripts/extra/drivext_mnt.sh [2ms]
2025-04-12 10:24:36.158 [info] > git cat-file -s eb5db8d4d94865394c01e5d5b0e1d238f3c72242 [3ms]
2025-04-12 10:24:37.900 [info] > git check-ignore -v -z --stdin [3ms]
2025-04-12 10:28:13.350 [info] > git config --get commit.template [2ms]
2025-04-12 10:28:13.351 [info] > git for-each-ref --format=%(refname)%00%(upstream:short)%00%(objectname)%00%(upstream:track)%00%(upstream:remotename)%00%(upstream:remoteref) refs/heads/master refs/remotes/master [1ms]
2025-04-12 10:28:13.353 [warning] [Git][revParse] Unable to read file: ENOENT: no such file or directory, open '/home/rifle/HyDE/.git/refs/remotes/origin/master'
2025-04-12 10:28:13.353 [info] > git rev-parse refs/remotes/origin/master [0ms]
2025-04-12 10:28:13.360 [info] > git for-each-ref --sort -committerdate --format %(refname)%00%(objectname)%00%(*objectname) [1ms]
2025-04-12 10:28:13.516 [info] > git status -z -uall [160ms]
2025-04-12 10:28:35.145 [info] > git config --get commit.template [3ms]
2025-04-12 10:28:35.145 [info] > git for-each-ref --format=%(refname)%00%(upstream:short)%00%(objectname)%00%(upstream:track)%00%(upstream:remotename)%00%(upstream:remoteref) refs/heads/master refs/remotes/master [1ms]
2025-04-12 10:28:35.147 [warning] [Git][revParse] Unable to read file: ENOENT: no such file or directory, open '/home/rifle/HyDE/.git/refs/remotes/origin/master'
2025-04-12 10:28:35.147 [info] > git rev-parse refs/remotes/origin/master [0ms]
2025-04-12 10:28:35.152 [info] > git for-each-ref --sort -committerdate --format %(refname)%00%(objectname)%00%(*objectname) [0ms]
2025-04-12 10:28:35.311 [info] > git status -z -uall [162ms]
2025-04-12 10:32:14.804 [info] > git rev-parse --show-toplevel [1ms]
2025-04-12 10:32:14.804 [info] fatal: not a git repository (or any of the parent directories): .git
2025-04-12 10:32:32.795 [info] > git rev-parse --show-toplevel [1ms]
2025-04-12 10:32:32.795 [info] fatal: not a git repository (or any of the parent directories): .git
2025-04-12 10:32:36.409 [info] > git rev-parse --show-toplevel [0ms]
2025-04-12 10:32:36.409 [info] fatal: not a git repository (or any of the parent directories): .git
2025-04-12 10:32:41.843 [info] > git show --textconv :Scripts/restore_cfg.sh [12ms]
2025-04-12 10:32:41.844 [info] > git ls-files --stage -- Scripts/restore_cfg.sh [2ms]
2025-04-12 10:32:41.856 [info] > git cat-file -s 22c149f06f7ee18c6d2fdb574af9f301850fc4b2 [3ms]
2025-04-12 10:32:45.849 [info] > git show --textconv :Scripts/restore_shl.sh [12ms]
2025-04-12 10:32:45.851 [info] > git ls-files --stage -- Scripts/restore_shl.sh [3ms]
2025-04-12 10:32:45.859 [info] > git cat-file -s 1381be626cedbefd4c2d50c670d5ab7a45d36ad9 [2ms]
2025-04-12 10:32:45.894 [info] > git config --get commit.template [9ms]
2025-04-12 10:32:45.899 [info] > git for-each-ref --format=%(refname)%00%(upstream:short)%00%(objectname)%00%(upstream:track)%00%(upstream:remotename)%00%(upstream:remoteref) refs/heads/master refs/remotes/master [5ms]
2025-04-12 10:32:45.909 [warning] [Git][revParse] Unable to read file: ENOENT: no such file or directory, open '/home/rifle/HyDE/.git/refs/remotes/origin/master'
2025-04-12 10:32:45.912 [info] > git rev-parse refs/remotes/origin/master [3ms]
2025-04-12 10:32:45.929 [info] > git for-each-ref --sort -committerdate --format %(refname)%00%(objectname)%00%(*objectname) [3ms]
2025-04-12 10:32:46.081 [info] > git status -z -uall [163ms]
2025-04-12 10:32:47.959 [info] > git show --textconv :Scripts/restore_thm.sh [10ms]
2025-04-12 10:32:47.961 [info] > git ls-files --stage -- Scripts/restore_thm.sh [2ms]
2025-04-12 10:32:47.968 [info] > git cat-file -s 17f9a930d0fbc00661c3fde1e984b14d032cb9c0 [2ms]
2025-04-12 10:32:49.522 [info] > git show --textconv :Scripts/themepatcher.sh [12ms]
2025-04-12 10:32:49.524 [info] > git ls-files --stage -- Scripts/themepatcher.sh [3ms]
2025-04-12 10:32:49.536 [info] > git cat-file -s 3a066d225b0d99161c5d69b4ee536f1f555426b8 [3ms]
2025-04-12 10:32:51.104 [info] > git config --get commit.template [11ms]
2025-04-12 10:32:51.106 [info] > git for-each-ref --format=%(refname)%00%(upstream:short)%00%(objectname)%00%(upstream:track)%00%(upstream:remotename)%00%(upstream:remoteref) refs/heads/master refs/remotes/master [3ms]
2025-04-12 10:32:51.113 [warning] [Git][revParse] Unable to read file: ENOENT: no such file or directory, open '/home/rifle/HyDE/.git/refs/remotes/origin/master'
2025-04-12 10:32:51.115 [info] > git rev-parse refs/remotes/origin/master [2ms]
2025-04-12 10:32:51.129 [info] > git for-each-ref --sort -committerdate --format %(refname)%00%(objectname)%00%(*objectname) [2ms]
2025-04-12 10:32:51.213 [info] > git show --textconv :Scripts/restore_thm.sh [2ms]
2025-04-12 10:32:51.214 [info] > git ls-files --stage -- Scripts/restore_thm.sh [1ms]
2025-04-12 10:32:51.216 [info] > git cat-file -s 17f9a930d0fbc00661c3fde1e984b14d032cb9c0 [0ms]
2025-04-12 10:32:51.280 [info] > git status -z -uall [160ms]
2025-04-12 10:32:52.530 [info] > git show --textconv :Scripts/restore_shl.sh [4ms]
2025-04-12 10:32:52.532 [info] > git ls-files --stage -- Scripts/restore_shl.sh [2ms]
2025-04-12 10:32:52.538 [info] > git cat-file -s 1381be626cedbefd4c2d50c670d5ab7a45d36ad9 [2ms]
2025-04-12 10:32:53.354 [info] > git show --textconv :Scripts/restore_cfg.sh [4ms]
2025-04-12 10:32:53.356 [info] > git ls-files --stage -- Scripts/restore_cfg.sh [3ms]
2025-04-12 10:32:53.367 [info] > git cat-file -s 22c149f06f7ee18c6d2fdb574af9f301850fc4b2 [4ms]
2025-04-12 10:32:54.441 [info] > git rev-parse --show-toplevel [1ms]
2025-04-12 10:32:54.441 [info] fatal: not a git repository (or any of the parent directories): .git
2025-04-12 10:32:55.404 [info] > git show --textconv :Scripts/uninstall.sh [11ms]
2025-04-12 10:32:55.406 [info] > git ls-files --stage -- Scripts/uninstall.sh [2ms]
2025-04-12 10:32:55.415 [info] > git cat-file -s a87c337e09cad9dc74e46c220d39a0580b8f1087 [3ms]
2025-04-12 10:32:57.408 [info] > git config --get commit.template [11ms]
2025-04-12 10:32:57.411 [info] > git for-each-ref --format=%(refname)%00%(upstream:short)%00%(objectname)%00%(upstream:track)%00%(upstream:remotename)%00%(upstream:remoteref) refs/heads/master refs/remotes/master [4ms]
2025-04-12 10:32:57.420 [warning] [Git][revParse] Unable to read file: ENOENT: no such file or directory, open '/home/rifle/HyDE/.git/refs/remotes/origin/master'
2025-04-12 10:32:57.423 [info] > git rev-parse refs/remotes/origin/master [3ms]
2025-04-12 10:32:57.441 [info] > git for-each-ref --sort -committerdate --format %(refname)%00%(objectname)%00%(*objectname) [3ms]
2025-04-12 10:32:57.481 [info] > git rev-parse --show-toplevel [0ms]
2025-04-12 10:32:57.481 [info] fatal: not a git repository (or any of the parent directories): .git
2025-04-12 10:32:57.593 [info] > git status -z -uall [163ms]
2025-04-12 10:34:28.371 [info] > git config --get commit.template [10ms]
2025-04-12 10:34:28.373 [info] > git for-each-ref --format=%(refname)%00%(upstream:short)%00%(objectname)%00%(upstream:track)%00%(upstream:remotename)%00%(upstream:remoteref) refs/heads/master refs/remotes/master [3ms]
2025-04-12 10:34:28.378 [warning] [Git][revParse] Unable to read file: ENOENT: no such file or directory, open '/home/rifle/HyDE/.git/refs/remotes/origin/master'
2025-04-12 10:34:28.379 [info] > git rev-parse refs/remotes/origin/master [1ms]
2025-04-12 10:34:28.384 [info] > git for-each-ref --sort -committerdate --format %(refname)%00%(objectname)%00%(*objectname) [1ms]
2025-04-12 10:34:28.537 [info] > git status -z -uall [156ms]
2025-04-12 10:34:33.561 [info] > git config --get commit.template [11ms]
2025-04-12 10:34:33.562 [info] > git for-each-ref --format=%(refname)%00%(upstream:short)%00%(objectname)%00%(upstream:track)%00%(upstream:remotename)%00%(upstream:remoteref) refs/heads/master refs/remotes/master [2ms]
2025-04-12 10:34:33.572 [warning] [Git][revParse] Unable to read file: ENOENT: no such file or directory, open '/home/rifle/HyDE/.git/refs/remotes/origin/master'
2025-04-12 10:34:33.574 [info] > git rev-parse refs/remotes/origin/master [2ms]
2025-04-12 10:34:33.595 [info] > git for-each-ref --sort -committerdate --format %(refname)%00%(objectname)%00%(*objectname) [3ms]
2025-04-12 10:34:33.747 [info] > git status -z -uall [164ms]
2025-04-12 10:36:14.036 [info] > git rev-parse --show-toplevel [1ms]
2025-04-12 10:36:14.036 [info] fatal: not a git repository (or any of the parent directories): .git
2025-04-12 10:39:47.981 [info] > git rev-parse --show-toplevel [1ms]
2025-04-12 10:39:47.987 [info] > git rev-parse --git-dir --git-common-dir [0ms]
2025-04-12 10:39:47.990 [info] [Model][openRepository] Opened repository: /home/rifle/.config/alacritty/alacritty-themes
2025-04-12 10:39:48.003 [info] > git config --get commit.template [6ms]
2025-04-12 10:39:48.005 [info] > git for-each-ref --format=%(refname)%00%(upstream:short)%00%(objectname)%00%(upstream:track)%00%(upstream:remotename)%00%(upstream:remoteref) refs/heads/master refs/remotes/master [3ms]
2025-04-12 10:39:48.010 [warning] [Git][revParse] Unable to read file: ENOENT: no such file or directory, open '/home/rifle/.config/alacritty/alacritty-themes/.git/refs/remotes/origin/master'
2025-04-12 10:39:48.011 [info] > git rev-parse refs/remotes/origin/master [1ms]
2025-04-12 10:39:48.022 [info] > git for-each-ref --sort -committerdate --format %(refname)%00%(objectname)%00%(*objectname) [1ms]
2025-04-12 10:39:48.042 [info] > git status -z -uall [27ms]
2025-04-12 10:39:48.054 [info] > git for-each-ref --format=%(refname)%00%(upstream:short)%00%(objectname)%00%(upstream:track)%00%(upstream:remotename)%00%(upstream:remoteref) refs/heads/master refs/remotes/master [5ms]
2025-04-12 10:39:48.060 [info] > git config --get commit.template [6ms]
2025-04-12 10:39:48.060 [info] > git config --get --local branch.master.vscode-merge-base [0ms]
2025-04-12 10:39:48.080 [info] > git for-each-ref --format=%(refname)%00%(upstream:short)%00%(objectname)%00%(upstream:track)%00%(upstream:remotename)%00%(upstream:remoteref) refs/heads/origin/master refs/remotes/origin/master [11ms]
2025-04-12 10:39:48.093 [info] > git for-each-ref --format=%(refname)%00%(upstream:short)%00%(objectname)%00%(upstream:track)%00%(upstream:remotename)%00%(upstream:remoteref) refs/heads/master refs/remotes/master [13ms]
2025-04-12 10:39:48.105 [warning] [Git][revParse] Unable to read file: ENOENT: no such file or directory, open '/home/rifle/.config/alacritty/alacritty-themes/.git/refs/remotes/origin/master'
2025-04-12 10:39:48.106 [info] > git merge-base refs/heads/master refs/remotes/origin/master [13ms]
2025-04-12 10:39:48.117 [info] > git rev-parse refs/remotes/origin/master [12ms]
2025-04-12 10:39:48.134 [info] > git diff --name-status -z --diff-filter=ADMR 86c578469e2bf784faf6f916883bf48349ff4f6d...refs/remotes/origin/master [17ms]
2025-04-12 10:39:48.135 [info] > git for-each-ref --sort -committerdate --format %(refname)%00%(objectname)%00%(*objectname) [1ms]
2025-04-12 10:39:48.158 [info] > git status -z -uall [30ms]
2025-04-12 10:39:48.337 [info] > git show --textconv :themes/catppuccin_frappe.toml [18ms]
2025-04-12 10:39:48.339 [info] > git ls-files --stage -- themes/catppuccin_frappe.toml [2ms]
2025-04-12 10:39:48.354 [info] > git cat-file -s 6a286e23a403735f09e8f23d51255273cf8bcb17 [2ms]
2025-04-12 10:39:48.528 [info] > git check-ignore -v -z --stdin [2ms]
2025-04-12 10:39:49.754 [info] > git rev-parse --show-toplevel [1ms]
2025-04-12 10:39:49.754 [info] fatal: not a git repository (or any of the parent directories): .git
2025-04-12 10:40:04.284 [info] > git check-ignore -v -z --stdin [14ms]
2025-04-12 10:40:04.284 [info] > git check-ignore -v -z --stdin [1ms]
2025-04-12 10:40:05.405 [info] > git check-ignore -v -z --stdin [2ms]
2025-04-12 10:40:54.853 [info] > git check-ignore -v -z --stdin [2ms]
2025-04-12 10:41:25.405 [info] > git check-ignore -v -z --stdin [1ms]
2025-04-12 10:41:59.163 [info] > git check-ignore -v -z --stdin [2ms]
2025-04-12 10:48:37.301 [info] > git check-ignore -v -z --stdin [3ms]
2025-04-12 10:48:39.006 [info] > git check-ignore -v -z --stdin [2ms]
2025-04-12 10:48:46.406 [info] > git check-ignore -v -z --stdin [2ms]
2025-04-12 10:48:51.580 [info] > git show --textconv :themes/acme.toml [21ms]
2025-04-12 10:48:51.581 [info] > git ls-files --stage -- themes/acme.toml [2ms]
2025-04-12 10:48:51.602 [info] > git cat-file -s be8ece9184417f873a29fcf4e7b7fbc70cd9f7ec [1ms]
2025-04-12 10:49:04.718 [info] > git check-ignore -v -z --stdin [1ms]
2025-04-12 10:49:10.227 [info] > git show --textconv :themes/afterglow.toml [19ms]
2025-04-12 10:49:10.228 [info] > git ls-files --stage -- themes/afterglow.toml [2ms]
2025-04-12 10:49:10.247 [info] > git cat-file -s 74702c1f561ac000bb8b4190343cf3d521158419 [2ms]
2025-04-12 10:49:10.653 [info] > git show --textconv :themes/acme.toml [25ms]
2025-04-12 10:49:10.655 [info] > git ls-files --stage -- themes/acme.toml [2ms]
2025-04-12 10:49:10.677 [info] > git cat-file -s be8ece9184417f873a29fcf4e7b7fbc70cd9f7ec [3ms]
2025-04-12 10:49:11.604 [info] > git check-ignore -v -z --stdin [2ms]
2025-04-12 10:49:16.954 [info] > git check-ignore -v -z --stdin [0ms]
2025-04-12 10:49:18.022 [info] > git check-ignore -v -z --stdin [1ms]
2025-04-12 10:49:19.345 [info] > git check-ignore -v -z --stdin [1ms]
2025-04-12 10:49:19.941 [info] > git check-ignore -v -z --stdin [2ms]
2025-04-12 10:51:29.302 [info] > git rev-parse --show-toplevel [1ms]
2025-04-12 10:51:29.302 [info] fatal: not a git repository (or any of the parent directories): .git
2025-04-12 10:51:31.289 [info] > git config --get commit.template [13ms]
2025-04-12 10:51:31.290 [info] > git for-each-ref --format=%(refname)%00%(upstream:short)%00%(objectname)%00%(upstream:track)%00%(upstream:remotename)%00%(upstream:remoteref) refs/heads/master refs/remotes/master [1ms]
2025-04-12 10:51:31.305 [warning] [Git][revParse] Unable to read file: ENOENT: no such file or directory, open '/home/rifle/.config/alacritty/alacritty-themes/.git/refs/remotes/origin/master'
2025-04-12 10:51:31.306 [info] > git rev-parse refs/remotes/origin/master [1ms]
2025-04-12 10:51:31.336 [info] > git for-each-ref --sort -committerdate --format %(refname)%00%(objectname)%00%(*objectname) [1ms]
2025-04-12 10:51:31.351 [info] > git status -z -uall [32ms]
2025-04-12 10:51:33.798 [info] > git check-ignore -v -z --stdin [0ms]
2025-04-12 10:51:40.900 [info] > git show --textconv :themes/hardhacker.toml [16ms]
2025-04-12 10:51:40.901 [info] > git ls-files --stage -- themes/hardhacker.toml [1ms]
2025-04-12 10:51:40.916 [info] > git cat-file -s a3b0b64b29a4a8980e7c04e86ed54c6367da846f [1ms]
2025-04-12 10:51:50.491 [info] > git rev-parse --show-toplevel [0ms]
2025-04-12 10:51:50.492 [info] fatal: not a git repository (or any of the parent directories): .git
2025-04-12 10:51:52.570 [info] > git config --get commit.template [14ms]
2025-04-12 10:51:52.570 [info] > git for-each-ref --format=%(refname)%00%(upstream:short)%00%(objectname)%00%(upstream:track)%00%(upstream:remotename)%00%(upstream:remoteref) refs/heads/master refs/remotes/master [1ms]
2025-04-12 10:51:52.580 [warning] [Git][revParse] Unable to read file: ENOENT: no such file or directory, open '/home/rifle/.config/alacritty/alacritty-themes/.git/refs/remotes/origin/master'
2025-04-12 10:51:52.581 [info] > git rev-parse refs/remotes/origin/master [1ms]
2025-04-12 10:51:52.603 [info] > git for-each-ref --sort -committerdate --format %(refname)%00%(objectname)%00%(*objectname) [1ms]
2025-04-12 10:51:52.618 [info] > git status -z -uall [25ms]
2025-04-12 10:51:58.769 [info] > git show --textconv :themes/tomorrow_night_bright.toml [17ms]
2025-04-12 10:51:58.770 [info] > git ls-files --stage -- themes/tomorrow_night_bright.toml [2ms]
2025-04-12 10:51:58.793 [info] > git cat-file -s 9ce62a39f3783dcf800a31b65b1b6af7d22b72d1 [3ms]
2025-04-12 10:52:08.403 [info] > git rev-parse --show-toplevel [1ms]
2025-04-12 10:52:08.403 [info] fatal: not a git repository (or any of the parent directories): .git
2025-04-12 10:52:09.685 [info] > git config --get commit.template [20ms]
2025-04-12 10:52:09.686 [info] > git for-each-ref --format=%(refname)%00%(upstream:short)%00%(objectname)%00%(upstream:track)%00%(upstream:remotename)%00%(upstream:remoteref) refs/heads/master refs/remotes/master [2ms]
2025-04-12 10:52:09.698 [warning] [Git][revParse] Unable to read file: ENOENT: no such file or directory, open '/home/rifle/.config/alacritty/alacritty-themes/.git/refs/remotes/origin/master'
2025-04-12 10:52:09.698 [info] > git rev-parse refs/remotes/origin/master [0ms]
2025-04-12 10:52:09.716 [info] > git for-each-ref --sort -committerdate --format %(refname)%00%(objectname)%00%(*objectname) [0ms]
2025-04-12 10:52:09.734 [info] > git status -z -uall [26ms]
2025-04-12 10:52:12.755 [info] > git check-ignore -v -z --stdin [2ms]
2025-04-12 10:52:34.604 [info] > git check-ignore -v -z --stdin [2ms]
2025-04-12 10:52:35.247 [info] > git check-ignore -v -z --stdin [0ms]
2025-04-12 10:52:37.061 [info] > git check-ignore -v -z --stdin [1ms]
2025-04-12 10:52:41.614 [info] > git rev-parse --show-toplevel [1ms]
2025-04-12 10:52:41.614 [info] fatal: not a git repository (or any of the parent directories): .git
2025-04-12 10:52:42.122 [info] > git check-ignore -v -z --stdin [0ms]
2025-04-12 10:52:43.579 [info] > git config --get commit.template [12ms]
2025-04-12 10:52:43.579 [info] > git for-each-ref --format=%(refname)%00%(upstream:short)%00%(objectname)%00%(upstream:track)%00%(upstream:remotename)%00%(upstream:remoteref) refs/heads/master refs/remotes/master [0ms]
2025-04-12 10:52:43.593 [warning] [Git][revParse] Unable to read file: ENOENT: no such file or directory, open '/home/rifle/.config/alacritty/alacritty-themes/.git/refs/remotes/origin/master'
2025-04-12 10:52:43.594 [info] > git rev-parse refs/remotes/origin/master [1ms]
2025-04-12 10:52:43.624 [info] > git for-each-ref --sort -committerdate --format %(refname)%00%(objectname)%00%(*objectname) [2ms]
2025-04-12 10:52:43.636 [info] > git status -z -uall [27ms]
2025-04-12 10:52:47.527 [info] > git check-ignore -v -z --stdin [1ms]
2025-04-12 10:52:48.072 [info] > git check-ignore -v -z --stdin [1ms]
2025-04-12 10:53:06.500 [info] > git rev-parse --show-toplevel [0ms]
2025-04-12 10:53:06.500 [info] fatal: not a git repository (or any of the parent directories): .git
2025-04-12 10:53:08.470 [info] > git config --get commit.template [18ms]
2025-04-12 10:53:08.471 [info] > git for-each-ref --format=%(refname)%00%(upstream:short)%00%(objectname)%00%(upstream:track)%00%(upstream:remotename)%00%(upstream:remoteref) refs/heads/master refs/remotes/master [2ms]
2025-04-12 10:53:08.483 [warning] [Git][revParse] Unable to read file: ENOENT: no such file or directory, open '/home/rifle/.config/alacritty/alacritty-themes/.git/refs/remotes/origin/master'
2025-04-12 10:53:08.484 [info] > git rev-parse refs/remotes/origin/master [1ms]
2025-04-12 10:53:08.501 [info] > git status -z -uall [6ms]
2025-04-12 10:53:08.502 [info] > git for-each-ref --sort -committerdate --format %(refname)%00%(objectname)%00%(*objectname) [1ms]
2025-04-12 10:53:17.134 [info] > git rev-parse --show-toplevel [1ms]
2025-04-12 10:53:17.134 [info] fatal: not a git repository (or any of the parent directories): .git
2025-04-12 10:53:18.386 [info] > git config --get commit.template [13ms]
2025-04-12 10:53:18.387 [info] > git for-each-ref --format=%(refname)%00%(upstream:short)%00%(objectname)%00%(upstream:track)%00%(upstream:remotename)%00%(upstream:remoteref) refs/heads/master refs/remotes/master [1ms]
2025-04-12 10:53:18.395 [warning] [Git][revParse] Unable to read file: ENOENT: no such file or directory, open '/home/rifle/.config/alacritty/alacritty-themes/.git/refs/remotes/origin/master'
2025-04-12 10:53:18.396 [info] > git rev-parse refs/remotes/origin/master [1ms]
2025-04-12 10:53:18.410 [info] > git status -z -uall [6ms]
2025-04-12 10:53:18.411 [info] > git for-each-ref --sort -committerdate --format %(refname)%00%(objectname)%00%(*objectname) [1ms]
2025-04-12 10:55:17.961 [info] > git rev-parse --show-toplevel [1ms]
2025-04-12 10:55:17.961 [info] fatal: not a git repository (or any of the parent directories): .git
2025-04-12 10:55:21.023 [info] > git rev-parse --show-toplevel [1ms]
2025-04-12 10:55:21.023 [info] fatal: not a git repository (or any of the parent directories): .git
2025-04-12 10:55:36.605 [info] > git rev-parse --show-toplevel [2ms]
2025-04-12 10:55:36.605 [info] fatal: not a git repository (or any of the parent directories): .git
2025-04-12 10:57:56.840 [info] > git rev-parse --show-toplevel [0ms]
2025-04-12 10:57:56.840 [info] fatal: not a git repository (or any of the parent directories): .git
2025-04-12 10:58:25.137 [info] > git rev-parse --show-toplevel [1ms]
2025-04-12 10:58:25.137 [info] fatal: not a git repository (or any of the parent directories): .git
2025-04-12 11:03:52.942 [info] > git rev-parse --show-toplevel [0ms]
2025-04-12 11:03:52.942 [info] fatal: not a git repository (or any of the parent directories): .git
2025-04-12 11:03:56.958 [info] > git rev-parse --show-toplevel [0ms]
2025-04-12 11:03:56.958 [info] fatal: not a git repository (or any of the parent directories): .git
2025-04-12 11:04:08.183 [info] > git rev-parse --show-toplevel [0ms]
2025-04-12 11:04:08.183 [info] fatal: not a git repository (or any of the parent directories): .git
2025-04-12 11:04:10.177 [info] > git rev-parse --show-toplevel [0ms]
2025-04-12 11:04:10.177 [info] fatal: not a git repository (or any of the parent directories): .git
2025-04-12 11:04:12.404 [info] > git rev-parse --show-toplevel [1ms]
2025-04-12 11:04:12.404 [info] fatal: not a git repository (or any of the parent directories): .git
2025-04-12 11:04:43.127 [info] > git rev-parse --show-toplevel [1ms]
2025-04-12 11:04:43.127 [info] fatal: not a git repository (or any of the parent directories): .git
2025-04-12 11:04:46.025 [info] > git rev-parse --show-toplevel [0ms]
2025-04-12 11:04:46.026 [info] fatal: not a git repository (or any of the parent directories): .git
2025-04-12 11:05:17.013 [info] > git rev-parse --show-toplevel [1ms]
2025-04-12 11:05:17.013 [info] fatal: not a git repository (or any of the parent directories): .git
2025-04-12 11:05:18.497 [info] > git rev-parse --show-toplevel [0ms]
2025-04-12 11:05:18.498 [info] fatal: not a git repository (or any of the parent directories): .git
2025-04-12 11:06:16.290 [info] > git rev-parse --show-toplevel [1ms]
2025-04-12 11:06:16.290 [info] fatal: not a git repository (or any of the parent directories): .git
2025-04-12 11:10:25.513 [info] > git rev-parse --show-toplevel [0ms]
2025-04-12 11:10:25.513 [info] fatal: not a git repository (or any of the parent directories): .git
2025-04-12 11:10:26.175 [info] > git rev-parse --show-toplevel [1ms]
2025-04-12 11:10:26.175 [info] fatal: not a git repository (or any of the parent directories): .git
2025-04-12 11:15:13.723 [info] > git rev-parse --show-toplevel [1ms]
2025-04-12 11:15:13.723 [info] fatal: not a git repository (or any of the parent directories): .git
2025-04-12 11:15:16.592 [info] > git rev-parse --show-toplevel [0ms]
2025-04-12 11:15:16.592 [info] fatal: not a git repository (or any of the parent directories): .git
2025-04-12 11:18:03.161 [info] > git rev-parse --show-toplevel [0ms]
2025-04-12 11:18:03.161 [info] fatal: not a git repository (or any of the parent directories): .git
2025-04-12 11:19:27.752 [info] > git rev-parse --show-toplevel [1ms]
2025-04-12 11:19:27.752 [info] fatal: not a git repository (or any of the parent directories): .git
2025-04-12 11:19:31.345 [info] > git rev-parse --show-toplevel [1ms]
2025-04-12 11:19:31.345 [info] fatal: not a git repository (or any of the parent directories): .git
2025-04-12 11:21:41.399 [info] > git rev-parse --show-toplevel [0ms]
2025-04-12 11:21:41.400 [info] fatal: not a git repository (or any of the parent directories): .git
2025-04-12 11:21:50.049 [info] > git rev-parse --show-toplevel [1ms]
2025-04-12 11:21:50.049 [info] fatal: not a git repository (or any of the parent directories): .git
