2025-04-14 08:59:40.371 [info] Reading sessions from keychain...
2025-04-14 08:59:40.371 [info] Getting sessions for all scopes...
2025-04-14 08:59:40.371 [info] Getting sessions for all scopes...
2025-04-14 08:59:40.371 [info] Got 0 sessions for ...
2025-04-14 08:59:40.371 [info] Got 0 sessions for ...
2025-04-14 08:59:40.371 [info] Getting sessions for read:user,repo,user:email,workflow...
2025-04-14 08:59:40.371 [info] Got 0 sessions for read:user,repo,user:email,workflow...
2025-04-14 08:59:42.173 [info] Getting sessions for all scopes...
2025-04-14 08:59:42.173 [info] Got 0 sessions for ...
2025-04-14 08:59:42.506 [info] Getting sessions for all scopes...
2025-04-14 08:59:42.506 [info] Got 0 sessions for ...
2025-04-14 09:50:46.376 [info] Getting sessions for read:user,repo,user:email,workflow...
2025-04-14 09:50:46.376 [info] Got 0 sessions for read:user,repo,user:email,workflow...
2025-04-14 09:50:46.467 [info] Getting sessions for read:user,repo,user:email,workflow...
2025-04-14 09:50:46.467 [info] Got 0 sessions for read:user,repo,user:email,workflow...
2025-04-14 09:50:46.529 [info] Getting sessions for read:user,repo,user:email,workflow...
2025-04-14 09:50:46.529 [info] Got 0 sessions for read:user,repo,user:email,workflow...
2025-04-14 09:50:46.594 [info] Getting sessions for read:user,repo,user:email,workflow...
2025-04-14 09:50:46.594 [info] Got 0 sessions for read:user,repo,user:email,workflow...
2025-04-14 09:50:46.771 [info] Getting sessions for read:user,repo,user:email,workflow...
2025-04-14 09:50:46.771 [info] Got 0 sessions for read:user,repo,user:email,workflow...
2025-04-14 09:50:46.846 [info] Getting sessions for read:user,repo,user:email,workflow...
2025-04-14 09:50:46.846 [info] Got 0 sessions for read:user,repo,user:email,workflow...
2025-04-14 09:50:46.931 [info] Getting sessions for read:user,repo,user:email,workflow...
2025-04-14 09:50:46.931 [info] Got 0 sessions for read:user,repo,user:email,workflow...
2025-04-14 09:50:47.008 [info] Getting sessions for read:user,repo,user:email,workflow...
2025-04-14 09:50:47.008 [info] Got 0 sessions for read:user,repo,user:email,workflow...
2025-04-14 09:50:47.082 [info] Getting sessions for read:user,repo,user:email,workflow...
2025-04-14 09:50:47.082 [info] Got 0 sessions for read:user,repo,user:email,workflow...
2025-04-14 09:50:47.168 [info] Getting sessions for read:user,repo,user:email,workflow...
2025-04-14 09:50:47.168 [info] Got 0 sessions for read:user,repo,user:email,workflow...
2025-04-14 09:50:47.238 [info] Getting sessions for read:user,repo,user:email,workflow...
2025-04-14 09:50:47.238 [info] Got 0 sessions for read:user,repo,user:email,workflow...
2025-04-14 09:50:47.362 [info] Getting sessions for read:user,repo,user:email,workflow...
2025-04-14 09:50:47.362 [info] Got 0 sessions for read:user,repo,user:email,workflow...
2025-04-14 09:50:47.474 [info] Getting sessions for read:user,repo,user:email,workflow...
2025-04-14 09:50:47.474 [info] Got 0 sessions for read:user,repo,user:email,workflow...
2025-04-14 09:50:47.527 [info] Getting sessions for read:user,repo,user:email,workflow...
2025-04-14 09:50:47.527 [info] Got 0 sessions for read:user,repo,user:email,workflow...
2025-04-14 09:50:47.663 [info] Getting sessions for read:user,repo,user:email,workflow...
2025-04-14 09:50:47.663 [info] Got 0 sessions for read:user,repo,user:email,workflow...
2025-04-14 09:50:47.723 [info] Getting sessions for read:user,repo,user:email,workflow...
2025-04-14 09:50:47.723 [info] Got 0 sessions for read:user,repo,user:email,workflow...
2025-04-14 09:50:47.798 [info] Getting sessions for read:user,repo,user:email,workflow...
2025-04-14 09:50:47.798 [info] Got 0 sessions for read:user,repo,user:email,workflow...
2025-04-14 09:50:47.835 [info] Getting sessions for read:user,repo,user:email,workflow...
2025-04-14 09:50:47.835 [info] Got 0 sessions for read:user,repo,user:email,workflow...
