2025-04-12 04:55:38.210 [info] Reading sessions from keychain...
2025-04-12 04:55:38.210 [info] Getting sessions for all scopes...
2025-04-12 04:55:38.210 [info] Getting sessions for all scopes...
2025-04-12 04:55:38.210 [info] Got 0 sessions for ...
2025-04-12 04:55:38.210 [info] Got 0 sessions for ...
2025-04-12 04:55:38.210 [info] Getting sessions for read:user,repo,user:email,workflow...
2025-04-12 04:55:38.210 [info] Got 0 sessions for read:user,repo,user:email,workflow...
2025-04-12 04:55:40.010 [info] Getting sessions for all scopes...
2025-04-12 04:55:40.010 [info] Got 0 sessions for ...
2025-04-12 04:55:40.054 [info] Getting sessions for all scopes...
2025-04-12 04:55:40.054 [info] Got 0 sessions for ...
2025-04-12 05:14:19.823 [info] Getting sessions for read:user,repo,user:email,workflow...
2025-04-12 05:14:19.824 [info] Got 0 sessions for read:user,repo,user:email,workflow...
2025-04-12 05:14:19.937 [info] Getting sessions for read:user,repo,user:email,workflow...
2025-04-12 05:14:19.937 [info] Got 0 sessions for read:user,repo,user:email,workflow...
2025-04-12 05:14:19.963 [info] Getting sessions for read:user,repo,user:email,workflow...
2025-04-12 05:14:19.963 [info] Got 0 sessions for read:user,repo,user:email,workflow...
2025-04-12 05:14:20.007 [info] Getting sessions for read:user,repo,user:email,workflow...
2025-04-12 05:14:20.007 [info] Got 0 sessions for read:user,repo,user:email,workflow...
2025-04-12 05:14:20.082 [info] Getting sessions for read:user,repo,user:email,workflow...
2025-04-12 05:14:20.082 [info] Got 0 sessions for read:user,repo,user:email,workflow...
2025-04-12 05:14:20.170 [info] Getting sessions for read:user,repo,user:email,workflow...
2025-04-12 05:14:20.170 [info] Got 0 sessions for read:user,repo,user:email,workflow...
2025-04-12 05:14:20.273 [info] Getting sessions for read:user,repo,user:email,workflow...
2025-04-12 05:14:20.273 [info] Got 0 sessions for read:user,repo,user:email,workflow...
2025-04-12 05:14:20.393 [info] Getting sessions for read:user,repo,user:email,workflow...
2025-04-12 05:14:20.393 [info] Got 0 sessions for read:user,repo,user:email,workflow...
2025-04-12 05:14:20.487 [info] Getting sessions for read:user,repo,user:email,workflow...
2025-04-12 05:14:20.487 [info] Got 0 sessions for read:user,repo,user:email,workflow...
2025-04-12 05:14:20.547 [info] Getting sessions for read:user,repo,user:email,workflow...
2025-04-12 05:14:20.547 [info] Got 0 sessions for read:user,repo,user:email,workflow...
2025-04-12 05:14:20.649 [info] Getting sessions for read:user,repo,user:email,workflow...
2025-04-12 05:14:20.649 [info] Got 0 sessions for read:user,repo,user:email,workflow...
2025-04-12 05:14:20.790 [info] Getting sessions for read:user,repo,user:email,workflow...
2025-04-12 05:14:20.790 [info] Got 0 sessions for read:user,repo,user:email,workflow...
2025-04-12 05:14:20.850 [info] Getting sessions for read:user,repo,user:email,workflow...
2025-04-12 05:14:20.850 [info] Got 0 sessions for read:user,repo,user:email,workflow...
2025-04-12 05:14:20.924 [info] Getting sessions for read:user,repo,user:email,workflow...
2025-04-12 05:14:20.924 [info] Got 0 sessions for read:user,repo,user:email,workflow...
2025-04-12 05:14:21.032 [info] Getting sessions for read:user,repo,user:email,workflow...
2025-04-12 05:14:21.032 [info] Got 0 sessions for read:user,repo,user:email,workflow...
2025-04-12 05:14:21.096 [info] Getting sessions for read:user,repo,user:email,workflow...
2025-04-12 05:14:21.096 [info] Got 0 sessions for read:user,repo,user:email,workflow...
2025-04-12 05:14:21.222 [info] Getting sessions for read:user,repo,user:email,workflow...
2025-04-12 05:14:21.222 [info] Got 0 sessions for read:user,repo,user:email,workflow...
2025-04-12 05:14:21.352 [info] Getting sessions for read:user,repo,user:email,workflow...
2025-04-12 05:14:21.352 [info] Got 0 sessions for read:user,repo,user:email,workflow...
2025-04-12 05:14:21.419 [info] Getting sessions for read:user,repo,user:email,workflow...
2025-04-12 05:14:21.419 [info] Got 0 sessions for read:user,repo,user:email,workflow...
