2025-04-23 03:00:11.649 [info] Started local extension host with pid 153208.
2025-04-23 03:00:14.239 [info] [perf] Render performance baseline is 10ms
2025-04-23 03:00:16.910 [error] [Extension Host] View has not been initialized after retrying for 5 seconds.
2025-04-23 03:00:45.384 [error] [Extension Host] View has not been initialized after retrying for 5 seconds.
2025-04-23 03:00:45.884 [error] [Extension Host] View has not been initialized after retrying for 5 seconds.
2025-04-23 03:00:49.121 [error] [Extension Host] View has not been initialized after retrying for 5 seconds.
2025-04-23 03:00:49.581 [error] [Extension Host] View has not been initialized after retrying for 5 seconds.
2025-04-23 03:00:49.587 [error] [Extension Host] View has not been initialized after retrying for 5 seconds.
2025-04-23 03:00:53.348 [error] [Extension Host] View has not been initialized after retrying for 5 seconds.
2025-04-23 03:01:17.990 [error] [File Watcher] Unexpected error: inotify_add_watch on '/home/rifle/dotfiles/.config/Code - OSS/logs/20250412T204107' failed: No such file or directory (EUNKNOWN) (path: /home/rifle)
2025-04-23 03:01:17.990 [error] [File Watcher (universal)] inotify_add_watch on '/home/rifle/dotfiles/.config/Code - OSS/logs/20250412T204107' failed: No such file or directory
2025-04-23 03:02:26.097 [error] [Extension Host] View has not been initialized after retrying for 5 seconds.
2025-04-23 03:02:27.689 [error] [Extension Host] View has not been initialized after retrying for 5 seconds.
2025-04-23 03:03:12.017 [error] [Extension Host] View has not been initialized after retrying for 5 seconds.
2025-04-23 03:03:12.688 [error] [Extension Host] View has not been initialized after retrying for 5 seconds.
2025-04-23 03:03:13.095 [error] [Extension Host] View has not been initialized after retrying for 5 seconds.
2025-04-23 03:03:13.141 [error] [Extension Host] View has not been initialized after retrying for 5 seconds.
2025-04-23 03:03:13.161 [error] [Extension Host] View has not been initialized after retrying for 5 seconds.
2025-04-23 03:03:13.177 [error] [Extension Host] View has not been initialized after retrying for 5 seconds.
2025-04-23 03:03:13.187 [error] [Extension Host] View has not been initialized after retrying for 5 seconds.
2025-04-23 03:03:13.214 [error] [Extension Host] View has not been initialized after retrying for 5 seconds.
2025-04-23 03:03:13.220 [error] [Extension Host] View has not been initialized after retrying for 5 seconds.
2025-04-23 03:03:13.227 [error] [Extension Host] View has not been initialized after retrying for 5 seconds.
2025-04-23 03:03:13.493 [error] [Extension Host] View has not been initialized after retrying for 5 seconds.
2025-04-23 03:03:13.523 [error] [Extension Host] View has not been initialized after retrying for 5 seconds.
2025-04-23 03:03:13.535 [error] [Extension Host] View has not been initialized after retrying for 5 seconds.
2025-04-23 03:03:13.546 [error] [Extension Host] View has not been initialized after retrying for 5 seconds.
2025-04-23 03:03:13.559 [error] [Extension Host] View has not been initialized after retrying for 5 seconds.
2025-04-23 03:03:13.578 [error] [Extension Host] View has not been initialized after retrying for 5 seconds.
2025-04-23 03:03:13.592 [error] [Extension Host] View has not been initialized after retrying for 5 seconds.
2025-04-23 03:03:13.598 [error] [Extension Host] View has not been initialized after retrying for 5 seconds.
2025-04-23 03:03:13.611 [error] [Extension Host] View has not been initialized after retrying for 5 seconds.
2025-04-23 03:03:13.624 [error] [Extension Host] View has not been initialized after retrying for 5 seconds.
2025-04-23 03:03:13.640 [error] [Extension Host] View has not been initialized after retrying for 5 seconds.
2025-04-23 03:03:13.655 [error] [Extension Host] View has not been initialized after retrying for 5 seconds.
2025-04-23 03:03:13.693 [error] [Extension Host] View has not been initialized after retrying for 5 seconds.
2025-04-23 03:03:13.874 [error] [Extension Host] View has not been initialized after retrying for 5 seconds.
2025-04-23 03:03:13.881 [error] [Extension Host] View has not been initialized after retrying for 5 seconds.
2025-04-23 03:03:13.894 [error] [Extension Host] View has not been initialized after retrying for 5 seconds.
2025-04-23 03:03:13.910 [error] [Extension Host] View has not been initialized after retrying for 5 seconds.
2025-04-23 03:03:14.391 [error] [Extension Host] View has not been initialized after retrying for 5 seconds.
2025-04-23 03:03:14.400 [error] [Extension Host] View has not been initialized after retrying for 5 seconds.
2025-04-23 03:03:14.416 [error] [Extension Host] View has not been initialized after retrying for 5 seconds.
2025-04-23 03:03:14.425 [error] [Extension Host] View has not been initialized after retrying for 5 seconds.
2025-04-23 03:03:14.440 [error] [Extension Host] View has not been initialized after retrying for 5 seconds.
2025-04-23 03:03:14.451 [error] [Extension Host] View has not been initialized after retrying for 5 seconds.
2025-04-23 03:03:14.479 [error] [Extension Host] View has not been initialized after retrying for 5 seconds.
2025-04-23 03:03:14.524 [error] [Extension Host] View has not been initialized after retrying for 5 seconds.
2025-04-23 03:03:14.530 [error] [Extension Host] View has not been initialized after retrying for 5 seconds.
2025-04-23 03:03:14.530 [error] [Extension Host] View has not been initialized after retrying for 5 seconds.
2025-04-23 03:03:14.547 [error] [Extension Host] View has not been initialized after retrying for 5 seconds.
2025-04-23 03:03:14.561 [error] [Extension Host] View has not been initialized after retrying for 5 seconds.
2025-04-23 03:03:14.578 [error] [Extension Host] View has not been initialized after retrying for 5 seconds.
2025-04-23 03:03:14.599 [error] [Extension Host] View has not been initialized after retrying for 5 seconds.
2025-04-23 03:03:14.612 [error] [Extension Host] View has not been initialized after retrying for 5 seconds.
2025-04-23 03:03:14.641 [error] [Extension Host] View has not been initialized after retrying for 5 seconds.
2025-04-23 03:03:14.650 [error] [Extension Host] View has not been initialized after retrying for 5 seconds.
2025-04-23 03:03:14.665 [error] [Extension Host] View has not been initialized after retrying for 5 seconds.
2025-04-23 03:03:14.693 [error] [Extension Host] View has not been initialized after retrying for 5 seconds.
2025-04-23 03:03:15.280 [error] [Extension Host] View has not been initialized after retrying for 5 seconds.
2025-04-23 03:03:17.632 [error] [Extension Host] View has not been initialized after retrying for 5 seconds.
2025-04-23 03:03:21.495 [error] [Extension Host] View has not been initialized after retrying for 5 seconds.
2025-04-23 03:03:21.694 [error] [Extension Host] View has not been initialized after retrying for 5 seconds.
2025-04-23 03:03:22.293 [error] [Extension Host] View has not been initialized after retrying for 5 seconds.
2025-04-23 03:03:22.337 [error] [Extension Host] View has not been initialized after retrying for 5 seconds.
2025-04-23 03:03:22.384 [error] [Extension Host] View has not been initialized after retrying for 5 seconds.
2025-04-23 03:03:22.424 [error] [Extension Host] View has not been initialized after retrying for 5 seconds.
2025-04-23 03:03:22.458 [error] [Extension Host] View has not been initialized after retrying for 5 seconds.
2025-04-23 03:03:22.850 [error] [Extension Host] View has not been initialized after retrying for 5 seconds.
2025-04-23 03:03:24.584 [error] [Extension Host] View has not been initialized after retrying for 5 seconds.
2025-04-23 03:03:38.503 [error] [Extension Host] View has not been initialized after retrying for 5 seconds.
2025-04-23 03:04:43.053 [error] [Extension Host] View has not been initialized after retrying for 5 seconds.
2025-04-23 03:04:43.056 [error] [Extension Host] View has not been initialized after retrying for 5 seconds.
2025-04-23 03:04:43.056 [error] [Extension Host] View has not been initialized after retrying for 5 seconds.
2025-04-23 03:04:43.062 [error] [Extension Host] View has not been initialized after retrying for 5 seconds.
2025-04-23 03:04:43.132 [error] [Extension Host] View has not been initialized after retrying for 5 seconds.
2025-04-23 03:04:43.169 [error] [Extension Host] View has not been initialized after retrying for 5 seconds.
2025-04-23 03:04:43.198 [error] [Extension Host] View has not been initialized after retrying for 5 seconds.
2025-04-23 03:04:43.210 [error] [Extension Host] View has not been initialized after retrying for 5 seconds.
2025-04-23 03:04:43.224 [error] [Extension Host] View has not been initialized after retrying for 5 seconds.
2025-04-23 03:04:43.235 [error] [Extension Host] View has not been initialized after retrying for 5 seconds.
2025-04-23 03:04:43.248 [error] [Extension Host] View has not been initialized after retrying for 5 seconds.
2025-04-23 03:04:43.258 [error] [Extension Host] View has not been initialized after retrying for 5 seconds.
2025-04-23 03:04:43.305 [error] [Extension Host] View has not been initialized after retrying for 5 seconds.
2025-04-23 03:04:43.307 [error] [Extension Host] View has not been initialized after retrying for 5 seconds.
2025-04-23 03:04:43.350 [error] [Extension Host] View has not been initialized after retrying for 5 seconds.
2025-04-23 03:04:43.370 [error] [Extension Host] View has not been initialized after retrying for 5 seconds.
2025-04-23 03:04:43.371 [error] [Extension Host] View has not been initialized after retrying for 5 seconds.
2025-04-23 03:04:43.383 [error] [Extension Host] View has not been initialized after retrying for 5 seconds.
2025-04-23 03:04:43.391 [error] [Extension Host] View has not been initialized after retrying for 5 seconds.
2025-04-23 03:04:43.414 [error] [Extension Host] View has not been initialized after retrying for 5 seconds.
2025-04-23 03:04:43.421 [error] [Extension Host] View has not been initialized after retrying for 5 seconds.
2025-04-23 03:04:43.435 [error] [Extension Host] View has not been initialized after retrying for 5 seconds.
2025-04-23 03:04:43.760 [error] [Extension Host] View has not been initialized after retrying for 5 seconds.
2025-04-23 03:04:43.775 [error] [Extension Host] View has not been initialized after retrying for 5 seconds.
2025-04-23 03:04:43.892 [error] [Extension Host] View has not been initialized after retrying for 5 seconds.
2025-04-23 03:04:43.912 [error] [Extension Host] View has not been initialized after retrying for 5 seconds.
2025-04-23 03:04:45.603 [error] [Extension Host] View has not been initialized after retrying for 5 seconds.
2025-04-23 03:04:47.917 [error] [Extension Host] View has not been initialized after retrying for 5 seconds.
2025-04-23 03:05:43.540 [error] [Extension Host] View has not been initialized after retrying for 5 seconds.
2025-04-23 03:05:44.785 [error] [Extension Host] View has not been initialized after retrying for 5 seconds.
2025-04-23 03:05:46.173 [error] [Extension Host] View has not been initialized after retrying for 5 seconds.
2025-04-23 03:05:46.402 [error] [Extension Host] View has not been initialized after retrying for 5 seconds.
2025-04-23 03:05:46.773 [error] [Extension Host] View has not been initialized after retrying for 5 seconds.
2025-04-23 03:05:47.828 [error] [Extension Host] View has not been initialized after retrying for 5 seconds.
2025-04-23 03:05:48.236 [error] [Extension Host] View has not been initialized after retrying for 5 seconds.
2025-04-23 03:05:48.758 [error] [Extension Host] View has not been initialized after retrying for 5 seconds.
2025-04-23 03:05:49.136 [error] [Extension Host] View has not been initialized after retrying for 5 seconds.
2025-04-23 03:05:50.311 [error] [Extension Host] View has not been initialized after retrying for 5 seconds.
2025-04-23 03:05:51.355 [error] [Extension Host] View has not been initialized after retrying for 5 seconds.
2025-04-23 03:05:52.065 [error] [Extension Host] View has not been initialized after retrying for 5 seconds.
2025-04-23 03:05:53.053 [error] [Extension Host] View has not been initialized after retrying for 5 seconds.
2025-04-23 03:05:53.661 [error] [Extension Host] View has not been initialized after retrying for 5 seconds.
2025-04-23 03:05:54.254 [error] [Extension Host] View has not been initialized after retrying for 5 seconds.
2025-04-23 03:05:54.303 [error] [Extension Host] View has not been initialized after retrying for 5 seconds.
2025-04-23 03:05:54.342 [error] [Extension Host] View has not been initialized after retrying for 5 seconds.
2025-04-23 03:05:54.381 [error] [Extension Host] View has not been initialized after retrying for 5 seconds.
2025-04-23 03:05:54.420 [error] [Extension Host] View has not been initialized after retrying for 5 seconds.
2025-04-23 03:05:54.479 [error] [Extension Host] View has not been initialized after retrying for 5 seconds.
2025-04-23 03:05:54.501 [error] [Extension Host] View has not been initialized after retrying for 5 seconds.
2025-04-23 03:05:54.543 [error] [Extension Host] View has not been initialized after retrying for 5 seconds.
2025-04-23 03:05:54.582 [error] [Extension Host] View has not been initialized after retrying for 5 seconds.
2025-04-23 03:05:54.625 [error] [Extension Host] View has not been initialized after retrying for 5 seconds.
2025-04-23 03:05:54.667 [error] [Extension Host] View has not been initialized after retrying for 5 seconds.
2025-04-23 03:05:54.706 [error] [Extension Host] View has not been initialized after retrying for 5 seconds.
2025-04-23 03:05:54.749 [error] [Extension Host] View has not been initialized after retrying for 5 seconds.
2025-04-23 03:05:54.789 [error] [Extension Host] View has not been initialized after retrying for 5 seconds.
2025-04-23 03:05:54.829 [error] [Extension Host] View has not been initialized after retrying for 5 seconds.
2025-04-23 03:05:54.873 [error] [Extension Host] View has not been initialized after retrying for 5 seconds.
2025-04-23 03:05:54.911 [error] [Extension Host] View has not been initialized after retrying for 5 seconds.
2025-04-23 03:05:54.955 [error] [Extension Host] View has not been initialized after retrying for 5 seconds.
2025-04-23 03:05:54.992 [error] [Extension Host] View has not been initialized after retrying for 5 seconds.
2025-04-23 03:05:55.037 [error] [Extension Host] View has not been initialized after retrying for 5 seconds.
2025-04-23 03:05:55.076 [error] [Extension Host] View has not been initialized after retrying for 5 seconds.
2025-04-23 03:05:55.118 [error] [Extension Host] View has not been initialized after retrying for 5 seconds.
2025-04-23 03:05:55.162 [error] [Extension Host] View has not been initialized after retrying for 5 seconds.
2025-04-23 03:05:55.206 [error] [Extension Host] View has not been initialized after retrying for 5 seconds.
2025-04-23 03:05:55.239 [error] [Extension Host] View has not been initialized after retrying for 5 seconds.
2025-04-23 03:05:55.282 [error] [Extension Host] View has not been initialized after retrying for 5 seconds.
2025-04-23 03:05:55.322 [error] [Extension Host] View has not been initialized after retrying for 5 seconds.
2025-04-23 03:05:55.364 [error] [Extension Host] View has not been initialized after retrying for 5 seconds.
2025-04-23 03:05:55.412 [error] [Extension Host] View has not been initialized after retrying for 5 seconds.
2025-04-23 03:05:55.447 [error] [Extension Host] View has not been initialized after retrying for 5 seconds.
2025-04-23 03:05:55.490 [error] [Extension Host] View has not been initialized after retrying for 5 seconds.
2025-04-23 03:05:55.533 [error] [Extension Host] View has not been initialized after retrying for 5 seconds.
2025-04-23 03:05:55.572 [error] [Extension Host] View has not been initialized after retrying for 5 seconds.
2025-04-23 03:05:55.615 [error] [Extension Host] View has not been initialized after retrying for 5 seconds.
2025-04-23 03:05:55.663 [error] [Extension Host] View has not been initialized after retrying for 5 seconds.
2025-04-23 03:05:55.698 [error] [Extension Host] View has not been initialized after retrying for 5 seconds.
2025-04-23 03:05:55.736 [error] [Extension Host] View has not been initialized after retrying for 5 seconds.
2025-04-23 03:05:55.773 [error] [Extension Host] View has not been initialized after retrying for 5 seconds.
2025-04-23 03:05:55.819 [error] [Extension Host] View has not been initialized after retrying for 5 seconds.
2025-04-23 03:05:55.857 [error] [Extension Host] View has not been initialized after retrying for 5 seconds.
2025-04-23 03:05:55.912 [error] [Extension Host] View has not been initialized after retrying for 5 seconds.
2025-04-23 03:05:55.949 [error] [Extension Host] View has not been initialized after retrying for 5 seconds.
2025-04-23 03:05:55.981 [error] [Extension Host] View has not been initialized after retrying for 5 seconds.
2025-04-23 03:05:56.023 [error] [Extension Host] View has not been initialized after retrying for 5 seconds.
2025-04-23 03:05:56.063 [error] [Extension Host] View has not been initialized after retrying for 5 seconds.
2025-04-23 03:05:56.254 [error] [Extension Host] View has not been initialized after retrying for 5 seconds.
2025-04-23 03:05:56.744 [error] [Extension Host] View has not been initialized after retrying for 5 seconds.
2025-04-23 03:05:56.981 [error] [Extension Host] View has not been initialized after retrying for 5 seconds.
2025-04-23 03:05:57.200 [error] [Extension Host] View has not been initialized after retrying for 5 seconds.
2025-04-23 03:05:57.403 [error] [Extension Host] View has not been initialized after retrying for 5 seconds.
2025-04-23 03:05:57.636 [error] [Extension Host] View has not been initialized after retrying for 5 seconds.
2025-04-23 03:05:57.994 [error] [Extension Host] View has not been initialized after retrying for 5 seconds.
2025-04-23 03:05:58.205 [error] [Extension Host] View has not been initialized after retrying for 5 seconds.
2025-04-23 03:05:58.401 [error] [Extension Host] View has not been initialized after retrying for 5 seconds.
2025-04-23 03:05:58.602 [error] [Extension Host] View has not been initialized after retrying for 5 seconds.
2025-04-23 03:05:59.890 [error] [Extension Host] View has not been initialized after retrying for 5 seconds.
2025-04-23 03:06:00.223 [error] [Extension Host] View has not been initialized after retrying for 5 seconds.
