[19:19:22.907][info] [#0:/home/rifle/dotfiles/.local/share/nvim/mason/packages/lua-language-server/libexec/main.lua:68]: Lua Lsp startup, root: 	/home/rifle/dotfiles/.local/share/nvim/mason/packages/lua-language-server/libexec
[19:19:22.907][info] [#0:/home/rifle/dotfiles/.local/share/nvim/mason/packages/lua-language-server/libexec/main.lua:69]: ROOT:	/home/rifle/dotfiles/.local/share/nvim/mason/packages/lua-language-server/libexec
[19:19:22.907][info] [#0:/home/rifle/dotfiles/.local/share/nvim/mason/packages/lua-language-server/libexec/main.lua:70]: LOGPATH:	/home/rifle/dotfiles/.local/share/nvim/mason/packages/lua-language-server/libexec/log
[19:19:22.907][info] [#0:/home/rifle/dotfiles/.local/share/nvim/mason/packages/lua-language-server/libexec/main.lua:71]: METAPATH:	/home/rifle/dotfiles/.local/share/nvim/mason/packages/lua-language-server/libexec/meta
[19:19:22.907][info] [#0:/home/rifle/dotfiles/.local/share/nvim/mason/packages/lua-language-server/libexec/main.lua:72]: VERSION:	3.14.0
[19:19:22.931][info] [#0:script/proto/proto.lua:260]: Listen Mode: stdio
[19:19:22.931][info] [#0:script/service/service.lua:145]: 
========= Medical Examination Report =========
    --------------- Memory ---------------
        Total: 2.264 MB
        # 00 : 2.264 MB
        # 01 : 0.000 MB
        # 02 : 0.000 MB
        # 03 : 0.000 MB
        # 04 : 0.000 MB
    --------------- Coroutine ---------------
        Total:     0
        Running:   0
        Suspended: 0
        Normal:    0
        Dead:      0
    --------------- Cache ---------------
        Total: 1
        Dead:  0
    ---------------  RPC  ---------------
        Holdon:   0
        Waiting:  0
==============================================
[19:19:23.035][info] [#0:script/client.lua:657]: Client init	{
  capabilities = {
    general = {
      positionEncodings = { "utf-8", "utf-16", "utf-32" }
    },
    textDocument = {
      callHierarchy = {
        dynamicRegistration = false
      },
      codeAction = {
        codeActionLiteralSupport = {
          codeActionKind = {
            valueSet = { "", "quickfix", "refactor", "refactor.extract", "refactor.inline", "refactor.rewrite", "source", "source.organizeImports" }
          }
        },
        dataSupport = true,
        dynamicRegistration = true,
        isPreferredSupport = true,
        resolveSupport = {
          properties = { "edit", "command" }
        }
      },
      codeLens = {
        dynamicRegistration = false,
        resolveSupport = {
          properties = { "command" }
        }
      },
      completion = {
        completionItem = {
          commitCharactersSupport = false,
          deprecatedSupport = true,
          documentationFormat = { "markdown", "plaintext" },
          insertReplaceSupport = true,
          insertTextModeSupport = {
            valueSet = { 1 }
          },
          labelDetailsSupport = true,
          preselectSupport = false,
          resolveSupport = {
            properties = { "documentation", "detail", "additionalTextEdits", "command", "data" }
          },
          snippetSupport = true,
          tagSupport = {
            valueSet = { 1 }
          }
        },
        completionItemKind = {
          valueSet = { 1, 2, 3, 4, 5, 6, 7, 8, 9, 10, 11, 12, 13, 14, 15, 16, 17, 18, 19, 20, 21, 22, 23, 24, 25 }
        },
        completionList = {
          itemDefaults = { "commitCharacters", "editRange", "insertTextFormat", "insertTextMode", "data" }
        },
        contextSupport = true,
        dynamicRegistration = false,
        insertTextMode = 1
      },
      declaration = {
        linkSupport = true
      },
      definition = {
        dynamicRegistration = true,
        linkSupport = true
      },
      diagnostic = {
        dynamicRegistration = false
      },
      documentHighlight = {
        dynamicRegistration = false
      },
      documentSymbol = {
        dynamicRegistration = false,
        hierarchicalDocumentSymbolSupport = true,
        symbolKind = {
          valueSet = { 1, 2, 3, 4, 5, 6, 7, 8, 9, 10, 11, 12, 13, 14, 15, 16, 17, 18, 19, 20, 21, 22, 23, 24, 25, 26 }
        }
      },
      foldingRange = {
        dynamicRegistration = false,
        foldingRange = {
          collapsedText = true
        },
        lineFoldingOnly = true
      },
      formatting = {
        dynamicRegistration = true
      },
      hover = {
        contentFormat = { "markdown", "plaintext" },
        dynamicRegistration = true
      },
      implementation = {
        linkSupport = true
      },
      inlayHint = {
        dynamicRegistration = true,
        resolveSupport = {
          properties = { "textEdits", "tooltip", "location", "command" }
        }
      },
      publishDiagnostics = {
        dataSupport = true,
        relatedInformation = true,
        tagSupport = {
          valueSet = { 1, 2 }
        }
      },
      rangeFormatting = {
        dynamicRegistration = true,
        rangesSupport = true
      },
      references = {
        dynamicRegistration = false
      },
      rename = {
        dynamicRegistration = true,
        prepareSupport = true
      },
      semanticTokens = {
        augmentsSyntaxTokens = true,
        dynamicRegistration = false,
        formats = { "relative" },
        multilineTokenSupport = false,
        overlappingTokenSupport = true,
        requests = {
          full = {
            delta = true
          },
          range = false
        },
        serverCancelSupport = false,
        tokenModifiers = { "declaration", "definition", "readonly", "static", "deprecated", "abstract", "async", "modification", "documentation", "defaultLibrary" },
        tokenTypes = { "namespace", "type", "class", "enum", "interface", "struct", "typeParameter", "parameter", "variable", "property", "enumMember", "event", "function", "method", "macro", "keyword", "modifier", "comment", "string", "number", "regexp", "operator", "decorator" }
      },
      signatureHelp = {
        dynamicRegistration = false,
        signatureInformation = {
          activeParameterSupport = true,
          documentationFormat = { "markdown", "plaintext" },
          parameterInformation = {
            labelOffsetSupport = true
          }
        }
      },
      synchronization = {
        didSave = true,
        dynamicRegistration = false,
        willSave = true,
        willSaveWaitUntil = true
      },
      typeDefinition = {
        linkSupport = true
      }
    },
    window = {
      showDocument = {
        support = true
      },
      showMessage = {
        messageActionItem = {
          additionalPropertiesSupport = true
        }
      },
      workDoneProgress = true
    },
    workspace = {
      applyEdit = true,
      configuration = true,
      didChangeConfiguration = {
        dynamicRegistration = false
      },
      didChangeWatchedFiles = {
        dynamicRegistration = false,
        relativePatternSupport = true
      },
      fileOperations = {
        didRename = true,
        willRename = true
      },
      inlayHint = {
        refreshSupport = true
      },
      semanticTokens = {
        refreshSupport = true
      },
      symbol = {
        dynamicRegistration = false,
        symbolKind = {
          valueSet = { 1, 2, 3, 4, 5, 6, 7, 8, 9, 10, 11, 12, 13, 14, 15, 16, 17, 18, 19, 20, 21, 22, 23, 24, 25, 26 }
        }
      },
      workspaceEdit = {
        resourceOperations = { "rename", "create", "delete" }
      },
      workspaceFolders = true
    }
  },
  clientInfo = {
    name = "Neovim",
    version = "0.11.0+v0.11.0"
  },
  initializationOptions = {},
  processId = 146458,
  rootPath = "/home/rifle/dotfiles",
  rootUri = "file:///home/rifle/dotfiles",
  trace = "off",
  workDoneToken = "1",
  workspaceFolders = { {
      name = "/home/rifle/dotfiles",
      uri = "file:///home/rifle/dotfiles"
    } }
}
[19:19:23.036][info] [#0:script/language.lua:137]: VSC language: nil
[19:19:23.036][info] [#0:script/language.lua:138]: LS  language: en-us
[19:19:23.036][info] [#0:script/workspace/workspace.lua:38]: Workspace init root: 	file:///home/rifle/dotfiles
[19:19:23.036][info] [#0:script/workspace/workspace.lua:42]: Log path: 	/home/rifle/dotfiles/.local/share/nvim/mason/packages/lua-language-server/libexec/log/file_home_rifle_dotfiles.log
[19:19:23.036][info] [#0:script/workspace/workspace.lua:48]: Workspace create: 	file:///home/rifle/dotfiles
[19:19:23.340][info] [#0:script/provider/provider.lua:49]: Load config from client	file:///home/rifle/dotfiles
[19:19:23.341][info] [#0:script/provider/provider.lua:50]: {
  Lua = {
    codeLens = {
      enable = true
    },
    completion = {
      callSnippet = "Replace"
    },
    doc = {
      privateName = { "^_" }
    },
    hint = {
      arrayIndex = "Disable",
      enable = true,
      paramName = "Disable",
      paramType = true,
      semicolon = "Disable",
      setType = false
    },
    runtime = {
      path = { "?.lua", "?/init.lua" },
      pathStrict = true,
      version = "LuaJIT"
    },
    workspace = {
      checkThirdParty = false,
      ignoreDir = { "/lua" },
      library = { "/usr/share/nvim/runtime/lua" }
    }
  }
}
[19:19:23.341][info] [#0:script/provider/provider.lua:49]: Load config from client	file:///home/rifle/dotfiles
[19:19:23.341][info] [#0:script/provider/provider.lua:50]: {
  Lua = {
    codeLens = {
      enable = true
    },
    completion = {
      callSnippet = "Replace"
    },
    doc = {
      privateName = { "^_" }
    },
    hint = {
      arrayIndex = "Disable",
      enable = true,
      paramName = "Disable",
      paramType = true,
      semicolon = "Disable",
      setType = false
    },
    runtime = {
      path = { "?.lua", "?/init.lua" },
      pathStrict = true,
      version = "LuaJIT"
    },
    workspace = {
      checkThirdParty = false,
      ignoreDir = { "/lua" },
      library = { "/usr/share/nvim/runtime/lua" }
    }
  }
}
[19:19:23.342][info] [#0:script/provider/provider.lua:49]: Load config from client	file:///home/rifle/dotfiles
[19:19:23.342][info] [#0:script/provider/provider.lua:50]: {
  Lua = {
    codeLens = {
      enable = true
    },
    completion = {
      callSnippet = "Replace"
    },
    doc = {
      privateName = { "^_" }
    },
    hint = {
      arrayIndex = "Disable",
      enable = true,
      paramName = "Disable",
      paramType = true,
      semicolon = "Disable",
      setType = false
    },
    runtime = {
      path = { "?.lua", "?/init.lua" },
      pathStrict = true,
      version = "LuaJIT"
    },
    workspace = {
      checkThirdParty = false,
      ignoreDir = { "/lua" },
      library = { "/usr/share/nvim/runtime/lua" }
    }
  }
}
[19:19:23.342][warn] [#0:script/config/loader.lua:116]: No config?	{}
[19:19:23.342][info] [#0:script/provider/provider.lua:65]: Load config from client	fallback
[19:19:23.342][info] [#0:script/provider/provider.lua:66]: nil
[19:19:23.342][warn] [#0:script/config/loader.lua:116]: No config?	{}
[19:19:23.342][info] [#0:script/provider/provider.lua:65]: Load config from client	fallback
[19:19:23.342][info] [#0:script/provider/provider.lua:66]: nil
[19:19:23.343][warn] [#0:script/config/loader.lua:116]: No config?	{}
[19:19:23.343][info] [#0:script/provider/provider.lua:65]: Load config from client	fallback
[19:19:23.343][info] [#0:script/provider/provider.lua:66]: nil
[19:19:23.468][info] [#0:script/library.lua:212]: Init builtin library at:	file:///home/rifle/dotfiles
[19:19:23.488][info] [#0:script/library.lua:212]: Init builtin library at:	nil
[19:19:23.604][info] [#0:script/workspace/workspace.lua:324]: Preload start:	file:///home/rifle/dotfiles
[19:19:23.612][info] [#0:script/workspace/workspace.lua:330]: Scan files at:	file:///home/rifle/dotfiles
[19:19:23.933][info] [#0:script/workspace/workspace.lua:324]: Preload start:	<fallback>
[19:19:23.934][info] [#0:script/workspace/workspace.lua:353]: Scan library at:	file:///home/rifle/dotfiles/.local/share/nvim/mason/packages/lua-language-server/libexec/meta/Lua%205.4%20en-us%20utf8/builtin.lua
[19:19:23.935][info] [#0:script/workspace/workspace.lua:353]: Scan library at:	file:///home/rifle/dotfiles/.local/share/nvim/mason/packages/lua-language-server/libexec/meta/Lua%205.4%20en-us%20utf8/utf8.lua
[19:19:23.935][info] [#0:script/workspace/workspace.lua:353]: Scan library at:	file:///home/rifle/dotfiles/.local/share/nvim/mason/packages/lua-language-server/libexec/meta/Lua%205.4%20en-us%20utf8/io.lua
[19:19:23.935][info] [#0:script/workspace/workspace.lua:353]: Scan library at:	file:///home/rifle/dotfiles/.local/share/nvim/mason/packages/lua-language-server/libexec/meta/Lua%205.4%20en-us%20utf8/string.lua
[19:19:23.935][info] [#0:script/workspace/workspace.lua:353]: Scan library at:	file:///home/rifle/dotfiles/.local/share/nvim/mason/packages/lua-language-server/libexec/meta/Lua%205.4%20en-us%20utf8/package.lua
[19:19:23.935][info] [#0:script/workspace/workspace.lua:353]: Scan library at:	file:///home/rifle/dotfiles/.local/share/nvim/mason/packages/lua-language-server/libexec/meta/Lua%205.4%20en-us%20utf8/table.lua
[19:19:23.936][info] [#0:script/workspace/workspace.lua:353]: Scan library at:	file:///home/rifle/dotfiles/.local/share/nvim/mason/packages/lua-language-server/libexec/meta/Lua%205.4%20en-us%20utf8/basic.lua
[19:19:23.936][info] [#0:script/workspace/workspace.lua:353]: Scan library at:	file:///home/rifle/dotfiles/.local/share/nvim/mason/packages/lua-language-server/libexec/meta/Lua%205.4%20en-us%20utf8/os.lua
[19:19:23.936][info] [#0:script/workspace/workspace.lua:353]: Scan library at:	file:///home/rifle/dotfiles/.local/share/nvim/mason/packages/lua-language-server/libexec/meta/Lua%205.4%20en-us%20utf8/coroutine.lua
[19:19:23.936][info] [#0:script/workspace/workspace.lua:353]: Scan library at:	file:///home/rifle/dotfiles/.local/share/nvim/mason/packages/lua-language-server/libexec/meta/Lua%205.4%20en-us%20utf8/math.lua
[19:19:23.936][info] [#0:script/workspace/workspace.lua:353]: Scan library at:	file:///home/rifle/dotfiles/.local/share/nvim/mason/packages/lua-language-server/libexec/meta/Lua%205.4%20en-us%20utf8/debug.lua
[19:19:24.036][info] [#0:script/workspace/workspace.lua:379]: Found 11 files at:	<fallback>
[19:19:24.036][info] [#0:script/workspace/loading.lua:160]: Load files from disk:	<fallback>
[19:19:24.037][info] [#0:script/workspace/loading.lua:100]: Preload file at: file:///home/rifle/dotfiles/.local/share/nvim/mason/packages/lua-language-server/libexec/meta/Lua%205.4%20en-us%20utf8/debug.lua , size = 7.637 KB
[19:19:24.041][info] [#0:script/workspace/loading.lua:112]: ++++As library of:	file:///home/rifle/dotfiles/.local/share/nvim/mason/packages/lua-language-server/libexec/meta/Lua%205.4%20en-us%20utf8/debug.lua
[19:19:24.041][info] [#0:script/workspace/loading.lua:100]: Preload file at: file:///home/rifle/dotfiles/.local/share/nvim/mason/packages/lua-language-server/libexec/meta/Lua%205.4%20en-us%20utf8/coroutine.lua , size = 2.590 KB
[19:19:24.042][info] [#0:script/workspace/loading.lua:112]: ++++As library of:	file:///home/rifle/dotfiles/.local/share/nvim/mason/packages/lua-language-server/libexec/meta/Lua%205.4%20en-us%20utf8/coroutine.lua
[19:19:24.042][info] [#0:script/workspace/loading.lua:100]: Preload file at: file:///home/rifle/dotfiles/.local/share/nvim/mason/packages/lua-language-server/libexec/meta/Lua%205.4%20en-us%20utf8/os.lua , size = 5.611 KB
[19:19:24.043][info] [#0:script/workspace/loading.lua:112]: ++++As library of:	file:///home/rifle/dotfiles/.local/share/nvim/mason/packages/lua-language-server/libexec/meta/Lua%205.4%20en-us%20utf8/os.lua
[19:19:24.043][info] [#0:script/workspace/loading.lua:100]: Preload file at: file:///home/rifle/dotfiles/.local/share/nvim/mason/packages/lua-language-server/libexec/meta/Lua%205.4%20en-us%20utf8/math.lua , size = 8.542 KB
[19:19:24.046][info] [#0:script/workspace/loading.lua:112]: ++++As library of:	file:///home/rifle/dotfiles/.local/share/nvim/mason/packages/lua-language-server/libexec/meta/Lua%205.4%20en-us%20utf8/math.lua
[19:19:24.046][info] [#0:script/workspace/loading.lua:100]: Preload file at: file:///home/rifle/dotfiles/.local/share/nvim/mason/packages/lua-language-server/libexec/meta/Lua%205.4%20en-us%20utf8/table.lua , size = 4.445 KB
[19:19:24.048][info] [#0:script/workspace/loading.lua:112]: ++++As library of:	file:///home/rifle/dotfiles/.local/share/nvim/mason/packages/lua-language-server/libexec/meta/Lua%205.4%20en-us%20utf8/table.lua
[19:19:24.048][info] [#0:script/workspace/loading.lua:100]: Preload file at: file:///home/rifle/dotfiles/.local/share/nvim/mason/packages/lua-language-server/libexec/meta/Lua%205.4%20en-us%20utf8/basic.lua , size = 15.841 KB
[19:19:24.052][info] [#0:script/workspace/loading.lua:112]: ++++As library of:	file:///home/rifle/dotfiles/.local/share/nvim/mason/packages/lua-language-server/libexec/meta/Lua%205.4%20en-us%20utf8/basic.lua
[19:19:24.052][info] [#0:script/workspace/loading.lua:100]: Preload file at: file:///home/rifle/dotfiles/.local/share/nvim/mason/packages/lua-language-server/libexec/meta/Lua%205.4%20en-us%20utf8/package.lua , size = 2.944 KB
[19:19:24.052][info] [#0:script/workspace/loading.lua:112]: ++++As library of:	file:///home/rifle/dotfiles/.local/share/nvim/mason/packages/lua-language-server/libexec/meta/Lua%205.4%20en-us%20utf8/package.lua
[19:19:24.053][info] [#0:script/workspace/loading.lua:100]: Preload file at: file:///home/rifle/dotfiles/.local/share/nvim/mason/packages/lua-language-server/libexec/meta/Lua%205.4%20en-us%20utf8/string.lua , size = 5.234 KB
[19:19:24.054][info] [#0:script/workspace/loading.lua:112]: ++++As library of:	file:///home/rifle/dotfiles/.local/share/nvim/mason/packages/lua-language-server/libexec/meta/Lua%205.4%20en-us%20utf8/string.lua
[19:19:24.055][info] [#0:script/workspace/loading.lua:100]: Preload file at: file:///home/rifle/dotfiles/.local/share/nvim/mason/packages/lua-language-server/libexec/meta/Lua%205.4%20en-us%20utf8/io.lua , size = 6.364 KB
[19:19:24.057][info] [#0:script/workspace/loading.lua:112]: ++++As library of:	file:///home/rifle/dotfiles/.local/share/nvim/mason/packages/lua-language-server/libexec/meta/Lua%205.4%20en-us%20utf8/io.lua
[19:19:24.057][info] [#0:script/workspace/loading.lua:100]: Preload file at: file:///home/rifle/dotfiles/.local/share/nvim/mason/packages/lua-language-server/libexec/meta/Lua%205.4%20en-us%20utf8/utf8.lua , size = 2.386 KB
[19:19:24.058][info] [#0:script/workspace/loading.lua:112]: ++++As library of:	file:///home/rifle/dotfiles/.local/share/nvim/mason/packages/lua-language-server/libexec/meta/Lua%205.4%20en-us%20utf8/utf8.lua
[19:19:24.058][info] [#0:script/workspace/loading.lua:100]: Preload file at: file:///home/rifle/dotfiles/.local/share/nvim/mason/packages/lua-language-server/libexec/meta/Lua%205.4%20en-us%20utf8/builtin.lua , size = 0.302 KB
[19:19:24.058][info] [#0:script/workspace/loading.lua:112]: ++++As library of:	file:///home/rifle/dotfiles/.local/share/nvim/mason/packages/lua-language-server/libexec/meta/Lua%205.4%20en-us%20utf8/builtin.lua
[19:19:24.059][info] [#0:script/workspace/loading.lua:172]: Loaded files takes [0.024] sec: <fallback>
[19:19:24.059][info] [#0:script/workspace/loading.lua:181]: Compile files takes [0.000] sec: <fallback>
[19:19:24.059][info] [#0:script/workspace/loading.lua:182]: Loaded finish:	<fallback>
[19:19:24.059][info] [#0:script/workspace/workspace.lua:381]: Preload finish at:	<fallback>
[19:19:25.195][info] [#0:script/provider/provider.lua:176]: Server shutdown.
[19:19:25.216][warn] [#0:script/pub/report.lua:24]: Load proto error:	Disconnected!
