2025-04-23 15:36:31.316 [info] Started local extension host with pid 6103.
2025-04-23 15:36:33.935 [info] [perf] Render performance baseline is 10ms
2025-04-23 15:36:37.006 [error] [Extension Host] View has not been initialized after retrying for 5 seconds.
2025-04-23 15:36:56.400 [error] [Extension Host] View has not been initialized after retrying for 5 seconds.
2025-04-23 15:36:56.931 [error] [Extension Host] View has not been initialized after retrying for 5 seconds.
2025-04-23 15:37:19.195 [error] [Extension Host] View has not been initialized after retrying for 5 seconds.
2025-04-23 15:37:22.704 [error] [Extension Host] View has not been initialized after retrying for 5 seconds.
2025-04-23 15:37:44.818 [error] [Extension Host] View has not been initialized after retrying for 5 seconds.
2025-04-23 15:37:45.758 [error] [Extension Host] View has not been initialized after retrying for 5 seconds.
2025-04-23 15:37:50.729 [error] [File Watcher] Unexpected error: inotify_add_watch on '/home/rifle/dotfiles/.config/Code - OSS/logs/20250414T180736' failed: No such file or directory (EUNKNOWN) (path: /home/rifle)
2025-04-23 15:37:50.729 [error] [File Watcher (universal)] inotify_add_watch on '/home/rifle/dotfiles/.config/Code - OSS/logs/20250414T180736' failed: No such file or directory
2025-04-23 15:45:06.206 [error] [Extension Host] View has not been initialized after retrying for 5 seconds.
2025-04-23 15:45:17.935 [error] [Extension Host] View has not been initialized after retrying for 5 seconds.
2025-04-23 15:45:18.894 [error] [Extension Host] View has not been initialized after retrying for 5 seconds.
2025-04-23 15:45:19.002 [error] [Extension Host] View has not been initialized after retrying for 5 seconds.
2025-04-23 15:45:19.021 [error] [Extension Host] View has not been initialized after retrying for 5 seconds.
2025-04-23 15:45:19.029 [error] [Extension Host] View has not been initialized after retrying for 5 seconds.
2025-04-23 15:45:19.041 [error] [Extension Host] View has not been initialized after retrying for 5 seconds.
2025-04-23 15:45:19.054 [error] [Extension Host] View has not been initialized after retrying for 5 seconds.
2025-04-23 15:45:19.067 [error] [Extension Host] View has not been initialized after retrying for 5 seconds.
2025-04-23 15:45:19.083 [error] [Extension Host] View has not been initialized after retrying for 5 seconds.
2025-04-23 15:45:19.092 [error] [Extension Host] View has not been initialized after retrying for 5 seconds.
2025-04-23 15:45:19.105 [error] [Extension Host] View has not been initialized after retrying for 5 seconds.
2025-04-23 15:45:19.125 [error] [Extension Host] View has not been initialized after retrying for 5 seconds.
2025-04-23 15:45:19.131 [error] [Extension Host] View has not been initialized after retrying for 5 seconds.
2025-04-23 15:45:19.143 [error] [Extension Host] View has not been initialized after retrying for 5 seconds.
2025-04-23 15:45:19.160 [error] [Extension Host] View has not been initialized after retrying for 5 seconds.
2025-04-23 15:45:19.172 [error] [Extension Host] View has not been initialized after retrying for 5 seconds.
2025-04-23 15:45:19.203 [error] [Extension Host] View has not been initialized after retrying for 5 seconds.
2025-04-23 15:45:19.280 [error] [Extension Host] View has not been initialized after retrying for 5 seconds.
2025-04-23 16:53:41.717 [error] [Extension Host] View has not been initialized after retrying for 5 seconds.
