2025-04-11 17:29:55.861 [info] Extension host with pid 23867 started
2025-04-11 17:29:55.861 [info] Skipping acquiring lock for /home/rifle/.config/VSCodium/User/workspaceStorage/911d93a4c755317f98242e68be1e83bd.
2025-04-11 17:29:55.903 [info] ExtensionService#_doActivateExtension vscode.emmet, startup: false, activationEvent: 'onLanguage'
2025-04-11 17:29:55.932 [info] ExtensionService#_doActivateExtension vscode.git-base, startup: true, activationEvent: '*', root cause: vscode.git
2025-04-11 17:29:55.933 [info] ExtensionService#_doActivateExtension vscode.git, startup: true, activationEvent: '*'
2025-04-11 17:29:55.968 [info] ExtensionService#_doActivateExtension vscode.github, startup: true, activationEvent: '*'
2025-04-11 17:29:55.996 [info] Eager extensions activated
2025-04-11 17:29:56.003 [info] ExtensionService#_doActivateExtension vscode.debug-auto-launch, startup: false, activationEvent: 'onStartupFinished'
2025-04-11 17:29:56.004 [info] ExtensionService#_doActivateExtension vscode.merge-conflict, startup: false, activationEvent: 'onStartupFinished'
2025-04-11 17:29:56.146 [info] ExtensionService#_doActivateExtension vscode.github-authentication, startup: false, activationEvent: 'onAuthenticationRequest:github'
2025-04-11 19:10:18.597 [info] ExtensionService#_doActivateExtension vscode.media-preview, startup: false, activationEvent: 'onCustomEditor:imagePreview.previewEditor'
2025-04-11 20:08:34.166 [info] Extension host terminating: renderer closed the MessagePort
2025-04-11 20:08:34.175 [error] Canceled: Canceled
	at new dL (file:///usr/share/vscodium/resources/app/out/vs/workbench/api/node/extensionHostProcess.js:29:119343)
	at jy._remoteCall (file:///usr/share/vscodium/resources/app/out/vs/workbench/api/node/extensionHostProcess.js:29:125638)
	at s.<computed>.n.charCodeAt.s.<computed> (file:///usr/share/vscodium/resources/app/out/vs/workbench/api/node/extensionHostProcess.js:29:122397)
	at E0._doExecuteCommand (file:///usr/share/vscodium/resources/app/out/vs/workbench/api/node/extensionHostProcess.js:112:48594)
	at E0.executeCommand (file:///usr/share/vscodium/resources/app/out/vs/workbench/api/node/extensionHostProcess.js:112:48033)
	at r.registerCommand.description (file:///usr/share/vscodium/resources/app/out/vs/workbench/api/node/extensionHostProcess.js:112:47297)
	at E0._executeContributedCommand (file:///usr/share/vscodium/resources/app/out/vs/workbench/api/node/extensionHostProcess.js:112:49163)
	at E0._doExecuteCommand (file:///usr/share/vscodium/resources/app/out/vs/workbench/api/node/extensionHostProcess.js:112:48166)
	at E0.executeCommand (file:///usr/share/vscodium/resources/app/out/vs/workbench/api/node/extensionHostProcess.js:112:48033)
	at Object.executeCommand (file:///usr/share/vscodium/resources/app/out/vs/workbench/api/node/extensionHostProcess.js:172:42287)
	at Ah.L [as value] (/usr/share/vscodium/resources/app/extensions/git/dist/main.js:2:1000123)
	at P._deliver (file:///usr/share/vscodium/resources/app/out/vs/workbench/api/node/extensionHostProcess.js:27:2939)
	at P._deliverQueue (file:///usr/share/vscodium/resources/app/out/vs/workbench/api/node/extensionHostProcess.js:27:3030)
	at P.fire (file:///usr/share/vscodium/resources/app/out/vs/workbench/api/node/extensionHostProcess.js:27:3366)
	at Object.p [as dispose] (/usr/share/vscodium/resources/app/extensions/git/dist/main.js:2:1022763)
	at /usr/share/vscodium/resources/app/extensions/git/dist/main.js:2:1029081
	at Array.forEach (<anonymous>)
	at b.dispose (/usr/share/vscodium/resources/app/extensions/git/dist/main.js:2:1029067)
	at f1.<anonymous> (file:///usr/share/vscodium/resources/app/out/vs/workbench/api/node/extensionHostProcess.js:108:9946)
	at f1.dispose (file:///usr/share/vscodium/resources/app/out/vs/workbench/api/node/extensionHostProcess.js:108:10042)
	at f1.<anonymous> (/usr/share/vscodium/resources/app/extensions/git/dist/main.js:2:1002607)
	at f1.dispose (file:///usr/share/vscodium/resources/app/out/vs/workbench/api/node/extensionHostProcess.js:108:10042)
	at di (file:///usr/share/vscodium/resources/app/out/vs/workbench/api/node/extensionHostProcess.js:25:701)
	at file:///usr/share/vscodium/resources/app/out/vs/workbench/api/node/extensionHostProcess.js:116:18394
	at file:///usr/share/vscodium/resources/app/out/vs/workbench/api/node/extensionHostProcess.js:25:1011
	at Object.dispose (file:///usr/share/vscodium/resources/app/out/vs/workbench/api/node/extensionHostProcess.js:8:705)
	at zz._deactivate (file:///usr/share/vscodium/resources/app/out/vs/workbench/api/node/extensionHostProcess.js:116:14729)
	at file:///usr/share/vscodium/resources/app/out/vs/workbench/api/node/extensionHostProcess.js:116:12015
	at Array.map (<anonymous>)
	at zz._deactivateAll (file:///usr/share/vscodium/resources/app/out/vs/workbench/api/node/extensionHostProcess.js:116:12003)
	at zz.terminate (file:///usr/share/vscodium/resources/app/out/vs/workbench/api/node/extensionHostProcess.js:116:12356)
	at F7.terminate (file:///usr/share/vscodium/resources/app/out/vs/workbench/api/node/extensionHostProcess.js:117:1602)
	at rs (file:///usr/share/vscodium/resources/app/out/vs/workbench/api/node/extensionHostProcess.js:190:16341)
	at MessagePortMain.<anonymous> (file:///usr/share/vscodium/resources/app/out/vs/workbench/api/node/extensionHostProcess.js:190:12797)
	at MessagePortMain.emit (node:events:518:28)
	at MessagePortMain._internalPort.emit (node:electron/js2c/utility_init:2:2949) setContext undefined
2025-04-11 20:08:34.175 [error] Canceled: Canceled
	at new dL (file:///usr/share/vscodium/resources/app/out/vs/workbench/api/node/extensionHostProcess.js:29:119343)
	at jy._remoteCall (file:///usr/share/vscodium/resources/app/out/vs/workbench/api/node/extensionHostProcess.js:29:125638)
	at s.<computed>.n.charCodeAt.s.<computed> (file:///usr/share/vscodium/resources/app/out/vs/workbench/api/node/extensionHostProcess.js:29:122397)
	at E0._doExecuteCommand (file:///usr/share/vscodium/resources/app/out/vs/workbench/api/node/extensionHostProcess.js:112:48594)
	at E0.executeCommand (file:///usr/share/vscodium/resources/app/out/vs/workbench/api/node/extensionHostProcess.js:112:48033)
	at r.registerCommand.description (file:///usr/share/vscodium/resources/app/out/vs/workbench/api/node/extensionHostProcess.js:112:47297)
	at E0._executeContributedCommand (file:///usr/share/vscodium/resources/app/out/vs/workbench/api/node/extensionHostProcess.js:112:49163)
	at E0._doExecuteCommand (file:///usr/share/vscodium/resources/app/out/vs/workbench/api/node/extensionHostProcess.js:112:48166)
	at E0.executeCommand (file:///usr/share/vscodium/resources/app/out/vs/workbench/api/node/extensionHostProcess.js:112:48033)
	at Object.executeCommand (file:///usr/share/vscodium/resources/app/out/vs/workbench/api/node/extensionHostProcess.js:172:42287)
	at Ah.L [as value] (/usr/share/vscodium/resources/app/extensions/git/dist/main.js:2:1000123)
	at P._deliver (file:///usr/share/vscodium/resources/app/out/vs/workbench/api/node/extensionHostProcess.js:27:2939)
	at P._deliverQueue (file:///usr/share/vscodium/resources/app/out/vs/workbench/api/node/extensionHostProcess.js:27:3030)
	at P.fire (file:///usr/share/vscodium/resources/app/out/vs/workbench/api/node/extensionHostProcess.js:27:3366)
	at Object.p [as dispose] (/usr/share/vscodium/resources/app/extensions/git/dist/main.js:2:1022763)
	at /usr/share/vscodium/resources/app/extensions/git/dist/main.js:2:1029081
	at Array.forEach (<anonymous>)
	at b.dispose (/usr/share/vscodium/resources/app/extensions/git/dist/main.js:2:1029067)
	at f1.<anonymous> (file:///usr/share/vscodium/resources/app/out/vs/workbench/api/node/extensionHostProcess.js:108:9946)
	at f1.dispose (file:///usr/share/vscodium/resources/app/out/vs/workbench/api/node/extensionHostProcess.js:108:10042)
	at f1.<anonymous> (/usr/share/vscodium/resources/app/extensions/git/dist/main.js:2:1002607)
	at f1.dispose (file:///usr/share/vscodium/resources/app/out/vs/workbench/api/node/extensionHostProcess.js:108:10042)
	at di (file:///usr/share/vscodium/resources/app/out/vs/workbench/api/node/extensionHostProcess.js:25:701)
	at file:///usr/share/vscodium/resources/app/out/vs/workbench/api/node/extensionHostProcess.js:116:18394
	at file:///usr/share/vscodium/resources/app/out/vs/workbench/api/node/extensionHostProcess.js:25:1011
	at Object.dispose (file:///usr/share/vscodium/resources/app/out/vs/workbench/api/node/extensionHostProcess.js:8:705)
	at zz._deactivate (file:///usr/share/vscodium/resources/app/out/vs/workbench/api/node/extensionHostProcess.js:116:14729)
	at file:///usr/share/vscodium/resources/app/out/vs/workbench/api/node/extensionHostProcess.js:116:12015
	at Array.map (<anonymous>)
	at zz._deactivateAll (file:///usr/share/vscodium/resources/app/out/vs/workbench/api/node/extensionHostProcess.js:116:12003)
	at zz.terminate (file:///usr/share/vscodium/resources/app/out/vs/workbench/api/node/extensionHostProcess.js:116:12356)
	at F7.terminate (file:///usr/share/vscodium/resources/app/out/vs/workbench/api/node/extensionHostProcess.js:117:1602)
	at rs (file:///usr/share/vscodium/resources/app/out/vs/workbench/api/node/extensionHostProcess.js:190:16341)
	at MessagePortMain.<anonymous> (file:///usr/share/vscodium/resources/app/out/vs/workbench/api/node/extensionHostProcess.js:190:12797)
	at MessagePortMain.emit (node:events:518:28)
	at MessagePortMain._internalPort.emit (node:electron/js2c/utility_init:2:2949) setContext undefined
2025-04-11 20:08:34.175 [error] Canceled: Canceled
	at new dL (file:///usr/share/vscodium/resources/app/out/vs/workbench/api/node/extensionHostProcess.js:29:119343)
	at jy._remoteCall (file:///usr/share/vscodium/resources/app/out/vs/workbench/api/node/extensionHostProcess.js:29:125638)
	at s.<computed>.n.charCodeAt.s.<computed> (file:///usr/share/vscodium/resources/app/out/vs/workbench/api/node/extensionHostProcess.js:29:122397)
	at E0._doExecuteCommand (file:///usr/share/vscodium/resources/app/out/vs/workbench/api/node/extensionHostProcess.js:112:48594)
	at E0.executeCommand (file:///usr/share/vscodium/resources/app/out/vs/workbench/api/node/extensionHostProcess.js:112:48033)
	at r.registerCommand.description (file:///usr/share/vscodium/resources/app/out/vs/workbench/api/node/extensionHostProcess.js:112:47297)
	at E0._executeContributedCommand (file:///usr/share/vscodium/resources/app/out/vs/workbench/api/node/extensionHostProcess.js:112:49163)
	at E0._doExecuteCommand (file:///usr/share/vscodium/resources/app/out/vs/workbench/api/node/extensionHostProcess.js:112:48166)
	at E0.executeCommand (file:///usr/share/vscodium/resources/app/out/vs/workbench/api/node/extensionHostProcess.js:112:48033)
	at Object.executeCommand (file:///usr/share/vscodium/resources/app/out/vs/workbench/api/node/extensionHostProcess.js:172:42287)
	at Ah.L [as value] (/usr/share/vscodium/resources/app/extensions/git/dist/main.js:2:1000123)
	at P._deliver (file:///usr/share/vscodium/resources/app/out/vs/workbench/api/node/extensionHostProcess.js:27:2939)
	at P._deliverQueue (file:///usr/share/vscodium/resources/app/out/vs/workbench/api/node/extensionHostProcess.js:27:3030)
	at P.fire (file:///usr/share/vscodium/resources/app/out/vs/workbench/api/node/extensionHostProcess.js:27:3366)
	at Object.p [as dispose] (/usr/share/vscodium/resources/app/extensions/git/dist/main.js:2:1022763)
	at /usr/share/vscodium/resources/app/extensions/git/dist/main.js:2:1029081
	at Array.forEach (<anonymous>)
	at b.dispose (/usr/share/vscodium/resources/app/extensions/git/dist/main.js:2:1029067)
	at f1.<anonymous> (file:///usr/share/vscodium/resources/app/out/vs/workbench/api/node/extensionHostProcess.js:108:9946)
	at f1.dispose (file:///usr/share/vscodium/resources/app/out/vs/workbench/api/node/extensionHostProcess.js:108:10042)
	at f1.<anonymous> (/usr/share/vscodium/resources/app/extensions/git/dist/main.js:2:1002607)
	at f1.dispose (file:///usr/share/vscodium/resources/app/out/vs/workbench/api/node/extensionHostProcess.js:108:10042)
	at di (file:///usr/share/vscodium/resources/app/out/vs/workbench/api/node/extensionHostProcess.js:25:701)
	at file:///usr/share/vscodium/resources/app/out/vs/workbench/api/node/extensionHostProcess.js:116:18394
	at file:///usr/share/vscodium/resources/app/out/vs/workbench/api/node/extensionHostProcess.js:25:1011
	at Object.dispose (file:///usr/share/vscodium/resources/app/out/vs/workbench/api/node/extensionHostProcess.js:8:705)
	at zz._deactivate (file:///usr/share/vscodium/resources/app/out/vs/workbench/api/node/extensionHostProcess.js:116:14729)
	at file:///usr/share/vscodium/resources/app/out/vs/workbench/api/node/extensionHostProcess.js:116:12015
	at Array.map (<anonymous>)
	at zz._deactivateAll (file:///usr/share/vscodium/resources/app/out/vs/workbench/api/node/extensionHostProcess.js:116:12003)
	at zz.terminate (file:///usr/share/vscodium/resources/app/out/vs/workbench/api/node/extensionHostProcess.js:116:12356)
	at F7.terminate (file:///usr/share/vscodium/resources/app/out/vs/workbench/api/node/extensionHostProcess.js:117:1602)
	at rs (file:///usr/share/vscodium/resources/app/out/vs/workbench/api/node/extensionHostProcess.js:190:16341)
	at MessagePortMain.<anonymous> (file:///usr/share/vscodium/resources/app/out/vs/workbench/api/node/extensionHostProcess.js:190:12797)
	at MessagePortMain.emit (node:events:518:28)
	at MessagePortMain._internalPort.emit (node:electron/js2c/utility_init:2:2949) setContext undefined
2025-04-11 20:08:34.175 [error] Canceled: Canceled
	at new dL (file:///usr/share/vscodium/resources/app/out/vs/workbench/api/node/extensionHostProcess.js:29:119343)
	at jy._remoteCall (file:///usr/share/vscodium/resources/app/out/vs/workbench/api/node/extensionHostProcess.js:29:125638)
	at s.<computed>.n.charCodeAt.s.<computed> (file:///usr/share/vscodium/resources/app/out/vs/workbench/api/node/extensionHostProcess.js:29:122397)
	at E0._doExecuteCommand (file:///usr/share/vscodium/resources/app/out/vs/workbench/api/node/extensionHostProcess.js:112:48594)
	at E0.executeCommand (file:///usr/share/vscodium/resources/app/out/vs/workbench/api/node/extensionHostProcess.js:112:48033)
	at r.registerCommand.description (file:///usr/share/vscodium/resources/app/out/vs/workbench/api/node/extensionHostProcess.js:112:47297)
	at E0._executeContributedCommand (file:///usr/share/vscodium/resources/app/out/vs/workbench/api/node/extensionHostProcess.js:112:49163)
	at E0._doExecuteCommand (file:///usr/share/vscodium/resources/app/out/vs/workbench/api/node/extensionHostProcess.js:112:48166)
	at E0.executeCommand (file:///usr/share/vscodium/resources/app/out/vs/workbench/api/node/extensionHostProcess.js:112:48033)
	at Object.executeCommand (file:///usr/share/vscodium/resources/app/out/vs/workbench/api/node/extensionHostProcess.js:172:42287)
	at set hasGitHubRepositories (/usr/share/vscodium/resources/app/extensions/github/dist/extension.js:2:217754)
	at /usr/share/vscodium/resources/app/extensions/github/dist/extension.js:2:218713
	at Ah.value (/usr/share/vscodium/resources/app/extensions/git/dist/main.js:2:1120762)
	at P._deliver (file:///usr/share/vscodium/resources/app/out/vs/workbench/api/node/extensionHostProcess.js:27:2939)
	at P._deliverQueue (file:///usr/share/vscodium/resources/app/out/vs/workbench/api/node/extensionHostProcess.js:27:3030)
	at P.fire (file:///usr/share/vscodium/resources/app/out/vs/workbench/api/node/extensionHostProcess.js:27:3366)
	at Object.p [as dispose] (/usr/share/vscodium/resources/app/extensions/git/dist/main.js:2:1022763)
	at /usr/share/vscodium/resources/app/extensions/git/dist/main.js:2:1029081
	at Array.forEach (<anonymous>)
	at b.dispose (/usr/share/vscodium/resources/app/extensions/git/dist/main.js:2:1029067)
	at f1.<anonymous> (file:///usr/share/vscodium/resources/app/out/vs/workbench/api/node/extensionHostProcess.js:108:9946)
	at f1.dispose (file:///usr/share/vscodium/resources/app/out/vs/workbench/api/node/extensionHostProcess.js:108:10042)
	at f1.<anonymous> (/usr/share/vscodium/resources/app/extensions/git/dist/main.js:2:1002607)
	at f1.dispose (file:///usr/share/vscodium/resources/app/out/vs/workbench/api/node/extensionHostProcess.js:108:10042)
	at di (file:///usr/share/vscodium/resources/app/out/vs/workbench/api/node/extensionHostProcess.js:25:701)
	at file:///usr/share/vscodium/resources/app/out/vs/workbench/api/node/extensionHostProcess.js:116:18394
	at file:///usr/share/vscodium/resources/app/out/vs/workbench/api/node/extensionHostProcess.js:25:1011
	at Object.dispose (file:///usr/share/vscodium/resources/app/out/vs/workbench/api/node/extensionHostProcess.js:8:705)
	at zz._deactivate (file:///usr/share/vscodium/resources/app/out/vs/workbench/api/node/extensionHostProcess.js:116:14729)
	at file:///usr/share/vscodium/resources/app/out/vs/workbench/api/node/extensionHostProcess.js:116:12015
	at Array.map (<anonymous>)
	at zz._deactivateAll (file:///usr/share/vscodium/resources/app/out/vs/workbench/api/node/extensionHostProcess.js:116:12003)
	at zz.terminate (file:///usr/share/vscodium/resources/app/out/vs/workbench/api/node/extensionHostProcess.js:116:12356)
	at F7.terminate (file:///usr/share/vscodium/resources/app/out/vs/workbench/api/node/extensionHostProcess.js:117:1602)
	at rs (file:///usr/share/vscodium/resources/app/out/vs/workbench/api/node/extensionHostProcess.js:190:16341)
	at MessagePortMain.<anonymous> (file:///usr/share/vscodium/resources/app/out/vs/workbench/api/node/extensionHostProcess.js:190:12797)
	at MessagePortMain.emit (node:events:518:28)
	at MessagePortMain._internalPort.emit (node:electron/js2c/utility_init:2:2949) setContext undefined
2025-04-11 20:08:34.175 [info] Extension host with pid 23867 exiting with code 0
