2025-04-23 03:00:12.146 [info] [main] Log level: Info
2025-04-23 03:00:12.146 [info] [main] Validating found git in: "git"
2025-04-23 03:00:12.146 [info] [main] Using git "2.49.0" from "git"
2025-04-23 03:00:12.146 [info] [Model][doInitialScan] Initial repository scan started
2025-04-23 03:00:12.146 [info] > git rev-parse --show-toplevel [2ms]
2025-04-23 03:00:12.146 [info] fatal: not a git repository (or any of the parent directories): .git
2025-04-23 03:00:12.146 [info] > git rev-parse --show-toplevel [13ms]
2025-04-23 03:00:12.146 [info] fatal: not a git repository (or any of the parent directories): .git
2025-04-23 03:00:12.151 [info] > git rev-parse --show-toplevel [1ms]
2025-04-23 03:00:12.151 [info] fatal: not a git repository (or any of the parent directories): .git
2025-04-23 03:00:12.154 [info] > git rev-parse --show-toplevel [1ms]
2025-04-23 03:00:12.154 [info] fatal: not a git repository (or any of the parent directories): .git
2025-04-23 03:00:12.156 [info] > git rev-parse --show-toplevel [0ms]
2025-04-23 03:00:12.156 [info] fatal: not a git repository (or any of the parent directories): .git
2025-04-23 03:00:12.159 [info] > git rev-parse --show-toplevel [1ms]
2025-04-23 03:00:12.159 [info] fatal: not a git repository (or any of the parent directories): .git
2025-04-23 03:00:12.161 [info] > git rev-parse --show-toplevel [0ms]
2025-04-23 03:00:12.161 [info] fatal: not a git repository (or any of the parent directories): .git
2025-04-23 03:00:12.164 [info] > git rev-parse --show-toplevel [1ms]
2025-04-23 03:00:12.164 [info] fatal: not a git repository (or any of the parent directories): .git
2025-04-23 03:00:12.166 [info] > git rev-parse --show-toplevel [1ms]
2025-04-23 03:00:12.166 [info] fatal: not a git repository (or any of the parent directories): .git
2025-04-23 03:00:12.168 [info] > git rev-parse --show-toplevel [0ms]
2025-04-23 03:00:12.168 [info] fatal: not a git repository (or any of the parent directories): .git
2025-04-23 03:00:12.171 [info] > git rev-parse --show-toplevel [0ms]
2025-04-23 03:00:12.171 [info] fatal: not a git repository (or any of the parent directories): .git
2025-04-23 03:00:12.173 [info] > git rev-parse --show-toplevel [1ms]
2025-04-23 03:00:12.173 [info] fatal: not a git repository (or any of the parent directories): .git
2025-04-23 03:00:12.175 [info] > git rev-parse --show-toplevel [1ms]
2025-04-23 03:00:12.175 [info] fatal: not a git repository (or any of the parent directories): .git
2025-04-23 03:00:12.177 [info] > git rev-parse --show-toplevel [0ms]
2025-04-23 03:00:12.177 [info] fatal: not a git repository (or any of the parent directories): .git
2025-04-23 03:00:12.179 [info] > git rev-parse --show-toplevel [0ms]
2025-04-23 03:00:12.179 [info] fatal: not a git repository (or any of the parent directories): .git
2025-04-23 03:00:12.182 [info] > git rev-parse --show-toplevel [1ms]
2025-04-23 03:00:12.182 [info] fatal: not a git repository (or any of the parent directories): .git
2025-04-23 03:00:12.184 [info] > git rev-parse --show-toplevel [1ms]
2025-04-23 03:00:12.184 [info] fatal: not a git repository (or any of the parent directories): .git
2025-04-23 03:00:12.186 [info] > git rev-parse --show-toplevel [0ms]
2025-04-23 03:00:12.186 [info] fatal: not a git repository (or any of the parent directories): .git
2025-04-23 03:00:12.189 [info] > git rev-parse --show-toplevel [0ms]
2025-04-23 03:00:12.189 [info] fatal: not a git repository (or any of the parent directories): .git
2025-04-23 03:00:12.191 [info] > git rev-parse --show-toplevel [1ms]
2025-04-23 03:00:12.191 [info] fatal: not a git repository (or any of the parent directories): .git
2025-04-23 03:00:12.193 [info] > git rev-parse --show-toplevel [0ms]
2025-04-23 03:00:12.193 [info] fatal: not a git repository (or any of the parent directories): .git
2025-04-23 03:00:12.196 [info] > git rev-parse --show-toplevel [1ms]
2025-04-23 03:00:12.196 [info] fatal: not a git repository (or any of the parent directories): .git
2025-04-23 03:00:12.198 [info] > git rev-parse --show-toplevel [1ms]
2025-04-23 03:00:12.198 [info] fatal: not a git repository (or any of the parent directories): .git
2025-04-23 03:00:12.200 [info] > git rev-parse --show-toplevel [1ms]
2025-04-23 03:00:12.200 [info] fatal: not a git repository (or any of the parent directories): .git
2025-04-23 03:00:12.202 [info] > git rev-parse --show-toplevel [0ms]
2025-04-23 03:00:12.202 [info] fatal: not a git repository (or any of the parent directories): .git
2025-04-23 03:00:12.205 [info] > git rev-parse --show-toplevel [1ms]
2025-04-23 03:00:12.205 [info] fatal: not a git repository (or any of the parent directories): .git
2025-04-23 03:00:12.207 [info] > git rev-parse --show-toplevel [0ms]
2025-04-23 03:00:12.207 [info] fatal: not a git repository (or any of the parent directories): .git
2025-04-23 03:00:12.210 [info] > git rev-parse --show-toplevel [1ms]
2025-04-23 03:00:12.210 [info] fatal: not a git repository (or any of the parent directories): .git
2025-04-23 03:00:12.212 [info] > git rev-parse --show-toplevel [0ms]
2025-04-23 03:00:12.212 [info] fatal: not a git repository (or any of the parent directories): .git
2025-04-23 03:00:12.214 [info] > git rev-parse --show-toplevel [0ms]
2025-04-23 03:00:12.214 [info] fatal: not a git repository (or any of the parent directories): .git
2025-04-23 03:00:12.217 [info] > git rev-parse --show-toplevel [1ms]
2025-04-23 03:00:12.219 [info] > git rev-parse --git-dir --git-common-dir [0ms]
2025-04-23 03:00:12.224 [info] [Model][openRepository] Opened repository: /home/rifle/bema-next
2025-04-23 03:00:12.233 [info] > git config --get commit.template [6ms]
2025-04-23 03:00:12.233 [info] > git rev-parse --show-toplevel [5ms]
2025-04-23 03:00:12.238 [info] > git for-each-ref --format=%(refname)%00%(upstream:short)%00%(objectname)%00%(upstream:track)%00%(upstream:remotename)%00%(upstream:remoteref) refs/heads/master refs/remotes/master [2ms]
2025-04-23 03:00:12.242 [warning] [Git][revParse] Unable to read file: ENOENT: no such file or directory, open '/home/rifle/bema-next/.git/refs/remotes/origin/master'
2025-04-23 03:00:12.242 [info] > git rev-parse --git-dir --git-common-dir [4ms]
2025-04-23 03:00:12.244 [info] [Model][openRepository] Opened repository: /home/rifle/dotfiles
2025-04-23 03:00:12.248 [info] > git rev-parse refs/remotes/origin/master [6ms]
2025-04-23 03:00:12.254 [info] > git status -z -uall [4ms]
2025-04-23 03:00:12.254 [info] > git rev-parse --show-toplevel [7ms]
2025-04-23 03:00:12.254 [info] fatal: not a git repository (or any of the parent directories): .git
2025-04-23 03:00:12.254 [info] > git config --get commit.template [8ms]
2025-04-23 03:00:12.257 [info] > git for-each-ref --sort -committerdate --format %(refname)%00%(objectname)%00%(*objectname) [5ms]
2025-04-23 03:00:12.271 [info] > git for-each-ref --format=%(refname)%00%(upstream:short)%00%(objectname)%00%(upstream:track)%00%(upstream:remotename)%00%(upstream:remoteref) refs/heads/master refs/remotes/master [5ms]
2025-04-23 03:00:12.273 [info] > git rev-parse --show-toplevel [16ms]
2025-04-23 03:00:12.273 [info] fatal: not a git repository (or any of the parent directories): .git
2025-04-23 03:00:12.276 [info] > git config --get --local branch.master.vscode-merge-base [3ms]
2025-04-23 03:00:12.278 [info] > git config --get commit.template [7ms]
2025-04-23 03:00:12.278 [info] > git for-each-ref --format=%(refname)%00%(upstream:short)%00%(objectname)%00%(upstream:track)%00%(upstream:remotename)%00%(upstream:remoteref) refs/heads/main refs/remotes/main [9ms]
2025-04-23 03:00:12.279 [info] > git rev-parse --show-toplevel [3ms]
2025-04-23 03:00:12.292 [info] > git for-each-ref --format=%(refname)%00%(upstream:short)%00%(objectname)%00%(upstream:track)%00%(upstream:remotename)%00%(upstream:remoteref) refs/heads/origin/master refs/remotes/origin/master [14ms]
2025-04-23 03:00:12.296 [info] > git merge-base refs/heads/master refs/remotes/origin/master [1ms]
2025-04-23 03:00:12.298 [info] > git rev-parse --git-dir --git-common-dir [6ms]
2025-04-23 03:00:12.299 [info] [Model][openRepository] Opened repository: /home/rifle/mpvpaper
2025-04-23 03:00:12.299 [info] > git for-each-ref --format=%(refname)%00%(upstream:short)%00%(objectname)%00%(upstream:track)%00%(upstream:remotename)%00%(upstream:remoteref) refs/heads/master refs/remotes/master [9ms]
2025-04-23 03:00:12.309 [warning] [Git][revParse] Unable to read file: ENOENT: no such file or directory, open '/home/rifle/bema-next/.git/refs/remotes/origin/master'
2025-04-23 03:00:12.309 [info] > git diff --name-status -z --diff-filter=ADMR 8a66f8282e06330b6809ffc02b9f8ea34aedb246...refs/remotes/origin/master [11ms]
2025-04-23 03:00:12.310 [info] > git rev-parse refs/remotes/origin/master [1ms]
2025-04-23 03:00:12.314 [info] > git rev-parse --show-toplevel [7ms]
2025-04-23 03:00:12.314 [info] fatal: not a git repository (or any of the parent directories): .git
2025-04-23 03:00:12.314 [info] [Model][doInitialScan] Initial repository scan completed - repositories (3), closed repositories (0), parent repositories (0), unsafe repositories (0)
2025-04-23 03:00:12.314 [info] > git config --get commit.template [9ms]
2025-04-23 03:00:12.314 [info] > git for-each-ref --sort -committerdate --format %(refname)%00%(objectname)%00%(*objectname) [11ms]
2025-04-23 03:00:12.315 [info] > git status -z -uall [3ms]
2025-04-23 03:00:12.315 [info] > git for-each-ref --sort -committerdate --format %(refname)%00%(objectname)%00%(*objectname) [1ms]
2025-04-23 03:00:12.320 [info] > git for-each-ref --format=%(refname)%00%(upstream:short)%00%(objectname)%00%(upstream:track)%00%(upstream:remotename)%00%(upstream:remoteref) refs/heads/master refs/remotes/master [2ms]
2025-04-23 03:00:12.322 [warning] [Git][revParse] Unable to read file: ENOENT: no such file or directory, open '/home/rifle/mpvpaper/.git/refs/remotes/origin/master'
2025-04-23 03:00:12.324 [info] > git rev-parse refs/remotes/origin/master [2ms]
2025-04-23 03:00:12.330 [info] > git for-each-ref --sort -committerdate --format %(refname)%00%(objectname)%00%(*objectname) [2ms]
2025-04-23 03:00:12.330 [info] > git status -z -uall [4ms]
2025-04-23 03:00:12.336 [info] > git for-each-ref --format=%(refname)%00%(upstream:short)%00%(objectname)%00%(upstream:track)%00%(upstream:remotename)%00%(upstream:remoteref) refs/heads/master refs/remotes/master [3ms]
2025-04-23 03:00:12.339 [info] > git config --get commit.template [3ms]
2025-04-23 03:00:12.341 [info] > git config --get --local branch.master.vscode-merge-base [2ms]
2025-04-23 03:00:12.343 [info] > git status -z -uall [42ms]
2025-04-23 03:00:12.343 [info] > git for-each-ref --format=%(refname)%00%(upstream:short)%00%(objectname)%00%(upstream:track)%00%(upstream:remotename)%00%(upstream:remoteref) refs/heads/master refs/remotes/master [2ms]
2025-04-23 03:00:12.350 [warning] [Git][revParse] Unable to read file: ENOENT: no such file or directory, open '/home/rifle/mpvpaper/.git/refs/remotes/origin/master'
2025-04-23 03:00:12.353 [info] > git for-each-ref --format=%(refname)%00%(upstream:short)%00%(objectname)%00%(upstream:track)%00%(upstream:remotename)%00%(upstream:remoteref) refs/heads/origin/master refs/remotes/origin/master [11ms]
2025-04-23 03:00:12.355 [info] > git config --get commit.template [3ms]
2025-04-23 03:00:12.355 [info] > git rev-parse refs/remotes/origin/master [5ms]
2025-04-23 03:00:12.359 [info] > git for-each-ref --format=%(refname)%00%(upstream:short)%00%(objectname)%00%(upstream:track)%00%(upstream:remotename)%00%(upstream:remoteref) refs/heads/main refs/remotes/main [11ms]
2025-04-23 03:00:12.362 [info] > git status -z -uall [5ms]
2025-04-23 03:00:12.362 [info] > git config --get --local branch.main.vscode-merge-base [1ms]
2025-04-23 03:00:12.364 [info] > git for-each-ref --sort -committerdate --format %(refname)%00%(objectname)%00%(*objectname) [5ms]
2025-04-23 03:00:12.367 [info] > git merge-base refs/heads/master refs/remotes/origin/master [12ms]
2025-04-23 03:00:12.371 [info] > git merge-base refs/heads/master refs/remotes/origin/master [5ms]
2025-04-23 03:00:12.372 [info] > git for-each-ref --format=%(refname)%00%(upstream:short)%00%(objectname)%00%(upstream:track)%00%(upstream:remotename)%00%(upstream:remoteref) refs/heads/origin/main refs/remotes/origin/main [8ms]
2025-04-23 03:00:12.375 [info] > git merge-base refs/heads/main refs/remotes/origin/main [1ms]
2025-04-23 03:00:12.376 [info] > git diff --name-status -z --diff-filter=ADMR ee7541800f930ea32bc3d5364f37cf3838b4a9d3...refs/remotes/origin/master [4ms]
2025-04-23 03:00:12.377 [info] > git for-each-ref --format=%(refname)%00%(upstream:short)%00%(objectname)%00%(upstream:track)%00%(upstream:remotename)%00%(upstream:remoteref) refs/heads/main refs/remotes/main [7ms]
2025-04-23 03:00:12.377 [info] > git diff --name-status -z --diff-filter=ADMR ee7541800f930ea32bc3d5364f37cf3838b4a9d3...refs/remotes/origin/master [8ms]
2025-04-23 03:00:12.377 [info] > git diff --name-status -z --diff-filter=ADMR 01b8e3136ff95498eab6daaecad3d946475a9e9d...refs/remotes/origin/main [1ms]
2025-04-23 03:00:12.382 [info] > git for-each-ref --sort -committerdate --format %(refname)%00%(objectname)%00%(*objectname) [1ms]
2025-04-23 03:00:12.424 [info] > git status -z -uall [44ms]
2025-04-23 03:00:12.823 [info] > git check-ignore -v -z --stdin [5ms]
2025-04-23 03:00:12.823 [info] > git check-ignore -v -z --stdin [3ms]
2025-04-23 03:00:12.823 [info] > git check-ignore -v -z --stdin [1ms]
2025-04-23 03:00:14.105 [info] > git rev-parse --show-toplevel [0ms]
2025-04-23 03:00:14.105 [info] fatal: not a git repository (or any of the parent directories): .git
2025-04-23 03:00:40.626 [info] > git rev-parse --show-toplevel [1ms]
2025-04-23 03:00:40.626 [info] fatal: not a git repository (or any of the parent directories): .git
2025-04-23 03:02:01.688 [info] > git config --get commit.template [12ms]
2025-04-23 03:02:01.689 [info] > git for-each-ref --format=%(refname)%00%(upstream:short)%00%(objectname)%00%(upstream:track)%00%(upstream:remotename)%00%(upstream:remoteref) refs/heads/main refs/remotes/main [2ms]
2025-04-23 03:02:01.707 [info] > git for-each-ref --sort -committerdate --format %(refname)%00%(objectname)%00%(*objectname) [2ms]
2025-04-23 03:02:01.760 [info] > git status -z -uall [63ms]
2025-04-23 03:02:06.790 [info] > git config --get commit.template [11ms]
2025-04-23 03:02:06.791 [info] > git for-each-ref --format=%(refname)%00%(upstream:short)%00%(objectname)%00%(upstream:track)%00%(upstream:remotename)%00%(upstream:remoteref) refs/heads/main refs/remotes/main [2ms]
2025-04-23 03:02:06.806 [info] > git for-each-ref --sort -committerdate --format %(refname)%00%(objectname)%00%(*objectname) [1ms]
2025-04-23 03:02:06.856 [info] > git status -z -uall [54ms]
2025-04-23 03:02:11.882 [info] > git config --get commit.template [12ms]
2025-04-23 03:02:11.884 [info] > git for-each-ref --format=%(refname)%00%(upstream:short)%00%(objectname)%00%(upstream:track)%00%(upstream:remotename)%00%(upstream:remoteref) refs/heads/main refs/remotes/main [3ms]
2025-04-23 03:02:11.908 [info] > git for-each-ref --sort -committerdate --format %(refname)%00%(objectname)%00%(*objectname) [3ms]
2025-04-23 03:02:11.962 [info] > git status -z -uall [68ms]
2025-04-23 03:02:16.995 [info] > git config --get commit.template [12ms]
2025-04-23 03:02:16.996 [info] > git for-each-ref --format=%(refname)%00%(upstream:short)%00%(objectname)%00%(upstream:track)%00%(upstream:remotename)%00%(upstream:remoteref) refs/heads/main refs/remotes/main [2ms]
2025-04-23 03:02:17.015 [info] > git for-each-ref --sort -committerdate --format %(refname)%00%(objectname)%00%(*objectname) [1ms]
2025-04-23 03:02:17.070 [info] > git status -z -uall [62ms]
2025-04-23 03:02:22.097 [info] > git config --get commit.template [11ms]
2025-04-23 03:02:22.099 [info] > git for-each-ref --format=%(refname)%00%(upstream:short)%00%(objectname)%00%(upstream:track)%00%(upstream:remotename)%00%(upstream:remoteref) refs/heads/main refs/remotes/main [3ms]
2025-04-23 03:02:22.115 [info] > git for-each-ref --sort -committerdate --format %(refname)%00%(objectname)%00%(*objectname) [1ms]
2025-04-23 03:02:22.169 [info] > git status -z -uall [59ms]
2025-04-23 03:02:27.195 [info] > git config --get commit.template [9ms]
2025-04-23 03:02:27.195 [info] > git for-each-ref --format=%(refname)%00%(upstream:short)%00%(objectname)%00%(upstream:track)%00%(upstream:remotename)%00%(upstream:remoteref) refs/heads/main refs/remotes/main [3ms]
2025-04-23 03:02:27.218 [info] > git for-each-ref --sort -committerdate --format %(refname)%00%(objectname)%00%(*objectname) [2ms]
2025-04-23 03:02:27.274 [info] > git status -z -uall [68ms]
2025-04-23 03:02:32.296 [info] > git config --get commit.template [5ms]
2025-04-23 03:02:32.297 [info] > git for-each-ref --format=%(refname)%00%(upstream:short)%00%(objectname)%00%(upstream:track)%00%(upstream:remotename)%00%(upstream:remoteref) refs/heads/main refs/remotes/main [1ms]
2025-04-23 03:02:32.320 [info] > git for-each-ref --sort -committerdate --format %(refname)%00%(objectname)%00%(*objectname) [3ms]
2025-04-23 03:02:32.373 [info] > git status -z -uall [66ms]
2025-04-23 03:02:37.402 [info] > git config --get commit.template [12ms]
2025-04-23 03:02:37.403 [info] > git for-each-ref --format=%(refname)%00%(upstream:short)%00%(objectname)%00%(upstream:track)%00%(upstream:remotename)%00%(upstream:remoteref) refs/heads/main refs/remotes/main [2ms]
2025-04-23 03:02:37.422 [info] > git for-each-ref --sort -committerdate --format %(refname)%00%(objectname)%00%(*objectname) [2ms]
2025-04-23 03:02:37.472 [info] > git status -z -uall [61ms]
2025-04-23 03:02:42.494 [info] > git config --get commit.template [7ms]
2025-04-23 03:02:42.496 [info] > git for-each-ref --format=%(refname)%00%(upstream:short)%00%(objectname)%00%(upstream:track)%00%(upstream:remotename)%00%(upstream:remoteref) refs/heads/main refs/remotes/main [3ms]
2025-04-23 03:02:42.515 [info] > git for-each-ref --sort -committerdate --format %(refname)%00%(objectname)%00%(*objectname) [2ms]
2025-04-23 03:02:42.562 [info] > git status -z -uall [56ms]
2025-04-23 03:02:47.589 [info] > git config --get commit.template [9ms]
2025-04-23 03:02:47.591 [info] > git for-each-ref --format=%(refname)%00%(upstream:short)%00%(objectname)%00%(upstream:track)%00%(upstream:remotename)%00%(upstream:remoteref) refs/heads/main refs/remotes/main [4ms]
2025-04-23 03:02:47.607 [info] > git for-each-ref --sort -committerdate --format %(refname)%00%(objectname)%00%(*objectname) [1ms]
2025-04-23 03:02:47.644 [info] > git status -z -uall [43ms]
2025-04-23 03:02:52.670 [info] > git config --get commit.template [12ms]
2025-04-23 03:02:52.673 [info] > git for-each-ref --format=%(refname)%00%(upstream:short)%00%(objectname)%00%(upstream:track)%00%(upstream:remotename)%00%(upstream:remoteref) refs/heads/main refs/remotes/main [4ms]
2025-04-23 03:02:52.695 [info] > git for-each-ref --sort -committerdate --format %(refname)%00%(objectname)%00%(*objectname) [2ms]
2025-04-23 03:02:52.750 [info] > git status -z -uall [67ms]
2025-04-23 03:02:57.776 [info] > git config --get commit.template [11ms]
2025-04-23 03:02:57.778 [info] > git for-each-ref --format=%(refname)%00%(upstream:short)%00%(objectname)%00%(upstream:track)%00%(upstream:remotename)%00%(upstream:remoteref) refs/heads/main refs/remotes/main [3ms]
2025-04-23 03:02:57.800 [info] > git for-each-ref --sort -committerdate --format %(refname)%00%(objectname)%00%(*objectname) [2ms]
2025-04-23 03:02:57.841 [info] > git status -z -uall [53ms]
2025-04-23 03:03:02.870 [info] > git config --get commit.template [12ms]
2025-04-23 03:03:02.873 [info] > git for-each-ref --format=%(refname)%00%(upstream:short)%00%(objectname)%00%(upstream:track)%00%(upstream:remotename)%00%(upstream:remoteref) refs/heads/main refs/remotes/main [4ms]
2025-04-23 03:03:02.894 [info] > git for-each-ref --sort -committerdate --format %(refname)%00%(objectname)%00%(*objectname) [2ms]
2025-04-23 03:03:02.951 [info] > git status -z -uall [68ms]
2025-04-23 03:03:07.969 [info] > git config --get commit.template [4ms]
2025-04-23 03:03:07.972 [info] > git for-each-ref --format=%(refname)%00%(upstream:short)%00%(objectname)%00%(upstream:track)%00%(upstream:remotename)%00%(upstream:remoteref) refs/heads/main refs/remotes/main [4ms]
2025-04-23 03:03:07.997 [info] > git for-each-ref --sort -committerdate --format %(refname)%00%(objectname)%00%(*objectname) [4ms]
2025-04-23 03:03:08.061 [info] > git status -z -uall [78ms]
2025-04-23 03:03:13.081 [info] > git config --get commit.template [5ms]
2025-04-23 03:03:13.081 [info] > git for-each-ref --format=%(refname)%00%(upstream:short)%00%(objectname)%00%(upstream:track)%00%(upstream:remotename)%00%(upstream:remoteref) refs/heads/main refs/remotes/main [0ms]
2025-04-23 03:03:13.093 [info] > git for-each-ref --sort -committerdate --format %(refname)%00%(objectname)%00%(*objectname) [3ms]
2025-04-23 03:03:13.144 [info] > git status -z -uall [60ms]
2025-04-23 03:03:18.169 [info] > git config --get commit.template [12ms]
2025-04-23 03:03:18.170 [info] > git for-each-ref --format=%(refname)%00%(upstream:short)%00%(objectname)%00%(upstream:track)%00%(upstream:remotename)%00%(upstream:remoteref) refs/heads/main refs/remotes/main [2ms]
2025-04-23 03:03:18.186 [info] > git for-each-ref --sort -committerdate --format %(refname)%00%(objectname)%00%(*objectname) [2ms]
2025-04-23 03:03:18.250 [info] > git status -z -uall [70ms]
2025-04-23 03:03:23.271 [info] > git config --get commit.template [6ms]
2025-04-23 03:03:23.274 [info] > git for-each-ref --format=%(refname)%00%(upstream:short)%00%(objectname)%00%(upstream:track)%00%(upstream:remotename)%00%(upstream:remoteref) refs/heads/main refs/remotes/main [4ms]
2025-04-23 03:03:23.297 [info] > git for-each-ref --sort -committerdate --format %(refname)%00%(objectname)%00%(*objectname) [2ms]
2025-04-23 03:03:23.337 [info] > git status -z -uall [52ms]
2025-04-23 03:03:28.364 [info] > git config --get commit.template [9ms]
2025-04-23 03:03:28.366 [info] > git for-each-ref --format=%(refname)%00%(upstream:short)%00%(objectname)%00%(upstream:track)%00%(upstream:remotename)%00%(upstream:remoteref) refs/heads/main refs/remotes/main [3ms]
2025-04-23 03:03:28.389 [info] > git for-each-ref --sort -committerdate --format %(refname)%00%(objectname)%00%(*objectname) [2ms]
2025-04-23 03:03:28.438 [info] > git status -z -uall [60ms]
2025-04-23 03:03:33.460 [info] > git config --get commit.template [6ms]
2025-04-23 03:03:33.462 [info] > git for-each-ref --format=%(refname)%00%(upstream:short)%00%(objectname)%00%(upstream:track)%00%(upstream:remotename)%00%(upstream:remoteref) refs/heads/main refs/remotes/main [3ms]
2025-04-23 03:03:33.477 [info] > git for-each-ref --sort -committerdate --format %(refname)%00%(objectname)%00%(*objectname) [0ms]
2025-04-23 03:03:33.529 [info] > git status -z -uall [56ms]
2025-04-23 03:03:38.555 [info] > git config --get commit.template [12ms]
2025-04-23 03:03:38.557 [info] > git for-each-ref --format=%(refname)%00%(upstream:short)%00%(objectname)%00%(upstream:track)%00%(upstream:remotename)%00%(upstream:remoteref) refs/heads/main refs/remotes/main [3ms]
2025-04-23 03:03:38.576 [info] > git for-each-ref --sort -committerdate --format %(refname)%00%(objectname)%00%(*objectname) [2ms]
2025-04-23 03:03:38.626 [info] > git status -z -uall [59ms]
2025-04-23 03:04:35.257 [info] > git config --get commit.template [3ms]
2025-04-23 03:04:35.258 [info] > git for-each-ref --format=%(refname)%00%(upstream:short)%00%(objectname)%00%(upstream:track)%00%(upstream:remotename)%00%(upstream:remoteref) refs/heads/main refs/remotes/main [1ms]
2025-04-23 03:04:35.264 [info] > git for-each-ref --sort -committerdate --format %(refname)%00%(objectname)%00%(*objectname) [1ms]
2025-04-23 03:04:35.319 [info] > git status -z -uall [59ms]
2025-04-23 03:04:40.346 [info] > git config --get commit.template [13ms]
2025-04-23 03:04:40.348 [info] > git for-each-ref --format=%(refname)%00%(upstream:short)%00%(objectname)%00%(upstream:track)%00%(upstream:remotename)%00%(upstream:remoteref) refs/heads/main refs/remotes/main [2ms]
2025-04-23 03:04:40.366 [info] > git for-each-ref --sort -committerdate --format %(refname)%00%(objectname)%00%(*objectname) [1ms]
2025-04-23 03:04:40.420 [info] > git status -z -uall [61ms]
2025-04-23 03:04:45.447 [info] > git config --get commit.template [12ms]
2025-04-23 03:04:45.449 [info] > git for-each-ref --format=%(refname)%00%(upstream:short)%00%(objectname)%00%(upstream:track)%00%(upstream:remotename)%00%(upstream:remoteref) refs/heads/main refs/remotes/main [3ms]
2025-04-23 03:04:45.472 [info] > git for-each-ref --sort -committerdate --format %(refname)%00%(objectname)%00%(*objectname) [3ms]
2025-04-23 03:04:45.531 [info] > git status -z -uall [72ms]
2025-04-23 03:04:50.553 [info] > git config --get commit.template [5ms]
2025-04-23 03:04:50.555 [info] > git for-each-ref --format=%(refname)%00%(upstream:short)%00%(objectname)%00%(upstream:track)%00%(upstream:remotename)%00%(upstream:remoteref) refs/heads/main refs/remotes/main [3ms]
2025-04-23 03:04:50.571 [info] > git for-each-ref --sort -committerdate --format %(refname)%00%(objectname)%00%(*objectname) [0ms]
2025-04-23 03:04:50.621 [info] > git status -z -uall [56ms]
2025-04-23 03:04:55.645 [info] > git config --get commit.template [8ms]
2025-04-23 03:04:55.648 [info] > git for-each-ref --format=%(refname)%00%(upstream:short)%00%(objectname)%00%(upstream:track)%00%(upstream:remotename)%00%(upstream:remoteref) refs/heads/main refs/remotes/main [4ms]
2025-04-23 03:04:55.669 [info] > git for-each-ref --sort -committerdate --format %(refname)%00%(objectname)%00%(*objectname) [2ms]
2025-04-23 03:04:55.725 [info] > git status -z -uall [67ms]
2025-04-23 03:05:00.750 [info] > git config --get commit.template [7ms]
2025-04-23 03:05:00.753 [info] > git for-each-ref --format=%(refname)%00%(upstream:short)%00%(objectname)%00%(upstream:track)%00%(upstream:remotename)%00%(upstream:remoteref) refs/heads/main refs/remotes/main [4ms]
2025-04-23 03:05:00.772 [info] > git for-each-ref --sort -committerdate --format %(refname)%00%(objectname)%00%(*objectname) [2ms]
2025-04-23 03:05:00.818 [info] > git status -z -uall [56ms]
2025-04-23 03:05:05.850 [info] > git config --get commit.template [13ms]
2025-04-23 03:05:05.851 [info] > git for-each-ref --format=%(refname)%00%(upstream:short)%00%(objectname)%00%(upstream:track)%00%(upstream:remotename)%00%(upstream:remoteref) refs/heads/main refs/remotes/main [3ms]
2025-04-23 03:05:05.873 [info] > git for-each-ref --sort -committerdate --format %(refname)%00%(objectname)%00%(*objectname) [2ms]
2025-04-23 03:05:05.926 [info] > git status -z -uall [64ms]
2025-04-23 03:05:10.951 [info] > git config --get commit.template [10ms]
2025-04-23 03:05:10.952 [info] > git for-each-ref --format=%(refname)%00%(upstream:short)%00%(objectname)%00%(upstream:track)%00%(upstream:remotename)%00%(upstream:remoteref) refs/heads/main refs/remotes/main [2ms]
2025-04-23 03:05:10.969 [info] > git for-each-ref --sort -committerdate --format %(refname)%00%(objectname)%00%(*objectname) [1ms]
2025-04-23 03:05:11.008 [info] > git status -z -uall [45ms]
2025-04-23 03:05:16.035 [info] > git config --get commit.template [12ms]
2025-04-23 03:05:16.037 [info] > git for-each-ref --format=%(refname)%00%(upstream:short)%00%(objectname)%00%(upstream:track)%00%(upstream:remotename)%00%(upstream:remoteref) refs/heads/main refs/remotes/main [2ms]
2025-04-23 03:05:16.060 [info] > git for-each-ref --sort -committerdate --format %(refname)%00%(objectname)%00%(*objectname) [2ms]
2025-04-23 03:05:16.116 [info] > git status -z -uall [69ms]
2025-04-23 03:05:21.139 [info] > git config --get commit.template [10ms]
2025-04-23 03:05:21.141 [info] > git for-each-ref --format=%(refname)%00%(upstream:short)%00%(objectname)%00%(upstream:track)%00%(upstream:remotename)%00%(upstream:remoteref) refs/heads/main refs/remotes/main [2ms]
2025-04-23 03:05:21.157 [info] > git for-each-ref --sort -committerdate --format %(refname)%00%(objectname)%00%(*objectname) [1ms]
2025-04-23 03:05:21.210 [info] > git status -z -uall [60ms]
2025-04-23 03:05:26.229 [info] > git config --get commit.template [2ms]
2025-04-23 03:05:26.235 [info] > git for-each-ref --format=%(refname)%00%(upstream:short)%00%(objectname)%00%(upstream:track)%00%(upstream:remotename)%00%(upstream:remoteref) refs/heads/main refs/remotes/main [1ms]
2025-04-23 03:05:26.247 [info] > git for-each-ref --sort -committerdate --format %(refname)%00%(objectname)%00%(*objectname) [2ms]
2025-04-23 03:05:26.296 [info] > git status -z -uall [56ms]
2025-04-23 03:05:31.323 [info] > git config --get commit.template [12ms]
2025-04-23 03:05:31.325 [info] > git for-each-ref --format=%(refname)%00%(upstream:short)%00%(objectname)%00%(upstream:track)%00%(upstream:remotename)%00%(upstream:remoteref) refs/heads/main refs/remotes/main [3ms]
2025-04-23 03:05:31.338 [info] > git for-each-ref --sort -committerdate --format %(refname)%00%(objectname)%00%(*objectname) [2ms]
2025-04-23 03:05:31.390 [info] > git status -z -uall [60ms]
2025-04-23 03:05:36.411 [info] > git config --get commit.template [5ms]
2025-04-23 03:05:36.414 [info] > git for-each-ref --format=%(refname)%00%(upstream:short)%00%(objectname)%00%(upstream:track)%00%(upstream:remotename)%00%(upstream:remoteref) refs/heads/main refs/remotes/main [4ms]
2025-04-23 03:05:36.443 [info] > git for-each-ref --sort -committerdate --format %(refname)%00%(objectname)%00%(*objectname) [2ms]
2025-04-23 03:05:36.493 [info] > git status -z -uall [65ms]
2025-04-23 03:05:41.508 [info] > git config --get commit.template [7ms]
2025-04-23 03:05:41.510 [info] > git for-each-ref --format=%(refname)%00%(upstream:short)%00%(objectname)%00%(upstream:track)%00%(upstream:remotename)%00%(upstream:remoteref) refs/heads/main refs/remotes/main [3ms]
2025-04-23 03:05:41.531 [info] > git for-each-ref --sort -committerdate --format %(refname)%00%(objectname)%00%(*objectname) [2ms]
2025-04-23 03:05:41.584 [info] > git status -z -uall [65ms]
2025-04-23 03:05:46.601 [info] > git config --get commit.template [3ms]
2025-04-23 03:05:46.611 [info] > git for-each-ref --format=%(refname)%00%(upstream:short)%00%(objectname)%00%(upstream:track)%00%(upstream:remotename)%00%(upstream:remoteref) refs/heads/main refs/remotes/main [1ms]
2025-04-23 03:05:46.630 [info] > git for-each-ref --sort -committerdate --format %(refname)%00%(objectname)%00%(*objectname) [2ms]
2025-04-23 03:05:46.676 [info] > git status -z -uall [57ms]
2025-04-23 03:05:51.702 [info] > git config --get commit.template [11ms]
2025-04-23 03:05:51.706 [info] > git for-each-ref --format=%(refname)%00%(upstream:short)%00%(objectname)%00%(upstream:track)%00%(upstream:remotename)%00%(upstream:remoteref) refs/heads/main refs/remotes/main [4ms]
2025-04-23 03:05:51.726 [info] > git for-each-ref --sort -committerdate --format %(refname)%00%(objectname)%00%(*objectname) [1ms]
2025-04-23 03:05:51.780 [info] > git status -z -uall [64ms]
2025-04-23 03:05:59.747 [info] > git config --get commit.template [4ms]
2025-04-23 03:05:59.750 [info] > git for-each-ref --format=%(refname)%00%(upstream:short)%00%(objectname)%00%(upstream:track)%00%(upstream:remotename)%00%(upstream:remoteref) refs/heads/main refs/remotes/main [4ms]
2025-04-23 03:05:59.766 [info] > git for-each-ref --sort -committerdate --format %(refname)%00%(objectname)%00%(*objectname) [2ms]
2025-04-23 03:05:59.811 [info] > git status -z -uall [52ms]
2025-04-23 03:06:04.833 [info] > git config --get commit.template [6ms]
2025-04-23 03:06:04.836 [info] > git for-each-ref --format=%(refname)%00%(upstream:short)%00%(objectname)%00%(upstream:track)%00%(upstream:remotename)%00%(upstream:remoteref) refs/heads/main refs/remotes/main [3ms]
2025-04-23 03:06:04.851 [info] > git for-each-ref --sort -committerdate --format %(refname)%00%(objectname)%00%(*objectname) [2ms]
2025-04-23 03:06:04.900 [info] > git status -z -uall [59ms]
