2025-04-23 11:24:58.696 [info] [main] Log level: Info
2025-04-23 11:24:58.696 [info] [main] Validating found git in: "git"
2025-04-23 11:24:58.696 [info] [main] Using git "2.49.0" from "git"
2025-04-23 11:24:58.696 [info] [Model][doInitialScan] Initial repository scan started
2025-04-23 11:24:58.696 [info] > git rev-parse --show-toplevel [1ms]
2025-04-23 11:24:58.696 [info] fatal: not a git repository (or any of the parent directories): .git
2025-04-23 11:24:58.696 [info] > git rev-parse --show-toplevel [52ms]
2025-04-23 11:24:58.696 [info] fatal: not a git repository (or any of the parent directories): .git
2025-04-23 11:24:58.696 [info] > git rev-parse --show-toplevel [8ms]
2025-04-23 11:24:58.696 [info] fatal: not a git repository (or any of the parent directories): .git
2025-04-23 11:24:58.707 [info] > git rev-parse --show-toplevel [1ms]
2025-04-23 11:24:58.707 [info] fatal: not a git repository (or any of the parent directories): .git
2025-04-23 11:24:58.709 [info] > git rev-parse --show-toplevel [0ms]
2025-04-23 11:24:58.709 [info] fatal: not a git repository (or any of the parent directories): .git
2025-04-23 11:24:58.712 [info] > git rev-parse --show-toplevel [1ms]
2025-04-23 11:24:58.712 [info] fatal: not a git repository (or any of the parent directories): .git
2025-04-23 11:24:58.714 [info] > git rev-parse --show-toplevel [1ms]
2025-04-23 11:24:58.714 [info] fatal: not a git repository (or any of the parent directories): .git
2025-04-23 11:24:58.716 [info] > git rev-parse --show-toplevel [0ms]
2025-04-23 11:24:58.716 [info] fatal: not a git repository (or any of the parent directories): .git
2025-04-23 11:24:58.719 [info] > git rev-parse --show-toplevel [1ms]
2025-04-23 11:24:58.719 [info] fatal: not a git repository (or any of the parent directories): .git
2025-04-23 11:24:58.721 [info] > git rev-parse --show-toplevel [0ms]
2025-04-23 11:24:58.721 [info] fatal: not a git repository (or any of the parent directories): .git
2025-04-23 11:24:58.724 [info] > git rev-parse --show-toplevel [1ms]
2025-04-23 11:24:58.724 [info] fatal: not a git repository (or any of the parent directories): .git
2025-04-23 11:24:58.727 [info] > git rev-parse --show-toplevel [0ms]
2025-04-23 11:24:58.727 [info] fatal: not a git repository (or any of the parent directories): .git
2025-04-23 11:24:58.730 [info] > git rev-parse --show-toplevel [0ms]
2025-04-23 11:24:58.730 [info] fatal: not a git repository (or any of the parent directories): .git
2025-04-23 11:24:58.733 [info] > git rev-parse --show-toplevel [1ms]
2025-04-23 11:24:58.733 [info] fatal: not a git repository (or any of the parent directories): .git
2025-04-23 11:24:58.735 [info] > git rev-parse --show-toplevel [1ms]
2025-04-23 11:24:58.735 [info] fatal: not a git repository (or any of the parent directories): .git
2025-04-23 11:24:58.737 [info] > git rev-parse --show-toplevel [0ms]
2025-04-23 11:24:58.737 [info] fatal: not a git repository (or any of the parent directories): .git
2025-04-23 11:24:58.740 [info] > git rev-parse --show-toplevel [1ms]
2025-04-23 11:24:58.740 [info] fatal: not a git repository (or any of the parent directories): .git
2025-04-23 11:24:58.742 [info] > git rev-parse --show-toplevel [0ms]
2025-04-23 11:24:58.742 [info] fatal: not a git repository (or any of the parent directories): .git
2025-04-23 11:24:58.745 [info] > git rev-parse --show-toplevel [1ms]
2025-04-23 11:24:58.745 [info] fatal: not a git repository (or any of the parent directories): .git
2025-04-23 11:24:58.747 [info] > git rev-parse --show-toplevel [0ms]
2025-04-23 11:24:58.747 [info] fatal: not a git repository (or any of the parent directories): .git
2025-04-23 11:24:58.749 [info] > git rev-parse --show-toplevel [0ms]
2025-04-23 11:24:58.749 [info] fatal: not a git repository (or any of the parent directories): .git
2025-04-23 11:24:58.751 [info] > git rev-parse --show-toplevel [0ms]
2025-04-23 11:24:58.751 [info] fatal: not a git repository (or any of the parent directories): .git
2025-04-23 11:24:58.754 [info] > git rev-parse --show-toplevel [1ms]
2025-04-23 11:24:58.754 [info] fatal: not a git repository (or any of the parent directories): .git
2025-04-23 11:24:58.756 [info] > git rev-parse --show-toplevel [0ms]
2025-04-23 11:24:58.756 [info] fatal: not a git repository (or any of the parent directories): .git
2025-04-23 11:24:58.759 [info] > git rev-parse --show-toplevel [1ms]
2025-04-23 11:24:58.759 [info] fatal: not a git repository (or any of the parent directories): .git
2025-04-23 11:24:58.762 [info] > git rev-parse --show-toplevel [1ms]
2025-04-23 11:24:58.762 [info] fatal: not a git repository (or any of the parent directories): .git
2025-04-23 11:24:58.764 [info] > git rev-parse --show-toplevel [0ms]
2025-04-23 11:24:58.764 [info] fatal: not a git repository (or any of the parent directories): .git
2025-04-23 11:24:58.767 [info] > git rev-parse --show-toplevel [1ms]
2025-04-23 11:24:58.767 [info] fatal: not a git repository (or any of the parent directories): .git
2025-04-23 11:24:58.769 [info] > git rev-parse --show-toplevel [1ms]
2025-04-23 11:24:58.769 [info] fatal: not a git repository (or any of the parent directories): .git
2025-04-23 11:24:58.771 [info] > git rev-parse --show-toplevel [0ms]
2025-04-23 11:24:58.771 [info] fatal: not a git repository (or any of the parent directories): .git
2025-04-23 11:24:58.774 [info] > git rev-parse --show-toplevel [1ms]
2025-04-23 11:24:58.776 [info] > git rev-parse --git-dir --git-common-dir [0ms]
2025-04-23 11:24:58.780 [info] [Model][openRepository] Opened repository: /home/rifle/bema-next
2025-04-23 11:24:58.790 [info] > git rev-parse --show-toplevel [5ms]
2025-04-23 11:24:58.790 [info] > git config --get commit.template [7ms]
2025-04-23 11:24:58.799 [info] > git rev-parse --git-dir --git-common-dir [5ms]
2025-04-23 11:24:58.800 [info] [Model][openRepository] Opened repository: /home/rifle/dotfiles
2025-04-23 11:24:58.805 [info] > git for-each-ref --format=%(refname)%00%(upstream:short)%00%(objectname)%00%(upstream:track)%00%(upstream:remotename)%00%(upstream:remoteref) refs/heads/master refs/remotes/master [7ms]
2025-04-23 11:24:58.807 [warning] [Git][revParse] Unable to read file: ENOENT: no such file or directory, open '/home/rifle/bema-next/.git/refs/remotes/origin/master'
2025-04-23 11:24:58.808 [info] > git rev-parse --show-toplevel [3ms]
2025-04-23 11:24:58.808 [info] fatal: not a git repository (or any of the parent directories): .git
2025-04-23 11:24:58.808 [info] > git config --get commit.template [5ms]
2025-04-23 11:24:58.811 [info] > git rev-parse refs/remotes/origin/master [4ms]
2025-04-23 11:24:58.818 [info] > git status -z -uall [5ms]
2025-04-23 11:24:58.818 [info] > git rev-parse --show-toplevel [7ms]
2025-04-23 11:24:58.818 [info] fatal: not a git repository (or any of the parent directories): .git
2025-04-23 11:24:58.821 [info] > git for-each-ref --format=%(refname)%00%(upstream:short)%00%(objectname)%00%(upstream:track)%00%(upstream:remotename)%00%(upstream:remoteref) refs/heads/main refs/remotes/main [3ms]
2025-04-23 11:24:58.821 [info] > git for-each-ref --sort -committerdate --format %(refname)%00%(objectname)%00%(*objectname) [5ms]
2025-04-23 11:24:58.832 [info] > git for-each-ref --format=%(refname)%00%(upstream:short)%00%(objectname)%00%(upstream:track)%00%(upstream:remotename)%00%(upstream:remoteref) refs/heads/master refs/remotes/master [3ms]
2025-04-23 11:24:58.834 [info] > git rev-parse --show-toplevel [14ms]
2025-04-23 11:24:58.837 [info] > git config --get --local branch.master.vscode-merge-base [3ms]
2025-04-23 11:24:58.840 [info] > git config --get commit.template [8ms]
2025-04-23 11:24:58.840 [info] > git rev-parse --git-dir --git-common-dir [3ms]
2025-04-23 11:24:58.841 [info] [Model][openRepository] Opened repository: /home/rifle/mpvpaper
2025-04-23 11:24:58.863 [info] > git for-each-ref --format=%(refname)%00%(upstream:short)%00%(objectname)%00%(upstream:track)%00%(upstream:remotename)%00%(upstream:remoteref) refs/heads/origin/master refs/remotes/origin/master [23ms]
2025-04-23 11:24:58.870 [info] > git merge-base refs/heads/master refs/remotes/origin/master [4ms]
2025-04-23 11:24:58.874 [info] > git rev-parse --show-toplevel [11ms]
2025-04-23 11:24:58.874 [info] fatal: not a git repository (or any of the parent directories): .git
2025-04-23 11:24:58.874 [info] [Model][doInitialScan] Initial repository scan completed - repositories (3), closed repositories (0), parent repositories (0), unsafe repositories (0)
2025-04-23 11:24:58.874 [info] > git config --get commit.template [14ms]
2025-04-23 11:24:58.874 [info] > git for-each-ref --format=%(refname)%00%(upstream:short)%00%(objectname)%00%(upstream:track)%00%(upstream:remotename)%00%(upstream:remoteref) refs/heads/master refs/remotes/master [16ms]
2025-04-23 11:24:58.874 [info] > git for-each-ref --sort -committerdate --format %(refname)%00%(objectname)%00%(*objectname) [18ms]
2025-04-23 11:24:58.878 [warning] [Git][revParse] Unable to read file: ENOENT: no such file or directory, open '/home/rifle/bema-next/.git/refs/remotes/origin/master'
2025-04-23 11:24:58.879 [info] > git diff --name-status -z --diff-filter=ADMR 8a66f8282e06330b6809ffc02b9f8ea34aedb246...refs/remotes/origin/master [5ms]
2025-04-23 11:24:58.885 [info] > git rev-parse refs/remotes/origin/master [7ms]
2025-04-23 11:24:58.889 [info] > git status -z -uall [3ms]
2025-04-23 11:24:58.889 [info] > git for-each-ref --format=%(refname)%00%(upstream:short)%00%(objectname)%00%(upstream:track)%00%(upstream:remotename)%00%(upstream:remoteref) refs/heads/master refs/remotes/master [5ms]
2025-04-23 11:24:58.891 [warning] [Git][revParse] Unable to read file: ENOENT: no such file or directory, open '/home/rifle/mpvpaper/.git/refs/remotes/origin/master'
2025-04-23 11:24:58.892 [info] > git for-each-ref --sort -committerdate --format %(refname)%00%(objectname)%00%(*objectname) [3ms]
2025-04-23 11:24:58.893 [info] > git rev-parse refs/remotes/origin/master [2ms]
2025-04-23 11:24:58.898 [info] > git status -z -uall [3ms]
2025-04-23 11:24:58.898 [info] > git for-each-ref --sort -committerdate --format %(refname)%00%(objectname)%00%(*objectname) [1ms]
2025-04-23 11:24:58.904 [info] > git for-each-ref --format=%(refname)%00%(upstream:short)%00%(objectname)%00%(upstream:track)%00%(upstream:remotename)%00%(upstream:remoteref) refs/heads/master refs/remotes/master [2ms]
2025-04-23 11:24:58.907 [info] > git config --get commit.template [3ms]
2025-04-23 11:24:58.909 [info] > git config --get --local branch.master.vscode-merge-base [3ms]
2025-04-23 11:24:58.912 [info] > git for-each-ref --format=%(refname)%00%(upstream:short)%00%(objectname)%00%(upstream:track)%00%(upstream:remotename)%00%(upstream:remoteref) refs/heads/master refs/remotes/master [3ms]
2025-04-23 11:24:58.914 [warning] [Git][revParse] Unable to read file: ENOENT: no such file or directory, open '/home/rifle/mpvpaper/.git/refs/remotes/origin/master'
2025-04-23 11:24:58.914 [info] > git for-each-ref --format=%(refname)%00%(upstream:short)%00%(objectname)%00%(upstream:track)%00%(upstream:remotename)%00%(upstream:remoteref) refs/heads/origin/master refs/remotes/origin/master [3ms]
2025-04-23 11:24:58.916 [info] > git rev-parse refs/remotes/origin/master [2ms]
2025-04-23 11:24:58.920 [info] > git status -z -uall [2ms]
2025-04-23 11:24:58.920 [info] > git merge-base refs/heads/master refs/remotes/origin/master [4ms]
2025-04-23 11:24:58.922 [info] > git for-each-ref --sort -committerdate --format %(refname)%00%(objectname)%00%(*objectname) [2ms]
2025-04-23 11:24:58.925 [info] > git diff --name-status -z --diff-filter=ADMR ee7541800f930ea32bc3d5364f37cf3838b4a9d3...refs/remotes/origin/master [3ms]
2025-04-23 11:24:58.926 [info] > git merge-base refs/heads/master refs/remotes/origin/master [1ms]
2025-04-23 11:24:58.928 [info] > git diff --name-status -z --diff-filter=ADMR ee7541800f930ea32bc3d5364f37cf3838b4a9d3...refs/remotes/origin/master [0ms]
2025-04-23 11:24:59.066 [info] > git status -z -uall [212ms]
2025-04-23 11:24:59.074 [info] > git for-each-ref --format=%(refname)%00%(upstream:short)%00%(objectname)%00%(upstream:track)%00%(upstream:remotename)%00%(upstream:remoteref) refs/heads/main refs/remotes/main [2ms]
2025-04-23 11:24:59.076 [info] > git config --get commit.template [3ms]
2025-04-23 11:24:59.078 [info] > git config --get --local branch.main.vscode-merge-base [2ms]
2025-04-23 11:24:59.081 [info] > git for-each-ref --format=%(refname)%00%(upstream:short)%00%(objectname)%00%(upstream:track)%00%(upstream:remotename)%00%(upstream:remoteref) refs/heads/main refs/remotes/main [3ms]
2025-04-23 11:24:59.085 [info] > git for-each-ref --format=%(refname)%00%(upstream:short)%00%(objectname)%00%(upstream:track)%00%(upstream:remotename)%00%(upstream:remoteref) refs/heads/origin/main refs/remotes/origin/main [5ms]
2025-04-23 11:24:59.088 [info] > git for-each-ref --sort -committerdate --format %(refname)%00%(objectname)%00%(*objectname) [3ms]
2025-04-23 11:24:59.088 [info] > git merge-base refs/heads/main refs/remotes/origin/main [0ms]
2025-04-23 11:24:59.091 [info] > git diff --name-status -z --diff-filter=ADMR cf70fb7b2f3874dce2fae89c4f1ecfd4ae053f73...refs/remotes/origin/main [0ms]
2025-04-23 11:24:59.295 [info] > git status -z -uall [212ms]
2025-04-23 11:24:59.378 [info] > git check-ignore -v -z --stdin [5ms]
2025-04-23 11:24:59.378 [info] > git check-ignore -v -z --stdin [1ms]
2025-04-23 11:24:59.393 [info] > git check-ignore -v -z --stdin [18ms]
2025-04-23 11:25:00.686 [info] > git rev-parse --show-toplevel [1ms]
2025-04-23 11:25:00.686 [info] fatal: not a git repository (or any of the parent directories): .git
2025-04-23 11:25:15.735 [info] > git rev-parse --show-toplevel [0ms]
2025-04-23 11:25:15.739 [info] > git rev-parse --path-format=relative --show-toplevel [1ms]
2025-04-23 11:25:15.742 [info] > git rev-parse --git-dir --git-common-dir [0ms]
2025-04-23 11:25:15.742 [info] fatal: not a git repository (or any of the parent directories): .git
2025-04-23 11:25:22.127 [info] > git rev-parse --show-toplevel [0ms]
2025-04-23 11:25:22.129 [info] > git rev-parse --path-format=relative --show-toplevel [0ms]
2025-04-23 11:25:22.132 [info] > git rev-parse --git-dir --git-common-dir [0ms]
2025-04-23 11:25:22.132 [info] fatal: not a git repository (or any of the parent directories): .git
2025-04-23 11:26:42.842 [info] > git config --get commit.template [3ms]
2025-04-23 11:26:42.842 [info] > git for-each-ref --format=%(refname)%00%(upstream:short)%00%(objectname)%00%(upstream:track)%00%(upstream:remotename)%00%(upstream:remoteref) refs/heads/main refs/remotes/main [0ms]
2025-04-23 11:26:42.848 [info] > git for-each-ref --sort -committerdate --format %(refname)%00%(objectname)%00%(*objectname) [1ms]
2025-04-23 11:26:43.216 [info] > git status -z -uall [371ms]
2025-04-23 11:27:22.670 [info] > git config --get commit.template [11ms]
2025-04-23 11:27:22.672 [info] > git for-each-ref --format=%(refname)%00%(upstream:short)%00%(objectname)%00%(upstream:track)%00%(upstream:remotename)%00%(upstream:remoteref) refs/heads/main refs/remotes/main [3ms]
2025-04-23 11:27:22.687 [info] > git for-each-ref --sort -committerdate --format %(refname)%00%(objectname)%00%(*objectname) [0ms]
2025-04-23 11:27:23.040 [info] > git status -z -uall [358ms]
2025-04-23 11:27:28.064 [info] > git config --get commit.template [11ms]
2025-04-23 11:27:28.066 [info] > git for-each-ref --format=%(refname)%00%(upstream:short)%00%(objectname)%00%(upstream:track)%00%(upstream:remotename)%00%(upstream:remoteref) refs/heads/main refs/remotes/main [2ms]
2025-04-23 11:27:28.088 [info] > git for-each-ref --sort -committerdate --format %(refname)%00%(objectname)%00%(*objectname) [3ms]
2025-04-23 11:27:28.331 [info] > git status -z -uall [255ms]
2025-04-23 11:27:33.356 [info] > git config --get commit.template [11ms]
2025-04-23 11:27:33.358 [info] > git for-each-ref --format=%(refname)%00%(upstream:short)%00%(objectname)%00%(upstream:track)%00%(upstream:remotename)%00%(upstream:remoteref) refs/heads/main refs/remotes/main [3ms]
2025-04-23 11:27:33.377 [info] > git for-each-ref --sort -committerdate --format %(refname)%00%(objectname)%00%(*objectname) [2ms]
2025-04-23 11:27:33.744 [info] > git status -z -uall [376ms]
2025-04-23 11:27:38.763 [info] > git config --get commit.template [5ms]
2025-04-23 11:27:38.764 [info] > git for-each-ref --format=%(refname)%00%(upstream:short)%00%(objectname)%00%(upstream:track)%00%(upstream:remotename)%00%(upstream:remoteref) refs/heads/main refs/remotes/main [1ms]
2025-04-23 11:27:38.774 [info] > git for-each-ref --sort -committerdate --format %(refname)%00%(objectname)%00%(*objectname) [2ms]
2025-04-23 11:27:39.087 [info] > git status -z -uall [319ms]
2025-04-23 11:27:44.109 [info] > git config --get commit.template [8ms]
2025-04-23 11:27:44.112 [info] > git for-each-ref --format=%(refname)%00%(upstream:short)%00%(objectname)%00%(upstream:track)%00%(upstream:remotename)%00%(upstream:remoteref) refs/heads/main refs/remotes/main [4ms]
2025-04-23 11:27:44.129 [info] > git for-each-ref --sort -committerdate --format %(refname)%00%(objectname)%00%(*objectname) [1ms]
2025-04-23 11:27:44.480 [info] > git status -z -uall [358ms]
2025-04-23 11:27:49.509 [info] > git config --get commit.template [11ms]
2025-04-23 11:27:49.512 [info] > git for-each-ref --format=%(refname)%00%(upstream:short)%00%(objectname)%00%(upstream:track)%00%(upstream:remotename)%00%(upstream:remoteref) refs/heads/main refs/remotes/main [4ms]
2025-04-23 11:27:49.528 [info] > git for-each-ref --sort -committerdate --format %(refname)%00%(objectname)%00%(*objectname) [0ms]
2025-04-23 11:27:49.892 [info] > git status -z -uall [370ms]
2025-04-23 11:45:22.404 [info] > git config --get commit.template [2ms]
2025-04-23 11:45:22.405 [info] > git for-each-ref --format=%(refname)%00%(upstream:short)%00%(objectname)%00%(upstream:track)%00%(upstream:remotename)%00%(upstream:remoteref) refs/heads/main refs/remotes/main [1ms]
2025-04-23 11:45:22.411 [info] > git for-each-ref --sort -committerdate --format %(refname)%00%(objectname)%00%(*objectname) [1ms]
2025-04-23 11:45:22.879 [info] > git status -z -uall [471ms] (cancelled)
2025-04-23 11:45:27.897 [info] > git config --get commit.template [7ms]
2025-04-23 11:45:27.899 [info] > git for-each-ref --format=%(refname)%00%(upstream:short)%00%(objectname)%00%(upstream:track)%00%(upstream:remotename)%00%(upstream:remoteref) refs/heads/main refs/remotes/main [3ms]
2025-04-23 11:45:27.921 [info] > git for-each-ref --sort -committerdate --format %(refname)%00%(objectname)%00%(*objectname) [3ms]
2025-04-23 11:45:28.374 [info] > git status -z -uall [466ms] (cancelled)
2025-04-23 12:05:09.587 [info] > git rev-parse --show-toplevel [1ms]
2025-04-23 12:05:09.590 [info] > git rev-parse --path-format=relative --show-toplevel [1ms]
2025-04-23 12:05:09.593 [info] > git rev-parse --git-dir --git-common-dir [1ms]
2025-04-23 12:05:09.593 [info] fatal: not a git repository (or any of the parent directories): .git
2025-04-23 12:33:24.569 [info] > git rev-parse --show-toplevel [0ms]
2025-04-23 12:33:24.572 [info] > git rev-parse --path-format=relative --show-toplevel [0ms]
2025-04-23 12:33:24.575 [info] > git rev-parse --git-dir --git-common-dir [1ms]
2025-04-23 12:33:24.575 [info] fatal: not a git repository (or any of the parent directories): .git
2025-04-23 12:38:34.367 [info] > git rev-parse --show-toplevel [1ms]
2025-04-23 12:38:34.369 [info] > git rev-parse --path-format=relative --show-toplevel [0ms]
2025-04-23 12:38:34.372 [info] > git rev-parse --git-dir --git-common-dir [1ms]
2025-04-23 12:38:34.372 [info] fatal: not a git repository (or any of the parent directories): .git
2025-04-23 12:38:35.409 [info] > git rev-parse --show-toplevel [1ms]
2025-04-23 12:38:35.412 [info] > git rev-parse --path-format=relative --show-toplevel [1ms]
2025-04-23 12:38:35.415 [info] > git rev-parse --git-dir --git-common-dir [1ms]
2025-04-23 12:38:35.415 [info] fatal: not a git repository (or any of the parent directories): .git
2025-04-23 12:38:37.519 [info] > git rev-parse --show-toplevel [1ms]
2025-04-23 12:38:37.521 [info] > git rev-parse --path-format=relative --show-toplevel [0ms]
2025-04-23 12:38:37.524 [info] > git rev-parse --git-dir --git-common-dir [0ms]
2025-04-23 12:38:37.524 [info] fatal: not a git repository (or any of the parent directories): .git
2025-04-23 12:38:38.184 [info] > git rev-parse --show-toplevel [1ms]
2025-04-23 12:38:38.187 [info] > git rev-parse --path-format=relative --show-toplevel [1ms]
2025-04-23 12:38:38.190 [info] > git rev-parse --git-dir --git-common-dir [1ms]
2025-04-23 12:38:38.190 [info] fatal: not a git repository (or any of the parent directories): .git
